{"arg":"s","icon":{"path":"translate.png"},"quicklookurl":"http:\/\/youdao.com\/w\/s","subtitle":"S Doradus","text":{"copy":"\u5251\u9c7c\u5ea7S"},"title":"\u5251\u9c7c\u5ea7S","valid":true}
{"arg":"sub","icon":{"path":"translate.png"},"quicklookurl":"http:\/\/youdao.com\/w\/sub","subtitle":"sub","text":{"copy":"\u4e0b\u6807,\u8fc7\u7a0b,\u526f,\u5b50\u8fc7\u7a0b"},"title":"\u4e0b\u6807,\u8fc7\u7a0b,\u526f,\u5b50\u8fc7\u7a0b","valid":true}
{"arg":"subs","icon":{"path":"translate.png"},"quicklookurl":"http:\/\/youdao.com\/w\/subs","subtitle":"SUBS","text":{"copy":"\u6740\u4e0d\u6b7b,\u901a\u7528\u7f6e\u6362\u6307\u4ee4,\u5b57\u5e55,\u6f5c\u8247"},"title":"\u6740\u4e0d\u6b7b,\u901a\u7528\u7f6e\u6362\u6307\u4ee4,\u5b57\u5e55,\u6f5c\u8247","valid":true}
{"arg":"substitu","icon":{"path":"translate.png"},"quicklookurl":"http:\/\/youdao.com\/w\/substitu","subtitle":"Substitu","text":{"copy":"\u66ff\u4ee3\u54c1,\u5b17\u4ee3\u7b56\u7565"},"title":"\u66ff\u4ee3\u54c1,\u5b17\u4ee3\u7b56\u7565","valid":true}
{"arg":"substitute","icon":{"path":"translate.png"},"quicklookurl":"http:\/\/youdao.com\/w\/substitute","subtitle":"Substitute","text":{"copy":"\u66ff\u8865,\u4ee3\u66ff,\u6362\u4eba,\u66ff\u4ee3"},"title":"\u66ff\u8865,\u4ee3\u66ff,\u6362\u4eba,\u66ff\u4ee3","valid":true}
{"arg":"pattern","icon":{"path":"translate.png"},"quicklookurl":"http:\/\/youdao.com\/w\/pattern","subtitle":"Pattern","text":{"copy":"\u5f0f,\u6a21\u5f0f,\u56fe\u6848,\u7eb8\u6837"},"title":"\u5f0f,\u6a21\u5f0f,\u56fe\u6848,\u7eb8\u6837","valid":true}
{"arg":"yank","icon":{"path":"translate.png"},"quicklookurl":"http:\/\/youdao.com\/w\/yank","subtitle":"yank","text":{"copy":"\u731b\u62c9,\u590d\u5236,\u82f1\u56fd\u4eba,\u7a81\u7136\u5730\u731b\u62c9"},"title":"\u731b\u62c9,\u590d\u5236,\u82f1\u56fd\u4eba,\u7a81\u7136\u5730\u731b\u62c9","valid":true}
{"arg":"yyan","icon":{"path":"translate.png"},"quicklookurl":"http:\/\/youdao.com\/w\/yyan","subtitle":"yyan","text":{"copy":"\u5927\u513f\u7ae5,\u4f01\u4e1a\u540d\u7247"},"title":"\u5927\u513f\u7ae5,\u4f01\u4e1a\u540d\u7247","valid":true}
{"arg":"yank","icon":{"path":"translate.png"},"quicklookurl":"http:\/\/youdao.com\/w\/yank","subtitle":"yank","text":{"copy":"\u731b\u62c9,\u590d\u5236,\u82f1\u56fd\u4eba,\u7a81\u7136\u5730\u731b\u62c9"},"title":"\u731b\u62c9,\u590d\u5236,\u82f1\u56fd\u4eba,\u7a81\u7136\u5730\u731b\u62c9","valid":true}
{"arg":"The path","icon":{"path":"translate.png"},"quicklookurl":"http:\/\/youdao.com\/w\/%E8%B7%AF%E5%BE%84","subtitle":"\u8def\u5f84","text":{"copy":"path,route,tracers,track"},"title":"path,route,tracers,track","valid":true}
{"arg":"Path,","icon":{"path":"translate.png"},"quicklookurl":"http:\/\/youdao.com\/w\/%E8%B7%AF%E5%BE%84%E3%80%81","subtitle":"\u8def\u5f84","text":{"copy":"path,route,tracers,track"},"title":"path,route,tracers,track","valid":true}
{"arg":"Path,,,,","icon":{"path":"translate.png"},"quicklookurl":"http:\/\/youdao.com\/w\/%E8%B7%AF%E5%BE%84%E3%80%81%E3%80%81%E3%80%81%E3%80%81","subtitle":"\u8def\u5f84","text":{"copy":"path,route,tracers,track"},"title":"path,route,tracers,track","valid":true}
{"arg":"floor","icon":{"path":"translate.png"},"quicklookurl":"http:\/\/youdao.com\/w\/floor","subtitle":"Floor","text":{"copy":"\u5730\u677f,\u697c\u5c42,\u81ea\u7531\u4f53\u64cd,\u81ea\u7136\u5c42"},"title":"\u5730\u677f,\u697c\u5c42,\u81ea\u7531\u4f53\u64cd,\u81ea\u7136\u5c42","valid":true}
{"arg":"str","icon":{"path":"translate.png"},"quicklookurl":"http:\/\/youdao.com\/w\/str","subtitle":"STR","text":{"copy":"\u529b\u91cf,\u77ed\u4e32\u8054\u91cd\u590d\u5e8f\u5217,\u6302\u8d77\u5230\u5185\u5b58,\u5b57\u7b26\u4e32"},"title":"\u529b\u91cf,\u77ed\u4e32\u8054\u91cd\u590d\u5e8f\u5217,\u6302\u8d77\u5230\u5185\u5b58,\u5b57\u7b26\u4e32","valid":true}
{"arg":"stru","icon":{"path":"translate.png"},"quicklookurl":"http:\/\/youdao.com\/w\/stru","subtitle":"STRU","text":{"copy":"\u6587\u4ef6\u7ed3\u6784,\u7ed3\u6784,\u4ea7\u4e1a\u7ed3\u6784,\u7ed3\u6784\u52a9\u8bcd"},"title":"\u6587\u4ef6\u7ed3\u6784,\u7ed3\u6784,\u4ea7\u4e1a\u7ed3\u6784,\u7ed3\u6784\u52a9\u8bcd","valid":true}
{"arg":"struc","icon":{"path":"translate.png"},"quicklookurl":"http:\/\/youdao.com\/w\/struc","subtitle":"struc","text":{"copy":"\u7ed3\u6784,\u65af\u7279\u9c81\u514b,\u5176\u4e2d"},"title":"\u7ed3\u6784,\u65af\u7279\u9c81\u514b,\u5176\u4e2d","valid":true}
{"arg":"struct","icon":{"path":"translate.png"},"quicklookurl":"http:\/\/youdao.com\/w\/struct","subtitle":"Struct","text":{"copy":"\u7ed3\u6784,\u7ed3\u6784\u4f53,\u521b\u5efa\u6784\u67b6\u6570\u7ec4,\u6784\u4f53"},"title":"\u7ed3\u6784,\u7ed3\u6784\u4f53,\u521b\u5efa\u6784\u67b6\u6570\u7ec4,\u6784\u4f53","valid":true}
{"arg":"s","icon":{"path":"translate.png"},"quicklookurl":"http:\/\/youdao.com\/w\/s","subtitle":"S Doradus","text":{"copy":"\u5251\u9c7c\u5ea7S"},"title":"\u5251\u9c7c\u5ea7S","valid":true}
{"arg":"st","icon":{"path":"translate.png"},"quicklookurl":"http:\/\/youdao.com\/w\/st","subtitle":"ST","text":{"copy":"\u610f\u6cd5\u534a\u5bfc\u4f53,\u5723\u591a\u7f8e\u548c\u666e\u6797\u897f\u6bd4,\u6587\u5b57\u6837\u5f0f\u7ba1\u7406\u5668,\u514d\u8d39\u5f71\u57ce"},"title":"\u610f\u6cd5\u534a\u5bfc\u4f53,\u5723\u591a\u7f8e\u548c\u666e\u6797\u897f\u6bd4,\u6587\u5b57\u6837\u5f0f\u7ba1\u7406\u5668,\u514d\u8d39\u5f71\u57ce","valid":true}
{"arg":"struc","icon":{"path":"translate.png"},"quicklookurl":"http:\/\/youdao.com\/w\/struc","subtitle":"struc","text":{"copy":"\u7ed3\u6784,\u65af\u7279\u9c81\u514b,\u5176\u4e2d"},"title":"\u7ed3\u6784,\u65af\u7279\u9c81\u514b,\u5176\u4e2d","valid":true}
{"arg":"struct","icon":{"path":"translate.png"},"quicklookurl":"http:\/\/youdao.com\/w\/struct","subtitle":"Struct","text":{"copy":"\u7ed3\u6784,\u7ed3\u6784\u4f53,\u521b\u5efa\u6784\u67b6\u6570\u7ec4,\u6784\u4f53"},"title":"\u7ed3\u6784,\u7ed3\u6784\u4f53,\u521b\u5efa\u6784\u67b6\u6570\u7ec4,\u6784\u4f53","valid":true}
{"arg":"a","icon":{"path":"translate.png"},"quicklookurl":"http:\/\/youdao.com\/w\/a","subtitle":"a cappella","text":{"copy":"\u65e0\u4f34\u594f\u5408\u5531,\u963f\u5361\u8d1d\u62c9,\u8d70\u5728\u5927\u8857\u7684\u5973\u5b50,\u65e0\u4f34\u594f"},"title":"\u65e0\u4f34\u594f\u5408\u5531,\u963f\u5361\u8d1d\u62c9,\u8d70\u5728\u5927\u8857\u7684\u5973\u5b50,\u65e0\u4f34\u594f","valid":true}
{"arg":"avoid","icon":{"path":"translate.png"},"quicklookurl":"http:\/\/youdao.com\/w\/avoid","subtitle":"avoid","text":{"copy":"\u907f\u514d,\u907f\u5f00,\u56de\u907f,\u89c4\u907f"},"title":"\u907f\u514d,\u907f\u5f00,\u56de\u907f,\u89c4\u907f","valid":true}
{"arg":"avoid`","icon":{"path":"translate.png"},"quicklookurl":"http:\/\/youdao.com\/w\/avoid%60","subtitle":"avoid","text":{"copy":"\u907f\u514d,\u907f\u5f00,\u56de\u907f,\u89c4\u907f"},"title":"\u907f\u514d,\u907f\u5f00,\u56de\u907f,\u89c4\u907f","valid":true}
{"arg":"slow","icon":{"path":"translate.png"},"quicklookurl":"http:\/\/youdao.com\/w\/slow","subtitle":"slow","text":{"copy":"\u6162\u9a76,\u7f13\u6162,\u6162\u7684,\u6162\u901f"},"title":"\u6162\u9a76,\u7f13\u6162,\u6162\u7684,\u6162\u901f","valid":true}
{"arg":"slow`","icon":{"path":"translate.png"},"quicklookurl":"http:\/\/youdao.com\/w\/slow%60","subtitle":"slow","text":{"copy":"\u6162\u9a76,\u7f13\u6162,\u6162\u7684,\u6162\u901f"},"title":"\u6162\u9a76,\u7f13\u6162,\u6162\u7684,\u6162\u901f","valid":true}
{"arg":"verbose","icon":{"path":"translate.png"},"quicklookurl":"http:\/\/youdao.com\/w\/verbose","subtitle":"cumbrous verbose","text":{"copy":"\u7d2f\u8d58\u7684"},"title":"\u7d2f\u8d58\u7684","valid":true}
{"arg":"verbose ","icon":{"path":"translate.png"},"quicklookurl":"http:\/\/youdao.com\/w\/verbose+","subtitle":"cumbrous verbose","text":{"copy":"\u7d2f\u8d58\u7684"},"title":"\u7d2f\u8d58\u7684","valid":true}
{"arg":"v","icon":{"path":"translate.png"},"quicklookurl":"http:\/\/youdao.com\/w\/v","subtitle":"Henry V","text":{"copy":"\u4ea8\u5229\u4e94\u4e16,\u6218\u795e\u4ea8\u5229\u4e94\u4e16,\u4ea8\u5229\u4e94"},"title":"\u4ea8\u5229\u4e94\u4e16,\u6218\u795e\u4ea8\u5229\u4e94\u4e16,\u4ea8\u5229\u4e94","valid":true}
{"arg":"aw","icon":{"path":"translate.png"},"quicklookurl":"http:\/\/youdao.com\/w\/aw","subtitle":"Aw","text":{"copy":"\u6c34\u5206\u6d3b\u5ea6,\u963f\u9c81\u5df4,\u6c34\u5206\u6d3b\u6027,\u6c34\u6d3b\u6027"},"title":"\u6c34\u5206\u6d3b\u5ea6,\u963f\u9c81\u5df4,\u6c34\u5206\u6d3b\u6027,\u6c34\u6d3b\u6027","valid":true}
{"arg":"awesome","icon":{"path":"translate.png"},"quicklookurl":"http:\/\/youdao.com\/w\/awesome","subtitle":"Awesome","text":{"copy":"\u771f\u4e86\u4e0d\u8d77,\u50b2\u68ee,\u751f\u754f"},"title":"\u771f\u4e86\u4e0d\u8d77,\u50b2\u68ee,\u751f\u754f","valid":true}
{"arg":"Thumbnail","icon":{"path":"translate.png"},"quicklookurl":"http:\/\/youdao.com\/w\/Thumbnail","subtitle":"Thumbnail","text":{"copy":"\u7f29\u7565\u56fe,\u5c0f\u6837,\u7565\u56fe,\u7f29\u56fe"},"title":"\u7f29\u7565\u56fe,\u5c0f\u6837,\u7565\u56fe,\u7f29\u56fe","valid":true}
{"arg":"shu","icon":{"path":"translate.png"},"quicklookurl":"http:\/\/youdao.com\/w\/shu","subtitle":"shu","text":{"copy":"\u53e4\u8700,\u978b\u5b50\u4e13\u5356\u5e97,\u4e0a\u6d77\u548c\u7766\u5bb6\u533b\u9662,\u8700\u56fd"},"title":"\u53e4\u8700,\u978b\u5b50\u4e13\u5356\u5e97,\u4e0a\u6d77\u548c\u7766\u5bb6\u533b\u9662,\u8700\u56fd","valid":true}
{"arg":"s","icon":{"path":"translate.png"},"quicklookurl":"http:\/\/youdao.com\/w\/s","subtitle":"S Doradus","text":{"copy":"\u5251\u9c7c\u5ea7S"},"title":"\u5251\u9c7c\u5ea7S","valid":true}
{"arg":"data","icon":{"path":"translate.png"},"quicklookurl":"http:\/\/youdao.com\/w\/%E6%95%B0%E6%8D%AE","subtitle":"\u6570\u636e","text":{"copy":"Data,datum,wd,quantitative data"},"title":"Data,datum,wd,quantitative data","valid":true}
{"arg":"The data type","icon":{"path":"translate.png"},"quicklookurl":"http:\/\/youdao.com\/w\/%E6%95%B0%E6%8D%AE%E7%B1%BB%E5%9E%8B","subtitle":"\u57fa\u672c\u6570\u636e\u7c7b\u578b","text":{"copy":"Primitive Types,atomic data type,base data type"},"title":"Primitive Types,atomic data type,base data type","valid":true}
{"arg":"The number","icon":{"path":"translate.png"},"quicklookurl":"http:\/\/youdao.com\/w\/%E6%95%B0","subtitle":"\u6570","text":{"copy":"number,count,digital,figure"},"title":"number,count,digital,figure","valid":true}
{"arg":"int","icon":{"path":"translate.png"},"quicklookurl":"http:\/\/youdao.com\/w\/int","subtitle":"INT","text":{"copy":"\u7ebf,\u6574\u578b,\u6574\u6570,\u6574\u6570\u7c7b\u578b"},"title":"\u7ebf,\u6574\u578b,\u6574\u6570,\u6574\u6570\u7c7b\u578b","valid":true}
{"arg":"int","icon":{"path":"translate.png"},"quicklookurl":"http:\/\/youdao.com\/w\/int","subtitle":"INT","text":{"copy":"\u7ebf,\u6574\u578b,\u6574\u6570,\u6574\u6570\u7c7b\u578b"},"title":"\u7ebf,\u6574\u578b,\u6574\u6570,\u6574\u6570\u7c7b\u578b","valid":true}
{"arg":"To calculate","icon":{"path":"translate.png"},"quicklookurl":"http:\/\/youdao.com\/w\/%E8%AE%A1%E7%AE%97","subtitle":"\u8ba1\u7b97","text":{"copy":"calculation,count,reckon"},"title":"calculation,count,reckon","valid":true}
{"arg":"Complex","icon":{"path":"translate.png"},"quicklookurl":"http:\/\/youdao.com\/w\/Complex","subtitle":"Complex","text":{"copy":"\u590d\u6742,\u60c5\u7ed3,\u590d\u5408,\u72c2\u604b"},"title":"\u590d\u6742,\u60c5\u7ed3,\u590d\u5408,\u72c2\u604b","valid":true}
{"arg":"b","icon":{"path":"translate.png"},"quicklookurl":"http:\/\/youdao.com\/w\/b","subtitle":"serie b","text":{"copy":"\u610f\u5927\u5229\u8db3\u7403\u4e59\u7ea7\u8054\u8d5b,\u4e59\u7ea7\u8054\u8d5b,\u610f\u4e59\u8054\u8d5b,\u610f\u5927\u5229\u4e59\u7ec4\u8db3\u7403\u8054\u8d5b"},"title":"\u610f\u5927\u5229\u8db3\u7403\u4e59\u7ea7\u8054\u8d5b,\u4e59\u7ea7\u8054\u8d5b,\u610f\u4e59\u8054\u8d5b,\u610f\u5927\u5229\u4e59\u7ec4\u8db3\u7403\u8054\u8d5b","valid":true}
{"arg":"variable","icon":{"path":"translate.png"},"quicklookurl":"http:\/\/youdao.com\/w\/%E5%8F%98%E9%87%8F","subtitle":"\u53d8\u91cf","text":{"copy":"Variable,variant,variate,Variables"},"title":"Variable,variant,variate,Variables","valid":true}
{"arg":"a","icon":{"path":"translate.png"},"quicklookurl":"http:\/\/youdao.com\/w\/a","subtitle":"a cappella","text":{"copy":"\u65e0\u4f34\u594f\u5408\u5531,\u963f\u5361\u8d1d\u62c9,\u8d70\u5728\u5927\u8857\u7684\u5973\u5b50,\u65e0\u4f34\u594f"},"title":"\u65e0\u4f34\u594f\u5408\u5531,\u963f\u5361\u8d1d\u62c9,\u8d70\u5728\u5927\u8857\u7684\u5973\u5b50,\u65e0\u4f34\u594f","valid":true}
{"arg":"arti","icon":{"path":"translate.png"},"quicklookurl":"http:\/\/youdao.com\/w\/arti","subtitle":"ARTI","text":{"copy":"\u6025\u6027\u547c\u5438\u9053\u611f\u67d3,\u58f0\u8f90\u5c04\u7ebf\u8ddf\u8e2a\u663e\u793a\u5668(Acoustic Ray Trace Indicator)"},"title":"\u6025\u6027\u547c\u5438\u9053\u611f\u67d3,\u58f0\u8f90\u5c04\u7ebf\u8ddf\u8e2a\u663e\u793a\u5668(Acoustic Ray Trace Indicator)","valid":true}
{"arg":"articls","icon":{"path":"translate.png"},"quicklookurl":"http:\/\/youdao.com\/w\/articls","subtitle":"Articls","text":{"copy":"\u65e5\u5fd7"},"title":"\u65e5\u5fd7","valid":true}
{"arg":"artic","icon":{"path":"translate.png"},"quicklookurl":"http:\/\/youdao.com\/w\/artic","subtitle":"artic","text":{"copy":"\u8054\u5408\u8fd0\u8f93\u4e2d\u5fc3,\u6cd5\u56fd\u5f97\u5609,\u51fa\u7248\u8005"},"title":"\u8054\u5408\u8fd0\u8f93\u4e2d\u5fc3,\u6cd5\u56fd\u5f97\u5609,\u51fa\u7248\u8005","valid":true}
{"arg":"a","icon":{"path":"translate.png"},"quicklookurl":"http:\/\/youdao.com\/w\/a","subtitle":"a cappella","text":{"copy":"\u65e0\u4f34\u594f\u5408\u5531,\u963f\u5361\u8d1d\u62c9,\u8d70\u5728\u5927\u8857\u7684\u5973\u5b50,\u65e0\u4f34\u594f"},"title":"\u65e0\u4f34\u594f\u5408\u5531,\u963f\u5361\u8d1d\u62c9,\u8d70\u5728\u5927\u8857\u7684\u5973\u5b50,\u65e0\u4f34\u594f","valid":true}
{"arg":"aw","icon":{"path":"translate.png"},"quicklookurl":"http:\/\/youdao.com\/w\/aw","subtitle":"Aw","text":{"copy":"\u6c34\u5206\u6d3b\u5ea6,\u963f\u9c81\u5df4,\u6c34\u5206\u6d3b\u6027,\u6c34\u6d3b\u6027"},"title":"\u6c34\u5206\u6d3b\u5ea6,\u963f\u9c81\u5df4,\u6c34\u5206\u6d3b\u6027,\u6c34\u6d3b\u6027","valid":true}
{"arg":"a","icon":{"path":"translate.png"},"quicklookurl":"http:\/\/youdao.com\/w\/a","subtitle":"a cappella","text":{"copy":"\u65e0\u4f34\u594f\u5408\u5531,\u963f\u5361\u8d1d\u62c9,\u8d70\u5728\u5927\u8857\u7684\u5973\u5b50,\u65e0\u4f34\u594f"},"title":"\u65e0\u4f34\u594f\u5408\u5531,\u963f\u5361\u8d1d\u62c9,\u8d70\u5728\u5927\u8857\u7684\u5973\u5b50,\u65e0\u4f34\u594f","valid":true}
{"arg":"w","icon":{"path":"translate.png"},"quicklookurl":"http:\/\/youdao.com\/w\/w","subtitle":"George W","text":{"copy":"\u98ce\u4e91\u4f20\u5947,\u8c6a\u65af\u7eb3,\u603b\u7edf\u5c0f\u5e03\u5e0c"},"title":"\u98ce\u4e91\u4f20\u5947,\u8c6a\u65af\u7eb3,\u603b\u7edf\u5c0f\u5e03\u5e0c","valid":true}
{"arg":"The article","icon":{"path":"translate.png"},"quicklookurl":"http:\/\/youdao.com\/w\/%E6%96%87%E7%AB%A0","subtitle":"\u6587\u7ae0","text":{"copy":"Article,essay,post,paper"},"title":"Article,essay,post,paper","valid":true}
{"arg":"wen","icon":{"path":"translate.png"},"quicklookurl":"http:\/\/youdao.com\/w\/%E6%96%87","subtitle":"\u6587","text":{"copy":"Vin Baker,MAN,Janice Man"},"title":"Vin Baker,MAN,Janice Man","valid":true}
{"arg":"article","icon":{"path":"translate.png"},"quicklookurl":"http:\/\/youdao.com\/w\/article","subtitle":"article","text":{"copy":"\u51a0\u8bcd,\u6587\u7ae0,\u7269\u54c1,\u8bb0\u4e8b"},"title":"\u51a0\u8bcd,\u6587\u7ae0,\u7269\u54c1,\u8bb0\u4e8b","valid":true}
{"arg":"lib","icon":{"path":"translate.png"},"quicklookurl":"http:\/\/youdao.com\/w\/lib","subtitle":"LiB","text":{"copy":"\u9502\u79bb\u5b50\u7535\u6c60,\u7535\u6c60,\u7cfb\u7edf\u4f1a\u4f7f\u7528\u5230\u7684\u51fd\u6570\u5e93,\u5e93\u6587\u4ef6"},"title":"\u9502\u79bb\u5b50\u7535\u6c60,\u7535\u6c60,\u7cfb\u7edf\u4f1a\u4f7f\u7528\u5230\u7684\u51fd\u6570\u5e93,\u5e93\u6587\u4ef6","valid":true}
{"arg":"library","icon":{"path":"translate.png"},"quicklookurl":"http:\/\/youdao.com\/w\/library","subtitle":"Library","text":{"copy":"\u5e93,\u56fe\u4e66\u9986,\u7a0b\u5e8f\u5e93,\u56fe\u4e66\u9986\u5b66"},"title":"\u5e93,\u56fe\u4e66\u9986,\u7a0b\u5e8f\u5e93,\u56fe\u4e66\u9986\u5b66","valid":true}
{"arg":"lib","icon":{"path":"translate.png"},"quicklookurl":"http:\/\/youdao.com\/w\/lib","subtitle":"LiB","text":{"copy":"\u9502\u79bb\u5b50\u7535\u6c60,\u7535\u6c60,\u7cfb\u7edf\u4f1a\u4f7f\u7528\u5230\u7684\u51fd\u6570\u5e93,\u5e93\u6587\u4ef6"},"title":"\u9502\u79bb\u5b50\u7535\u6c60,\u7535\u6c60,\u7cfb\u7edf\u4f1a\u4f7f\u7528\u5230\u7684\u51fd\u6570\u5e93,\u5e93\u6587\u4ef6","valid":true}
{"arg":"The debugger","icon":{"path":"translate.png"},"quicklookurl":"http:\/\/youdao.com\/w\/%E8%B0%83%E8%AF%95%E5%99%A8","subtitle":"\u8fdc\u7a0b\u8c03\u8bd5\u5668","text":{"copy":"RemoteDebugger,Remote Debugger,externe foutopsporing"},"title":"RemoteDebugger,Remote Debugger,externe foutopsporing","valid":true}
{"arg":"The debugger","icon":{"path":"translate.png"},"quicklookurl":"http:\/\/youdao.com\/w\/%E8%B0%83%E8%AF%95%E5%99%A8","subtitle":"\u8fdc\u7a0b\u8c03\u8bd5\u5668","text":{"copy":"RemoteDebugger,Remote Debugger,externe foutopsporing"},"title":"RemoteDebugger,Remote Debugger,externe foutopsporing","valid":true}
{"arg":"chu","icon":{"path":"translate.png"},"quicklookurl":"http:\/\/youdao.com\/w\/chu","subtitle":"chu","text":{"copy":"\u695a\u56fd,\u9a6c\u695a,\u4e2d\u56fd\u8054\u901a,\u5927\u5b66\u533b\u7597\u4e2d\u5fc3"},"title":"\u695a\u56fd,\u9a6c\u695a,\u4e2d\u56fd\u8054\u901a,\u5927\u5b66\u533b\u7597\u4e2d\u5fc3","valid":true}
{"arg":"c","icon":{"path":"translate.png"},"quicklookurl":"http:\/\/youdao.com\/w\/c","subtitle":"C battery","text":{"copy":"\u4e19\u7535\u6c60\u7ec4,\u6805\u504f\u538b\u7535\u6c60,\u68da\u6781\u7535\u6c60\u7ec4,\u6805\u6781\u7535\u6c60\u7ec4"},"title":"\u4e19\u7535\u6c60\u7ec4,\u6805\u504f\u538b\u7535\u6c60,\u68da\u6781\u7535\u6c60\u7ec4,\u6805\u6781\u7535\u6c60\u7ec4","valid":true}
{"arg":"primary","icon":{"path":"translate.png"},"quicklookurl":"http:\/\/youdao.com\/w\/%E5%88%9D%E7%BA%A7","subtitle":"\u521d\u7ea7\u4ea7\u54c1","text":{"copy":"Primary Commodity,primary product,primary goods,raw product"},"title":"Primary Commodity,primary product,primary goods,raw product","valid":true}
{"arg":"s","icon":{"path":"translate.png"},"quicklookurl":"http:\/\/youdao.com\/w\/s","subtitle":"S Doradus","text":{"copy":"\u5251\u9c7c\u5ea7S"},"title":"\u5251\u9c7c\u5ea7S","valid":true}
{"arg":"scale","icon":{"path":"translate.png"},"quicklookurl":"http:\/\/youdao.com\/w\/scale","subtitle":"scale","text":{"copy":"\u97f3\u9636,\u7f29\u653e,\u89c4\u6a21,\u6bd4\u4f8b"},"title":"\u97f3\u9636,\u7f29\u653e,\u89c4\u6a21,\u6bd4\u4f8b","valid":true}
{"arg":"s","icon":{"path":"translate.png"},"quicklookurl":"http:\/\/youdao.com\/w\/s","subtitle":"S Doradus","text":{"copy":"\u5251\u9c7c\u5ea7S"},"title":"\u5251\u9c7c\u5ea7S","valid":true}
{"arg":"sw","icon":{"path":"translate.png"},"quicklookurl":"http:\/\/youdao.com\/w\/sw","subtitle":"SW","text":{"copy":"\u5f00\u5173,\u63d0\u4f9b\u5173\u4e8e,\u592a\u9633\u4e95,\u627f\u63d2\u710a\u6cd5\u5170"},"title":"\u5f00\u5173,\u63d0\u4f9b\u5173\u4e8e,\u592a\u9633\u4e95,\u627f\u63d2\u710a\u6cd5\u5170","valid":true}
{"arg":"s","icon":{"path":"translate.png"},"quicklookurl":"http:\/\/youdao.com\/w\/s","subtitle":"S Doradus","text":{"copy":"\u5251\u9c7c\u5ea7S"},"title":"\u5251\u9c7c\u5ea7S","valid":true}
{"arg":"co","icon":{"path":"translate.png"},"quicklookurl":"http:\/\/youdao.com\/w\/co","subtitle":"CO","text":{"copy":"\u4e00\u6c27\u5316\u78b3,\u4e00\u6c27\u5316\u78b3(Carbonic Oxide),\u590d\u5236,\u54e5\u4f26\u6bd4\u4e9a"},"title":"\u4e00\u6c27\u5316\u78b3,\u4e00\u6c27\u5316\u78b3(Carbonic Oxide),\u590d\u5236,\u54e5\u4f26\u6bd4\u4e9a","valid":true}
{"arg":"code","icon":{"path":"translate.png"},"quicklookurl":"http:\/\/youdao.com\/w\/code","subtitle":"code","text":{"copy":"\u4ee3\u7801,\u7801,\u6cd5\u5178,\u7f16\u7801"},"title":"\u4ee3\u7801,\u7801,\u6cd5\u5178,\u7f16\u7801","valid":true}
{"arg":"codec","icon":{"path":"translate.png"},"quicklookurl":"http:\/\/youdao.com\/w\/codec","subtitle":"codec","text":{"copy":"\u7f16\u89e3\u7801\u5668,\u89e3\u7801\u5668,\u89e3\u7801\u7a0b\u5f0f,\u7f16\u8bd1\u7801\u5668"},"title":"\u7f16\u89e3\u7801\u5668,\u89e3\u7801\u5668,\u89e3\u7801\u7a0b\u5f0f,\u7f16\u8bd1\u7801\u5668","valid":true}
{"arg":"code","icon":{"path":"translate.png"},"quicklookurl":"http:\/\/youdao.com\/w\/code","subtitle":"code","text":{"copy":"\u4ee3\u7801,\u7801,\u6cd5\u5178,\u7f16\u7801"},"title":"\u4ee3\u7801,\u7801,\u6cd5\u5178,\u7f16\u7801","valid":true}
{"arg":"co","icon":{"path":"translate.png"},"quicklookurl":"http:\/\/youdao.com\/w\/co","subtitle":"CO","text":{"copy":"\u4e00\u6c27\u5316\u78b3,\u4e00\u6c27\u5316\u78b3(Carbonic Oxide),\u590d\u5236,\u54e5\u4f26\u6bd4\u4e9a"},"title":"\u4e00\u6c27\u5316\u78b3,\u4e00\u6c27\u5316\u78b3(Carbonic Oxide),\u590d\u5236,\u54e5\u4f26\u6bd4\u4e9a","valid":true}
{"arg":"c","icon":{"path":"translate.png"},"quicklookurl":"http:\/\/youdao.com\/w\/c","subtitle":"C battery","text":{"copy":"\u4e19\u7535\u6c60\u7ec4,\u6805\u504f\u538b\u7535\u6c60,\u68da\u6781\u7535\u6c60\u7ec4,\u6805\u6781\u7535\u6c60\u7ec4"},"title":"\u4e19\u7535\u6c60\u7ec4,\u6805\u504f\u538b\u7535\u6c60,\u68da\u6781\u7535\u6c60\u7ec4,\u6805\u6781\u7535\u6c60\u7ec4","valid":true}
{"arg":"fo","icon":{"path":"translate.png"},"quicklookurl":"http:\/\/youdao.com\/w\/fo","subtitle":"fo","text":{"copy":"\u6cd5\u7f57\u7fa4\u5c9b,\u521d\u59cb\u8367\u5149,\u8c10\u632f\u9891\u7387,\u963f\u7518\u6b63\u4f20"},"title":"\u6cd5\u7f57\u7fa4\u5c9b,\u521d\u59cb\u8367\u5149,\u8c10\u632f\u9891\u7387,\u963f\u7518\u6b63\u4f20","valid":true}
{"arg":"format","icon":{"path":"translate.png"},"quicklookurl":"http:\/\/youdao.com\/w\/format","subtitle":"Format","text":{"copy":"\u683c\u5f0f,\u683c\u5f0f\u5316,\u683c\u5f0f\u5316\u78c1\u76d8,\u78c1\u76d8\u683c\u5f0f\u5316\u547d\u4ee4"},"title":"\u683c\u5f0f,\u683c\u5f0f\u5316,\u683c\u5f0f\u5316\u78c1\u76d8,\u78c1\u76d8\u683c\u5f0f\u5316\u547d\u4ee4","valid":true}
{"arg":"fo","icon":{"path":"translate.png"},"quicklookurl":"http:\/\/youdao.com\/w\/fo","subtitle":"fo","text":{"copy":"\u6cd5\u7f57\u7fa4\u5c9b,\u521d\u59cb\u8367\u5149,\u8c10\u632f\u9891\u7387,\u963f\u7518\u6b63\u4f20"},"title":"\u6cd5\u7f57\u7fa4\u5c9b,\u521d\u59cb\u8367\u5149,\u8c10\u632f\u9891\u7387,\u963f\u7518\u6b63\u4f20","valid":true}
{"arg":"f","icon":{"path":"translate.png"},"quicklookurl":"http:\/\/youdao.com\/w\/f","subtitle":"Axel F","text":{"copy":"\u6293\u72c2\u53ee\u549a,\u6293\u72c2\u53ee\u53ee,\u6c42\u91c7\u7eb3,\u827e\u514b\u7d22"},"title":"\u6293\u72c2\u53ee\u549a,\u6293\u72c2\u53ee\u53ee,\u6c42\u91c7\u7eb3,\u827e\u514b\u7d22","valid":true}
{"arg":"v","icon":{"path":"translate.png"},"quicklookurl":"http:\/\/youdao.com\/w\/v","subtitle":"Henry V","text":{"copy":"\u4ea8\u5229\u4e94\u4e16,\u6218\u795e\u4ea8\u5229\u4e94\u4e16,\u4ea8\u5229\u4e94"},"title":"\u4ea8\u5229\u4e94\u4e16,\u6218\u795e\u4ea8\u5229\u4e94\u4e16,\u4ea8\u5229\u4e94","valid":true}
{"arg":"c","icon":{"path":"translate.png"},"quicklookurl":"http:\/\/youdao.com\/w\/c","subtitle":"C battery","text":{"copy":"\u4e19\u7535\u6c60\u7ec4,\u6805\u504f\u538b\u7535\u6c60,\u68da\u6781\u7535\u6c60\u7ec4,\u6805\u6781\u7535\u6c60\u7ec4"},"title":"\u4e19\u7535\u6c60\u7ec4,\u6805\u504f\u538b\u7535\u6c60,\u68da\u6781\u7535\u6c60\u7ec4,\u6805\u6781\u7535\u6c60\u7ec4","valid":true}
{"arg":"ret","icon":{"path":"translate.png"},"quicklookurl":"http:\/\/youdao.com\/w\/ret","subtitle":"Ret","text":{"copy":"\u7f51\u7ec7\u7ea2\u7ec6\u80de,\u7f51\u7ec7\u7ea2\u7ec6\u80de\u8ba1\u6570,\u6280\u672f,\u8fd4\u56de"},"title":"\u7f51\u7ec7\u7ea2\u7ec6\u80de,\u7f51\u7ec7\u7ea2\u7ec6\u80de\u8ba1\u6570,\u6280\u672f,\u8fd4\u56de","valid":true}
{"arg":"yank","icon":{"path":"translate.png"},"quicklookurl":"http:\/\/youdao.com\/w\/yank","subtitle":"yank","text":{"copy":"\u731b\u62c9,\u590d\u5236,\u82f1\u56fd\u4eba,\u7a81\u7136\u5730\u731b\u62c9"},"title":"\u731b\u62c9,\u590d\u5236,\u82f1\u56fd\u4eba,\u7a81\u7136\u5730\u731b\u62c9","valid":true}
{"arg":"pl","icon":{"path":"translate.png"},"quicklookurl":"http:\/\/youdao.com\/w\/pl","subtitle":"pl","text":{"copy":"\u6ce2\u5170,\u591a\u6bb5\u7ebf,\u97e9\u56fd\u4ee3\u8d2d"},"title":"\u6ce2\u5170,\u591a\u6bb5\u7ebf,\u97e9\u56fd\u4ee3\u8d2d","valid":true}
{"arg":"plug","icon":{"path":"translate.png"},"quicklookurl":"http:\/\/youdao.com\/w\/plug","subtitle":"plug","text":{"copy":"\u63d2\u5934,\u585e\u5b50,\u5916\u6302,\u5835\u5934"},"title":"\u63d2\u5934,\u585e\u5b50,\u5916\u6302,\u5835\u5934","valid":true}
{"arg":"plugin","icon":{"path":"translate.png"},"quicklookurl":"http:\/\/youdao.com\/w\/plugin","subtitle":"Plugin","text":{"copy":"\u63d2\u4ef6,\u63d2\u4ef6\u76ee\u5f55,\u6392\u884c\u699c,\u76f8\u5173\u63d2\u4ef6"},"title":"\u63d2\u4ef6,\u63d2\u4ef6\u76ee\u5f55,\u6392\u884c\u699c,\u76f8\u5173\u63d2\u4ef6","valid":true}
{"arg":"pl","icon":{"path":"translate.png"},"quicklookurl":"http:\/\/youdao.com\/w\/pl","subtitle":"pl","text":{"copy":"\u6ce2\u5170,\u591a\u6bb5\u7ebf,\u97e9\u56fd\u4ee3\u8d2d"},"title":"\u6ce2\u5170,\u591a\u6bb5\u7ebf,\u97e9\u56fd\u4ee3\u8d2d","valid":true}
{"arg":"plugin","icon":{"path":"translate.png"},"quicklookurl":"http:\/\/youdao.com\/w\/plugin","subtitle":"Plugin","text":{"copy":"\u63d2\u4ef6,\u63d2\u4ef6\u76ee\u5f55,\u6392\u884c\u699c,\u76f8\u5173\u63d2\u4ef6"},"title":"\u63d2\u4ef6,\u63d2\u4ef6\u76ee\u5f55,\u6392\u884c\u699c,\u76f8\u5173\u63d2\u4ef6","valid":true}
{"arg":"plug","icon":{"path":"translate.png"},"quicklookurl":"http:\/\/youdao.com\/w\/plug","subtitle":"plug","text":{"copy":"\u63d2\u5934,\u585e\u5b50,\u5916\u6302,\u5835\u5934"},"title":"\u63d2\u5934,\u585e\u5b50,\u5916\u6302,\u5835\u5934","valid":true}
{"arg":"plugin","icon":{"path":"translate.png"},"quicklookurl":"http:\/\/youdao.com\/w\/plugin","subtitle":"Plugin","text":{"copy":"\u63d2\u4ef6,\u63d2\u4ef6\u76ee\u5f55,\u6392\u884c\u699c,\u76f8\u5173\u63d2\u4ef6"},"title":"\u63d2\u4ef6,\u63d2\u4ef6\u76ee\u5f55,\u6392\u884c\u699c,\u76f8\u5173\u63d2\u4ef6","valid":true}
{"arg":"mac","icon":{"path":"translate.png"},"quicklookurl":"http:\/\/youdao.com\/w\/mac","subtitle":"MAC","text":{"copy":"\u4ecb\u8d28\u8bbf\u95ee\u63a7\u5236,\u5a92\u4f53\u8bbf\u95ee\u63a7\u5236,\u5730\u5740\u8868,\u9b45\u53ef"},"title":"\u4ecb\u8d28\u8bbf\u95ee\u63a7\u5236,\u5a92\u4f53\u8bbf\u95ee\u63a7\u5236,\u5730\u5740\u8868,\u9b45\u53ef","valid":true}
{"arg":"Diagnostics","icon":{"path":"translate.png"},"quicklookurl":"http:\/\/youdao.com\/w\/Diagnostics","subtitle":"diagnostics","text":{"copy":"\u8bca\u65ad,\u8bca\u65ad\u5b66,\u8bca\u65ad\u6cd5,\u8bca\u65ad\u529f\u80fd"},"title":"\u8bca\u65ad,\u8bca\u65ad\u5b66,\u8bca\u65ad\u6cd5,\u8bca\u65ad\u529f\u80fd","valid":true}
{"arg":"sw","icon":{"path":"translate.png"},"quicklookurl":"http:\/\/youdao.com\/w\/sw","subtitle":"SW","text":{"copy":"\u5f00\u5173,\u63d0\u4f9b\u5173\u4e8e,\u592a\u9633\u4e95,\u627f\u63d2\u710a\u6cd5\u5170"},"title":"\u5f00\u5173,\u63d0\u4f9b\u5173\u4e8e,\u592a\u9633\u4e95,\u627f\u63d2\u710a\u6cd5\u5170","valid":true}
{"arg":"swipe","icon":{"path":"translate.png"},"quicklookurl":"http:\/\/youdao.com\/w\/swipe","subtitle":"Swipe","text":{"copy":"\u5b88\u57ce\u4fdd\u536b\u6218,\u6ed1\u52a8,\u6ed1\u52a8\u5c4f\u5e55,\u731b\u51fb"},"title":"\u5b88\u57ce\u4fdd\u536b\u6218,\u6ed1\u52a8,\u6ed1\u52a8\u5c4f\u5e55,\u731b\u51fb","valid":true}
{"arg":"s","icon":{"path":"translate.png"},"quicklookurl":"http:\/\/youdao.com\/w\/s","subtitle":"S Doradus","text":{"copy":"\u5251\u9c7c\u5ea7S"},"title":"\u5251\u9c7c\u5ea7S","valid":true}
{"arg":"metrics","icon":{"path":"translate.png"},"quicklookurl":"http:\/\/youdao.com\/w\/metrics","subtitle":"metrics","text":{"copy":"\u97f5\u5f8b\u5b66,\u6307\u6807,\u5ea6\u91cf,\u6570\u636e\u8bb0\u5f55"},"title":"\u97f5\u5f8b\u5b66,\u6307\u6807,\u5ea6\u91cf,\u6570\u636e\u8bb0\u5f55","valid":true}
{"arg":"fra","icon":{"path":"translate.png"},"quicklookurl":"http:\/\/youdao.com\/w\/fra","subtitle":"FRA","text":{"copy":"\u8fdc\u671f\u5229\u7387\u534f\u8bae,\u6cd5\u5170\u514b\u798f,\u7ea4\u7ef4\u589e\u5f3a\u4e19\u70ef\u9178\u916f,\u6cd5\u56fd"},"title":"\u8fdc\u671f\u5229\u7387\u534f\u8bae,\u6cd5\u5170\u514b\u798f,\u7ea4\u7ef4\u589e\u5f3a\u4e19\u70ef\u9178\u916f,\u6cd5\u56fd","valid":true}
{"arg":"frame","icon":{"path":"translate.png"},"quicklookurl":"http:\/\/youdao.com\/w\/frame","subtitle":"frame","text":{"copy":"\u5e27,\u67b6,\u6846\u67b6,\u8f66\u67b6"},"title":"\u5e27,\u67b6,\u6846\u67b6,\u8f66\u67b6","valid":true}
{"arg":"framework","icon":{"path":"translate.png"},"quicklookurl":"http:\/\/youdao.com\/w\/framework","subtitle":"framework","text":{"copy":"\u6846\u67b6,\u6784\u67b6,\u67b6\u6784,\u7ed3\u6784"},"title":"\u6846\u67b6,\u6784\u67b6,\u67b6\u6784,\u7ed3\u6784","valid":true}
{"arg":"cir","icon":{"path":"translate.png"},"quicklookurl":"http:\/\/youdao.com\/w\/cir","subtitle":"CIR","text":{"copy":"\u627f\u8bfa\u4fe1\u606f\u901f\u7387,\u673a\u8f66\u7efc\u5408\u65e0\u7ebf\u901a\u4fe1\u8bbe\u5907,\u4fe1\u9053\u51b2\u6fc0\u54cd\u5e94,\u8bbe\u5907"},"title":"\u627f\u8bfa\u4fe1\u606f\u901f\u7387,\u673a\u8f66\u7efc\u5408\u65e0\u7ebf\u901a\u4fe1\u8bbe\u5907,\u4fe1\u9053\u51b2\u6fc0\u54cd\u5e94,\u8bbe\u5907","valid":true}
{"arg":"circ","icon":{"path":"translate.png"},"quicklookurl":"http:\/\/youdao.com\/w\/circ","subtitle":"CIRC","text":{"copy":"\u4fdd\u76d1\u4f1a,\u4e2d\u56fd\u4fdd\u76d1\u4f1a,\u7814\u7a76\u4e2d\u5fc3,\u4e2d\u56fd\u4fdd\u9669\u76d1\u7763\u7ba1\u7406\u59d4\u5458\u4f1a"},"title":"\u4fdd\u76d1\u4f1a,\u4e2d\u56fd\u4fdd\u76d1\u4f1a,\u7814\u7a76\u4e2d\u5fc3,\u4e2d\u56fd\u4fdd\u9669\u76d1\u7763\u7ba1\u7406\u59d4\u5458\u4f1a","valid":true}
{"arg":"cir","icon":{"path":"translate.png"},"quicklookurl":"http:\/\/youdao.com\/w\/cir","subtitle":"CIR","text":{"copy":"\u627f\u8bfa\u4fe1\u606f\u901f\u7387,\u673a\u8f66\u7efc\u5408\u65e0\u7ebf\u901a\u4fe1\u8bbe\u5907,\u4fe1\u9053\u51b2\u6fc0\u54cd\u5e94,\u8bbe\u5907"},"title":"\u627f\u8bfa\u4fe1\u606f\u901f\u7387,\u673a\u8f66\u7efc\u5408\u65e0\u7ebf\u901a\u4fe1\u8bbe\u5907,\u4fe1\u9053\u51b2\u6fc0\u54cd\u5e94,\u8bbe\u5907","valid":true}
{"arg":"cirl","icon":{"path":"translate.png"},"quicklookurl":"http:\/\/youdao.com\/w\/cirl","subtitle":"CIRl","text":{"copy":"\u635f\u4f24"},"title":"\u635f\u4f24","valid":true}
{"arg":"cir","icon":{"path":"translate.png"},"quicklookurl":"http:\/\/youdao.com\/w\/cir","subtitle":"CIR","text":{"copy":"\u627f\u8bfa\u4fe1\u606f\u901f\u7387,\u673a\u8f66\u7efc\u5408\u65e0\u7ebf\u901a\u4fe1\u8bbe\u5907,\u4fe1\u9053\u51b2\u6fc0\u54cd\u5e94,\u8bbe\u5907"},"title":"\u627f\u8bfa\u4fe1\u606f\u901f\u7387,\u673a\u8f66\u7efc\u5408\u65e0\u7ebf\u901a\u4fe1\u8bbe\u5907,\u4fe1\u9053\u51b2\u6fc0\u54cd\u5e94,\u8bbe\u5907","valid":true}
{"arg":"ciry","icon":{"path":"translate.png"},"quicklookurl":"http:\/\/youdao.com\/w\/ciry","subtitle":"CIRY","text":{"copy":"\u559c\u6da6\u5bb6,\u897f\u91cc,\u63d0\u4f9b\u5173\u4e8e"},"title":"\u559c\u6da6\u5bb6,\u897f\u91cc,\u63d0\u4f9b\u5173\u4e8e","valid":true}
{"arg":"cir","icon":{"path":"translate.png"},"quicklookurl":"http:\/\/youdao.com\/w\/cir","subtitle":"CIR","text":{"copy":"\u627f\u8bfa\u4fe1\u606f\u901f\u7387,\u673a\u8f66\u7efc\u5408\u65e0\u7ebf\u901a\u4fe1\u8bbe\u5907,\u4fe1\u9053\u51b2\u6fc0\u54cd\u5e94,\u8bbe\u5907"},"title":"\u627f\u8bfa\u4fe1\u606f\u901f\u7387,\u673a\u8f66\u7efc\u5408\u65e0\u7ebf\u901a\u4fe1\u8bbe\u5907,\u4fe1\u9053\u51b2\u6fc0\u54cd\u5e94,\u8bbe\u5907","valid":true}
{"arg":"circ","icon":{"path":"translate.png"},"quicklookurl":"http:\/\/youdao.com\/w\/circ","subtitle":"CIRC","text":{"copy":"\u4fdd\u76d1\u4f1a,\u4e2d\u56fd\u4fdd\u76d1\u4f1a,\u7814\u7a76\u4e2d\u5fc3,\u4e2d\u56fd\u4fdd\u9669\u76d1\u7763\u7ba1\u7406\u59d4\u5458\u4f1a"},"title":"\u4fdd\u76d1\u4f1a,\u4e2d\u56fd\u4fdd\u76d1\u4f1a,\u7814\u7a76\u4e2d\u5fc3,\u4e2d\u56fd\u4fdd\u9669\u76d1\u7763\u7ba1\u7406\u59d4\u5458\u4f1a","valid":true}
{"arg":"circl","icon":{"path":"translate.png"},"quicklookurl":"http:\/\/youdao.com\/w\/circl","subtitle":"CIRCL","text":{"copy":"\u4e0e\u5b66\u4e60\u7814\u7a76\u4e2d\u5fc3,\u5706\u578b\u94a2\u9489\u7ebf\u5361"},"title":"\u4e0e\u5b66\u4e60\u7814\u7a76\u4e2d\u5fc3,\u5706\u578b\u94a2\u9489\u7ebf\u5361","valid":true}
{"arg":"circle","icon":{"path":"translate.png"},"quicklookurl":"http:\/\/youdao.com\/w\/circle","subtitle":"CIRCLE","text":{"copy":"\u5706,\u5706\u5f62,\u5708\u5b50,\u5706\u5708"},"title":"\u5706,\u5706\u5f62,\u5708\u5b50,\u5706\u5708","valid":true}
{"arg":"p","icon":{"path":"translate.png"},"quicklookurl":"http:\/\/youdao.com\/w\/p","subtitle":"p diddy","text":{"copy":"\u5439\u725b\u8001\u7239,\u5439\u6cd5\u87ba\u8001\u7239,\u5439\u5618\u8001\u7239,\u5938\u53e3\u8001\u7239"},"title":"\u5439\u725b\u8001\u7239,\u5439\u6cd5\u87ba\u8001\u7239,\u5439\u5618\u8001\u7239,\u5938\u53e3\u8001\u7239","valid":true}
{"arg":"c","icon":{"path":"translate.png"},"quicklookurl":"http:\/\/youdao.com\/w\/c","subtitle":"Apolipoprotein C","text":{"copy":"\u8f7d\u8102\u86cb\u767dC"},"title":"\u8f7d\u8102\u86cb\u767dC","valid":true}
{"arg":"parameter","icon":{"path":"translate.png"},"quicklookurl":"http:\/\/youdao.com\/w\/%E5%8F%82%E6%95%B0","subtitle":"\u53c2\u6570","text":{"copy":"Parameter,Param,argument,Main Technical specifications"},"title":"Parameter,Param,argument,Main Technical specifications","valid":true}
{"arg":"Chinese language and literature","icon":{"path":"translate.png"},"quicklookurl":"http:\/\/youdao.com\/w\/%E8%AF%AD%E6%96%87","subtitle":"\u8bed\u6587","text":{"copy":"Languages,Chinese,Verbal,Treasures"},"title":"Languages,Chinese,Verbal,Treasures","valid":true}
{"arg":"language","icon":{"path":"translate.png"},"quicklookurl":"http:\/\/youdao.com\/w\/%E8%AF%AD","subtitle":"\u4e39\u9ea6\u8bed","text":{"copy":"Jeg elsker dig,Dansk"},"title":"Jeg elsker dig,Dansk","valid":true}
{"arg":"dummy","icon":{"path":"translate.png"},"quicklookurl":"http:\/\/youdao.com\/w\/dummy","subtitle":"Dummy","text":{"copy":"\u5047\u4eba,\u54d1\u7684,\u54d1\u5df4,\u865a\u8bbe"},"title":"\u5047\u4eba,\u54d1\u7684,\u54d1\u5df4,\u865a\u8bbe","valid":true}
{"arg":"tex","icon":{"path":"translate.png"},"quicklookurl":"http:\/\/youdao.com\/w\/tex","subtitle":"Tex","text":{"copy":"\u7279\u514b\u65af,\u5bc6\u5ea6,\u7535\u8bdd,\u7279"},"title":"\u7279\u514b\u65af,\u5bc6\u5ea6,\u7535\u8bdd,\u7279","valid":true}
{"arg":"text","icon":{"path":"translate.png"},"quicklookurl":"http:\/\/youdao.com\/w\/text","subtitle":"Text","text":{"copy":"\u6587\u672c,\u6587\u5b57,\u8bfe\u6587,\u6587\u672c\u6846"},"title":"\u6587\u672c,\u6587\u5b57,\u8bfe\u6587,\u6587\u672c\u6846","valid":true}
{"arg":"textfield","icon":{"path":"translate.png"},"quicklookurl":"http:\/\/youdao.com\/w\/textfield","subtitle":"TextField","text":{"copy":"\u6587\u672c\u6846,\u6587\u672c\u57df,\u6587\u672c\u5b57\u6bb5,\u8f93\u5165\u6846"},"title":"\u6587\u672c\u6846,\u6587\u672c\u57df,\u6587\u672c\u5b57\u6bb5,\u8f93\u5165\u6846","valid":true}
