{"arg":"re","icon":{"path":"translate.png"},"quicklookurl":"http:\/\/youdao.com\/w\/re","subtitle":"RE","text":{"copy":"\u6a61\u80f6\u7c98\u5408\u5242,\u7559\u5c3c\u6c6a,\u96f7\u8bfa\u6570,\u9006\u5411\u5de5\u7a0b"},"title":"\u6a61\u80f6\u7c98\u5408\u5242,\u7559\u5c3c\u6c6a,\u96f7\u8bfa\u6570,\u9006\u5411\u5de5\u7a0b","valid":true}
{"arg":"render","icon":{"path":"translate.png"},"quicklookurl":"http:\/\/youdao.com\/w\/render","subtitle":"render","text":{"copy":"\u4f7f\u5f97,\u7ed9\u4e88,\u6e32\u67d3,\u89e3\u91ca\u6bd4\u8f83\u957f"},"title":"\u4f7f\u5f97,\u7ed9\u4e88,\u6e32\u67d3,\u89e3\u91ca\u6bd4\u8f83\u957f","valid":true}
{"arg":"an","icon":{"path":"translate.png"},"quicklookurl":"http:\/\/youdao.com\/w\/an","subtitle":"AN","text":{"copy":"\u4e19\u70ef\u8148,\u63a5\u5165\u7f51,\u6b63\u5e38\u72b6\u6001,\u785d\u9178\u94f5"},"title":"\u4e19\u70ef\u8148,\u63a5\u5165\u7f51,\u6b63\u5e38\u72b6\u6001,\u785d\u9178\u94f5","valid":true}
{"arg":"ance","icon":{"path":"translate.png"},"quicklookurl":"http:\/\/youdao.com\/w\/ance","subtitle":"ance","text":{"copy":"\u8868\u540d\u8bcd,\u540d\u8bcd\u540e\u7f00,\u58a8\u897f\u54e5,\u6fb3\u5927\u5229\u4e9a\u56fd\u5bb6\u82f1\u8bed\u5b66\u9662(Australian National College Of English)"},"title":"\u8868\u540d\u8bcd,\u540d\u8bcd\u540e\u7f00,\u58a8\u897f\u54e5,\u6fb3\u5927\u5229\u4e9a\u56fd\u5bb6\u82f1\u8bed\u5b66\u9662(Australian National College Of English)","valid":true}
{"arg":"ancestor","icon":{"path":"translate.png"},"quicklookurl":"http:\/\/youdao.com\/w\/ancestor","subtitle":"ancestor","text":{"copy":"\u7956\u5148,\u7956\u5b97,\u5148\u4eba,\u8001\u7956\u5b97"},"title":"\u7956\u5148,\u7956\u5b97,\u5148\u4eba,\u8001\u7956\u5b97","valid":true}
{"arg":"ancestors","icon":{"path":"translate.png"},"quicklookurl":"http:\/\/youdao.com\/w\/ancestors","subtitle":"Ancestors","text":{"copy":"\u8001\u7956,\u7956\u5148,\u5148\u4e16,\u5148\u7956"},"title":"\u8001\u7956,\u7956\u5148,\u5148\u4e16,\u5148\u7956","valid":true}
{"arg":"panic","icon":{"path":"translate.png"},"quicklookurl":"http:\/\/youdao.com\/w\/panic","subtitle":"panic","text":{"copy":"\u6050\u614c,\u4f7f\u6050\u614c,\u6bdb\u8e81"},"title":"\u6050\u614c,\u4f7f\u6050\u614c,\u6bdb\u8e81","valid":true}
{"arg":"mask","icon":{"path":"translate.png"},"quicklookurl":"http:\/\/youdao.com\/w\/mask","subtitle":"mask","text":{"copy":"\u9762\u5177,\u9762\u819c,\u63a9\u7801"},"title":"\u9762\u5177,\u9762\u819c,\u63a9\u7801","valid":true}
{"arg":"masks","icon":{"path":"translate.png"},"quicklookurl":"http:\/\/youdao.com\/w\/masks","subtitle":"Masks","text":{"copy":"\u53e3\u7f69,\u906e\u7247,\u9632\u62a4\u53e3\u7f69,\u6f5c\u6c34\u9762\u955c"},"title":"\u53e3\u7f69,\u906e\u7247,\u9632\u62a4\u53e3\u7f69,\u6f5c\u6c34\u9762\u955c","valid":true}
{"arg":"mask","icon":{"path":"translate.png"},"quicklookurl":"http:\/\/youdao.com\/w\/mask","subtitle":"mask","text":{"copy":"\u9762\u5177,\u9762\u819c,\u63a9\u7801"},"title":"\u9762\u5177,\u9762\u819c,\u63a9\u7801","valid":true}
{"arg":"j","icon":{"path":"translate.png"},"quicklookurl":"http:\/\/youdao.com\/w\/j","subtitle":"Mary J","text":{"copy":"\u5e03\u83b1\u59ec,\u5e03\u91cc\u59ec,\u5e03\u91cc\u5947,\u739b\u4e3d\u00b7\u5e03\u83b1\u5947"},"title":"\u5e03\u83b1\u59ec,\u5e03\u91cc\u59ec,\u5e03\u91cc\u5947,\u739b\u4e3d\u00b7\u5e03\u83b1\u5947","valid":true}
{"arg":"join","icon":{"path":"translate.png"},"quicklookurl":"http:\/\/youdao.com\/w\/join","subtitle":"join","text":{"copy":"\u8fde\u63a5,\u52a0\u5165,\u53c2\u52a0,\u5408\u5e76"},"title":"\u8fde\u63a5,\u52a0\u5165,\u53c2\u52a0,\u5408\u5e76","valid":true}
{"arg":"j","icon":{"path":"translate.png"},"quicklookurl":"http:\/\/youdao.com\/w\/j","subtitle":"Mary J","text":{"copy":"\u5e03\u83b1\u59ec,\u5e03\u91cc\u59ec,\u5e03\u91cc\u5947,\u739b\u4e3d\u00b7\u5e03\u83b1\u5947"},"title":"\u5e03\u83b1\u59ec,\u5e03\u91cc\u59ec,\u5e03\u91cc\u5947,\u739b\u4e3d\u00b7\u5e03\u83b1\u5947","valid":true}
{"arg":"j","icon":{"path":"translate.png"},"quicklookurl":"http:\/\/youdao.com\/w\/j","subtitle":"Mary J","text":{"copy":"\u5e03\u83b1\u59ec,\u5e03\u91cc\u59ec,\u5e03\u91cc\u5947,\u739b\u4e3d\u00b7\u5e03\u83b1\u5947"},"title":"\u5e03\u83b1\u59ec,\u5e03\u91cc\u59ec,\u5e03\u91cc\u5947,\u739b\u4e3d\u00b7\u5e03\u83b1\u5947","valid":true}
{"arg":"boo","icon":{"path":"translate.png"},"quicklookurl":"http:\/\/youdao.com\/w\/boo","subtitle":"BOO","text":{"copy":"\u5efa\u8bbe,\u62e5\u6709,\u8180\u80f1\u51fa\u53e3\u6897\u963b,\u9879\u76ee"},"title":"\u5efa\u8bbe,\u62e5\u6709,\u8180\u80f1\u51fa\u53e3\u6897\u963b,\u9879\u76ee","valid":true}
{"arg":"recursively","icon":{"path":"translate.png"},"quicklookurl":"http:\/\/youdao.com\/w\/recursively","subtitle":"recursively","text":{"copy":"\u9012\u56de\u5730,\u9012\u5f52\u5730"},"title":"\u9012\u56de\u5730,\u9012\u5f52\u5730","valid":true}
{"arg":"script","icon":{"path":"translate.png"},"quicklookurl":"http:\/\/youdao.com\/w\/script","subtitle":"Script","text":{"copy":"\u811a\u672c,\u5267\u672c,\u624b\u7a3f,\u8bbe\u7f6e\u6f14\u793a"},"title":"\u811a\u672c,\u5267\u672c,\u624b\u7a3f,\u8bbe\u7f6e\u6f14\u793a","valid":true}
{"arg":"concatenate","icon":{"path":"translate.png"},"quicklookurl":"http:\/\/youdao.com\/w\/concatenate","subtitle":"concatenate","text":{"copy":"\u8fde\u63a5,\u5e76\u7f6e,\u8fde\u7ed3,\u591a\u8054\u4f53"},"title":"\u8fde\u63a5,\u5e76\u7f6e,\u8fde\u7ed3,\u591a\u8054\u4f53","valid":true}
{"arg":"The underground city","icon":{"path":"translate.png"},"quicklookurl":"http:\/\/youdao.com\/w\/%E5%9C%B0%E4%B8%8B%E5%9F%8E","subtitle":"\u5730\u4e0b\u57ce","text":{"copy":"Dungeons,Undertown,Underground city,DNF"},"title":"Dungeons,Undertown,Underground city,DNF","valid":true}
{"arg":"to","icon":{"path":"translate.png"},"quicklookurl":"http:\/\/youdao.com\/w\/%E5%9C%B0","subtitle":"\u5730","text":{"copy":"Field,Land,ground,floor"},"title":"Field,Land,ground,floor","valid":true}
{"arg":"dungeon","icon":{"path":"translate.png"},"quicklookurl":"http:\/\/youdao.com\/w\/dungeon","subtitle":"dungeon","text":{"copy":"\u5730\u7262,\u5730\u7262\u52bf\u529b,\u5730\u4e0b\u57ce,\u5730\u4e0b\u57ce\u4e0e\u52c7\u58eb"},"title":"\u5730\u7262,\u5730\u7262\u52bf\u529b,\u5730\u4e0b\u57ce,\u5730\u4e0b\u57ce\u4e0e\u52c7\u58eb","valid":true}
{"arg":"ex","icon":{"path":"translate.png"},"quicklookurl":"http:\/\/youdao.com\/w\/ex","subtitle":"EX","text":{"copy":"\u5ef6\u4f38,\u5ef6\u957f,\u53ef\u71c3\u6c14\u4f53,\u53ef\u71c3\u6c14(E X)"},"title":"\u5ef6\u4f38,\u5ef6\u957f,\u53ef\u71c3\u6c14\u4f53,\u53ef\u71c3\u6c14(E X)","valid":true}
{"arg":"excep","icon":{"path":"translate.png"},"quicklookurl":"http:\/\/youdao.com\/w\/excep","subtitle":"excep tion","text":{"copy":"\u4f8b\u5916"},"title":"\u4f8b\u5916","valid":true}
{"arg":"except","icon":{"path":"translate.png"},"quicklookurl":"http:\/\/youdao.com\/w\/except","subtitle":"Except","text":{"copy":"\u9664\u5916,\u9664,\u9664\u53bb,\u514d\u9664"},"title":"\u9664\u5916,\u9664,\u9664\u53bb,\u514d\u9664","valid":true}
{"arg":"exce","icon":{"path":"translate.png"},"quicklookurl":"http:\/\/youdao.com\/w\/exce","subtitle":"EXCE","text":{"copy":"\u7535\u5b50\u8868\u683c,\u6025\u6c42\u52a9,\u529e\u516c\u8f6f\u4ef6,\u64cd\u4f5c"},"title":"\u7535\u5b50\u8868\u683c,\u6025\u6c42\u52a9,\u529e\u516c\u8f6f\u4ef6,\u64cd\u4f5c","valid":true}
{"arg":"excep","icon":{"path":"translate.png"},"quicklookurl":"http:\/\/youdao.com\/w\/excep","subtitle":"excep tion","text":{"copy":"\u4f8b\u5916"},"title":"\u4f8b\u5916","valid":true}
{"arg":"except","icon":{"path":"translate.png"},"quicklookurl":"http:\/\/youdao.com\/w\/except","subtitle":"Except","text":{"copy":"\u9664\u5916,\u9664,\u9664\u53bb,\u514d\u9664"},"title":"\u9664\u5916,\u9664,\u9664\u53bb,\u514d\u9664","valid":true}
{"arg":"excepted","icon":{"path":"translate.png"},"quicklookurl":"http:\/\/youdao.com\/w\/excepted","subtitle":"excepted","text":{"copy":"\u53cd\u5bf9,\u9664\u53bb\u7684,\u9664"},"title":"\u53cd\u5bf9,\u9664\u53bb\u7684,\u9664","valid":true}
{"arg":"opti","icon":{"path":"translate.png"},"quicklookurl":"http:\/\/youdao.com\/w\/opti","subtitle":"Opti","text":{"copy":"\u5965\u6bd4,\u6b27\u76ae\u7279,\u5fb7\u56fd\u5965\u6bd4,\u6536\u8d2d\u52a0\u62ff\u5927\u6b27\u666e\u63d0"},"title":"\u5965\u6bd4,\u6b27\u76ae\u7279,\u5fb7\u56fd\u5965\u6bd4,\u6536\u8d2d\u52a0\u62ff\u5927\u6b27\u666e\u63d0","valid":true}
{"arg":"optima","icon":{"path":"translate.png"},"quicklookurl":"http:\/\/youdao.com\/w\/optima","subtitle":"Optima","text":{"copy":"\u8fdc\u8230,\u8d77\u4e9a\u8fdc\u8230,\u6b27\u8fea\u739b,\u5965\u666e\u8482\u739b"},"title":"\u8fdc\u8230,\u8d77\u4e9a\u8fdc\u8230,\u6b27\u8fea\u739b,\u5965\u666e\u8482\u739b","valid":true}
{"arg":"To optimize the","icon":{"path":"translate.png"},"quicklookurl":"http:\/\/youdao.com\/w\/%E4%BC%98%E5%8C%96","subtitle":"\u4f18\u5316","text":{"copy":"optimization,optimize,SEO,Search Engine Optimization"},"title":"optimization,optimize,SEO,Search Engine Optimization","valid":true}
{"arg":"optimal","icon":{"path":"translate.png"},"quicklookurl":"http:\/\/youdao.com\/w\/%E4%BC%98","subtitle":"\u4f18","text":{"copy":"Eu,special price,optimization,Superior"},"title":"Eu,special price,optimization,Superior","valid":true}
{"arg":"opti","icon":{"path":"translate.png"},"quicklookurl":"http:\/\/youdao.com\/w\/opti","subtitle":"Opti","text":{"copy":"\u5965\u6bd4,\u6b27\u76ae\u7279,\u5fb7\u56fd\u5965\u6bd4,\u6536\u8d2d\u52a0\u62ff\u5927\u6b27\u666e\u63d0"},"title":"\u5965\u6bd4,\u6b27\u76ae\u7279,\u5fb7\u56fd\u5965\u6bd4,\u6536\u8d2d\u52a0\u62ff\u5927\u6b27\u666e\u63d0","valid":true}
{"arg":"optimize","icon":{"path":"translate.png"},"quicklookurl":"http:\/\/youdao.com\/w\/optimize","subtitle":"optimize","text":{"copy":"\u4f18\u5316,\u4f18\u5316\u7f16\u8f91\u5668,\u6700\u4f73\u5316,\u6027\u80fd\u4f18\u5316"},"title":"\u4f18\u5316,\u4f18\u5316\u7f16\u8f91\u5668,\u6700\u4f73\u5316,\u6027\u80fd\u4f18\u5316","valid":true}
{"arg":"indentation","icon":{"path":"translate.png"},"quicklookurl":"http:\/\/youdao.com\/w\/indentation","subtitle":"indentation","text":{"copy":"\u538b\u75d5,\u7f29\u8fdb\u6392\u7248,\u7f29\u8fdb,\u538b\u5165"},"title":"\u538b\u75d5,\u7f29\u8fdb\u6392\u7248,\u7f29\u8fdb,\u538b\u5165","valid":true}
{"arg":"t","icon":{"path":"translate.png"},"quicklookurl":"http:\/\/youdao.com\/w\/t","subtitle":"T RK","text":{"copy":"\u571f\u8033\u5176\u8bed"},"title":"\u571f\u8033\u5176\u8bed","valid":true}
{"arg":"to","icon":{"path":"translate.png"},"quicklookurl":"http:\/\/youdao.com\/w\/to","subtitle":"to","text":{"copy":"\u6c64\u52a0,\u524d\u5f80\u57ce\u5e02,\u6070\u597d\u5730,\u5230"},"title":"\u6c64\u52a0,\u524d\u5f80\u57ce\u5e02,\u6070\u597d\u5730,\u5230","valid":true}
{"arg":"togg","icon":{"path":"translate.png"},"quicklookurl":"http:\/\/youdao.com\/w\/togg","subtitle":"togg","text":{"copy":"\u7ed9\u7a7f\u4e0a,\u662f\u4ec0\u4e48\u610f\u601d"},"title":"\u7ed9\u7a7f\u4e0a,\u662f\u4ec0\u4e48\u610f\u601d","valid":true}
{"arg":"toggle","icon":{"path":"translate.png"},"quicklookurl":"http:\/\/youdao.com\/w\/toggle","subtitle":"toggle","text":{"copy":"\u5207\u6362,\u5f00\u5173,\u62e8\u52a8,\u89e6\u53d1\u5668"},"title":"\u5207\u6362,\u5f00\u5173,\u62e8\u52a8,\u89e6\u53d1\u5668","valid":true}
{"arg":"f","icon":{"path":"translate.png"},"quicklookurl":"http:\/\/youdao.com\/w\/f","subtitle":"Axel F","text":{"copy":"\u6293\u72c2\u53ee\u549a,\u6293\u72c2\u53ee\u53ee,\u6c42\u91c7\u7eb3,\u75af\u72c2\u9752\u86d9"},"title":"\u6293\u72c2\u53ee\u549a,\u6293\u72c2\u53ee\u53ee,\u6c42\u91c7\u7eb3,\u75af\u72c2\u9752\u86d9","valid":true}
{"arg":"freque","icon":{"path":"translate.png"},"quicklookurl":"http:\/\/youdao.com\/w\/freque","subtitle":"freque","text":{"copy":"\u65b9\u5411"},"title":"\u65b9\u5411","valid":true}
{"arg":"frequen","icon":{"path":"translate.png"},"quicklookurl":"http:\/\/youdao.com\/w\/frequen","subtitle":"Frequen","text":{"copy":"\u9ed1\u6d1e\u9891\u7387"},"title":"\u9ed1\u6d1e\u9891\u7387","valid":true}
{"arg":"frequent","icon":{"path":"translate.png"},"quicklookurl":"http:\/\/youdao.com\/w\/frequent","subtitle":"frequent","text":{"copy":"\u9891\u7e41\u7684,\u5e38\u5ba2,\u7ecf\u5e38\u7684,\u9891\u51fa"},"title":"\u9891\u7e41\u7684,\u5e38\u5ba2,\u7ecf\u5e38\u7684,\u9891\u51fa","valid":true}
{"arg":"re","icon":{"path":"translate.png"},"quicklookurl":"http:\/\/youdao.com\/w\/re","subtitle":"RE","text":{"copy":"\u6a61\u80f6\u7c98\u5408\u5242,\u7559\u5c3c\u6c6a,\u96f7\u8bfa\u6570,\u9006\u5411\u5de5\u7a0b"},"title":"\u6a61\u80f6\u7c98\u5408\u5242,\u7559\u5c3c\u6c6a,\u96f7\u8bfa\u6570,\u9006\u5411\u5de5\u7a0b","valid":true}
{"arg":"refe","icon":{"path":"translate.png"},"quicklookurl":"http:\/\/youdao.com\/w\/refe","subtitle":"refe","text":{"copy":"\u96f7\u8d39,\u758f\u6563\u8fd0\u884c\u672b\u7aef\u7ee7\u7535\u5668"},"title":"\u96f7\u8d39,\u758f\u6563\u8fd0\u884c\u672b\u7aef\u7ee7\u7535\u5668","valid":true}
{"arg":"refer","icon":{"path":"translate.png"},"quicklookurl":"http:\/\/youdao.com\/w\/refer","subtitle":"Refer","text":{"copy":"\u53c2\u7167,\u5f15\u7528,\u53c2\u8003,\u63d0\u5230"},"title":"\u53c2\u7167,\u5f15\u7528,\u53c2\u8003,\u63d0\u5230","valid":true}
{"arg":"refern","icon":{"path":"translate.png"},"quicklookurl":"http:\/\/youdao.com\/w\/refern","subtitle":"Refern","text":{"copy":"\u7ea2\u574a"},"title":"\u7ea2\u574a","valid":true}
{"arg":"refernce","icon":{"path":"translate.png"},"quicklookurl":"http:\/\/youdao.com\/w\/refernce","subtitle":"REFERNCE","text":{"copy":"\u53c2\u8003,\u5236\u5907\u53c2\u8003,\u53c2\u8003\u5c3a\u5bf8"},"title":"\u53c2\u8003,\u5236\u5907\u53c2\u8003,\u53c2\u8003\u5c3a\u5bf8","valid":true}
{"arg":"re","icon":{"path":"translate.png"},"quicklookurl":"http:\/\/youdao.com\/w\/re","subtitle":"RE","text":{"copy":"\u6a61\u80f6\u7c98\u5408\u5242,\u7559\u5c3c\u6c6a,\u96f7\u8bfa\u6570,\u9006\u5411\u5de5\u7a0b"},"title":"\u6a61\u80f6\u7c98\u5408\u5242,\u7559\u5c3c\u6c6a,\u96f7\u8bfa\u6570,\u9006\u5411\u5de5\u7a0b","valid":true}
{"arg":"ref","icon":{"path":"translate.png"},"quicklookurl":"http:\/\/youdao.com\/w\/ref","subtitle":"REF","text":{"copy":"\u53c2\u8003,\u67e5\u4ef7,\u5f15\u7528,\u53c2\u8003\u7aef"},"title":"\u53c2\u8003,\u67e5\u4ef7,\u5f15\u7528,\u53c2\u8003\u7aef","valid":true}
{"arg":"refe","icon":{"path":"translate.png"},"quicklookurl":"http:\/\/youdao.com\/w\/refe","subtitle":"refe","text":{"copy":"\u96f7\u8d39,\u758f\u6563\u8fd0\u884c\u672b\u7aef\u7ee7\u7535\u5668"},"title":"\u96f7\u8d39,\u758f\u6563\u8fd0\u884c\u672b\u7aef\u7ee7\u7535\u5668","valid":true}
{"arg":"refer","icon":{"path":"translate.png"},"quicklookurl":"http:\/\/youdao.com\/w\/refer","subtitle":"Refer","text":{"copy":"\u53c2\u7167,\u5f15\u7528,\u53c2\u8003,\u63d0\u5230"},"title":"\u53c2\u7167,\u5f15\u7528,\u53c2\u8003,\u63d0\u5230","valid":true}
{"arg":"referee","icon":{"path":"translate.png"},"quicklookurl":"http:\/\/youdao.com\/w\/referee","subtitle":"Referee","text":{"copy":"\u88c1\u5224,\u88c1\u5224\u5458,\u4ef2\u88c1\u8005,\u4e3b\u88c1"},"title":"\u88c1\u5224,\u88c1\u5224\u5458,\u4ef2\u88c1\u8005,\u4e3b\u88c1","valid":true}
{"arg":"r","icon":{"path":"translate.png"},"quicklookurl":"http:\/\/youdao.com\/w\/r","subtitle":"Exmor R","text":{"copy":"\u5f71\u50cf\u4f20\u611f\u5668,\u80cc\u7167\u5f0f,\u80cc\u7167\u5f0f\u611f\u5149\u5143\u4ef6,\u6444\u50cf\u5934"},"title":"\u5f71\u50cf\u4f20\u611f\u5668,\u80cc\u7167\u5f0f,\u80cc\u7167\u5f0f\u611f\u5149\u5143\u4ef6,\u6444\u50cf\u5934","valid":true}
{"arg":"h","icon":{"path":"translate.png"},"quicklookurl":"http:\/\/youdao.com\/w\/h","subtitle":"Vitamin H","text":{"copy":"\u751f\u7269\u7d20,\u7ef4\u751f\u7d20H,\u5421\u54c6\u7d20,\u82f1\u6587\u540d"},"title":"\u751f\u7269\u7d20,\u7ef4\u751f\u7d20H,\u5421\u54c6\u7d20,\u82f1\u6587\u540d","valid":true}
{"arg":"href","icon":{"path":"translate.png"},"quicklookurl":"http:\/\/youdao.com\/w\/href","subtitle":"HREF","text":{"copy":"\u8d85\u94fe\u63a5,\u94fe\u63a5,\u8d85\u94fe\u63a5\u5730\u5740\u6307\u5411,\u6307\u5b9a\u8def\u5f84\u5c5e\u6027"},"title":"\u8d85\u94fe\u63a5,\u94fe\u63a5,\u8d85\u94fe\u63a5\u5730\u5740\u6307\u5411,\u6307\u5b9a\u8def\u5f84\u5c5e\u6027","valid":true}
{"arg":"me","icon":{"path":"translate.png"},"quicklookurl":"http:\/\/youdao.com\/w\/me","subtitle":"ME","text":{"copy":"\u5236\u9020\u5de5\u7a0b\u5e08,\u8ff7,\u6211,\u5de5\u7a0b\u7855\u58eb"},"title":"\u5236\u9020\u5de5\u7a0b\u5e08,\u8ff7,\u6211,\u5de5\u7a0b\u7855\u58eb","valid":true}
{"arg":"media","icon":{"path":"translate.png"},"quicklookurl":"http:\/\/youdao.com\/w\/media","subtitle":"Media","text":{"copy":"\u5a92\u4f53,\u5a92\u4ecb,\u65b0\u95fb\u4f20\u5a92"},"title":"\u5a92\u4f53,\u5a92\u4ecb,\u65b0\u95fb\u4f20\u5a92","valid":true}
{"arg":"panamera","icon":{"path":"translate.png"},"quicklookurl":"http:\/\/youdao.com\/w\/panamera","subtitle":"Panamera","text":{"copy":"\u5e15\u7eb3\u6885\u62c9,\u4fdd\u65f6\u6377,\u5e15\u62c9\u6885\u62c9,\u5e15\u7eb3\u7f8e\u62c9"},"title":"\u5e15\u7eb3\u6885\u62c9,\u4fdd\u65f6\u6377,\u5e15\u62c9\u6885\u62c9,\u5e15\u7eb3\u7f8e\u62c9","valid":true}
{"arg":"in","icon":{"path":"translate.png"},"quicklookurl":"http:\/\/youdao.com\/w\/in","subtitle":"in","text":{"copy":"\u82f1\u5bf8,\u5370\u5ea6,\u8f93\u5165,\u4eba\u53e3"},"title":"\u82f1\u5bf8,\u5370\u5ea6,\u8f93\u5165,\u4eba\u53e3","valid":true}
{"arg":"inter","icon":{"path":"translate.png"},"quicklookurl":"http:\/\/youdao.com\/w\/inter","subtitle":"Inter","text":{"copy":"\u56fd\u9645\u7c73\u5170,\u95f4"},"title":"\u56fd\u9645\u7c73\u5170,\u95f4","valid":true}
{"arg":"interrupt","icon":{"path":"translate.png"},"quicklookurl":"http:\/\/youdao.com\/w\/interrupt","subtitle":"Interrupt","text":{"copy":"\u4e2d\u65ad,\u6253\u65ad,\u6253\u6270,\u63d2\u5634"},"title":"\u4e2d\u65ad,\u6253\u65ad,\u6253\u6270,\u63d2\u5634","valid":true}
{"arg":"p","icon":{"path":"translate.png"},"quicklookurl":"http:\/\/youdao.com\/w\/p","subtitle":"p diddy","text":{"copy":"\u5439\u725b\u8001\u7239,\u5439\u6cd5\u87ba\u8001\u7239,\u5439\u5618\u8001\u7239,\u5938\u53e3\u8001\u7239"},"title":"\u5439\u725b\u8001\u7239,\u5439\u6cd5\u87ba\u8001\u7239,\u5439\u5618\u8001\u7239,\u5938\u53e3\u8001\u7239","valid":true}
{"arg":"provi","icon":{"path":"translate.png"},"quicklookurl":"http:\/\/youdao.com\/w\/provi","subtitle":"ProVi","text":{"copy":"\u8bca\u65ad\u7cfb\u7edf,\u5c1d\u8bd5,\u8bd5"},"title":"\u8bca\u65ad\u7cfb\u7edf,\u5c1d\u8bd5,\u8bd5","valid":true}
{"arg":"providers","icon":{"path":"translate.png"},"quicklookurl":"http:\/\/youdao.com\/w\/providers","subtitle":"content providers","text":{"copy":"\u5185\u5bb9\u63d0\u4f9b\u8005,\u5185\u5bb9\u63d0\u4f9b\u5668,\u5185\u5bb9\u7ba1\u7406\u5668,\u6570\u636e\u5171\u4eab"},"title":"\u5185\u5bb9\u63d0\u4f9b\u8005,\u5185\u5bb9\u63d0\u4f9b\u5668,\u5185\u5bb9\u7ba1\u7406\u5668,\u6570\u636e\u5171\u4eab","valid":true}
{"arg":"peek","icon":{"path":"translate.png"},"quicklookurl":"http:\/\/youdao.com\/w\/peek","subtitle":"PEEK","text":{"copy":"\u805a\u919a\u919a\u916e,\u5077\u770b\u724c,\u805a\u919a\u919a\u916e\u6811\u8102,\u805a\u919a\u919a\u94dc"},"title":"\u805a\u919a\u919a\u916e,\u5077\u770b\u724c,\u805a\u919a\u919a\u916e\u6811\u8102,\u805a\u919a\u919a\u94dc","valid":true}
{"arg":"firm","icon":{"path":"translate.png"},"quicklookurl":"http:\/\/youdao.com\/w\/firm","subtitle":"Firm","text":{"copy":"\u7d27\u80a4,\u575a\u5b9a,\u5546\u884c,\u516c\u53f8"},"title":"\u7d27\u80a4,\u575a\u5b9a,\u5546\u884c,\u516c\u53f8","valid":true}
{"arg":"firmware","icon":{"path":"translate.png"},"quicklookurl":"http:\/\/youdao.com\/w\/firmware","subtitle":"Firmware","text":{"copy":"\u56fa\u4ef6,\u97e7\u4f53,\u8f6f\u4ef6,\u5fae\u7801"},"title":"\u56fa\u4ef6,\u97e7\u4f53,\u8f6f\u4ef6,\u5fae\u7801","valid":true}
{"arg":"align","icon":{"path":"translate.png"},"quicklookurl":"http:\/\/youdao.com\/w\/align","subtitle":"Align","text":{"copy":"\u5bf9\u9f50,\u6392\u5217,\u5bf9\u51c6,\u5bf9\u9f50\u65b9\u5f0f"},"title":"\u5bf9\u9f50,\u6392\u5217,\u5bf9\u51c6,\u5bf9\u9f50\u65b9\u5f0f","valid":true}
{"arg":"legac","icon":{"path":"translate.png"},"quicklookurl":"http:\/\/youdao.com\/w\/legac","subtitle":"Legac","text":{"copy":"\u96be\u4f24\u4eba"},"title":"\u96be\u4f24\u4eba","valid":true}
{"arg":"legacy","icon":{"path":"translate.png"},"quicklookurl":"http:\/\/youdao.com\/w\/legacy","subtitle":"Legacy","text":{"copy":"\u9057\u4ea7,\u529b\u72ee,\u9057\u4ea7,\u9057\u8d60"},"title":"\u9057\u4ea7,\u529b\u72ee,\u9057\u4ea7,\u9057\u8d60","valid":true}
{"arg":"hackintosh","icon":{"path":"translate.png"},"quicklookurl":"http:\/\/youdao.com\/w\/hackintosh","subtitle":"Hackintosh","text":{"copy":"\u9ed1\u82f9\u679c,\u9ed1\u82f9\u679c\u7535\u8111,\u82f9\u679c"},"title":"\u9ed1\u82f9\u679c,\u9ed1\u82f9\u679c\u7535\u8111,\u82f9\u679c","valid":true}
{"arg":"shift","icon":{"path":"translate.png"},"quicklookurl":"http:\/\/youdao.com\/w\/shift","subtitle":"shift","text":{"copy":"\u4e0a\u6863\u952e,\u79fb\u4f4d,\u8f6e\u73ed"},"title":"\u4e0a\u6863\u952e,\u79fb\u4f4d,\u8f6e\u73ed","valid":true}
{"arg":"g","icon":{"path":"translate.png"},"quicklookurl":"http:\/\/youdao.com\/w\/g","subtitle":"Orange G","text":{"copy":"\u6a59\u9ec4G\u94a0,\u6a58\u9ec4G,\u6a58\u7ea2G"},"title":"\u6a59\u9ec4G\u94a0,\u6a58\u9ec4G,\u6a58\u7ea2G","valid":true}
{"arg":"congratulations","icon":{"path":"translate.png"},"quicklookurl":"http:\/\/youdao.com\/w\/%E6%81%AD%E5%96%9C","subtitle":"\u606d\u559c","text":{"copy":"congratulations,Congratulate,congrats,ich gratuliere"},"title":"congratulations,Congratulate,congrats,ich gratuliere","valid":true}
{"arg":"re","icon":{"path":"translate.png"},"quicklookurl":"http:\/\/youdao.com\/w\/re","subtitle":"RE","text":{"copy":"\u6a61\u80f6\u7c98\u5408\u5242,\u7559\u5c3c\u6c6a,\u9006\u5411\u5de5\u7a0b,\u96f7\u8bfa\u6570"},"title":"\u6a61\u80f6\u7c98\u5408\u5242,\u7559\u5c3c\u6c6a,\u9006\u5411\u5de5\u7a0b,\u96f7\u8bfa\u6570","valid":true}
{"arg":"revolution","icon":{"path":"translate.png"},"quicklookurl":"http:\/\/youdao.com\/w\/revolution","subtitle":"Revolution","text":{"copy":"\u9769\u547d,\u706d\u4e16,\u65cb\u8f6c,\u53d8\u9769"},"title":"\u9769\u547d,\u706d\u4e16,\u65cb\u8f6c,\u53d8\u9769","valid":true}
{"arg":"r","icon":{"path":"translate.png"},"quicklookurl":"http:\/\/youdao.com\/w\/r","subtitle":"Exmor R","text":{"copy":"\u5f71\u50cf\u4f20\u611f\u5668,\u80cc\u7167\u5f0f,\u80cc\u7167\u5f0f\u611f\u5149\u5143\u4ef6,\u6444\u50cf\u5934"},"title":"\u5f71\u50cf\u4f20\u611f\u5668,\u80cc\u7167\u5f0f,\u80cc\u7167\u5f0f\u611f\u5149\u5143\u4ef6,\u6444\u50cf\u5934","valid":true}
{"arg":"tel","icon":{"path":"translate.png"},"quicklookurl":"http:\/\/youdao.com\/w\/tel","subtitle":"tel","text":{"copy":"\u7535\u8bdd,\u8054\u7cfb\u7535\u8bdd,\u7535,\u8054\u7edc\u7535\u8bdd"},"title":"\u7535\u8bdd,\u8054\u7cfb\u7535\u8bdd,\u7535,\u8054\u7edc\u7535\u8bdd","valid":true}
{"arg":"televised","icon":{"path":"translate.png"},"quicklookurl":"http:\/\/youdao.com\/w\/televised","subtitle":"televised","text":{"copy":"\u7535\u89c6\u64ad\u9001\u7684,\u7535\u89c6\u8f6c\u64ad,\u7535\u89c6"},"title":"\u7535\u89c6\u64ad\u9001\u7684,\u7535\u89c6\u8f6c\u64ad,\u7535\u89c6","valid":true}
{"arg":"mac","icon":{"path":"translate.png"},"quicklookurl":"http:\/\/youdao.com\/w\/mac","subtitle":"MAC","text":{"copy":"\u4ecb\u8d28\u8bbf\u95ee\u63a7\u5236,\u5a92\u4f53\u8bbf\u95ee\u63a7\u5236,\u5730\u5740\u8868,\u9b45\u53ef"},"title":"\u4ecb\u8d28\u8bbf\u95ee\u63a7\u5236,\u5a92\u4f53\u8bbf\u95ee\u63a7\u5236,\u5730\u5740\u8868,\u9b45\u53ef","valid":true}
{"arg":"macintosh","icon":{"path":"translate.png"},"quicklookurl":"http:\/\/youdao.com\/w\/macintosh","subtitle":"Macintosh","text":{"copy":"\u9ea6\u91d1\u5854\u7535\u8111,\u9ea6\u91d1\u5854,\u82f9\u679c\u673a,\u9ea6\u91d1\u6258\u4ec0"},"title":"\u9ea6\u91d1\u5854\u7535\u8111,\u9ea6\u91d1\u5854,\u82f9\u679c\u673a,\u9ea6\u91d1\u6258\u4ec0","valid":true}
{"arg":"s","icon":{"path":"translate.png"},"quicklookurl":"http:\/\/youdao.com\/w\/s","subtitle":"S Doradus","text":{"copy":"\u5251\u9c7c\u5ea7S"},"title":"\u5251\u9c7c\u5ea7S","valid":true}
{"arg":"inbox","icon":{"path":"translate.png"},"quicklookurl":"http:\/\/youdao.com\/w\/%E6%94%B6%E4%BB%B6%E7%AE%B1","subtitle":"\u6536\u4ef6\u7bb1","text":{"copy":"Inbox,My Messages,Microsoft Exchange,Received"},"title":"Inbox,My Messages,Microsoft Exchange,Received","valid":true}
{"arg":"amateur","icon":{"path":"translate.png"},"quicklookurl":"http:\/\/youdao.com\/w\/%E4%B8%9A%E4%BD%99","subtitle":"\u4e1a\u4f59","text":{"copy":"after-hours,part-time jobs,sparetime,in the spare time"},"title":"after-hours,part-time jobs,sparetime,in the spare time","valid":true}
{"arg":"A hobby","icon":{"path":"translate.png"},"quicklookurl":"http:\/\/youdao.com\/w\/%E4%B8%9A%E4%BD%99%E7%88%B1%E5%A5%BD","subtitle":"\u4e1a\u4f59\u7231\u597d","text":{"copy":"Hobby,hobbies,off hour hobby,about hobbies"},"title":"Hobby,hobbies,off hour hobby,about hobbies","valid":true}
{"arg":"in","icon":{"path":"translate.png"},"quicklookurl":"http:\/\/youdao.com\/w\/in","subtitle":"in","text":{"copy":"\u82f1\u5bf8,\u5370\u5ea6,\u8f93\u5165,\u4eba\u53e3"},"title":"\u82f1\u5bf8,\u5370\u5ea6,\u8f93\u5165,\u4eba\u53e3","valid":true}
{"arg":"inter","icon":{"path":"translate.png"},"quicklookurl":"http:\/\/youdao.com\/w\/inter","subtitle":"Inter","text":{"copy":"\u56fd\u9645\u7c73\u5170,\u95f4"},"title":"\u56fd\u9645\u7c73\u5170,\u95f4","valid":true}
{"arg":"interpreter","icon":{"path":"translate.png"},"quicklookurl":"http:\/\/youdao.com\/w\/interpreter","subtitle":"Interpreter","text":{"copy":"\u89e3\u91ca\u5668,\u89e3\u91ca\u7a0b\u5e8f,\u53e3\u8bed\u7ffb\u8bd1,\u901a\u8bd1\u8005"},"title":"\u89e3\u91ca\u5668,\u89e3\u91ca\u7a0b\u5e8f,\u53e3\u8bed\u7ffb\u8bd1,\u901a\u8bd1\u8005","valid":true}
{"arg":"interprete","icon":{"path":"translate.png"},"quicklookurl":"http:\/\/youdao.com\/w\/interprete","subtitle":"interprete","text":{"copy":"\u53e3\u8bd1,\u7ffb\u8bd1,\u4f20\u8bd1\u5458,\u89e3\u91ca"},"title":"\u53e3\u8bd1,\u7ffb\u8bd1,\u4f20\u8bd1\u5458,\u89e3\u91ca","valid":true}
{"arg":"helmet","icon":{"path":"translate.png"},"quicklookurl":"http:\/\/youdao.com\/w\/helmet","subtitle":"helmet","text":{"copy":"\u5934\u76d4,\u76d4,\u5b89\u5168\u5e3d,\u94a2\u76d4"},"title":"\u5934\u76d4,\u76d4,\u5b89\u5168\u5e3d,\u94a2\u76d4","valid":true}
{"arg":"margin","icon":{"path":"translate.png"},"quicklookurl":"http:\/\/youdao.com\/w\/margin","subtitle":"Margin","text":{"copy":"\u4fdd\u8bc1\u91d1,\u8fb9\u754c,\u5916\u8fb9\u8ddd"},"title":"\u4fdd\u8bc1\u91d1,\u8fb9\u754c,\u5916\u8fb9\u8ddd","valid":true}
{"arg":"a","icon":{"path":"translate.png"},"quicklookurl":"http:\/\/youdao.com\/w\/a","subtitle":"a cappella","text":{"copy":"\u65e0\u4f34\u594f\u5408\u5531,\u963f\u5361\u8d1d\u62c9,\u8d70\u5728\u5927\u8857\u7684\u5973\u5b50,\u65e0\u4f34\u594f"},"title":"\u65e0\u4f34\u594f\u5408\u5531,\u963f\u5361\u8d1d\u62c9,\u8d70\u5728\u5927\u8857\u7684\u5973\u5b50,\u65e0\u4f34\u594f","valid":true}
{"arg":"align","icon":{"path":"translate.png"},"quicklookurl":"http:\/\/youdao.com\/w\/align","subtitle":"Align","text":{"copy":"\u5bf9\u9f50,\u6392\u5217,\u5bf9\u51c6,\u5bf9\u9f50\u65b9\u5f0f"},"title":"\u5bf9\u9f50,\u6392\u5217,\u5bf9\u51c6,\u5bf9\u9f50\u65b9\u5f0f","valid":true}
{"arg":"s","icon":{"path":"translate.png"},"quicklookurl":"http:\/\/youdao.com\/w\/s","subtitle":"S Doradus","text":{"copy":"\u5251\u9c7c\u5ea7S"},"title":"\u5251\u9c7c\u5ea7S","valid":true}
{"arg":"photography","icon":{"path":"translate.png"},"quicklookurl":"http:\/\/youdao.com\/w\/%E6%91%84%E5%BD%B1","subtitle":"\u6444\u5f71","text":{"copy":"Photography,Cinematography,Photo,Director of Photography"},"title":"Photography,Cinematography,Photo,Director of Photography","valid":true}
{"arg":"she","icon":{"path":"translate.png"},"quicklookurl":"http:\/\/youdao.com\/w\/she","subtitle":"She","text":{"copy":"\u7572\u65cf,\u5979,\u5f15\u64ce,\u6c88\u9633"},"title":"\u7572\u65cf,\u5979,\u5f15\u64ce,\u6c88\u9633","valid":true}
{"arg":"s","icon":{"path":"translate.png"},"quicklookurl":"http:\/\/youdao.com\/w\/s","subtitle":"S Doradus","text":{"copy":"\u5251\u9c7c\u5ea7S"},"title":"\u5251\u9c7c\u5ea7S","valid":true}
{"arg":"photography","icon":{"path":"translate.png"},"quicklookurl":"http:\/\/youdao.com\/w\/%E6%91%84%E5%BD%B1","subtitle":"\u6444\u5f71","text":{"copy":"Photography,Cinematography,Photo,Director of Photography"},"title":"Photography,Cinematography,Photo,Director of Photography","valid":true}
{"arg":"h","icon":{"path":"translate.png"},"quicklookurl":"http:\/\/youdao.com\/w\/h","subtitle":"Vitamin H","text":{"copy":"\u751f\u7269\u7d20,\u7ef4\u751f\u7d20H,\u5421\u54c6\u7d20,\u82f1\u6587\u540d"},"title":"\u751f\u7269\u7d20,\u7ef4\u751f\u7d20H,\u5421\u54c6\u7d20,\u82f1\u6587\u540d","valid":true}
{"arg":"assembly","icon":{"path":"translate.png"},"quicklookurl":"http:\/\/youdao.com\/w\/%E6%B1%87%E7%BC%96","subtitle":"\u6c47\u7f16","text":{"copy":"assembly,Assembling,compile,Compilation"},"title":"assembly,Assembling,compile,Compilation","valid":true}
{"arg":"firs","icon":{"path":"translate.png"},"quicklookurl":"http:\/\/youdao.com\/w\/firs","subtitle":"Firs","text":{"copy":"\u6749\u6749,\u6cd5\u6db5\u8bd7,\u56fd\u9645\u8f6e\u6ed1\u8054\u5408\u4f1a,\u98de\u745e\u65af"},"title":"\u6749\u6749,\u6cd5\u6db5\u8bd7,\u56fd\u9645\u8f6e\u6ed1\u8054\u5408\u4f1a,\u98de\u745e\u65af","valid":true}
{"arg":"first name","icon":{"path":"translate.png"},"quicklookurl":"http:\/\/youdao.com\/w\/first+name","subtitle":"First Name","text":{"copy":"\u540d\u5b57,\u586b\u4e0a\u4f60\u7684\u540d,\u4f60\u7684\u540d,\u540d"},"title":"\u540d\u5b57,\u586b\u4e0a\u4f60\u7684\u540d,\u4f60\u7684\u540d,\u540d","valid":true}
{"arg":"Ludicrous","icon":{"path":"translate.png"},"quicklookurl":"http:\/\/youdao.com\/w\/Ludicrous","subtitle":"ludicrous","text":{"copy":"\u53ef\u7b11\u7684,\u8352\u5510\u53ef\u7b11,\u6ed1\u7a3d\u53ef\u7b11\u7684,\u72c2\u66b4\u6a21\u5f0f"},"title":"\u53ef\u7b11\u7684,\u8352\u5510\u53ef\u7b11,\u6ed1\u7a3d\u53ef\u7b11\u7684,\u72c2\u66b4\u6a21\u5f0f","valid":true}
{"arg":"Ludicrous","icon":{"path":"translate.png"},"quicklookurl":"http:\/\/youdao.com\/w\/Ludicrous","subtitle":"ludicrous","text":{"copy":"\u53ef\u7b11\u7684,\u8352\u5510\u53ef\u7b11,\u6ed1\u7a3d\u53ef\u7b11\u7684,\u72c2\u66b4\u6a21\u5f0f"},"title":"\u53ef\u7b11\u7684,\u8352\u5510\u53ef\u7b11,\u6ed1\u7a3d\u53ef\u7b11\u7684,\u72c2\u66b4\u6a21\u5f0f","valid":true}
{"arg":"Ludicrous ","icon":{"path":"translate.png"},"quicklookurl":"http:\/\/youdao.com\/w\/Ludicrous+","subtitle":"ludicrous","text":{"copy":"\u53ef\u7b11\u7684,\u8352\u5510\u53ef\u7b11,\u6ed1\u7a3d\u53ef\u7b11\u7684,\u72c2\u66b4\u6a21\u5f0f"},"title":"\u53ef\u7b11\u7684,\u8352\u5510\u53ef\u7b11,\u6ed1\u7a3d\u53ef\u7b11\u7684,\u72c2\u66b4\u6a21\u5f0f","valid":true}
{"arg":"Ludicrous s","icon":{"path":"translate.png"},"quicklookurl":"http:\/\/youdao.com\/w\/Ludicrous+s","subtitle":"ludicrous s","text":{"copy":"\u8352\u5510\u53ef\u7b11,\u8352\u5510\u53ef\u7b11\u7684"},"title":"\u8352\u5510\u53ef\u7b11,\u8352\u5510\u53ef\u7b11\u7684","valid":true}
{"arg":"Ludicrous s[","icon":{"path":"translate.png"},"quicklookurl":"http:\/\/youdao.com\/w\/Ludicrous+s%5B","subtitle":"ludicrous s","text":{"copy":"\u8352\u5510\u53ef\u7b11,\u8352\u5510\u53ef\u7b11\u7684"},"title":"\u8352\u5510\u53ef\u7b11,\u8352\u5510\u53ef\u7b11\u7684","valid":true}
{"arg":"Ludicrous s","icon":{"path":"translate.png"},"quicklookurl":"http:\/\/youdao.com\/w\/Ludicrous+s","subtitle":"ludicrous s","text":{"copy":"\u8352\u5510\u53ef\u7b11,\u8352\u5510\u53ef\u7b11\u7684"},"title":"\u8352\u5510\u53ef\u7b11,\u8352\u5510\u53ef\u7b11\u7684","valid":true}
{"arg":"Ludicrous speed","icon":{"path":"translate.png"},"quicklookurl":"http:\/\/youdao.com\/w\/Ludicrous+speed","subtitle":"Ludicrous Speed","text":{"copy":"\u60ca\u6b7b\u4eba\u7684\u98de\u901f,\u6ed1\u7a3d\u7684\u901f\u5ea6"},"title":"\u60ca\u6b7b\u4eba\u7684\u98de\u901f,\u6ed1\u7a3d\u7684\u901f\u5ea6","valid":true}
{"arg":"sticky","icon":{"path":"translate.png"},"quicklookurl":"http:\/\/youdao.com\/w\/sticky","subtitle":"Sticky","text":{"copy":"\u9ecf\u6027,\u7c98\u7684,\u7c98\u6027\u7684"},"title":"\u9ecf\u6027,\u7c98\u7684,\u7c98\u6027\u7684","valid":true}
{"arg":"a","icon":{"path":"translate.png"},"quicklookurl":"http:\/\/youdao.com\/w\/a","subtitle":"a cappella","text":{"copy":"\u65e0\u4f34\u594f\u5408\u5531,\u963f\u5361\u8d1d\u62c9,\u8d70\u5728\u5927\u8857\u7684\u5973\u5b50,\u65e0\u4f34\u594f"},"title":"\u65e0\u4f34\u594f\u5408\u5531,\u963f\u5361\u8d1d\u62c9,\u8d70\u5728\u5927\u8857\u7684\u5973\u5b50,\u65e0\u4f34\u594f","valid":true}
{"arg":"ann","icon":{"path":"translate.png"},"quicklookurl":"http:\/\/youdao.com\/w\/ann","subtitle":"ANN","text":{"copy":"\u4eba\u5de5\u795e\u7ecf\u7f51\u7edc,\u6d2a\u6587\u5b89,\u5b89\u4ee5\u8f69,\u5b89\u59ae"},"title":"\u4eba\u5de5\u795e\u7ecf\u7f51\u7edc,\u6d2a\u6587\u5b89,\u5b89\u4ee5\u8f69,\u5b89\u59ae","valid":true}
{"arg":"annual","icon":{"path":"translate.png"},"quicklookurl":"http:\/\/youdao.com\/w\/annual","subtitle":"annual","text":{"copy":"\u5e74\u520a,\u5e74\u5ea6\u7684,\u4e00\u5e74\u4e00\u5ea6"},"title":"\u5e74\u520a,\u5e74\u5ea6\u7684,\u4e00\u5e74\u4e00\u5ea6","valid":true}
