{"arg":"Sample","icon":{"path":"translate.png"},"quicklookurl":"http:\/\/youdao.com\/w\/Sample","subtitle":"sample","text":{"copy":"\u6837\u54c1,\u6837\u672c,\u62bd\u6837,\u91c7\u6837"},"title":"\u6837\u54c1,\u6837\u672c,\u62bd\u6837,\u91c7\u6837","valid":true}
{"arg":"f","icon":{"path":"translate.png"},"quicklookurl":"http:\/\/youdao.com\/w\/f","subtitle":"F-number","text":{"copy":"\u7126\u6bd4,\u5149\u5708\u503c,\u7126\u8ddd\u6bd4\u6570"},"title":"\u7126\u6bd4,\u5149\u5708\u503c,\u7126\u8ddd\u6bd4\u6570","valid":true}
{"arg":"f","icon":{"path":"translate.png"},"quicklookurl":"http:\/\/youdao.com\/w\/f","subtitle":"F-number","text":{"copy":"\u7126\u6bd4,\u5149\u5708\u503c,\u7126\u8ddd\u6bd4\u6570"},"title":"\u7126\u6bd4,\u5149\u5708\u503c,\u7126\u8ddd\u6bd4\u6570","valid":true}
{"arg":"abandoned","icon":{"path":"translate.png"},"quicklookurl":"http:\/\/youdao.com\/w\/%E5%BA%9F%E5%BC%83","subtitle":"\u5e9f\u5f03","text":{"copy":"abandon,discard,obsolete,Scrap"},"title":"abandon,discard,obsolete,Scrap","valid":true}
{"arg":"waste","icon":{"path":"translate.png"},"quicklookurl":"http:\/\/youdao.com\/w\/%E5%BA%9F","subtitle":"\u5e9f","text":{"copy":"dethrone,abolish,waste,tgxs"},"title":"dethrone,abolish,waste,tgxs","valid":true}
{"arg":"departed","icon":{"path":"translate.png"},"quicklookurl":"http:\/\/youdao.com\/w\/departed","subtitle":"Departed","text":{"copy":"\u65e0\u95f4,\u8fea\u5e15\u63d0\u5fb7,\u8fc7\u53bb\u7684,\u65e0\u95f4\u884c\u8005"},"title":"\u65e0\u95f4,\u8fea\u5e15\u63d0\u5fb7,\u8fc7\u53bb\u7684,\u65e0\u95f4\u884c\u8005","valid":true}
{"arg":"d","icon":{"path":"translate.png"},"quicklookurl":"http:\/\/youdao.com\/w\/d","subtitle":"vitamin D","text":{"copy":"\u7ef4\u751f\u7d20D,\u9499\u5316\u9187,\u56fd\u9645\u5355\u4f4d"},"title":"\u7ef4\u751f\u7d20D,\u9499\u5316\u9187,\u56fd\u9645\u5355\u4f4d","valid":true}
{"arg":"g","icon":{"path":"translate.png"},"quicklookurl":"http:\/\/youdao.com\/w\/g","subtitle":"G-Dragon","text":{"copy":"\u6743\u5fd7\u9f99,\u961f\u957f\u6743\u5fd7\u9f99,\u5fd7\u9f99,\u672c\u540d\u6743\u5fd7\u9f99"},"title":"\u6743\u5fd7\u9f99,\u961f\u957f\u6743\u5fd7\u9f99,\u5fd7\u9f99,\u672c\u540d\u6743\u5fd7\u9f99","valid":true}
{"arg":"Out of date","icon":{"path":"translate.png"},"quicklookurl":"http:\/\/youdao.com\/w\/%E8%BF%87%E6%97%B6","subtitle":"\u8fc7\u65f6","text":{"copy":"go out,out of date,Obsolescence,be out of fashion"},"title":"go out,out of date,Obsolescence,be out of fashion","valid":true}
{"arg":"pass","icon":{"path":"translate.png"},"quicklookurl":"http:\/\/youdao.com\/w\/%E8%BF%87","subtitle":"\u4ea7\u80fd\u8fc7\u5269","text":{"copy":"excessive production capacity; production overcapacity; overcapacity,excess production capacity,overcapacity,excess capacity"},"title":"excessive production capacity; production overcapacity; overcapacity,excess production capacity,overcapacity,excess capacity","valid":true}
{"arg":"abandoned","icon":{"path":"translate.png"},"quicklookurl":"http:\/\/youdao.com\/w\/%E5%BA%9F%E5%BC%83","subtitle":"\u5e9f\u5f03","text":{"copy":"abandon,discard,obsolete,Scrap"},"title":"abandon,discard,obsolete,Scrap","valid":true}
{"arg":"Abandoned the","icon":{"path":"translate.png"},"quicklookurl":"http:\/\/youdao.com\/w\/%E5%BA%9F%E5%BC%83%E6%96%B9","subtitle":"\u8ba2\u5a5a\u540e\u4e00\u65b9\u5e9f\u5f03\u5a5a\u7ea6","text":{"copy":"break the promise of marriage"},"title":"break the promise of marriage","valid":true}
{"arg":"depr","icon":{"path":"translate.png"},"quicklookurl":"http:\/\/youdao.com\/w\/depr","subtitle":"Depr","text":{"copy":"\u6298\u65e7,\u5fe7\u90c1,\u6d41\u884c\u75c5\u5b66\u7814\u7a76\u7684\u9632\u6cbb,\u5e94\u6025\u51c6\u5907\u548c\u54cd\u5e94\u7684\u4e2d\u5fc3"},"title":"\u6298\u65e7,\u5fe7\u90c1,\u6d41\u884c\u75c5\u5b66\u7814\u7a76\u7684\u9632\u6cbb,\u5e94\u6025\u51c6\u5907\u548c\u54cd\u5e94\u7684\u4e2d\u5fc3","valid":true}
{"arg":"deprecate","icon":{"path":"translate.png"},"quicklookurl":"http:\/\/youdao.com\/w\/deprecate","subtitle":"deprecate","text":{"copy":"\u53cd\u5bf9,\u5426\u51b3,\u62a8\u51fb,\u58f0\u660e\u4e0d\u8d5e\u6210"},"title":"\u53cd\u5bf9,\u5426\u51b3,\u62a8\u51fb,\u58f0\u660e\u4e0d\u8d5e\u6210","valid":true}
{"arg":"deprecated","icon":{"path":"translate.png"},"quicklookurl":"http:\/\/youdao.com\/w\/deprecated","subtitle":"deprecated","text":{"copy":"\u5f03\u7528,\u8d2c\u4f4e"},"title":"\u5f03\u7528,\u8d2c\u4f4e","valid":true}
{"arg":"re","icon":{"path":"translate.png"},"quicklookurl":"http:\/\/youdao.com\/w\/re","subtitle":"RE","text":{"copy":"\u6a61\u80f6\u7c98\u5408\u5242,\u7559\u5c3c\u6c6a,\u96f7\u8bfa\u6570,\u9006\u5411\u5de5\u7a0b"},"title":"\u6a61\u80f6\u7c98\u5408\u5242,\u7559\u5c3c\u6c6a,\u96f7\u8bfa\u6570,\u9006\u5411\u5de5\u7a0b","valid":true}
{"arg":"rel;","icon":{"path":"translate.png"},"quicklookurl":"http:\/\/youdao.com\/w\/rel%3B","subtitle":"ReL","text":{"copy":"\u4e0b\u5c48\u670d\u5f3a\u5ea6,\u964d\u7ea7,\u76f8\u5bf9\u503c\u529f\u80fd\u663e\u793a,\u5c48\u670d\u5f3a\u5ea6"},"title":"\u4e0b\u5c48\u670d\u5f3a\u5ea6,\u964d\u7ea7,\u76f8\u5bf9\u503c\u529f\u80fd\u663e\u793a,\u5c48\u670d\u5f3a\u5ea6","valid":true}
{"arg":"relay","icon":{"path":"translate.png"},"quicklookurl":"http:\/\/youdao.com\/w\/relay","subtitle":"relay","text":{"copy":"\u7ee7\u7535\u5668,\u4e2d\u7ee7,\u5730\u9762\u63a5\u529b"},"title":"\u7ee7\u7535\u5668,\u4e2d\u7ee7,\u5730\u9762\u63a5\u529b","valid":true}
{"arg":"s","icon":{"path":"translate.png"},"quicklookurl":"http:\/\/youdao.com\/w\/s","subtitle":"DVB-S","text":{"copy":"\u536b\u661f\u7535\u89c6,\u536b\u661f\u673a\u9876\u76d2,\u536b\u661f\u63a5\u6536\u673a,\u63a5\u6536\u673a"},"title":"\u536b\u661f\u7535\u89c6,\u536b\u661f\u673a\u9876\u76d2,\u536b\u661f\u63a5\u6536\u673a,\u63a5\u6536\u673a","valid":true}
{"arg":"she","icon":{"path":"translate.png"},"quicklookurl":"http:\/\/youdao.com\/w\/she","subtitle":"She","text":{"copy":"\u7572\u65cf,\u5979,\u5f15\u64ce,\u6c88\u9633"},"title":"\u7572\u65cf,\u5979,\u5f15\u64ce,\u6c88\u9633","valid":true}
{"arg":"shell","icon":{"path":"translate.png"},"quicklookurl":"http:\/\/youdao.com\/w\/shell","subtitle":"Shell","text":{"copy":"\u58f3\u724c,\u58f3\u724c\u516c\u53f8,\u58f3,\u8d1d\u58f3"},"title":"\u58f3\u724c,\u58f3\u724c\u516c\u53f8,\u58f3,\u8d1d\u58f3","valid":true}
{"arg":"pattern","icon":{"path":"translate.png"},"quicklookurl":"http:\/\/youdao.com\/w\/pattern","subtitle":"Pattern","text":{"copy":"\u5f0f,\u6a21\u5f0f,\u56fe\u6848,\u7eb8\u6837"},"title":"\u5f0f,\u6a21\u5f0f,\u56fe\u6848,\u7eb8\u6837","valid":true}
{"arg":"m","icon":{"path":"translate.png"},"quicklookurl":"http:\/\/youdao.com\/w\/m","subtitle":"m-learning","text":{"copy":"\u79fb\u52a8\u5b66\u4e60,\u884c\u52a8\u5b66\u4e60,\u79fb\u52a8\u8fdb\u4fee,\u79fb\u52a8\u6559\u80b2"},"title":"\u79fb\u52a8\u5b66\u4e60,\u884c\u52a8\u5b66\u4e60,\u79fb\u52a8\u8fdb\u4fee,\u79fb\u52a8\u6559\u80b2","valid":true}
{"arg":"directory","icon":{"path":"translate.png"},"quicklookurl":"http:\/\/youdao.com\/w\/%E7%9B%AE%E5%BD%95","subtitle":"\u76ee\u5f55","text":{"copy":"Directory,catalogue,Contents,Table of contents"},"title":"Directory,catalogue,Contents,Table of contents","valid":true}
{"arg":"j","icon":{"path":"translate.png"},"quicklookurl":"http:\/\/youdao.com\/w\/j","subtitle":"J-POP","text":{"copy":"\u65e5\u672c\u6d41\u884c\u97f3\u4e50,\u884c\u97f3\u4e50\u7ec4\u5408,\u65e5\u672c\u6d41\u884c,\u97f3\u4e50\u7c7b\u578b"},"title":"\u65e5\u672c\u6d41\u884c\u97f3\u4e50,\u884c\u97f3\u4e50\u7ec4\u5408,\u65e5\u672c\u6d41\u884c,\u97f3\u4e50\u7c7b\u578b","valid":true}
{"arg":"process","icon":{"path":"translate.png"},"quicklookurl":"http:\/\/youdao.com\/w\/%E8%BF%9B%E7%A8%8B","subtitle":"\u8fdb\u7a0b","text":{"copy":"process,PID,init"},"title":"process,PID,init","valid":true}
{"arg":"in","icon":{"path":"translate.png"},"quicklookurl":"http:\/\/youdao.com\/w\/in","subtitle":"in","text":{"copy":"\u82f1\u5bf8,\u5370\u5ea6,\u8f93\u5165,\u4eba\u53e3"},"title":"\u82f1\u5bf8,\u5370\u5ea6,\u8f93\u5165,\u4eba\u53e3","valid":true}
{"arg":"int","icon":{"path":"translate.png"},"quicklookurl":"http:\/\/youdao.com\/w\/int","subtitle":"INT","text":{"copy":"\u7ebf,\u6574\u578b,\u6574\u6570,\u667a\u529b"},"title":"\u7ebf,\u6574\u578b,\u6574\u6570,\u667a\u529b","valid":true}
{"arg":"inter","icon":{"path":"translate.png"},"quicklookurl":"http:\/\/youdao.com\/w\/inter","subtitle":"Inter","text":{"copy":"\u56fd\u9645\u7c73\u5170,\u95f4"},"title":"\u56fd\u9645\u7c73\u5170,\u95f4","valid":true}
{"arg":"r","icon":{"path":"translate.png"},"quicklookurl":"http:\/\/youdao.com\/w\/r","subtitle":"PP-R","text":{"copy":"\u805a\u4e19\u70ef,\u4e09\u578b\u805a\u4e19\u70ef,\u65e0\u89c4\u5171\u805a\u805a\u4e19\u70ef,\u4e09\u578b\u805a\u4e19\u70ef\u7ba1"},"title":"\u805a\u4e19\u70ef,\u4e09\u578b\u805a\u4e19\u70ef,\u65e0\u89c4\u5171\u805a\u805a\u4e19\u70ef,\u4e09\u578b\u805a\u4e19\u70ef\u7ba1","valid":true}
{"arg":"The entrance","icon":{"path":"translate.png"},"quicklookurl":"http:\/\/youdao.com\/w\/%E5%85%A5%E5%8F%A3","subtitle":"\u5165\u53e3","text":{"copy":"The Entrance,inlet,in,access"},"title":"The Entrance,inlet,in,access","valid":true}
{"arg":"boot","icon":{"path":"translate.png"},"quicklookurl":"http:\/\/youdao.com\/w\/boot","subtitle":"boot","text":{"copy":"\u9774,\u9774\u5b50,\u8f6c\u8ba9(Build Operate Own Transfer),\u542f\u52a8"},"title":"\u9774,\u9774\u5b50,\u8f6c\u8ba9(Build Operate Own Transfer),\u542f\u52a8","valid":true}
{"arg":"boo","icon":{"path":"translate.png"},"quicklookurl":"http:\/\/youdao.com\/w\/boo","subtitle":"BOO","text":{"copy":"\u5efa\u8bbe,\u62e5\u6709,\u9879\u76ee,\u8fd0\u8425"},"title":"\u5efa\u8bbe,\u62e5\u6709,\u9879\u76ee,\u8fd0\u8425","valid":true}
{"arg":"boot","icon":{"path":"translate.png"},"quicklookurl":"http:\/\/youdao.com\/w\/boot","subtitle":"boot","text":{"copy":"\u9774,\u9774\u5b50,\u8f6c\u8ba9(Build Operate Own Transfer),\u542f\u52a8"},"title":"\u9774,\u9774\u5b50,\u8f6c\u8ba9(Build Operate Own Transfer),\u542f\u52a8","valid":true}
{"arg":"boots","icon":{"path":"translate.png"},"quicklookurl":"http:\/\/youdao.com\/w\/boots","subtitle":"Boots","text":{"copy":"\u9774\u5b50,\u535a\u59ff,\u978b\u5b50,\u76ae\u9774"},"title":"\u9774\u5b50,\u535a\u59ff,\u978b\u5b50,\u76ae\u9774","valid":true}
{"arg":"bootstrap","icon":{"path":"translate.png"},"quicklookurl":"http:\/\/youdao.com\/w\/bootstrap","subtitle":"Bootstrap","text":{"copy":"\u81ea\u4e3e,\u81ea\u52a9\u6cd5,\u8f85\u52a9\u7a0b\u5e8f,\u5f15\u5bfc"},"title":"\u81ea\u4e3e,\u81ea\u52a9\u6cd5,\u8f85\u52a9\u7a0b\u5e8f,\u5f15\u5bfc","valid":true}
{"arg":" c","icon":{"path":"translate.png"},"quicklookurl":"http:\/\/youdao.com\/w\/+c","subtitle":"\u7ef4\u751f\u7d20C","text":{"copy":"Vitamin,Ascorbic Acid,Poly,VC"},"title":"Vitamin,Ascorbic Acid,Poly,VC","valid":true}
{"arg":"refactoring","icon":{"path":"translate.png"},"quicklookurl":"http:\/\/youdao.com\/w\/%E9%87%8D%E6%9E%84","subtitle":"\u91cd\u6784","text":{"copy":"reconstruction,Refactor,Refactoring,remodeling"},"title":"reconstruction,Refactor,Refactoring,remodeling","valid":true}
