{"arg":"residence","icon":{"path":"translate.png"},"quicklookurl":"http:\/\/youdao.com\/w\/residence","subtitle":"residence","text":{"copy":"\u5c45\u4f4f,\u745e\u559c\u6566\u5c9b,\u4f4f\u5b85,\u4f4f\u5904"},"title":"\u5c45\u4f4f,\u745e\u559c\u6566\u5c9b,\u4f4f\u5b85,\u4f4f\u5904","valid":true}
{"arg":"Deposited","icon":{"path":"translate.png"},"quicklookurl":"http:\/\/youdao.com\/w\/Deposited","subtitle":"Deposited","text":{"copy":"\u63d0\u5b58,\u7f34\u5b58,\u5b58\u653e,\u6c89\u6dc0"},"title":"\u63d0\u5b58,\u7f34\u5b58,\u5b58\u653e,\u6c89\u6dc0","valid":true}
{"arg":"Deposite","icon":{"path":"translate.png"},"quicklookurl":"http:\/\/youdao.com\/w\/Deposite","subtitle":"deposite","text":{"copy":"\u653e\u7f6e,\u6c89\u79ef,\u5b58\u653e\u62bc\u91d1,\u5b58\u6b3e"},"title":"\u653e\u7f6e,\u6c89\u79ef,\u5b58\u653e\u62bc\u91d1,\u5b58\u6b3e","valid":true}
{"arg":"Deposit","icon":{"path":"translate.png"},"quicklookurl":"http:\/\/youdao.com\/w\/Deposit","subtitle":"deposit","text":{"copy":"\u5b58\u6b3e,\u62bc\u91d1,\u5b9a\u91d1,\u4fdd\u8bc1\u91d1"},"title":"\u5b58\u6b3e,\u62bc\u91d1,\u5b9a\u91d1,\u4fdd\u8bc1\u91d1","valid":true}
{"arg":"VendingMachine","icon":{"path":"translate.png"},"quicklookurl":"http:\/\/youdao.com\/w\/VendingMachine","subtitle":"vendingmachine","text":{"copy":"\u81ea\u52a8\u552e\u8d27\u673a,\u81ea\u52a8\u8d29\u5356\u673a,\u81ea\u52a8\u552e\u5356\u673a"},"title":"\u81ea\u52a8\u552e\u8d27\u673a,\u81ea\u52a8\u8d29\u5356\u673a,\u81ea\u52a8\u552e\u5356\u673a","valid":true}
{"arg":"toggle","icon":{"path":"translate.png"},"quicklookurl":"http:\/\/youdao.com\/w\/toggle","subtitle":"toggle","text":{"copy":"\u5207\u6362,\u5f00\u5173,\u62e8\u52a8,\u89e6\u53d1\u5668"},"title":"\u5207\u6362,\u5f00\u5173,\u62e8\u52a8,\u89e6\u53d1\u5668","valid":true}
{"arg":"suffix","icon":{"path":"translate.png"},"quicklookurl":"http:\/\/youdao.com\/w\/suffix","subtitle":"suffix","text":{"copy":"\u540e\u7f00,\u540e\u7f00,\u5b57\u5c3e,\u4e0b\u6807"},"title":"\u540e\u7f00,\u540e\u7f00,\u5b57\u5c3e,\u4e0b\u6807","valid":true}
{"arg":"Sidecar","icon":{"path":"translate.png"},"quicklookurl":"http:\/\/youdao.com\/w\/Sidecar","subtitle":"Sidecar","text":{"copy":"\u4fa7\u8f66,\u8fb9\u8f66,\u53cc\u8f6e\u9a6c\u8f66,\u65c1\u8f66"},"title":"\u4fa7\u8f66,\u8fb9\u8f66,\u53cc\u8f6e\u9a6c\u8f66,\u65c1\u8f66","valid":true}
{"arg":"Reserves","icon":{"path":"translate.png"},"quicklookurl":"http:\/\/youdao.com\/w\/Reserves","subtitle":"Reserves","text":{"copy":"\u8574\u85cf,\u50a8\u91cf,\u50a8\u91cf\u91d1,\u50a8\u5907\u91d1"},"title":"\u8574\u85cf,\u50a8\u91cf,\u50a8\u91cf\u91d1,\u50a8\u5907\u91d1","valid":true}
{"arg":"Algebra","icon":{"path":"translate.png"},"quicklookurl":"http:\/\/youdao.com\/w\/Algebra","subtitle":"Algebra","text":{"copy":"\u4ee3\u6570\u5b66,\u4ee3\u6570\u5b66,\u4ee3\u6570,\u4ee3\u6570"},"title":"\u4ee3\u6570\u5b66,\u4ee3\u6570\u5b66,\u4ee3\u6570,\u4ee3\u6570","valid":true}
{"arg":"indicating","icon":{"path":"translate.png"},"quicklookurl":"http:\/\/youdao.com\/w\/indicating","subtitle":"indicating","text":{"copy":"\u8868\u660e"},"title":"\u8868\u660e","valid":true}
{"arg":"initial","icon":{"path":"translate.png"},"quicklookurl":"http:\/\/youdao.com\/w\/initial","subtitle":"Initial","text":{"copy":"\u521d\u59cb,\u5934\u6587\u5b57D,\u6700\u521d\u7684,\u8bcd\u9996\u7684"},"title":"\u521d\u59cb,\u5934\u6587\u5b57D,\u6700\u521d\u7684,\u8bcd\u9996\u7684","valid":true}
{"arg":"predicate","icon":{"path":"translate.png"},"quicklookurl":"http:\/\/youdao.com\/w\/predicate","subtitle":"predicate","text":{"copy":"\u8c13\u8bed,\u8c13\u8bcd,\u8c13\u8bcd,\u8ff0\u8bcd"},"title":"\u8c13\u8bed,\u8c13\u8bcd,\u8c13\u8bcd,\u8ff0\u8bcd","valid":true}
{"arg":"disco","icon":{"path":"translate.png"},"quicklookurl":"http:\/\/youdao.com\/w\/disco","subtitle":"Disco","text":{"copy":"\u8fea\u65af\u79d1,\u6700\u559c\u7231\u7684\u821e\u8e48,\u7684\u58eb\u9ad8,\u8fea\u65af\u79d1\u821e\u5385"},"title":"\u8fea\u65af\u79d1,\u6700\u559c\u7231\u7684\u821e\u8e48,\u7684\u58eb\u9ad8,\u8fea\u65af\u79d1\u821e\u5385","valid":true}
{"arg":"discon","icon":{"path":"translate.png"},"quicklookurl":"http:\/\/youdao.com\/w\/discon","subtitle":"DISCON","text":{"copy":"\u76d8\u9525\u5929\u7ebf,\u65ad\u5f00,\u9694\u79bb\u5f00\u5173,\u65ad\u8ddd"},"title":"\u76d8\u9525\u5929\u7ebf,\u65ad\u5f00,\u9694\u79bb\u5f00\u5173,\u65ad\u8ddd","valid":true}
{"arg":"discontinued","icon":{"path":"translate.png"},"quicklookurl":"http:\/\/youdao.com\/w\/discontinued","subtitle":"Discontinued","text":{"copy":"\u505c\u6b62\u4f7f\u7528\u7684,\u4e0d\u652f\u6301,\u4e0d\u8fde\u7eed\u7684"},"title":"\u505c\u6b62\u4f7f\u7528\u7684,\u4e0d\u652f\u6301,\u4e0d\u8fde\u7eed\u7684","valid":true}
{"arg":"alge","icon":{"path":"translate.png"},"quicklookurl":"http:\/\/youdao.com\/w\/alge","subtitle":"Alge","text":{"copy":"\u963f\u5c14\u53ca\u5229\u4e9a,\u59d3"},"title":"\u963f\u5c14\u53ca\u5229\u4e9a,\u59d3","valid":true}
{"arg":"algebra","icon":{"path":"translate.png"},"quicklookurl":"http:\/\/youdao.com\/w\/algebra","subtitle":"Algebra","text":{"copy":"\u4ee3\u6570\u5b66,\u4ee3\u6570\u5b66,\u4ee3\u6570,\u4ee3\u6570"},"title":"\u4ee3\u6570\u5b66,\u4ee3\u6570\u5b66,\u4ee3\u6570,\u4ee3\u6570","valid":true}
{"arg":"s","icon":{"path":"translate.png"},"quicklookurl":"http:\/\/youdao.com\/w\/s","subtitle":"S Doradus","text":{"copy":"\u5251\u9c7c\u5ea7S"},"title":"\u5251\u9c7c\u5ea7S","valid":true}
{"arg":"stride","icon":{"path":"translate.png"},"quicklookurl":"http:\/\/youdao.com\/w\/stride","subtitle":"Stride","text":{"copy":"\u6b65\u5e45,\u5927\u6b65\u8d70,\u8de8\u8dc3\u5f39\u594f\u6cd5"},"title":"\u6b65\u5e45,\u5927\u6b65\u8d70,\u8de8\u8dc3\u5f39\u594f\u6cd5","valid":true}
{"arg":"vector","icon":{"path":"translate.png"},"quicklookurl":"http:\/\/youdao.com\/w\/vector","subtitle":"vector","text":{"copy":"\u8f7d\u4f53,\u77e2\u91cf,\u5411\u91cf,\u77e2\u91cf\u56fe"},"title":"\u8f7d\u4f53,\u77e2\u91cf,\u5411\u91cf,\u77e2\u91cf\u56fe","valid":true}
{"arg":"iterator","icon":{"path":"translate.png"},"quicklookurl":"http:\/\/youdao.com\/w\/iterator","subtitle":"iterator","text":{"copy":"\u8fed\u4ee3\u5668,\u8fed\u4ee3\u5668\u6a21\u5f0f,\u8fed\u4ee3\u5b50,\u8fed\u4ee3\u5b50\u6a21\u5f0f"},"title":"\u8fed\u4ee3\u5668,\u8fed\u4ee3\u5668\u6a21\u5f0f,\u8fed\u4ee3\u5b50,\u8fed\u4ee3\u5b50\u6a21\u5f0f","valid":true}
{"arg":"iterator","icon":{"path":"translate.png"},"quicklookurl":"http:\/\/youdao.com\/w\/iterator","subtitle":"iterator","text":{"copy":"\u8fed\u4ee3\u5668,\u8fed\u4ee3\u5668\u6a21\u5f0f,\u8fed\u4ee3\u5b50,\u8fed\u4ee3\u5b50\u6a21\u5f0f"},"title":"\u8fed\u4ee3\u5668,\u8fed\u4ee3\u5668\u6a21\u5f0f,\u8fed\u4ee3\u5b50,\u8fed\u4ee3\u5b50\u6a21\u5f0f","valid":true}
{"arg":"queue","icon":{"path":"translate.png"},"quicklookurl":"http:\/\/youdao.com\/w\/queue","subtitle":"queue","text":{"copy":"\u6392\u961f,\u961f\u5217,\u961f\u5217,\u957f\u9f99"},"title":"\u6392\u961f,\u961f\u5217,\u961f\u5217,\u957f\u9f99","valid":true}
{"arg":"prevent","icon":{"path":"translate.png"},"quicklookurl":"http:\/\/youdao.com\/w\/prevent","subtitle":"Prevent","text":{"copy":"\u9632\u6b62,\u963b\u6b62,\u9884\u9632,\u59a8\u788d"},"title":"\u9632\u6b62,\u963b\u6b62,\u9884\u9632,\u59a8\u788d","valid":true}
{"arg":"keep","icon":{"path":"translate.png"},"quicklookurl":"http:\/\/youdao.com\/w\/keep","subtitle":"keep","text":{"copy":"\u4fdd\u6301,\u57ce\u5821\u4e3b\u697c,\u8ddf\u4e0a,\u4fdd\u7559"},"title":"\u4fdd\u6301,\u57ce\u5821\u4e3b\u697c,\u8ddf\u4e0a,\u4fdd\u7559","valid":true}
{"arg":"keep fro","icon":{"path":"translate.png"},"quicklookurl":"http:\/\/youdao.com\/w\/keep+fro","subtitle":"keep cancer fro","text":{"copy":"\u9632\u6b62\u80bf\u7624\u6269\u6563\u5230\u5468\u56f4\u7684\u7ec4\u7ec7"},"title":"\u9632\u6b62\u80bf\u7624\u6269\u6563\u5230\u5468\u56f4\u7684\u7ec4\u7ec7","valid":true}
{"arg":"keep from","icon":{"path":"translate.png"},"quicklookurl":"http:\/\/youdao.com\/w\/keep+from","subtitle":"keep from","text":{"copy":"\u963b\u6b62,\u4f7f\u514d\u4e8e,\u9690\u7792,\u6291\u5236"},"title":"\u963b\u6b62,\u4f7f\u514d\u4e8e,\u9690\u7792,\u6291\u5236","valid":true}
{"arg":"diagnostics","icon":{"path":"translate.png"},"quicklookurl":"http:\/\/youdao.com\/w\/diagnostics","subtitle":"diagnostics","text":{"copy":"\u8bca\u65ad,\u8bca\u65ad\u5b66,\u8bca\u65ad\u6cd5,\u8bca\u65ad\u529f\u80fd"},"title":"\u8bca\u65ad,\u8bca\u65ad\u5b66,\u8bca\u65ad\u6cd5,\u8bca\u65ad\u529f\u80fd","valid":true}
{"arg":"scheme","icon":{"path":"translate.png"},"quicklookurl":"http:\/\/youdao.com\/w\/scheme","subtitle":"scheme","text":{"copy":"\u8ba1\u5212,\u6982\u5f62,\u65b9\u6848,\u7ed3\u6784\u7eb2\u76ee"},"title":"\u8ba1\u5212,\u6982\u5f62,\u65b9\u6848,\u7ed3\u6784\u7eb2\u76ee","valid":true}
{"arg":"scheme","icon":{"path":"translate.png"},"quicklookurl":"http:\/\/youdao.com\/w\/scheme","subtitle":"scheme","text":{"copy":"\u8ba1\u5212,\u6982\u5f62,\u65b9\u6848,\u7ed3\u6784\u7eb2\u76ee"},"title":"\u8ba1\u5212,\u6982\u5f62,\u65b9\u6848,\u7ed3\u6784\u7eb2\u76ee","valid":true}
{"arg":"The dice","icon":{"path":"translate.png"},"quicklookurl":"http:\/\/youdao.com\/w\/%E9%AA%B0%E5%AD%90","subtitle":"\u9ab0\u5b50","text":{"copy":"Dice,Craps,galloping dominoes,devil's bones"},"title":"Dice,Craps,galloping dominoes,devil's bones","valid":true}
{"arg":"Retired","icon":{"path":"translate.png"},"quicklookurl":"http:\/\/youdao.com\/w\/Retired","subtitle":"Retired","text":{"copy":"\u9000\u4f11,\u59da\u660e\u9000\u5f79,\u79bb\u4f11,\u6bd4\u8d5b\u4e2d\u5f03\u6743"},"title":"\u9000\u4f11,\u59da\u660e\u9000\u5f79,\u79bb\u4f11,\u6bd4\u8d5b\u4e2d\u5f03\u6743","valid":true}
{"arg":"variants","icon":{"path":"translate.png"},"quicklookurl":"http:\/\/youdao.com\/w\/variants","subtitle":"VARIANTS","text":{"copy":"\u53d8\u578b\u6a21\u5f0f,\u53d8\u578b\u6570\u72ec"},"title":"\u53d8\u578b\u6a21\u5f0f,\u53d8\u578b\u6570\u72ec","valid":true}
{"arg":"referenced","icon":{"path":"translate.png"},"quicklookurl":"http:\/\/youdao.com\/w\/referenced","subtitle":"Referenced","text":{"copy":"\u53c2\u8003"},"title":"\u53c2\u8003","valid":true}
{"arg":"directory","icon":{"path":"translate.png"},"quicklookurl":"http:\/\/youdao.com\/w\/directory","subtitle":"Directory","text":{"copy":"\u76ee\u5f55,\u540d\u5f55,\u59d3\u540d\u5730\u5740\u5f55"},"title":"\u76ee\u5f55,\u540d\u5f55,\u59d3\u540d\u5730\u5740\u5f55","valid":true}
{"arg":"in","icon":{"path":"translate.png"},"quicklookurl":"http:\/\/youdao.com\/w\/in","subtitle":"in","text":{"copy":"\u82f1\u5bf8,\u5370\u5ea6,\u8f93\u5165,\u4eba\u53e3"},"title":"\u82f1\u5bf8,\u5370\u5ea6,\u8f93\u5165,\u4eba\u53e3","valid":true}
{"arg":"inbox","icon":{"path":"translate.png"},"quicklookurl":"http:\/\/youdao.com\/w\/inbox","subtitle":"Inbox","text":{"copy":"\u6536\u4ef6\u7bb1,\u6536\u4ef6\u5939,\u542b\u9080\u8bf7\u7801"},"title":"\u6536\u4ef6\u7bb1,\u6536\u4ef6\u5939,\u542b\u9080\u8bf7\u7801","valid":true}
{"arg":"z","icon":{"path":"translate.png"},"quicklookurl":"http:\/\/youdao.com\/w\/z","subtitle":"Z compress","text":{"copy":"\u7a0b\u5f0f\u538b\u7f29\u7684\u6863\u6848,\u7a0b\u5e8f\u538b\u7f29\u7684\u6863\u6848,\u7a0b\u5f0f\u7684\u6848,\u7a0b\u5f0f\ufffd\ufffd\u7684\ufffd\u6848"},"title":"\u7a0b\u5f0f\u538b\u7f29\u7684\u6863\u6848,\u7a0b\u5e8f\u538b\u7f29\u7684\u6863\u6848,\u7a0b\u5f0f\u7684\u6848,\u7a0b\u5f0f\ufffd\ufffd\u7684\ufffd\u6848","valid":true}
{"arg":"miscellaneous","icon":{"path":"translate.png"},"quicklookurl":"http:\/\/youdao.com\/w\/%E6%9D%82%E9%A1%B9","subtitle":"\u6742\u9879","text":{"copy":"miscellaneous,Misc,incidental,Diversiform"},"title":"miscellaneous,Misc,incidental,Diversiform","valid":true}
{"arg":"integral","icon":{"path":"translate.png"},"quicklookurl":"http:\/\/youdao.com\/w\/%E7%A7%AF%E5%88%86","subtitle":"\u79ef\u5206","text":{"copy":"Integral,integrate,integral calculus"},"title":"Integral,integrate,integral calculus","valid":true}
{"arg":"invalidation","icon":{"path":"translate.png"},"quicklookurl":"http:\/\/youdao.com\/w\/invalidation","subtitle":"invalidation","text":{"copy":"\u5931\u6548,\u65e0\u6548,\u6389\u6548,\u65e0\u6548\u5316"},"title":"\u5931\u6548,\u65e0\u6548,\u6389\u6548,\u65e0\u6548\u5316","valid":true}
{"arg":"in","icon":{"path":"translate.png"},"quicklookurl":"http:\/\/youdao.com\/w\/in","subtitle":"in","text":{"copy":"\u82f1\u5bf8,\u5370\u5ea6,\u8f93\u5165,\u4eba\u53e3"},"title":"\u82f1\u5bf8,\u5370\u5ea6,\u8f93\u5165,\u4eba\u53e3","valid":true}
{"arg":"i","icon":{"path":"translate.png"},"quicklookurl":"http:\/\/youdao.com\/w\/i","subtitle":"I SWEAR","text":{"copy":"\u6211\u5ba3\u8a93,\u6211\u53d1\u8a93,\u8a93\u8a00,\u6797\u5fc6\u83b2"},"title":"\u6211\u5ba3\u8a93,\u6211\u53d1\u8a93,\u8a93\u8a00,\u6797\u5fc6\u83b2","valid":true}
{"arg":"cache","icon":{"path":"translate.png"},"quicklookurl":"http:\/\/youdao.com\/w\/cache","subtitle":"cache","text":{"copy":"\u9ad8\u901f\u7f13\u5b58,\u7f13\u5b58,\u9ad8\u901f\u7f13\u51b2\u5b58\u50a8\u5668,\u5feb\u53d6"},"title":"\u9ad8\u901f\u7f13\u5b58,\u7f13\u5b58,\u9ad8\u901f\u7f13\u51b2\u5b58\u50a8\u5668,\u5feb\u53d6","valid":true}
{"arg":"cache in","icon":{"path":"translate.png"},"quicklookurl":"http:\/\/youdao.com\/w\/cache+in","subtitle":"cache plug-in","text":{"copy":"\u7f13\u5b58\u63d2\u4ef6,\u5feb\u53d6\u533a\u5916\u6302\u7a0b\u5f0f"},"title":"\u7f13\u5b58\u63d2\u4ef6,\u5feb\u53d6\u533a\u5916\u6302\u7a0b\u5f0f","valid":true}
{"arg":"cache invalidation","icon":{"path":"translate.png"},"quicklookurl":"http:\/\/youdao.com\/w\/cache+invalidation","subtitle":"cache invalidation","text":{"copy":"\u7f13\u5b58\u5931\u6548,\u5feb\u53d6\u65e0\u6548\u5224\u5b9a,\u7f13\u5b58\u65e0\u6548"},"title":"\u7f13\u5b58\u5931\u6548,\u5feb\u53d6\u65e0\u6548\u5224\u5b9a,\u7f13\u5b58\u65e0\u6548","valid":true}
{"arg":"lower","icon":{"path":"translate.png"},"quicklookurl":"http:\/\/youdao.com\/w\/lower","subtitle":"Lower","text":{"copy":"\u964d\u4f4e,\u8d70\u4f4e,\u5c0f\u5199"},"title":"\u964d\u4f4e,\u8d70\u4f4e,\u5c0f\u5199","valid":true}
{"arg":"low","icon":{"path":"translate.png"},"quicklookurl":"http:\/\/youdao.com\/w\/low","subtitle":"low","text":{"copy":"\u4f4e\u7684,\u4f4e\u97f3\u7535\u5e73\u63a7\u5236,\u4f4e\u4f4d,\u4f4e\u4e0b\u7684"},"title":"\u4f4e\u7684,\u4f4e\u97f3\u7535\u5e73\u63a7\u5236,\u4f4e\u4f4d,\u4f4e\u4e0b\u7684","valid":true}
{"arg":"l","icon":{"path":"translate.png"},"quicklookurl":"http:\/\/youdao.com\/w\/l","subtitle":"L CT","text":{"copy":"\u8212\u9002\u7248,\u8c6a\u534e\u5546\u52a1\u8212\u9002\u7248,\u81ea\u52a8\u8212\u9002\u7248"},"title":"\u8212\u9002\u7248,\u8c6a\u534e\u5546\u52a1\u8212\u9002\u7248,\u81ea\u52a8\u8212\u9002\u7248","valid":true}
{"arg":"x","icon":{"path":"translate.png"},"quicklookurl":"http:\/\/youdao.com\/w\/x","subtitle":"Project X","text":{"copy":"X\u8ba1\u5212,\u523a\u6740\u80af\u5c3c\u8fea,X\u6253\u7b97"},"title":"X\u8ba1\u5212,\u523a\u6740\u80af\u5c3c\u8fea,X\u6253\u7b97","valid":true}
{"arg":"The message","icon":{"path":"translate.png"},"quicklookurl":"http:\/\/youdao.com\/w\/%E6%B6%88%E6%81%AF","subtitle":"\u6d88\u606f","text":{"copy":"message,News,CWW,Alert"},"title":"message,News,CWW,Alert","valid":true}
{"arg":"eliminate","icon":{"path":"translate.png"},"quicklookurl":"http:\/\/youdao.com\/w\/%E6%B6%88","subtitle":"\u6d88","text":{"copy":"Dim iT As Date,go down,wade,Disinfection"},"title":"Dim iT As Date,go down,wade,Disinfection","valid":true}
{"arg":"lowercase","icon":{"path":"translate.png"},"quicklookurl":"http:\/\/youdao.com\/w\/%E5%B0%8F%E5%86%99","subtitle":"\u5c0f\u5199","text":{"copy":"lower case,Low case"},"title":"lower case,Low case","valid":true}
{"arg":"s","icon":{"path":"translate.png"},"quicklookurl":"http:\/\/youdao.com\/w\/s","subtitle":"S Doradus","text":{"copy":"\u5251\u9c7c\u5ea7S"},"title":"\u5251\u9c7c\u5ea7S","valid":true}
{"arg":"practical","icon":{"path":"translate.png"},"quicklookurl":"http:\/\/youdao.com\/w\/%E5%AE%9E%E7%94%A8","subtitle":"\u5b9e\u7528","text":{"copy":"utility,Practical,Home,functional"},"title":"utility,Practical,Home,functional","valid":true}
{"arg":"real","icon":{"path":"translate.png"},"quicklookurl":"http:\/\/youdao.com\/w\/%E5%AE%9E","subtitle":"\u5b9e\u7ebf","text":{"copy":"solid,full line"},"title":"solid,full line","valid":true}
{"arg":"sc","icon":{"path":"translate.png"},"quicklookurl":"http:\/\/youdao.com\/w\/sc","subtitle":"SC","text":{"copy":"\u5206\u6280\u672f\u59d4\u5458\u4f1a,\u661f\u9645\u4e89\u9738,\u585e\u820c\u5c14,\u6bd4\u4f8b"},"title":"\u5206\u6280\u672f\u59d4\u5458\u4f1a,\u661f\u9645\u4e89\u9738,\u585e\u820c\u5c14,\u6bd4\u4f8b","valid":true}
{"arg":"scr","icon":{"path":"translate.png"},"quicklookurl":"http:\/\/youdao.com\/w\/scr","subtitle":"SCR","text":{"copy":"\u9009\u62e9\u6027\u50ac\u5316\u8fd8\u539f(Selective Catalytic Reduction),\u53ef\u63a7\u7845,\u9009\u62e9\u6027\u50ac\u5316\u8fd8\u539f\u6cd5,\u8840\u6e05\u808c\u9150"},"title":"\u9009\u62e9\u6027\u50ac\u5316\u8fd8\u539f(Selective Catalytic Reduction),\u53ef\u63a7\u7845,\u9009\u62e9\u6027\u50ac\u5316\u8fd8\u539f\u6cd5,\u8840\u6e05\u808c\u9150","valid":true}
{"arg":"scro","icon":{"path":"translate.png"},"quicklookurl":"http:\/\/youdao.com\/w\/scro","subtitle":"SCRO","text":{"copy":"\u718a\u6c0f\u518d\u751f\u818f,\u518d\u751f\u818f,\u65e0\u9650\u516c\u53f8,\u718a\u6c0f\u518d\u751f\u4e3b\u818f"},"title":"\u718a\u6c0f\u518d\u751f\u818f,\u518d\u751f\u818f,\u65e0\u9650\u516c\u53f8,\u718a\u6c0f\u518d\u751f\u4e3b\u818f","valid":true}
{"arg":"scro[","icon":{"path":"translate.png"},"quicklookurl":"http:\/\/youdao.com\/w\/scro%5B","subtitle":"SCRO","text":{"copy":"\u718a\u6c0f\u518d\u751f\u818f,\u518d\u751f\u818f,\u65e0\u9650\u516c\u53f8,\u718a\u6c0f\u518d\u751f\u4e3b\u818f"},"title":"\u718a\u6c0f\u518d\u751f\u818f,\u518d\u751f\u818f,\u65e0\u9650\u516c\u53f8,\u718a\u6c0f\u518d\u751f\u4e3b\u818f","valid":true}
{"arg":"scr[","icon":{"path":"translate.png"},"quicklookurl":"http:\/\/youdao.com\/w\/scr%5B","subtitle":"SCR","text":{"copy":"\u9009\u62e9\u6027\u50ac\u5316\u8fd8\u539f(Selective Catalytic Reduction),\u53ef\u63a7\u7845,\u9009\u62e9\u6027\u50ac\u5316\u8fd8\u539f\u6cd5,\u8840\u6e05\u808c\u9150"},"title":"\u9009\u62e9\u6027\u50ac\u5316\u8fd8\u539f(Selective Catalytic Reduction),\u53ef\u63a7\u7845,\u9009\u62e9\u6027\u50ac\u5316\u8fd8\u539f\u6cd5,\u8840\u6e05\u808c\u9150","valid":true}
{"arg":"scr","icon":{"path":"translate.png"},"quicklookurl":"http:\/\/youdao.com\/w\/scr","subtitle":"SCR","text":{"copy":"\u9009\u62e9\u6027\u50ac\u5316\u8fd8\u539f(Selective Catalytic Reduction),\u53ef\u63a7\u7845,\u9009\u62e9\u6027\u50ac\u5316\u8fd8\u539f\u6cd5,\u8840\u6e05\u808c\u9150"},"title":"\u9009\u62e9\u6027\u50ac\u5316\u8fd8\u539f(Selective Catalytic Reduction),\u53ef\u63a7\u7845,\u9009\u62e9\u6027\u50ac\u5316\u8fd8\u539f\u6cd5,\u8840\u6e05\u808c\u9150","valid":true}
{"arg":"scro","icon":{"path":"translate.png"},"quicklookurl":"http:\/\/youdao.com\/w\/scro","subtitle":"SCRO","text":{"copy":"\u718a\u6c0f\u518d\u751f\u818f,\u518d\u751f\u818f,\u65e0\u9650\u516c\u53f8,\u718a\u6c0f\u518d\u751f\u4e3b\u818f"},"title":"\u718a\u6c0f\u518d\u751f\u818f,\u518d\u751f\u818f,\u65e0\u9650\u516c\u53f8,\u718a\u6c0f\u518d\u751f\u4e3b\u818f","valid":true}
{"arg":"scr","icon":{"path":"translate.png"},"quicklookurl":"http:\/\/youdao.com\/w\/scr","subtitle":"SCR","text":{"copy":"\u9009\u62e9\u6027\u50ac\u5316\u8fd8\u539f(Selective Catalytic Reduction),\u53ef\u63a7\u7845,\u9009\u62e9\u6027\u50ac\u5316\u8fd8\u539f\u6cd5,\u8840\u6e05\u808c\u9150"},"title":"\u9009\u62e9\u6027\u50ac\u5316\u8fd8\u539f(Selective Catalytic Reduction),\u53ef\u63a7\u7845,\u9009\u62e9\u6027\u50ac\u5316\u8fd8\u539f\u6cd5,\u8840\u6e05\u808c\u9150","valid":true}
{"arg":"scrip","icon":{"path":"translate.png"},"quicklookurl":"http:\/\/youdao.com\/w\/scrip","subtitle":"scrip","text":{"copy":"\u4e34\u65f6\u80a1\u7968,\u4fbf\u6761,\u7eb8\u6761,\u4e66\u5199"},"title":"\u4e34\u65f6\u80a1\u7968,\u4fbf\u6761,\u7eb8\u6761,\u4e66\u5199","valid":true}
{"arg":"script","icon":{"path":"translate.png"},"quicklookurl":"http:\/\/youdao.com\/w\/script","subtitle":"Script","text":{"copy":"\u811a\u672c,\u5267\u672c,\u811a\u672c,\u624b\u7a3f"},"title":"\u811a\u672c,\u5267\u672c,\u811a\u672c,\u624b\u7a3f","valid":true}
{"arg":"The horse","icon":{"path":"translate.png"},"quicklookurl":"http:\/\/youdao.com\/w\/%E9%A9%AC","subtitle":"\u9a6c","text":{"copy":"Horse,cheval,Rose"},"title":"Horse,cheval,Rose","valid":true}
{"arg":"syntax","icon":{"path":"translate.png"},"quicklookurl":"http:\/\/youdao.com\/w\/syntax","subtitle":"syntax","text":{"copy":"\u8bed\u6cd5,\u53e5\u6cd5,\u65b0\u6cf0"},"title":"\u8bed\u6cd5,\u53e5\u6cd5,\u65b0\u6cf0","valid":true}
{"arg":"creation","icon":{"path":"translate.png"},"quicklookurl":"http:\/\/youdao.com\/w\/creation","subtitle":"creation","text":{"copy":"\u521b\u9020,\u9020\u7269\u5f04\u4eba,\u521b\u65b0,\u521b\u5efa"},"title":"\u521b\u9020,\u9020\u7269\u5f04\u4eba,\u521b\u65b0,\u521b\u5efa","valid":true}
{"arg":"u","icon":{"path":"translate.png"},"quicklookurl":"http:\/\/youdao.com\/w\/u","subtitle":"U Thant","text":{"copy":"\u5434\u4e39,\u957f\u5b87\u8c2d"},"title":"\u5434\u4e39,\u957f\u5b87\u8c2d","valid":true}
{"arg":"usb","icon":{"path":"translate.png"},"quicklookurl":"http:\/\/youdao.com\/w\/usb","subtitle":"USB","text":{"copy":"\u901a\u7528\u4e32\u884c\u603b\u7ebf(Universal Serial Bus),\u63a5\u53e3,\u8bbe\u5907,\u84dd\u8272"},"title":"\u901a\u7528\u4e32\u884c\u603b\u7ebf(Universal Serial Bus),\u63a5\u53e3,\u8bbe\u5907,\u84dd\u8272","valid":true}
{"arg":"usb c","icon":{"path":"translate.png"},"quicklookurl":"http:\/\/youdao.com\/w\/usb+c","subtitle":"USB-C","text":{"copy":"\u63a5\u53e3,\u4e00\u6839\u8f6c\u63a5\u7ebf,\u96f7\u7535\u63a5\u53e3,\u672a\u5b8c\u5f85\u7eed"},"title":"\u63a5\u53e3,\u4e00\u6839\u8f6c\u63a5\u7ebf,\u96f7\u7535\u63a5\u53e3,\u672a\u5b8c\u5f85\u7eed","valid":true}
{"arg":"wiley","icon":{"path":"translate.png"},"quicklookurl":"http:\/\/youdao.com\/w\/wiley","subtitle":"Wiley","text":{"copy":"\u5a01\u5229,\u5a01\u7acb,\u51fa\u7248\u793e,\u7ea6\u7ff0\u5a01\u7acb"},"title":"\u5a01\u5229,\u5a01\u7acb,\u51fa\u7248\u793e,\u7ea6\u7ff0\u5a01\u7acb","valid":true}
{"arg":"knowledge","icon":{"path":"translate.png"},"quicklookurl":"http:\/\/youdao.com\/w\/%E7%9F%A5%E8%AF%86","subtitle":"\u77e5\u8bc6","text":{"copy":"Knowledge,Knowledge,learning,KAP"},"title":"Knowledge,Knowledge,learning,KAP","valid":true}
{"arg":"stories","icon":{"path":"translate.png"},"quicklookurl":"http:\/\/youdao.com\/w\/%E8%A7%81%E9%97%BB","subtitle":"\u89c1\u95fb","text":{"copy":"knowledge,information,what one sees and hears,Horizons"},"title":"knowledge,information,what one sees and hears,Horizons","valid":true}
{"arg":"wrapped","icon":{"path":"translate.png"},"quicklookurl":"http:\/\/youdao.com\/w\/wrapped","subtitle":"Wrapped","text":{"copy":"\u5305\u5e03\u7cfb\u5217,\u5305\u7740,\u88f9\u7740,\u6709\u5305\u88c5\u7684"},"title":"\u5305\u5e03\u7cfb\u5217,\u5305\u7740,\u88f9\u7740,\u6709\u5305\u88c5\u7684","valid":true}
{"arg":"partitions","icon":{"path":"translate.png"},"quicklookurl":"http:\/\/youdao.com\/w\/partitions","subtitle":"Partitions","text":{"copy":"\u78c1\u76d8\u5206\u533a"},"title":"\u78c1\u76d8\u5206\u533a","valid":true}
{"arg":"mount","icon":{"path":"translate.png"},"quicklookurl":"http:\/\/youdao.com\/w\/mount","subtitle":"Mount","text":{"copy":"\u5c71,\u6302\u8f7d,\u5b89\u88c5,\u5217\u51fa\u7cfb\u7edf\u6240\u6709\u7684\u5206\u533a"},"title":"\u5c71,\u6302\u8f7d,\u5b89\u88c5,\u5217\u51fa\u7cfb\u7edf\u6240\u6709\u7684\u5206\u533a","valid":true}
{"arg":"d","icon":{"path":"translate.png"},"quicklookurl":"http:\/\/youdao.com\/w\/d","subtitle":"vitamin D","text":{"copy":"\u7ef4\u751f\u7d20D,\u9499\u5316\u9187,\u56fd\u9645\u5355\u4f4d"},"title":"\u7ef4\u751f\u7d20D,\u9499\u5316\u9187,\u56fd\u9645\u5355\u4f4d","valid":true}
{"arg":"recursive","icon":{"path":"translate.png"},"quicklookurl":"http:\/\/youdao.com\/w\/%E9%80%92%E5%BD%92","subtitle":"\u9012\u5f52","text":{"copy":"Recursion,recursive,Recursion"},"title":"Recursion,recursive,Recursion","valid":true}
{"arg":"Daemon","icon":{"path":"translate.png"},"quicklookurl":"http:\/\/youdao.com\/w\/Daemon","subtitle":"Daemon","text":{"copy":"\u5b88\u62a4\u8fdb\u7a0b,\u7a0b\u5e8f,\u865a\u62df\u5149\u9a71,\u670d\u52a1"},"title":"\u5b88\u62a4\u8fdb\u7a0b,\u7a0b\u5e8f,\u865a\u62df\u5149\u9a71,\u670d\u52a1","valid":true}
{"arg":"acquire","icon":{"path":"translate.png"},"quicklookurl":"http:\/\/youdao.com\/w\/acquire","subtitle":"acquire","text":{"copy":"\u53d6\u5f97,\u5b66\u5230,\u83b7\u5f97,\u5e76\u8d2d"},"title":"\u53d6\u5f97,\u5b66\u5230,\u83b7\u5f97,\u5e76\u8d2d","valid":true}
{"arg":"traverse","icon":{"path":"translate.png"},"quicklookurl":"http:\/\/youdao.com\/w\/%E9%81%8D%E5%8E%86","subtitle":"\u904d\u5386","text":{"copy":"NAT-T,each,Depth First Search,Inorder"},"title":"NAT-T,each,Depth First Search,Inorder","valid":true}
{"arg":"instrumental","icon":{"path":"translate.png"},"quicklookurl":"http:\/\/youdao.com\/w\/instrumental","subtitle":"instrumental","text":{"copy":"\u5668\u4e50,\u6709\u7528\u7684,\u6709\u5e2e\u52a9\u7684,\u4eea\u5668\u7684"},"title":"\u5668\u4e50,\u6709\u7528\u7684,\u6709\u5e2e\u52a9\u7684,\u4eea\u5668\u7684","valid":true}
{"arg":"sc","icon":{"path":"translate.png"},"quicklookurl":"http:\/\/youdao.com\/w\/sc","subtitle":"SC","text":{"copy":"\u5206\u6280\u672f\u59d4\u5458\u4f1a,\u661f\u9645\u4e89\u9738,\u585e\u820c\u5c14,\u6bd4\u4f8b"},"title":"\u5206\u6280\u672f\u59d4\u5458\u4f1a,\u661f\u9645\u4e89\u9738,\u585e\u820c\u5c14,\u6bd4\u4f8b","valid":true}
{"arg":"scrape","icon":{"path":"translate.png"},"quicklookurl":"http:\/\/youdao.com\/w\/scrape","subtitle":"scrape","text":{"copy":"\u522e,\u5265\u4e0b,\u6b8b\u6e23"},"title":"\u522e,\u5265\u4e0b,\u6b8b\u6e23","valid":true}
{"arg":"unresolved reference","icon":{"path":"translate.png"},"quicklookurl":"http:\/\/youdao.com\/w\/unresolved+reference","subtitle":"unresolved reference","text":{"copy":"\u672a\u89e3\u51b3\u53c2\u8003"},"title":"\u672a\u89e3\u51b3\u53c2\u8003","valid":true}
{"arg":"locat","icon":{"path":"translate.png"},"quicklookurl":"http:\/\/youdao.com\/w\/locat","subtitle":"LOCAT","text":{"copy":"\u8840\u8102\u51a0\u72b6\u52a8\u8109\u9020\u5f71\u8bd5\u9a8c,\u51a0\u8109\u9020\u5f71\u8bd5\u9a8c,\u6d1b\u5361\u7279,\u591c\u666f\u7167\u660e"},"title":"\u8840\u8102\u51a0\u72b6\u52a8\u8109\u9020\u5f71\u8bd5\u9a8c,\u51a0\u8109\u9020\u5f71\u8bd5\u9a8c,\u6d1b\u5361\u7279,\u591c\u666f\u7167\u660e","valid":true}
{"arg":"locator","icon":{"path":"translate.png"},"quicklookurl":"http:\/\/youdao.com\/w\/locator","subtitle":"Locator","text":{"copy":"\u5b9a\u4f4d\u5668,\u5b9a\u4f4d\u7a0b\u5e8f,\u5b9a\u4f4d\u7247,\u7533\u6ce2\u65b9\u5411\u63a2\u6d4b\u5668\u5b9a\u4f4d\u5668"},"title":"\u5b9a\u4f4d\u5668,\u5b9a\u4f4d\u7a0b\u5e8f,\u5b9a\u4f4d\u7247,\u7533\u6ce2\u65b9\u5411\u63a2\u6d4b\u5668\u5b9a\u4f4d\u5668","valid":true}
{"arg":"drama","icon":{"path":"translate.png"},"quicklookurl":"http:\/\/youdao.com\/w\/drama","subtitle":"Drama","text":{"copy":"\u620f\u5267,\u5267\u60c5,\u5e7f\u64ad\u5267,\u60c5\u8282\u7cfb\u5217\u5267"},"title":"\u620f\u5267,\u5267\u60c5,\u5e7f\u64ad\u5267,\u60c5\u8282\u7cfb\u5217\u5267","valid":true}
{"arg":"async","icon":{"path":"translate.png"},"quicklookurl":"http:\/\/youdao.com\/w\/async","subtitle":"Async","text":{"copy":"\u5f02\u6b65,\u5f02\u6b65\u4e32\u53e3,\u5f02\u6b65\u901a\u4fe1"},"title":"\u5f02\u6b65,\u5f02\u6b65\u4e32\u53e3,\u5f02\u6b65\u901a\u4fe1","valid":true}
{"arg":"await","icon":{"path":"translate.png"},"quicklookurl":"http:\/\/youdao.com\/w\/await","subtitle":"await","text":{"copy":"\u7b49\u5019,\u671f\u5f85,\u7b49\u5f85,\u964d\u4e34\u4e8e"},"title":"\u7b49\u5019,\u671f\u5f85,\u7b49\u5f85,\u964d\u4e34\u4e8e","valid":true}
{"arg":"concurren","icon":{"path":"translate.png"},"quicklookurl":"http:\/\/youdao.com\/w\/concurren","subtitle":"concurren","text":{"copy":"\u5206\u573a\u7814\u8ba8\u4f1a"},"title":"\u5206\u573a\u7814\u8ba8\u4f1a","valid":true}
{"arg":"concurrency","icon":{"path":"translate.png"},"quicklookurl":"http:\/\/youdao.com\/w\/concurrency","subtitle":"concurrency","text":{"copy":"\u5e76\u53d1,\u5e76\u53d1\u6027,\u5e76\u884c\u6027,\u5e76\u53d1\u673a\u5236"},"title":"\u5e76\u53d1,\u5e76\u53d1\u6027,\u5e76\u884c\u6027,\u5e76\u53d1\u673a\u5236","valid":true}
