{"arg":"bian","icon":{"path":"translate.png"},"quicklookurl":"http:\/\/youdao.com\/w\/bian","subtitle":"bian","text":{"copy":"\u4e00\u4e9b\u8ba9\u4f60\u66b4,\u94f6\u884c\u4e1a\u67b6\u6784\u7f51\u7edc(Bank Industry Architecture Network),\u4e73\u73e8\u4e24"},"title":"\u4e00\u4e9b\u8ba9\u4f60\u66b4,\u94f6\u884c\u4e1a\u67b6\u6784\u7f51\u7edc(Bank Industry Architecture Network),\u4e73\u73e8\u4e24","valid":true}
{"arg":"d","icon":{"path":"translate.png"},"quicklookurl":"http:\/\/youdao.com\/w\/d","subtitle":"Vitamin D","text":{"copy":"\u7ef4\u751f\u7d20D,\u7ef4\u4ed6\u547dD,\u9499\u5316\u9187,\u56fd\u9645\u5355\u4f4d"},"title":"\u7ef4\u751f\u7d20D,\u7ef4\u4ed6\u547dD,\u9499\u5316\u9187,\u56fd\u9645\u5355\u4f4d","valid":true}
{"arg":"din","icon":{"path":"translate.png"},"quicklookurl":"http:\/\/youdao.com\/w\/din","subtitle":"DIN","text":{"copy":"\u5fb7\u6807,\u5fb7\u56fd\u6807\u51c6,\u5fb7\u56fd\u5de5\u4e1a\u6807\u51c6,\u5fb7\u56fd\u56fd\u5bb6\u6807\u51c6"},"title":"\u5fb7\u6807,\u5fb7\u56fd\u6807\u51c6,\u5fb7\u56fd\u5de5\u4e1a\u6807\u51c6,\u5fb7\u56fd\u56fd\u5bb6\u6807\u51c6","valid":true}
{"arg":"d","icon":{"path":"translate.png"},"quicklookurl":"http:\/\/youdao.com\/w\/d","subtitle":"Vitamin D","text":{"copy":"\u7ef4\u751f\u7d20D,\u7ef4\u4ed6\u547dD,\u9499\u5316\u9187,\u56fd\u9645\u5355\u4f4d"},"title":"\u7ef4\u751f\u7d20D,\u7ef4\u4ed6\u547dD,\u9499\u5316\u9187,\u56fd\u9645\u5355\u4f4d","valid":true}
{"arg":"To subscribe to","icon":{"path":"translate.png"},"quicklookurl":"http:\/\/youdao.com\/w\/%E8%AE%A2%E9%98%85","subtitle":"\u8ba2\u9605","text":{"copy":"Subscription,subscribe to,RSS,TOP"},"title":"Subscription,subscribe to,RSS,TOP","valid":true}
{"arg":"explicitly","icon":{"path":"translate.png"},"quicklookurl":"http:\/\/youdao.com\/w\/explicitly","subtitle":"explicitly","text":{"copy":"\u660e\u786e\u5730,\u660e\u8a00,\u660e\u767d\u5730,\u660e\u4ee4"},"title":"\u660e\u786e\u5730,\u660e\u8a00,\u660e\u767d\u5730,\u660e\u4ee4","valid":true}
{"arg":"Forward","icon":{"path":"translate.png"},"quicklookurl":"http:\/\/youdao.com\/w\/Forward","subtitle":"forward","text":{"copy":"\u524d\u950b,\u5411\u524d,\u8f6c\u53d1,\u6b63\u5411"},"title":"\u524d\u950b,\u5411\u524d,\u8f6c\u53d1,\u6b63\u5411","valid":true}
{"arg":"code","icon":{"path":"translate.png"},"quicklookurl":"http:\/\/youdao.com\/w\/code","subtitle":"code","text":{"copy":"\u4ee3\u7801,\u7801,\u6cd5\u5178,\u7f16\u7801"},"title":"\u4ee3\u7801,\u7801,\u6cd5\u5178,\u7f16\u7801","valid":true}
{"arg":"codec","icon":{"path":"translate.png"},"quicklookurl":"http:\/\/youdao.com\/w\/codec","subtitle":"codec","text":{"copy":"\u7f16\u89e3\u7801\u5668,\u89e3\u7801\u7a0b\u5f0f,\u7f16\u8bd1\u7801\u5668"},"title":"\u7f16\u89e3\u7801\u5668,\u89e3\u7801\u7a0b\u5f0f,\u7f16\u8bd1\u7801\u5668","valid":true}
{"arg":"c","icon":{"path":"translate.png"},"quicklookurl":"http:\/\/youdao.com\/w\/c","subtitle":"C battery","text":{"copy":"\u4e19\u7535\u6c60\u7ec4,\u6805\u504f\u538b\u7535\u6c60,\u68da\u6781\u7535\u6c60\u7ec4,\u6805\u6781\u7535\u6c60\u7ec4"},"title":"\u4e19\u7535\u6c60\u7ec4,\u6805\u504f\u538b\u7535\u6c60,\u68da\u6781\u7535\u6c60\u7ec4,\u6805\u6781\u7535\u6c60\u7ec4","valid":true}
{"arg":"cli","icon":{"path":"translate.png"},"quicklookurl":"http:\/\/youdao.com\/w\/cli","subtitle":"CLI","text":{"copy":"\u547d\u4ee4\u884c\u754c\u9762,\u547d\u4ee4\u884c,\u547d\u4ee4\u884c\u63a5\u53e3(Command Line Interface),\u547d\u4ee4\u884c\u63a5\u53e3"},"title":"\u547d\u4ee4\u884c\u754c\u9762,\u547d\u4ee4\u884c,\u547d\u4ee4\u884c\u63a5\u53e3(Command Line Interface),\u547d\u4ee4\u884c\u63a5\u53e3","valid":true}
{"arg":"clipp","icon":{"path":"translate.png"},"quicklookurl":"http:\/\/youdao.com\/w\/clipp","subtitle":"Clipp","text":{"copy":"\u540d\u5b57"},"title":"\u540d\u5b57","valid":true}
{"arg":"clippe","icon":{"path":"translate.png"},"quicklookurl":"http:\/\/youdao.com\/w\/clippe","subtitle":"clippe joint","text":{"copy":"\u94b3\u8fde\u63a5"},"title":"\u94b3\u8fde\u63a5","valid":true}
{"arg":"clipper","icon":{"path":"translate.png"},"quicklookurl":"http:\/\/youdao.com\/w\/clipper","subtitle":"Clipper","text":{"copy":"\u5feb\u9a6c,\u5feb\u901f\u5e06\u8239,\u9650\u5e45\u5668,\u5927\u526a\u5200"},"title":"\u5feb\u9a6c,\u5feb\u901f\u5e06\u8239,\u9650\u5e45\u5668,\u5927\u526a\u5200","valid":true}
{"arg":"me","icon":{"path":"translate.png"},"quicklookurl":"http:\/\/youdao.com\/w\/me","subtitle":"ME","text":{"copy":"\u5236\u9020\u5de5\u7a0b\u5e08,\u8ff7,\u6211,\u5de5\u7a0b\u7855\u58eb"},"title":"\u5236\u9020\u5de5\u7a0b\u5e08,\u8ff7,\u6211,\u5de5\u7a0b\u7855\u58eb","valid":true}
{"arg":"merge","icon":{"path":"translate.png"},"quicklookurl":"http:\/\/youdao.com\/w\/merge","subtitle":"Merge","text":{"copy":"\u5408\u5e76,\u5f52\u5e76,\u8bed\u53e5,\u878d\u5408"},"title":"\u5408\u5e76,\u5f52\u5e76,\u8bed\u53e5,\u878d\u5408","valid":true}
{"arg":"me","icon":{"path":"translate.png"},"quicklookurl":"http:\/\/youdao.com\/w\/me","subtitle":"ME","text":{"copy":"\u5236\u9020\u5de5\u7a0b\u5e08,\u8ff7,\u6211,\u5de5\u7a0b\u7855\u58eb"},"title":"\u5236\u9020\u5de5\u7a0b\u5e08,\u8ff7,\u6211,\u5de5\u7a0b\u7855\u58eb","valid":true}
{"arg":"meg","icon":{"path":"translate.png"},"quicklookurl":"http:\/\/youdao.com\/w\/meg","subtitle":"MEG","text":{"copy":"\u4e59\u4e8c\u9187,\u8111\u78c1\u56fe,\u60e0\u7279\u66fc,\u5de8\u9f7f\u9ca8"},"title":"\u4e59\u4e8c\u9187,\u8111\u78c1\u56fe,\u60e0\u7279\u66fc,\u5de8\u9f7f\u9ca8","valid":true}
{"arg":"megre","icon":{"path":"translate.png"},"quicklookurl":"http:\/\/youdao.com\/w\/megre","subtitle":"Megre","text":{"copy":"\u540d\u5b57"},"title":"\u540d\u5b57","valid":true}
{"arg":"debi","icon":{"path":"translate.png"},"quicklookurl":"http:\/\/youdao.com\/w\/debi","subtitle":"debi","text":{"copy":"\u63d0\u4f9b\u5173\u4e8e,\u59d3,\u884d\u5c04\u589e\u5f3a\u578b\u80f8\u90e8\u80bf\u7624\u6d4b\u5b9a\u6cd5,\u8fd9\u4e5f\u5c31\u662f\u884d\u5c04\u589e\u5f3a\u578b\u80f8\u90e8\u80bf\u7624\u6d4b\u5b9a\u6cd5"},"title":"\u63d0\u4f9b\u5173\u4e8e,\u59d3,\u884d\u5c04\u589e\u5f3a\u578b\u80f8\u90e8\u80bf\u7624\u6d4b\u5b9a\u6cd5,\u8fd9\u4e5f\u5c31\u662f\u884d\u5c04\u589e\u5f3a\u578b\u80f8\u90e8\u80bf\u7624\u6d4b\u5b9a\u6cd5","valid":true}
{"arg":"f","icon":{"path":"translate.png"},"quicklookurl":"http:\/\/youdao.com\/w\/f","subtitle":"Axel F","text":{"copy":"\u6293\u72c2\u53ee\u549a,\u6293\u72c2\u53ee\u53ee,\u6c42\u91c7\u7eb3,\u827e\u514b\u7d22"},"title":"\u6293\u72c2\u53ee\u549a,\u6293\u72c2\u53ee\u53ee,\u6c42\u91c7\u7eb3,\u827e\u514b\u7d22","valid":true}
{"arg":"fr","icon":{"path":"translate.png"},"quicklookurl":"http:\/\/youdao.com\/w\/fr","subtitle":"FR","text":{"copy":"\u524d\u7f6e\u540e\u9a71,\u5e27\u4e2d\u7ee7,\u6cd5\u56fd,\u5feb\u9000"},"title":"\u524d\u7f6e\u540e\u9a71,\u5e27\u4e2d\u7ee7,\u6cd5\u56fd,\u5feb\u9000","valid":true}
{"arg":"free","icon":{"path":"translate.png"},"quicklookurl":"http:\/\/youdao.com\/w\/free","subtitle":"Free","text":{"copy":"\u81ea\u7531,\u514d\u8d39\u7684,\u7a7a\u95f2\u7684,\u81ea\u5728"},"title":"\u81ea\u7531,\u514d\u8d39\u7684,\u7a7a\u95f2\u7684,\u81ea\u5728","valid":true}
{"arg":"freety","icon":{"path":"translate.png"},"quicklookurl":"http:\/\/youdao.com\/w\/freety","subtitle":"freety","text":{"copy":"\u76f8\u5fd8\u4e8e\u6c5f\u6e56"},"title":"\u76f8\u5fd8\u4e8e\u6c5f\u6e56","valid":true}
{"arg":"freetype","icon":{"path":"translate.png"},"quicklookurl":"http:\/\/youdao.com\/w\/freetype","subtitle":"freetype","text":{"copy":"\u5b57\u4f53\u5e93,\u58f0\u97f3"},"title":"\u5b57\u4f53\u5e93,\u58f0\u97f3","valid":true}
{"arg":"surge","icon":{"path":"translate.png"},"quicklookurl":"http:\/\/youdao.com\/w\/surge","subtitle":"Surge","text":{"copy":"\u98d9\u5347,\u6d6a\u6d8c,\u6fc0\u589e,\u5598\u632f"},"title":"\u98d9\u5347,\u6d6a\u6d8c,\u6fc0\u589e,\u5598\u632f","valid":true}
{"arg":"surg","icon":{"path":"translate.png"},"quicklookurl":"http:\/\/youdao.com\/w\/surg","subtitle":"SURG","text":{"copy":"\u7a81\u6ce2\u5e94\u529b,\u6d6a,\u533b\u7528\u80f6\u5e26,\u5916\u79d1\u5b66"},"title":"\u7a81\u6ce2\u5e94\u529b,\u6d6a,\u533b\u7528\u80f6\u5e26,\u5916\u79d1\u5b66","valid":true}
{"arg":"sug","icon":{"path":"translate.png"},"quicklookurl":"http:\/\/youdao.com\/w\/sug","subtitle":"SuG","text":{"copy":"\u6b66\u7460,\u670d\u52a1\u5347\u7ea7,\u53ef\u6eb6\u6027\u7cd6"},"title":"\u6b66\u7460,\u670d\u52a1\u5347\u7ea7,\u53ef\u6eb6\u6027\u7cd6","valid":true}
{"arg":"sugur","icon":{"path":"translate.png"},"quicklookurl":"http:\/\/youdao.com\/w\/sugur","subtitle":"sugur","text":{"copy":"\u8517\u7cd6"},"title":"\u8517\u7cd6","valid":true}
{"arg":"sugure","icon":{"path":"translate.png"},"quicklookurl":"http:\/\/youdao.com\/w\/sugure","subtitle":"Sugure-salt-solution","text":{"copy":"\u7cd6\u76d0\u6eb6\u6db2"},"title":"\u7cd6\u76d0\u6eb6\u6db2","valid":true}
{"arg":"sugu","icon":{"path":"translate.png"},"quicklookurl":"http:\/\/youdao.com\/w\/sugu","subtitle":"Sugu","text":{"copy":"\u5f20\u4e5d\u7f8a,\u6027\u522b,\u987b\u7396,\u745e\u58eb\u7cd6"},"title":"\u5f20\u4e5d\u7f8a,\u6027\u522b,\u987b\u7396,\u745e\u58eb\u7cd6","valid":true}
{"arg":"sug","icon":{"path":"translate.png"},"quicklookurl":"http:\/\/youdao.com\/w\/sug","subtitle":"SuG","text":{"copy":"\u6b66\u7460,\u670d\u52a1\u5347\u7ea7,\u53ef\u6eb6\u6027\u7cd6"},"title":"\u6b66\u7460,\u670d\u52a1\u5347\u7ea7,\u53ef\u6eb6\u6027\u7cd6","valid":true}
{"arg":"sugr","icon":{"path":"translate.png"},"quicklookurl":"http:\/\/youdao.com\/w\/sugr","subtitle":"sugr","text":{"copy":"\u8840\u7cd6,\u7a7a\u8179\u8840\u7cd6,\u7c73\u5510\u79d1\u6280,\u65b9\u7cd6\u97f3\u7bb1"},"title":"\u8840\u7cd6,\u7a7a\u8179\u8840\u7cd6,\u7c73\u5510\u79d1\u6280,\u65b9\u7cd6\u97f3\u7bb1","valid":true}
{"arg":"sugr","icon":{"path":"translate.png"},"quicklookurl":"http:\/\/youdao.com\/w\/sugr","subtitle":"sugr","text":{"copy":"\u8840\u7cd6,\u7a7a\u8179\u8840\u7cd6,\u7c73\u5510\u79d1\u6280,\u65b9\u7cd6\u97f3\u7bb1"},"title":"\u8840\u7cd6,\u7a7a\u8179\u8840\u7cd6,\u7c73\u5510\u79d1\u6280,\u65b9\u7cd6\u97f3\u7bb1","valid":true}
{"arg":"suger","icon":{"path":"translate.png"},"quicklookurl":"http:\/\/youdao.com\/w\/suger","subtitle":"SUGER","text":{"copy":"\u8212\u683c\u5bb6\u5c45,\u82cf\u683c,\u5f20\u6d77\u68e0,\u6b4c\u624b"},"title":"\u8212\u683c\u5bb6\u5c45,\u82cf\u683c,\u5f20\u6d77\u68e0,\u6b4c\u624b","valid":true}
{"arg":"s","icon":{"path":"translate.png"},"quicklookurl":"http:\/\/youdao.com\/w\/s","subtitle":"S Doradus","text":{"copy":"\u5251\u9c7c\u5ea7S"},"title":"\u5251\u9c7c\u5ea7S","valid":true}
{"arg":"sugar","icon":{"path":"translate.png"},"quicklookurl":"http:\/\/youdao.com\/w\/%E7%B3%96","subtitle":"\u7cd6","text":{"copy":"Sugar,Polysaccharide,carbohydrate,saccharide"},"title":"Sugar,Polysaccharide,carbohydrate,saccharide","valid":true}
{"arg":"bear","icon":{"path":"translate.png"},"quicklookurl":"http:\/\/youdao.com\/w\/bear","subtitle":"Bear","text":{"copy":"\u718a,\u6709\u5907\u800c\u6765,\u718a\u65cf"},"title":"\u718a,\u6709\u5907\u800c\u6765,\u718a\u65cf","valid":true}
{"arg":"bear","icon":{"path":"translate.png"},"quicklookurl":"http:\/\/youdao.com\/w\/bear","subtitle":"Bear","text":{"copy":"\u718a,\u6709\u5907\u800c\u6765,\u718a\u65cf"},"title":"\u718a,\u6709\u5907\u800c\u6765,\u718a\u65cf","valid":true}
{"arg":"under","icon":{"path":"translate.png"},"quicklookurl":"http:\/\/youdao.com\/w\/under","subtitle":"Under","text":{"copy":"\u4e0b\u4e00\u573a,\u4e4b\u4e0b,\u6839\u636e,\u4e0b\u6709"},"title":"\u4e0b\u4e00\u573a,\u4e4b\u4e0b,\u6839\u636e,\u4e0b\u6709","valid":true}
{"arg":"unders","icon":{"path":"translate.png"},"quicklookurl":"http:\/\/youdao.com\/w\/unders","subtitle":"unders","text":{"copy":"\u7406\u89e3,\u6253\u5e95\u7cfb\u5217,\u5185\u8863,\u4e86\u89e3"},"title":"\u7406\u89e3,\u6253\u5e95\u7cfb\u5217,\u5185\u8863,\u4e86\u89e3","valid":true}
{"arg":"underscore","icon":{"path":"translate.png"},"quicklookurl":"http:\/\/youdao.com\/w\/underscore","subtitle":"underscore vt","text":{"copy":"\u5212\u7ebf\u4e8e\u2026\u2026\u4e0b"},"title":"\u5212\u7ebf\u4e8e\u2026\u2026\u4e0b","valid":true}
{"arg":"literal","icon":{"path":"translate.png"},"quicklookurl":"http:\/\/youdao.com\/w\/literal","subtitle":"Literal","text":{"copy":"\u5b57\u9762,\u6587\u5b57,\u5e38\u91cf,\u7167\u5b57\u9762\u7684"},"title":"\u5b57\u9762,\u6587\u5b57,\u5e38\u91cf,\u7167\u5b57\u9762\u7684","valid":true}
{"arg":"Graphics","icon":{"path":"translate.png"},"quicklookurl":"http:\/\/youdao.com\/w\/Graphics","subtitle":"Graphics","text":{"copy":"\u56fe\u5f62,\u56fe\u50cf,\u663e\u5361,\u56fe\u6848"},"title":"\u56fe\u5f62,\u56fe\u50cf,\u663e\u5361,\u56fe\u6848","valid":true}
{"arg":"Metal","icon":{"path":"translate.png"},"quicklookurl":"http:\/\/youdao.com\/w\/Metal","subtitle":"Metal","text":{"copy":"\u91d1\u5c5e,\u91d1\u5c5e\u5236\u54c1,\u91cd\u91d1\u5c5e,\u91d1\u5c5e\u4e50"},"title":"\u91d1\u5c5e,\u91d1\u5c5e\u5236\u54c1,\u91cd\u91d1\u5c5e,\u91d1\u5c5e\u4e50","valid":true}
{"arg":"tin","icon":{"path":"translate.png"},"quicklookurl":"http:\/\/youdao.com\/w\/tin","subtitle":"TIN","text":{"copy":"\u6c2e\u5316\u949b,\u9521,\u4e0d\u89c4\u5219\u4e09\u89d2\u7f51"},"title":"\u6c2e\u5316\u949b,\u9521,\u4e0d\u89c4\u5219\u4e09\u89d2\u7f51","valid":true}
{"arg":"tintColor","icon":{"path":"translate.png"},"quicklookurl":"http:\/\/youdao.com\/w\/tintColor","subtitle":"tintColor","text":{"copy":"\u77e5\u8bc6\u70b9,\u6307\u5b9a\u5237\u65b0\u6307\u793a\u5668\u7684\u989c\u8272"},"title":"\u77e5\u8bc6\u70b9,\u6307\u5b9a\u5237\u65b0\u6307\u793a\u5668\u7684\u989c\u8272","valid":true}
{"arg":"p","icon":{"path":"translate.png"},"quicklookurl":"http:\/\/youdao.com\/w\/p","subtitle":"p diddy","text":{"copy":"\u5439\u725b\u8001\u7239,\u5439\u6cd5\u87ba\u8001\u7239,\u5439\u5618\u8001\u7239,\u5938\u53e3\u8001\u7239"},"title":"\u5439\u725b\u8001\u7239,\u5439\u6cd5\u87ba\u8001\u7239,\u5439\u5618\u8001\u7239,\u5938\u53e3\u8001\u7239","valid":true}
{"arg":"phil","icon":{"path":"translate.png"},"quicklookurl":"http:\/\/youdao.com\/w\/phil","subtitle":"Phil","text":{"copy":"\u83f2\u5c14,\u5e0c\u814a,\u6797\u5955\u5321,\u5927\u83f2\u5c14"},"title":"\u83f2\u5c14,\u5e0c\u814a,\u6797\u5955\u5321,\u5927\u83f2\u5c14","valid":true}
{"arg":"p","icon":{"path":"translate.png"},"quicklookurl":"http:\/\/youdao.com\/w\/p","subtitle":"p diddy","text":{"copy":"\u5439\u725b\u8001\u7239,\u5439\u6cd5\u87ba\u8001\u7239,\u5439\u5618\u8001\u7239,\u5938\u53e3\u8001\u7239"},"title":"\u5439\u725b\u8001\u7239,\u5439\u6cd5\u87ba\u8001\u7239,\u5439\u5618\u8001\u7239,\u5938\u53e3\u8001\u7239","valid":true}
{"arg":"i","icon":{"path":"translate.png"},"quicklookurl":"http:\/\/youdao.com\/w\/i","subtitle":"I SWEAR","text":{"copy":"\u6211\u5ba3\u8a93,\u6211\u53d1\u8a93,\u8a93\u8a00,\u6797\u5fc6\u83b2"},"title":"\u6211\u5ba3\u8a93,\u6211\u53d1\u8a93,\u8a93\u8a00,\u6797\u5fc6\u83b2","valid":true}
{"arg":"in","icon":{"path":"translate.png"},"quicklookurl":"http:\/\/youdao.com\/w\/in","subtitle":"in","text":{"copy":"\u82f1\u5bf8,\u5370\u5ea6,\u8f93\u5165,\u4eba\u53e3"},"title":"\u82f1\u5bf8,\u5370\u5ea6,\u8f93\u5165,\u4eba\u53e3","valid":true}
{"arg":"inv","icon":{"path":"translate.png"},"quicklookurl":"http:\/\/youdao.com\/w\/inv","subtitle":"Inv","text":{"copy":"\u53d1\u7968,\u5e93\u5b58\u7ba1\u7406,\u5957\u819c\u86cb\u767d,\u6c42\u77e9\u9635\u9006"},"title":"\u53d1\u7968,\u5e93\u5b58\u7ba1\u7406,\u5957\u819c\u86cb\u767d,\u6c42\u77e9\u9635\u9006","valid":true}
{"arg":"inva","icon":{"path":"translate.png"},"quicklookurl":"http:\/\/youdao.com\/w\/inva","subtitle":"INVA","text":{"copy":"\u5e93\u5b58\u8c03\u6574,\u6ce2\u52a8\u6027,\u57fa\u56e0,\u59d3"},"title":"\u5e93\u5b58\u8c03\u6574,\u6ce2\u52a8\u6027,\u57fa\u56e0,\u59d3","valid":true}
{"arg":"inval","icon":{"path":"translate.png"},"quicklookurl":"http:\/\/youdao.com\/w\/inval","subtitle":"inval","text":{"copy":"\u4fb5\u7565"},"title":"\u4fb5\u7565","valid":true}
{"arg":"invalidation","icon":{"path":"translate.png"},"quicklookurl":"http:\/\/youdao.com\/w\/invalidation","subtitle":"invalidation","text":{"copy":"\u5931\u6548,\u65e0\u6548,\u6389\u6548,\u65e0\u6548\u5316"},"title":"\u5931\u6548,\u65e0\u6548,\u6389\u6548,\u65e0\u6548\u5316","valid":true}
{"arg":"i","icon":{"path":"translate.png"},"quicklookurl":"http:\/\/youdao.com\/w\/i","subtitle":"I SWEAR","text":{"copy":"\u6211\u5ba3\u8a93,\u6211\u53d1\u8a93,\u8a93\u8a00,\u6797\u5fc6\u83b2"},"title":"\u6211\u5ba3\u8a93,\u6211\u53d1\u8a93,\u8a93\u8a00,\u6797\u5fc6\u83b2","valid":true}
{"arg":"cache invalidation","icon":{"path":"translate.png"},"quicklookurl":"http:\/\/youdao.com\/w\/cache+invalidation","subtitle":"cache invalidation","text":{"copy":"\u7f13\u5b58\u5931\u6548,\u5feb\u53d6\u65e0\u6548\u5224\u5b9a,\u7f13\u5b58\u65e0\u6548"},"title":"\u7f13\u5b58\u5931\u6548,\u5feb\u53d6\u65e0\u6548\u5224\u5b9a,\u7f13\u5b58\u65e0\u6548","valid":true}
{"arg":"f","icon":{"path":"translate.png"},"quicklookurl":"http:\/\/youdao.com\/w\/f","subtitle":"Axel F","text":{"copy":"\u6293\u72c2\u53ee\u549a,\u6293\u72c2\u53ee\u53ee,\u6c42\u91c7\u7eb3,\u827e\u514b\u7d22"},"title":"\u6293\u72c2\u53ee\u549a,\u6293\u72c2\u53ee\u53ee,\u6c42\u91c7\u7eb3,\u827e\u514b\u7d22","valid":true}
{"arg":"b","icon":{"path":"translate.png"},"quicklookurl":"http:\/\/youdao.com\/w\/b","subtitle":"serie b","text":{"copy":"\u610f\u5927\u5229\u8db3\u7403\u4e59\u7ea7\u8054\u8d5b,\u4e59\u7ea7\u8054\u8d5b,\u610f\u4e59\u8054\u8d5b,\u610f\u5927\u5229\u4e59\u7ec4\u8db3\u7403\u8054\u8d5b"},"title":"\u610f\u5927\u5229\u8db3\u7403\u4e59\u7ea7\u8054\u8d5b,\u4e59\u7ea7\u8054\u8d5b,\u610f\u4e59\u8054\u8d5b,\u610f\u5927\u5229\u4e59\u7ec4\u8db3\u7403\u8054\u8d5b","valid":true}
{"arg":"compile","icon":{"path":"translate.png"},"quicklookurl":"http:\/\/youdao.com\/w\/%E7%BC%96%E8%AF%91","subtitle":"\u7f16\u8bd1","text":{"copy":"Compiling,compilation,make"},"title":"Compiling,compilation,make","valid":true}
{"arg":"process","icon":{"path":"translate.png"},"quicklookurl":"http:\/\/youdao.com\/w\/%E6%B5%81%E7%A8%8B","subtitle":"\u6d41\u7a0b","text":{"copy":"Process,Procedure,Flow,Workflow"},"title":"Process,Procedure,Flow,Workflow","valid":true}
{"arg":"flow","icon":{"path":"translate.png"},"quicklookurl":"http:\/\/youdao.com\/w\/%E6%B5%81","subtitle":"\u6d41","text":{"copy":"stream,Current,flow,shed"},"title":"stream,Current,flow,shed","valid":true}
{"arg":"mux","icon":{"path":"translate.png"},"quicklookurl":"http:\/\/youdao.com\/w\/mux","subtitle":"MUX","text":{"copy":"\u591a\u8def\u590d\u7528\u5668,\u591a\u8def\u590d\u7528,\u590d\u7528\u5668"},"title":"\u591a\u8def\u590d\u7528\u5668,\u591a\u8def\u590d\u7528,\u590d\u7528\u5668","valid":true}
{"arg":"muxi","icon":{"path":"translate.png"},"quicklookurl":"http:\/\/youdao.com\/w\/muxi","subtitle":"muxi","text":{"copy":"\u63d0\u4f9b\u5173\u4e8e"},"title":"\u63d0\u4f9b\u5173\u4e8e","valid":true}
{"arg":"muxing","icon":{"path":"translate.png"},"quicklookurl":"http:\/\/youdao.com\/w\/muxing","subtitle":"Muxing","text":{"copy":"\u5f00\u59cb\u5408\u5e76,\u591a\u8def\u6280\u672f,\u590d\u7528"},"title":"\u5f00\u59cb\u5408\u5e76,\u591a\u8def\u6280\u672f,\u590d\u7528","valid":true}
{"arg":"force","icon":{"path":"translate.png"},"quicklookurl":"http:\/\/youdao.com\/w\/force","subtitle":"Force","text":{"copy":"\u529b,\u5f3a\u5236,\u529b\u91cf,\u5f3a\u8feb"},"title":"\u529b,\u5f3a\u5236,\u529b\u91cf,\u5f3a\u8feb","valid":true}
{"arg":"force format","icon":{"path":"translate.png"},"quicklookurl":"http:\/\/youdao.com\/w\/force+format","subtitle":"f fmt force format","text":{"copy":"\u798f\u83ab\u7279\u7f57\u529b\u683c\u5f0f"},"title":"\u798f\u83ab\u7279\u7f57\u529b\u683c\u5f0f","valid":true}
{"arg":"force f","icon":{"path":"translate.png"},"quicklookurl":"http:\/\/youdao.com\/w\/force+f","subtitle":"Force F","text":{"copy":"\u538b\u529b"},"title":"\u538b\u529b","valid":true}
{"arg":"f","icon":{"path":"translate.png"},"quicklookurl":"http:\/\/youdao.com\/w\/f","subtitle":"Axel F","text":{"copy":"\u6293\u72c2\u53ee\u549a,\u6293\u72c2\u53ee\u53ee,\u6c42\u91c7\u7eb3,\u827e\u514b\u7d22"},"title":"\u6293\u72c2\u53ee\u549a,\u6293\u72c2\u53ee\u53ee,\u6c42\u91c7\u7eb3,\u827e\u514b\u7d22","valid":true}
{"arg":"fmt","icon":{"path":"translate.png"},"quicklookurl":"http:\/\/youdao.com\/w\/fmt","subtitle":"FMT","text":{"copy":"\u9891\u7387\u6a21\u677f\u89e6\u53d1,\u8d44\u6df1\u5bfc\u5e08,\u6ee4\u6ce2\u591a\u97f3\u8c03\u5236,\u6ee4\u6ce2\u591a\u97f3"},"title":"\u9891\u7387\u6a21\u677f\u89e6\u53d1,\u8d44\u6df1\u5bfc\u5e08,\u6ee4\u6ce2\u591a\u97f3\u8c03\u5236,\u6ee4\u6ce2\u591a\u97f3","valid":true}
{"arg":"c","icon":{"path":"translate.png"},"quicklookurl":"http:\/\/youdao.com\/w\/c","subtitle":"C battery","text":{"copy":"\u4e19\u7535\u6c60\u7ec4,\u6805\u504f\u538b\u7535\u6c60,\u68da\u6781\u7535\u6c60\u7ec4,\u6805\u6781\u7535\u6c60\u7ec4"},"title":"\u4e19\u7535\u6c60\u7ec4,\u6805\u504f\u538b\u7535\u6c60,\u68da\u6781\u7535\u6c60\u7ec4,\u6805\u6781\u7535\u6c60\u7ec4","valid":true}
{"arg":"co","icon":{"path":"translate.png"},"quicklookurl":"http:\/\/youdao.com\/w\/co","subtitle":"CO","text":{"copy":"\u4e00\u6c27\u5316\u78b3,\u4e00\u6c27\u5316\u78b3(Carbonic Oxide),\u590d\u5236,\u54e5\u4f26\u6bd4\u4e9a"},"title":"\u4e00\u6c27\u5316\u78b3,\u4e00\u6c27\u5316\u78b3(Carbonic Oxide),\u590d\u5236,\u54e5\u4f26\u6bd4\u4e9a","valid":true}
{"arg":"code","icon":{"path":"translate.png"},"quicklookurl":"http:\/\/youdao.com\/w\/code","subtitle":"code","text":{"copy":"\u4ee3\u7801,\u7801,\u6cd5\u5178,\u7f16\u7801"},"title":"\u4ee3\u7801,\u7801,\u6cd5\u5178,\u7f16\u7801","valid":true}
{"arg":"codec","icon":{"path":"translate.png"},"quicklookurl":"http:\/\/youdao.com\/w\/codec","subtitle":"codec","text":{"copy":"\u7f16\u89e3\u7801\u5668,\u89e3\u7801\u5668,\u89e3\u7801\u7a0b\u5f0f,\u7f16\u8bd1\u7801\u5668"},"title":"\u7f16\u89e3\u7801\u5668,\u89e3\u7801\u5668,\u89e3\u7801\u7a0b\u5f0f,\u7f16\u8bd1\u7801\u5668","valid":true}
{"arg":"fp","icon":{"path":"translate.png"},"quicklookurl":"http:\/\/youdao.com\/w\/fp","subtitle":"FP","text":{"copy":"\u8367\u5149\u504f\u632f,\u6c1f\u66ff\u5361\u677e,\u529f\u80fd\u70b9,\u57fa\u672c\u53c2\u6570\u6cd5"},"title":"\u8367\u5149\u504f\u632f,\u6c1f\u66ff\u5361\u677e,\u529f\u80fd\u70b9,\u57fa\u672c\u53c2\u6570\u6cd5","valid":true}
{"arg":"f","icon":{"path":"translate.png"},"quicklookurl":"http:\/\/youdao.com\/w\/f","subtitle":"Axel F","text":{"copy":"\u6293\u72c2\u53ee\u549a,\u6293\u72c2\u53ee\u53ee,\u6c42\u91c7\u7eb3,\u827e\u514b\u7d22"},"title":"\u6293\u72c2\u53ee\u549a,\u6293\u72c2\u53ee\u53ee,\u6c42\u91c7\u7eb3,\u827e\u514b\u7d22","valid":true}
{"arg":"foun","icon":{"path":"translate.png"},"quicklookurl":"http:\/\/youdao.com\/w\/foun","subtitle":"FOUN","text":{"copy":"\u8054\u5408\u56fd\u53cb\u597d\u7406\u4e8b\u4f1a(Friends Of United Nations),\u8054\u5408\u56fd\u53cb\u597d\u7406\u4e8b\u4f1a,\u56fd\u654c\u5bf9\u7406\u4e8b\u4f1a,\u7ed3\u5408\u56fd\u53cb\u7231\u7406\u4e8b\u4f1a"},"title":"\u8054\u5408\u56fd\u53cb\u597d\u7406\u4e8b\u4f1a(Friends Of United Nations),\u8054\u5408\u56fd\u53cb\u597d\u7406\u4e8b\u4f1a,\u56fd\u654c\u5bf9\u7406\u4e8b\u4f1a,\u7ed3\u5408\u56fd\u53cb\u7231\u7406\u4e8b\u4f1a","valid":true}
{"arg":"foundation","icon":{"path":"translate.png"},"quicklookurl":"http:\/\/youdao.com\/w\/foundation","subtitle":"Foundation","text":{"copy":"\u57fa\u91d1\u4f1a,\u57fa\u7840,\u7c89\u5e95,\u5730\u57fa"},"title":"\u57fa\u91d1\u4f1a,\u57fa\u7840,\u7c89\u5e95,\u5730\u57fa","valid":true}
{"arg":"lib","icon":{"path":"translate.png"},"quicklookurl":"http:\/\/youdao.com\/w\/lib","subtitle":"LiB","text":{"copy":"\u9502\u79bb\u5b50\u7535\u6c60,\u7535\u6c60,\u7cfb\u7edf\u4f1a\u4f7f\u7528\u5230\u7684\u51fd\u6570\u5e93,\u5e93\u6587\u4ef6"},"title":"\u9502\u79bb\u5b50\u7535\u6c60,\u7535\u6c60,\u7cfb\u7edf\u4f1a\u4f7f\u7528\u5230\u7684\u51fd\u6570\u5e93,\u5e93\u6587\u4ef6","valid":true}
{"arg":"conca","icon":{"path":"translate.png"},"quicklookurl":"http:\/\/youdao.com\/w\/conca","subtitle":"Conca","text":{"copy":"\u5b54\u5361,\u56de\u8d2d\u5b54\u5361,\u706b\u5c71\u9677\u843d\u5730,\u611f\u8c22\u5b54\u5361"},"title":"\u5b54\u5361,\u56de\u8d2d\u5b54\u5361,\u706b\u5c71\u9677\u843d\u5730,\u611f\u8c22\u5b54\u5361","valid":true}
{"arg":"concat","icon":{"path":"translate.png"},"quicklookurl":"http:\/\/youdao.com\/w\/concat","subtitle":"Concat Function","text":{"copy":"\u8fde\u63a5\u51fd\u6570"},"title":"\u8fde\u63a5\u51fd\u6570","valid":true}
{"arg":"clang","icon":{"path":"translate.png"},"quicklookurl":"http:\/\/youdao.com\/w\/clang","subtitle":"clang","text":{"copy":"\u53ee\u5f53\u58f0,\u540c\u201c\u9535,\u97f3\u8d28,\u97f3\u54cd"},"title":"\u53ee\u5f53\u58f0,\u540c\u201c\u9535,\u97f3\u8d28,\u97f3\u54cd","valid":true}
{"arg":"literal","icon":{"path":"translate.png"},"quicklookurl":"http:\/\/youdao.com\/w\/literal","subtitle":"Literal","text":{"copy":"\u5b57\u9762,\u6587\u5b57,\u5e38\u91cf,\u7167\u5b57\u9762\u7684"},"title":"\u5b57\u9762,\u6587\u5b57,\u5e38\u91cf,\u7167\u5b57\u9762\u7684","valid":true}
{"arg":"j","icon":{"path":"translate.png"},"quicklookurl":"http:\/\/youdao.com\/w\/j","subtitle":"Mary J","text":{"copy":"\u5e03\u83b1\u59ec,\u5e03\u91cc\u59ec,\u5e03\u91cc\u5947,\u739b\u4e3d\u00b7\u5e03\u83b1\u5947"},"title":"\u5e03\u83b1\u59ec,\u5e03\u91cc\u59ec,\u5e03\u91cc\u5947,\u739b\u4e3d\u00b7\u5e03\u83b1\u5947","valid":true}
{"arg":"An odd number","icon":{"path":"translate.png"},"quicklookurl":"http:\/\/youdao.com\/w\/%E5%A5%87%E6%95%B0","subtitle":"\u5947\u6570","text":{"copy":"Odd number,odd,odd integer,ungerade Zahlen"},"title":"Odd number,odd,odd integer,ungerade Zahlen","valid":true}
{"arg":"p.","icon":{"path":"translate.png"},"quicklookurl":"http:\/\/youdao.com\/w\/%E5%A5%87","subtitle":"\u5947","text":{"copy":"odd pricing,Strange,azygos,Parity Check"},"title":"odd pricing,Strange,azygos,Parity Check","valid":true}
{"arg":"purchase","icon":{"path":"translate.png"},"quicklookurl":"http:\/\/youdao.com\/w\/%E8%B4%AD","subtitle":"\u8d2d","text":{"copy":"Shopping,buying agents,MBO,purchase"},"title":"Shopping,buying agents,MBO,purchase","valid":true}
{"arg":"An even number","icon":{"path":"translate.png"},"quicklookurl":"http:\/\/youdao.com\/w\/%E5%81%B6%E6%95%B0","subtitle":"\u5076\u6570","text":{"copy":"even number,Even,even integer,number"},"title":"even number,Even,even integer,number","valid":true}
{"arg":"accidentally","icon":{"path":"translate.png"},"quicklookurl":"http:\/\/youdao.com\/w\/%E5%81%B6","subtitle":"\u5076","text":{"copy":"Michael Jordan,even,Pair,eveneven"},"title":"Michael Jordan,even,Pair,eveneven","valid":true}
{"arg":"enum","icon":{"path":"translate.png"},"quicklookurl":"http:\/\/youdao.com\/w\/enum","subtitle":"Enum","text":{"copy":"\u679a\u4e3e,\u679a\u4e3e\u7c7b\u578b,\u679a\u4e3e\u7c7b,\u7535\u8bdd\u53f7\u7801\u6620\u5c04"},"title":"\u679a\u4e3e,\u679a\u4e3e\u7c7b\u578b,\u679a\u4e3e\u7c7b,\u7535\u8bdd\u53f7\u7801\u6620\u5c04","valid":true}
{"arg":"enu","icon":{"path":"translate.png"},"quicklookurl":"http:\/\/youdao.com\/w\/enu","subtitle":"ENU","text":{"copy":"\u4e59\u57fa\u4e9a\u785d\u57fa\u8132,\u4e9a\u785d\u57fa\u8132,\u4e59\u9170\u57fa\u4e9a\u785d\u57fa\u8132,\u82f1\u6587"},"title":"\u4e59\u57fa\u4e9a\u785d\u57fa\u8132,\u4e9a\u785d\u57fa\u8132,\u4e59\u9170\u57fa\u4e9a\u785d\u57fa\u8132,\u82f1\u6587","valid":true}
{"arg":"enum","icon":{"path":"translate.png"},"quicklookurl":"http:\/\/youdao.com\/w\/enum","subtitle":"Enum","text":{"copy":"\u679a\u4e3e,\u679a\u4e3e\u7c7b\u578b,\u679a\u4e3e\u7c7b,\u7535\u8bdd\u53f7\u7801\u6620\u5c04"},"title":"\u679a\u4e3e,\u679a\u4e3e\u7c7b\u578b,\u679a\u4e3e\u7c7b,\u7535\u8bdd\u53f7\u7801\u6620\u5c04","valid":true}
{"arg":"enumerated","icon":{"path":"translate.png"},"quicklookurl":"http:\/\/youdao.com\/w\/enumerated","subtitle":"Enumerated","text":{"copy":"\u679a\u4e3e,\u679a\u4e3e\u7c7b\u578b,\u5217\u4e3e"},"title":"\u679a\u4e3e,\u679a\u4e3e\u7c7b\u578b,\u5217\u4e3e","valid":true}
{"arg":"enumerate","icon":{"path":"translate.png"},"quicklookurl":"http:\/\/youdao.com\/w\/enumerate","subtitle":"enumerate","text":{"copy":"\u679a\u4e3e,\u5217\u4e3e,\u5386\u6570,\u63d0\u51fa"},"title":"\u679a\u4e3e,\u5217\u4e3e,\u5386\u6570,\u63d0\u51fa","valid":true}
{"arg":"enum","icon":{"path":"translate.png"},"quicklookurl":"http:\/\/youdao.com\/w\/enum","subtitle":"Enum","text":{"copy":"\u679a\u4e3e,\u679a\u4e3e\u7c7b\u578b,\u679a\u4e3e\u7c7b,\u7535\u8bdd\u53f7\u7801\u6620\u5c04"},"title":"\u679a\u4e3e,\u679a\u4e3e\u7c7b\u578b,\u679a\u4e3e\u7c7b,\u7535\u8bdd\u53f7\u7801\u6620\u5c04","valid":true}
{"arg":"enum","icon":{"path":"translate.png"},"quicklookurl":"http:\/\/youdao.com\/w\/enum","subtitle":"Enum","text":{"copy":"\u679a\u4e3e,\u679a\u4e3e\u7c7b\u578b,\u679a\u4e3e\u7c7b,\u7535\u8bdd\u53f7\u7801\u6620\u5c04"},"title":"\u679a\u4e3e,\u679a\u4e3e\u7c7b\u578b,\u679a\u4e3e\u7c7b,\u7535\u8bdd\u53f7\u7801\u6620\u5c04","valid":true}
{"arg":"enumera","icon":{"path":"translate.png"},"quicklookurl":"http:\/\/youdao.com\/w\/enumera","subtitle":"Not otherwise enumera","text":{"copy":"\u4e0d\u53e6\u5217\u4e3e"},"title":"\u4e0d\u53e6\u5217\u4e3e","valid":true}
{"arg":"enumerate","icon":{"path":"translate.png"},"quicklookurl":"http:\/\/youdao.com\/w\/enumerate","subtitle":"enumerate","text":{"copy":"\u679a\u4e3e,\u5217\u4e3e,\u5386\u6570,\u63d0\u51fa"},"title":"\u679a\u4e3e,\u5217\u4e3e,\u5386\u6570,\u63d0\u51fa","valid":true}
{"arg":"enumer","icon":{"path":"translate.png"},"quicklookurl":"http:\/\/youdao.com\/w\/enumer","subtitle":"Enumer","text":{"copy":"\u7f57\u5217"},"title":"\u7f57\u5217","valid":true}
{"arg":"enum","icon":{"path":"translate.png"},"quicklookurl":"http:\/\/youdao.com\/w\/enum","subtitle":"Enum","text":{"copy":"\u679a\u4e3e,\u679a\u4e3e\u7c7b\u578b,\u679a\u4e3e\u7c7b,\u7535\u8bdd\u53f7\u7801\u6620\u5c04"},"title":"\u679a\u4e3e,\u679a\u4e3e\u7c7b\u578b,\u679a\u4e3e\u7c7b,\u7535\u8bdd\u53f7\u7801\u6620\u5c04","valid":true}
{"arg":"structure","icon":{"path":"translate.png"},"quicklookurl":"http:\/\/youdao.com\/w\/structure","subtitle":"Structure","text":{"copy":"\u7ed3\u6784,\u6784\u9020,\u5efa\u7b51\u7269,\u978b\u578b"},"title":"\u7ed3\u6784,\u6784\u9020,\u5efa\u7b51\u7269,\u978b\u578b","valid":true}
{"arg":"enu","icon":{"path":"translate.png"},"quicklookurl":"http:\/\/youdao.com\/w\/enu","subtitle":"ENU","text":{"copy":"\u4e59\u57fa\u4e9a\u785d\u57fa\u8132,\u4e9a\u785d\u57fa\u8132,\u4e59\u9170\u57fa\u4e9a\u785d\u57fa\u8132,\u82f1\u6587"},"title":"\u4e59\u57fa\u4e9a\u785d\u57fa\u8132,\u4e9a\u785d\u57fa\u8132,\u4e59\u9170\u57fa\u4e9a\u785d\u57fa\u8132,\u82f1\u6587","valid":true}
{"arg":"enum","icon":{"path":"translate.png"},"quicklookurl":"http:\/\/youdao.com\/w\/enum","subtitle":"Enum","text":{"copy":"\u679a\u4e3e,\u679a\u4e3e\u7c7b\u578b,\u679a\u4e3e\u7c7b,\u7535\u8bdd\u53f7\u7801\u6620\u5c04"},"title":"\u679a\u4e3e,\u679a\u4e3e\u7c7b\u578b,\u679a\u4e3e\u7c7b,\u7535\u8bdd\u53f7\u7801\u6620\u5c04","valid":true}
{"arg":"enumerate","icon":{"path":"translate.png"},"quicklookurl":"http:\/\/youdao.com\/w\/enumerate","subtitle":"enumerate","text":{"copy":"\u679a\u4e3e,\u5217\u4e3e,\u5386\u6570,\u63d0\u51fa"},"title":"\u679a\u4e3e,\u5217\u4e3e,\u5386\u6570,\u63d0\u51fa","valid":true}
{"arg":"d","icon":{"path":"translate.png"},"quicklookurl":"http:\/\/youdao.com\/w\/d","subtitle":"Vitamin D","text":{"copy":"\u7ef4\u751f\u7d20D,\u7ef4\u4ed6\u547dD,\u9499\u5316\u9187,\u56fd\u9645\u5355\u4f4d"},"title":"\u7ef4\u751f\u7d20D,\u7ef4\u4ed6\u547dD,\u9499\u5316\u9187,\u56fd\u9645\u5355\u4f4d","valid":true}
{"arg":"The first","icon":{"path":"translate.png"},"quicklookurl":"http:\/\/youdao.com\/w\/%E7%AC%AC","subtitle":"\u7b2c","text":{"copy":"OSPF,First left,pl Nos,Number"},"title":"OSPF,First left,pl Nos,Number","valid":true}
{"arg":"The fifth","icon":{"path":"translate.png"},"quicklookurl":"http:\/\/youdao.com\/w\/%E7%AC%AC%E4%BA%94","subtitle":"\u7b2c\u4e94\u6743","text":{"copy":"Fifth power"},"title":"Fifth power","valid":true}
{"arg":"The first","icon":{"path":"translate.png"},"quicklookurl":"http:\/\/youdao.com\/w\/%E7%AC%AC","subtitle":"\u7b2c","text":{"copy":"OSPF,First left,pl Nos,Number"},"title":"OSPF,First left,pl Nos,Number","valid":true}
{"arg":"fifteen","icon":{"path":"translate.png"},"quicklookurl":"http:\/\/youdao.com\/w\/%E5%8D%81%E4%BA%94","subtitle":"\u5341\u4e94","text":{"copy":"weather,quite a few,Moscow"},"title":"weather,quite a few,Moscow","valid":true}
{"arg":"directory","icon":{"path":"translate.png"},"quicklookurl":"http:\/\/youdao.com\/w\/%E7%9B%AE%E5%BD%95","subtitle":"\u76ee\u5f55","text":{"copy":"Directory,Contents,Table of contents"},"title":"Directory,Contents,Table of contents","valid":true}
