{"arg":"mprotect","icon":{"path":"translate.png"},"quicklookurl":"http:\/\/youdao.com\/w\/mprotect","subtitle":"mprotect","text":{"copy":"\u8bbe\u7f6e\u5185\u5b58\u6620\u50cf\u4fdd\u62a4"},"title":"\u8bbe\u7f6e\u5185\u5b58\u6620\u50cf\u4fdd\u62a4","valid":true}
{"arg":"disguise","icon":{"path":"translate.png"},"quicklookurl":"http:\/\/youdao.com\/w\/disguise","subtitle":"disguise","text":{"copy":"\u4f2a\u88c5,\u5047\u626e,\u5047\u88c5,\u5316\u88c5"},"title":"\u4f2a\u88c5,\u5047\u626e,\u5047\u88c5,\u5316\u88c5","valid":true}
{"arg":"disguised","icon":{"path":"translate.png"},"quicklookurl":"http:\/\/youdao.com\/w\/disguised","subtitle":"Disguised","text":{"copy":"\u4e54\u88c5\u6253\u626e,\u4f2a\u88c5\u7684,\u53d8\u88c5,\u53d8\u76f8\u793e\u4f1a\u96c6\u8d44"},"title":"\u4e54\u88c5\u6253\u626e,\u4f2a\u88c5\u7684,\u53d8\u88c5,\u53d8\u76f8\u793e\u4f1a\u96c6\u8d44","valid":true}
{"arg":"Striped","icon":{"path":"translate.png"},"quicklookurl":"http:\/\/youdao.com\/w\/Striped","subtitle":"STRIPED","text":{"copy":"\u6761\u5b50\u5e03,\u5e26\u6761\u7eb9\u7684,\u6709\u6761\u7eb9\u7684,\u6709\u6591\u7eb9\u7684"},"title":"\u6761\u5b50\u5e03,\u5e26\u6761\u7eb9\u7684,\u6709\u6761\u7eb9\u7684,\u6709\u6591\u7eb9\u7684","valid":true}
{"arg":"disguises","icon":{"path":"translate.png"},"quicklookurl":"http:\/\/youdao.com\/w\/disguises","subtitle":"Disguises","text":{"copy":"\u4f2a\u88c5,\u4e54\u88c5,\u5531\u7247\u540d"},"title":"\u4f2a\u88c5,\u4e54\u88c5,\u5531\u7247\u540d","valid":true}
{"arg":"we","icon":{"path":"translate.png"},"quicklookurl":"http:\/\/youdao.com\/w\/we","subtitle":"We","text":{"copy":"\u6211\u4eec,\u6c34\u5143\u7d20,\u5e94\u6025\u7167\u660e\u5206\u652f\u7ebf,\u5b9e\u51b5\u8db3\u7403"},"title":"\u6211\u4eec,\u6c34\u5143\u7d20,\u5e94\u6025\u7167\u660e\u5206\u652f\u7ebf,\u5b9e\u51b5\u8db3\u7403","valid":true}
{"arg":"we ","icon":{"path":"translate.png"},"quicklookurl":"http:\/\/youdao.com\/w\/we+","subtitle":"We","text":{"copy":"\u6211\u4eec,\u6c34\u5143\u7d20,\u5e94\u6025\u7167\u660e\u5206\u652f\u7ebf,\u5b9e\u51b5\u8db3\u7403"},"title":"\u6211\u4eec,\u6c34\u5143\u7d20,\u5e94\u6025\u7167\u660e\u5206\u652f\u7ebf,\u5b9e\u51b5\u8db3\u7403","valid":true}
{"arg":"trap","icon":{"path":"translate.png"},"quicklookurl":"http:\/\/youdao.com\/w\/trap","subtitle":"trap","text":{"copy":"\u9677\u9631,\u5b58\u6c34\u5f2f,\u9677\u5370,\u6297\u9152\u77f3\u9178\u9178\u6027\u78f7\u9178\u9176"},"title":"\u9677\u9631,\u5b58\u6c34\u5f2f,\u9677\u5370,\u6297\u9152\u77f3\u9178\u9178\u6027\u78f7\u9178\u9176","valid":true}
{"arg":"appropriate","icon":{"path":"translate.png"},"quicklookurl":"http:\/\/youdao.com\/w\/appropriate","subtitle":"Appropriate","text":{"copy":"\u9002\u5f53,\u6070\u5f53,\u5408\u9002,\u9002\u5b9c"},"title":"\u9002\u5f53,\u6070\u5f53,\u5408\u9002,\u9002\u5b9c","valid":true}
{"arg":"shortcutting","icon":{"path":"translate.png"},"quicklookurl":"http:\/\/youdao.com\/w\/shortcutting","subtitle":"shortcutting","text":{"copy":"\u7b80\u5316"},"title":"\u7b80\u5316","valid":true}
{"arg":"optimizations","icon":{"path":"translate.png"},"quicklookurl":"http:\/\/youdao.com\/w\/optimizations","subtitle":"Optimizations","text":{"copy":"\u4f18\u5316,\u6700\u4f18\u5316,\u5377\u5c55\u680f"},"title":"\u4f18\u5316,\u6700\u4f18\u5316,\u5377\u5c55\u680f","valid":true}
{"arg":"insensitive","icon":{"path":"translate.png"},"quicklookurl":"http:\/\/youdao.com\/w\/insensitive","subtitle":"insensitive","text":{"copy":"\u4e0d\u654f\u611f\u7684,\u9ebb\u6728\u4e0d\u4ec1,\u4e0d\u7075\u654f\u7684,\u611f\u89c9\u8fdf\u949d\u7684"},"title":"\u4e0d\u654f\u611f\u7684,\u9ebb\u6728\u4e0d\u4ec1,\u4e0d\u7075\u654f\u7684,\u611f\u89c9\u8fdf\u949d\u7684","valid":true}
{"arg":"Invocation","icon":{"path":"translate.png"},"quicklookurl":"http:\/\/youdao.com\/w\/Invocation","subtitle":"invocation","text":{"copy":"\u7948\u6c42,\u8c03\u7528,\u7948\u7977,\u5492\u672f"},"title":"\u7948\u6c42,\u8c03\u7528,\u7948\u7977,\u5492\u672f","valid":true}
{"arg":"Invocation","icon":{"path":"translate.png"},"quicklookurl":"http:\/\/youdao.com\/w\/Invocation","subtitle":"invocation","text":{"copy":"\u7948\u6c42,\u8c03\u7528,\u7948\u7977,\u5492\u672f"},"title":"\u7948\u6c42,\u8c03\u7528,\u7948\u7977,\u5492\u672f","valid":true}
{"arg":"reference","icon":{"path":"translate.png"},"quicklookurl":"http:\/\/youdao.com\/w\/reference","subtitle":"Reference","text":{"copy":"\u53c2\u8003,\u5f15\u7528,\u53c2\u8003\u6587\u732e,\u53c2\u8003\u7269\u4f53"},"title":"\u53c2\u8003,\u5f15\u7528,\u53c2\u8003\u6587\u732e,\u53c2\u8003\u7269\u4f53","valid":true}
{"arg":"bootstrap","icon":{"path":"translate.png"},"quicklookurl":"http:\/\/youdao.com\/w\/bootstrap","subtitle":"Bootstrap","text":{"copy":"\u81ea\u4e3e,\u81ea\u52a9\u6cd5,\u8f85\u52a9\u7a0b\u5e8f,\u5f15\u5bfc"},"title":"\u81ea\u4e3e,\u81ea\u52a9\u6cd5,\u8f85\u52a9\u7a0b\u5e8f,\u5f15\u5bfc","valid":true}
{"arg":"scratch","icon":{"path":"translate.png"},"quicklookurl":"http:\/\/youdao.com\/w\/scratch","subtitle":"scratch","text":{"copy":"\u522e\u4f24,\u5212\u4f24,\u6293,\u6293\u75d2"},"title":"\u522e\u4f24,\u5212\u4f24,\u6293,\u6293\u75d2","valid":true}
{"arg":"s","icon":{"path":"translate.png"},"quicklookurl":"http:\/\/youdao.com\/w\/s","subtitle":"S Doradus","text":{"copy":"\u5251\u9c7c\u5ea7S"},"title":"\u5251\u9c7c\u5ea7S","valid":true}
{"arg":"form","icon":{"path":"translate.png"},"quicklookurl":"http:\/\/youdao.com\/w\/form","subtitle":"form","text":{"copy":"\u8868\u683c,\u5f62\u5f0f,\u8868\u5355,\u7a97\u4f53"},"title":"\u8868\u683c,\u5f62\u5f0f,\u8868\u5355,\u7a97\u4f53","valid":true}
{"arg":"form ","icon":{"path":"translate.png"},"quicklookurl":"http:\/\/youdao.com\/w\/form+","subtitle":"form","text":{"copy":"\u8868\u683c,\u5f62\u5f0f,\u8868\u5355,\u7a97\u4f53"},"title":"\u8868\u683c,\u5f62\u5f0f,\u8868\u5355,\u7a97\u4f53","valid":true}
{"arg":"f","icon":{"path":"translate.png"},"quicklookurl":"http:\/\/youdao.com\/w\/f","subtitle":"Axel F","text":{"copy":"\u6293\u72c2\u53ee\u549a,\u6293\u72c2\u53ee\u53ee,\u6c42\u91c7\u7eb3,\u75af\u72c2\u9752\u86d9"},"title":"\u6293\u72c2\u53ee\u549a,\u6293\u72c2\u53ee\u53ee,\u6c42\u91c7\u7eb3,\u75af\u72c2\u9752\u86d9","valid":true}
{"arg":"fro","icon":{"path":"translate.png"},"quicklookurl":"http:\/\/youdao.com\/w\/fro","subtitle":"Fro","text":{"copy":"\u6765\u6765\u5f80\u5f80,\u6b63\u4ea4\u504f\u79fb\u6355\u6349,\u8f93\u51fa,\u542b\u7ed2\u91cf"},"title":"\u6765\u6765\u5f80\u5f80,\u6b63\u4ea4\u504f\u79fb\u6355\u6349,\u8f93\u51fa,\u542b\u7ed2\u91cf","valid":true}
{"arg":"from","icon":{"path":"translate.png"},"quicklookurl":"http:\/\/youdao.com\/w\/from","subtitle":"FROM","text":{"copy":"\u4ece\u4e34\u65f6\u53c2\u7167\u5230\u504f\u79fb,\u6765\u81ea,\u8d77\u70b9\u57ce\u5e02,\u5f17\u5170"},"title":"\u4ece\u4e34\u65f6\u53c2\u7167\u5230\u504f\u79fb,\u6765\u81ea,\u8d77\u70b9\u57ce\u5e02,\u5f17\u5170","valid":true}
{"arg":"from ","icon":{"path":"translate.png"},"quicklookurl":"http:\/\/youdao.com\/w\/from+","subtitle":"FROM","text":{"copy":"\u4ece\u4e34\u65f6\u53c2\u7167\u5230\u504f\u79fb,\u6765\u81ea,\u8d77\u70b9\u57ce\u5e02,\u5f17\u5170"},"title":"\u4ece\u4e34\u65f6\u53c2\u7167\u5230\u504f\u79fb,\u6765\u81ea,\u8d77\u70b9\u57ce\u5e02,\u5f17\u5170","valid":true}
{"arg":"from scratch","icon":{"path":"translate.png"},"quicklookurl":"http:\/\/youdao.com\/w\/from+scratch","subtitle":"from scratch","text":{"copy":"\u4ece\u5934\u5f00\u59cb,\u4ece\u96f6\u5f00\u59cb,\u4ece\u5934\u505a\u8d77"},"title":"\u4ece\u5934\u5f00\u59cb,\u4ece\u96f6\u5f00\u59cb,\u4ece\u5934\u505a\u8d77","valid":true}
{"arg":"stuff","icon":{"path":"translate.png"},"quicklookurl":"http:\/\/youdao.com\/w\/stuff","subtitle":"Stuff","text":{"copy":"\u6750\u6599,\u88c5\u96c6\u88c5\u7bb1,\u539f\u6599,\u586b\u585e"},"title":"\u6750\u6599,\u88c5\u96c6\u88c5\u7bb1,\u539f\u6599,\u586b\u585e","valid":true}
{"arg":"st","icon":{"path":"translate.png"},"quicklookurl":"http:\/\/youdao.com\/w\/st","subtitle":"ST","text":{"copy":"\u610f\u6cd5\u534a\u5bfc\u4f53,\u5723\u591a\u7f8e\u548c\u666e\u6797\u897f\u6bd4,\u6587\u5b57\u6837\u5f0f\u7ba1\u7406\u5668,\u6052\u661f\u65f6"},"title":"\u610f\u6cd5\u534a\u5bfc\u4f53,\u5723\u591a\u7f8e\u548c\u666e\u6797\u897f\u6bd4,\u6587\u5b57\u6837\u5f0f\u7ba1\u7406\u5668,\u6052\u661f\u65f6","valid":true}
{"arg":"staff","icon":{"path":"translate.png"},"quicklookurl":"http:\/\/youdao.com\/w\/staff","subtitle":"Staff","text":{"copy":"\u5de5\u4f5c\u4eba\u5458,\u804c\u5458,\u5458\u5de5"},"title":"\u5de5\u4f5c\u4eba\u5458,\u804c\u5458,\u5458\u5de5","valid":true}
{"arg":"ex","icon":{"path":"translate.png"},"quicklookurl":"http:\/\/youdao.com\/w\/ex","subtitle":"EX","text":{"copy":"\u5ef6\u4f38,\u5ef6\u957f,\u53ef\u71c3\u6c14\u4f53,\u524d\u4efb"},"title":"\u5ef6\u4f38,\u5ef6\u957f,\u53ef\u71c3\u6c14\u4f53,\u524d\u4efb","valid":true}
{"arg":"exe","icon":{"path":"translate.png"},"quicklookurl":"http:\/\/youdao.com\/w\/exe","subtitle":"EXE","text":{"copy":"\u6863\u6848\u683c\u5f0f,\u7a0b\u5e8f\u52a0\u5bc6,\u6267\u884c\u6587\u4ef6,\u6863\u6848\u5185\u5bb9"},"title":"\u6863\u6848\u683c\u5f0f,\u7a0b\u5e8f\u52a0\u5bc6,\u6267\u884c\u6587\u4ef6,\u6863\u6848\u5185\u5bb9","valid":true}
{"arg":"exec","icon":{"path":"translate.png"},"quicklookurl":"http:\/\/youdao.com\/w\/exec","subtitle":"exec","text":{"copy":"\u6267\u884c,\u5f00\u59cb,\u8bed\u53e5"},"title":"\u6267\u884c,\u5f00\u59cb,\u8bed\u53e5","valid":true}
{"arg":"execut","icon":{"path":"translate.png"},"quicklookurl":"http:\/\/youdao.com\/w\/execut","subtitle":"Execut","text":{"copy":"\u5927\u73ed\u53f0,\u5927\u73ed\u6905,\u5b9e\u884c"},"title":"\u5927\u73ed\u53f0,\u5927\u73ed\u6905,\u5b9e\u884c","valid":true}
{"arg":"executing","icon":{"path":"translate.png"},"quicklookurl":"http:\/\/youdao.com\/w\/executing","subtitle":"Executing","text":{"copy":"\u6267\u884c,\u6267\u884c\u9636\u6bb5,\u884c\u72b6\u6001,\u7a0b\u5f0f"},"title":"\u6267\u884c,\u6267\u884c\u9636\u6bb5,\u884c\u72b6\u6001,\u7a0b\u5f0f","valid":true}
{"arg":"ex","icon":{"path":"translate.png"},"quicklookurl":"http:\/\/youdao.com\/w\/ex","subtitle":"EX","text":{"copy":"\u5ef6\u4f38,\u5ef6\u957f,\u53ef\u71c3\u6c14\u4f53,\u524d\u4efb"},"title":"\u5ef6\u4f38,\u5ef6\u957f,\u53ef\u71c3\u6c14\u4f53,\u524d\u4efb","valid":true}
{"arg":"exo","icon":{"path":"translate.png"},"quicklookurl":"http:\/\/youdao.com\/w\/exo","subtitle":"EXO","text":{"copy":"\u5434\u4e16\u52cb"},"title":"\u5434\u4e16\u52cb","valid":true}
{"arg":"ex","icon":{"path":"translate.png"},"quicklookurl":"http:\/\/youdao.com\/w\/ex","subtitle":"EX","text":{"copy":"\u5ef6\u4f38,\u5ef6\u957f,\u53ef\u71c3\u6c14\u4f53,\u524d\u4efb"},"title":"\u5ef6\u4f38,\u5ef6\u957f,\u53ef\u71c3\u6c14\u4f53,\u524d\u4efb","valid":true}
{"arg":"exit","icon":{"path":"translate.png"},"quicklookurl":"http:\/\/youdao.com\/w\/exit","subtitle":"Exit","text":{"copy":"\u51fa\u53e3,\u9000\u51fa,\u79bb\u5f00,\u767b\u51fa"},"title":"\u51fa\u53e3,\u9000\u51fa,\u79bb\u5f00,\u767b\u51fa","valid":true}
{"arg":"e","icon":{"path":"translate.png"},"quicklookurl":"http:\/\/youdao.com\/w\/e","subtitle":"Vitamin E","text":{"copy":"\u7ef4\u751f\u7d20E,\u7ef4\u4ed6\u547dE,\u7ef4\u751f\u7d20,\u751f\u80b2\u915a"},"title":"\u7ef4\u751f\u7d20E,\u7ef4\u4ed6\u547dE,\u7ef4\u751f\u7d20,\u751f\u80b2\u915a","valid":true}
{"arg":"e","icon":{"path":"translate.png"},"quicklookurl":"http:\/\/youdao.com\/w\/e","subtitle":"Vitamin E","text":{"copy":"\u7ef4\u751f\u7d20E,\u7ef4\u4ed6\u547dE,\u7ef4\u751f\u7d20,\u751f\u80b2\u915a"},"title":"\u7ef4\u751f\u7d20E,\u7ef4\u4ed6\u547dE,\u7ef4\u751f\u7d20,\u751f\u80b2\u915a","valid":true}
{"arg":"ex","icon":{"path":"translate.png"},"quicklookurl":"http:\/\/youdao.com\/w\/ex","subtitle":"EX","text":{"copy":"\u5ef6\u4f38,\u5ef6\u957f,\u53ef\u71c3\u6c14\u4f53,\u524d\u4efb"},"title":"\u5ef6\u4f38,\u5ef6\u957f,\u53ef\u71c3\u6c14\u4f53,\u524d\u4efb","valid":true}
{"arg":"exc","icon":{"path":"translate.png"},"quicklookurl":"http:\/\/youdao.com\/w\/exc","subtitle":"EXC","text":{"copy":"\u7535\u6c60,\u5b9d\u7acb\u6765,\u5916\u90e8,\u4e73\u767d\u53cc\u8272\u5f02\u56fd\u77ed\u6bdb\u732b"},"title":"\u7535\u6c60,\u5b9d\u7acb\u6765,\u5916\u90e8,\u4e73\u767d\u53cc\u8272\u5f02\u56fd\u77ed\u6bdb\u732b","valid":true}
{"arg":"ex","icon":{"path":"translate.png"},"quicklookurl":"http:\/\/youdao.com\/w\/ex","subtitle":"EX","text":{"copy":"\u5ef6\u4f38,\u5ef6\u957f,\u53ef\u71c3\u6c14\u4f53,\u524d\u4efb"},"title":"\u5ef6\u4f38,\u5ef6\u957f,\u53ef\u71c3\u6c14\u4f53,\u524d\u4efb","valid":true}
{"arg":"exe","icon":{"path":"translate.png"},"quicklookurl":"http:\/\/youdao.com\/w\/exe","subtitle":"EXE","text":{"copy":"\u6863\u6848\u683c\u5f0f,\u7a0b\u5e8f\u52a0\u5bc6,\u6267\u884c\u6587\u4ef6,\u6863\u6848\u5185\u5bb9"},"title":"\u6863\u6848\u683c\u5f0f,\u7a0b\u5e8f\u52a0\u5bc6,\u6267\u884c\u6587\u4ef6,\u6863\u6848\u5185\u5bb9","valid":true}
{"arg":"exec","icon":{"path":"translate.png"},"quicklookurl":"http:\/\/youdao.com\/w\/exec","subtitle":"exec","text":{"copy":"\u6267\u884c,\u5f00\u59cb,\u8bed\u53e5"},"title":"\u6267\u884c,\u5f00\u59cb,\u8bed\u53e5","valid":true}
{"arg":"execute","icon":{"path":"translate.png"},"quicklookurl":"http:\/\/youdao.com\/w\/execute","subtitle":"execute","text":{"copy":"\u6267\u884c,\u5b9e\u884c,\u5b9e\u65bd,\u5904\u51b3"},"title":"\u6267\u884c,\u5b9e\u884c,\u5b9e\u65bd,\u5904\u51b3","valid":true}
{"arg":"invo","icon":{"path":"translate.png"},"quicklookurl":"http:\/\/youdao.com\/w\/invo","subtitle":"INVO","text":{"copy":"\u8fdb\u53e3\u53d1\u7968,\u6838\u67e5\u529e"},"title":"\u8fdb\u53e3\u53d1\u7968,\u6838\u67e5\u529e","valid":true}
{"arg":"invocation","icon":{"path":"translate.png"},"quicklookurl":"http:\/\/youdao.com\/w\/invocation","subtitle":"invocation","text":{"copy":"\u7948\u6c42,\u8c03\u7528,\u7948\u7977,\u5492\u672f"},"title":"\u7948\u6c42,\u8c03\u7528,\u7948\u7977,\u5492\u672f","valid":true}
{"arg":"Miles Morales","icon":{"path":"translate.png"},"quicklookurl":"http:\/\/youdao.com\/w\/%E8%BF%88%E5%B0%94%E6%96%AF%C2%B7%E8%8E%AB%E6%8B%89%E8%8E%B1%E6%96%AF","subtitle":"\u8fc8\u5c14\u65af\u00b7\u83ab\u62c9\u83b1\u65af","text":{"copy":"Miles Morales"},"title":"Miles Morales","valid":true}
{"arg":"recursive","icon":{"path":"translate.png"},"quicklookurl":"http:\/\/youdao.com\/w\/%E9%80%92%E5%BD%92","subtitle":"\u9012\u5f52","text":{"copy":"Recursion,recursive,Recursion"},"title":"Recursion,recursive,Recursion","valid":true}
{"arg":"recur","icon":{"path":"translate.png"},"quicklookurl":"http:\/\/youdao.com\/w\/recur","subtitle":"recur","text":{"copy":"\u518d\u53d1\u751f,\u590d\u53d1,\u91cd\u73b0,\u518d\u6765"},"title":"\u518d\u53d1\u751f,\u590d\u53d1,\u91cd\u73b0,\u518d\u6765","valid":true}
{"arg":"fragment","icon":{"path":"translate.png"},"quicklookurl":"http:\/\/youdao.com\/w\/fragment","subtitle":"Fragment","text":{"copy":"\u7247\u6bb5,\u7247\u65ad,\u788e\u7247,\u6bb5"},"title":"\u7247\u6bb5,\u7247\u65ad,\u788e\u7247,\u6bb5","valid":true}
{"arg":"cass","icon":{"path":"translate.png"},"quicklookurl":"http:\/\/youdao.com\/w\/cass","subtitle":"CASS","text":{"copy":"\u4e2d\u56fd\u793e\u4f1a\u79d1\u5b66\u9662,\u5faa\u73af\u5f0f\u6d3b\u6027\u6c61\u6ce5\u6cd5,\u76d0\u96fe\u8bd5\u9a8c,\u94dc\u76d0\u52a0\u901f\u4e59\u9178\u76d0\u96fe\u8bd5\u9a8c"},"title":"\u4e2d\u56fd\u793e\u4f1a\u79d1\u5b66\u9662,\u5faa\u73af\u5f0f\u6d3b\u6027\u6c61\u6ce5\u6cd5,\u76d0\u96fe\u8bd5\u9a8c,\u94dc\u76d0\u52a0\u901f\u4e59\u9178\u76d0\u96fe\u8bd5\u9a8c","valid":true}
{"arg":"cass","icon":{"path":"translate.png"},"quicklookurl":"http:\/\/youdao.com\/w\/cass","subtitle":"CASS","text":{"copy":"\u4e2d\u56fd\u793e\u4f1a\u79d1\u5b66\u9662,\u5faa\u73af\u5f0f\u6d3b\u6027\u6c61\u6ce5\u6cd5,\u76d0\u96fe\u8bd5\u9a8c,\u94dc\u76d0\u52a0\u901f\u4e59\u9178\u76d0\u96fe\u8bd5\u9a8c"},"title":"\u4e2d\u56fd\u793e\u4f1a\u79d1\u5b66\u9662,\u5faa\u73af\u5f0f\u6d3b\u6027\u6c61\u6ce5\u6cd5,\u76d0\u96fe\u8bd5\u9a8c,\u94dc\u76d0\u52a0\u901f\u4e59\u9178\u76d0\u96fe\u8bd5\u9a8c","valid":true}
{"arg":"cassowary","icon":{"path":"translate.png"},"quicklookurl":"http:\/\/youdao.com\/w\/cassowary","subtitle":"cassowary","text":{"copy":"\u9e64\u9e35,\u98df\u706b\u9e21,\u9e64\u9a7c,\u98df\u7528\u706b\u9e21"},"title":"\u9e64\u9e35,\u98df\u706b\u9e21,\u9e64\u9a7c,\u98df\u7528\u706b\u9e21","valid":true}
{"arg":"deny","icon":{"path":"translate.png"},"quicklookurl":"http:\/\/youdao.com\/w\/deny","subtitle":"Deny","text":{"copy":"\u5426\u8ba4,\u62d2\u7edd,\u5426\u5b9a,\u62d2\u7edd\u76f8\u4fe1"},"title":"\u5426\u8ba4,\u62d2\u7edd,\u5426\u5b9a,\u62d2\u7edd\u76f8\u4fe1","valid":true}
{"arg":"t","icon":{"path":"translate.png"},"quicklookurl":"http:\/\/youdao.com\/w\/t","subtitle":"T RK","text":{"copy":"\u571f\u8033\u5176\u8bed"},"title":"\u571f\u8033\u5176\u8bed","valid":true}
{"arg":"to","icon":{"path":"translate.png"},"quicklookurl":"http:\/\/youdao.com\/w\/to","subtitle":"to","text":{"copy":"\u6c64\u52a0,\u524d\u5f80\u57ce\u5e02,\u6070\u597d\u5730,\u5230"},"title":"\u6c64\u52a0,\u524d\u5f80\u57ce\u5e02,\u6070\u597d\u5730,\u5230","valid":true}
{"arg":"togg","icon":{"path":"translate.png"},"quicklookurl":"http:\/\/youdao.com\/w\/togg","subtitle":"togg","text":{"copy":"\u662f\u4ec0\u4e48\u610f\u601d,\u7ed9\u7a7f\u4e0a"},"title":"\u662f\u4ec0\u4e48\u610f\u601d,\u7ed9\u7a7f\u4e0a","valid":true}
{"arg":"togg","icon":{"path":"translate.png"},"quicklookurl":"http:\/\/youdao.com\/w\/togg","subtitle":"togg","text":{"copy":"\u662f\u4ec0\u4e48\u610f\u601d,\u7ed9\u7a7f\u4e0a"},"title":"\u662f\u4ec0\u4e48\u610f\u601d,\u7ed9\u7a7f\u4e0a","valid":true}
{"arg":"toggling","icon":{"path":"translate.png"},"quicklookurl":"http:\/\/youdao.com\/w\/toggling","subtitle":"Toggling","text":{"copy":"\u7ef7\u677f,\u7ef7\u6273,\u50cf\u7d20\u7ffb\u8f6c"},"title":"\u7ef7\u677f,\u7ef7\u6273,\u50cf\u7d20\u7ffb\u8f6c","valid":true}
{"arg":"toggle","icon":{"path":"translate.png"},"quicklookurl":"http:\/\/youdao.com\/w\/toggle","subtitle":"toggle","text":{"copy":"\u5207\u6362,\u5f00\u5173,\u62e8\u52a8,\u89e6\u53d1\u5668"},"title":"\u5207\u6362,\u5f00\u5173,\u62e8\u52a8,\u89e6\u53d1\u5668","valid":true}
{"arg":"to","icon":{"path":"translate.png"},"quicklookurl":"http:\/\/youdao.com\/w\/to","subtitle":"to","text":{"copy":"\u6c64\u52a0,\u524d\u5f80\u57ce\u5e02,\u6070\u597d\u5730,\u5230"},"title":"\u6c64\u52a0,\u524d\u5f80\u57ce\u5e02,\u6070\u597d\u5730,\u5230","valid":true}
{"arg":"toggle","icon":{"path":"translate.png"},"quicklookurl":"http:\/\/youdao.com\/w\/toggle","subtitle":"toggle","text":{"copy":"\u5207\u6362,\u5f00\u5173,\u62e8\u52a8,\u89e6\u53d1\u5668"},"title":"\u5207\u6362,\u5f00\u5173,\u62e8\u52a8,\u89e6\u53d1\u5668","valid":true}
{"arg":"reveal","icon":{"path":"translate.png"},"quicklookurl":"http:\/\/youdao.com\/w\/reveal","subtitle":"reveal","text":{"copy":"\u63ed\u793a,\u63ed\u9732,\u900f\u9732,\u5c55\u73b0"},"title":"\u63ed\u793a,\u63ed\u9732,\u900f\u9732,\u5c55\u73b0","valid":true}
{"arg":"The resident","icon":{"path":"translate.png"},"quicklookurl":"http:\/\/youdao.com\/w\/%E5%B8%B8%E9%A9%BB","subtitle":"\u5e38\u9a7b","text":{"copy":"Permanent,Year-round resident,resident,resident correspondent"},"title":"Permanent,Year-round resident,resident,resident correspondent","valid":true}
{"arg":"often","icon":{"path":"translate.png"},"quicklookurl":"http:\/\/youdao.com\/w\/%E5%B8%B8","subtitle":"\u5e38","text":{"copy":"YOEKEY,IRMA,kojl,IvyChinoise"},"title":"YOEKEY,IRMA,kojl,IvyChinoise","valid":true}
{"arg":"perman","icon":{"path":"translate.png"},"quicklookurl":"http:\/\/youdao.com\/w\/perman","subtitle":"Perman","text":{"copy":"\u540d\u5b57,\u5e15\u5c14\u66fc"},"title":"\u540d\u5b57,\u5e15\u5c14\u66fc","valid":true}
{"arg":"permanent","icon":{"path":"translate.png"},"quicklookurl":"http:\/\/youdao.com\/w\/permanent","subtitle":"permanent","text":{"copy":"\u6c38\u4e45\u7684,\u6c38\u4e45\u6027,\u5e38\u9a7b,\u6c38\u6052\u7684"},"title":"\u6c38\u4e45\u7684,\u6c38\u4e45\u6027,\u5e38\u9a7b,\u6c38\u6052\u7684","valid":true}
{"arg":"Predicate","icon":{"path":"translate.png"},"quicklookurl":"http:\/\/youdao.com\/w\/Predicate","subtitle":"predicate","text":{"copy":"\u8c13\u8bed,\u8c13\u8bcd,\u8c13\u8bcd,\u8ff0\u8bcd"},"title":"\u8c13\u8bed,\u8c13\u8bcd,\u8c13\u8bcd,\u8ff0\u8bcd","valid":true}
{"arg":"legacy","icon":{"path":"translate.png"},"quicklookurl":"http:\/\/youdao.com\/w\/legacy","subtitle":"Legacy","text":{"copy":"\u9057\u4ea7,\u529b\u72ee,\u9057\u4ea7,\u9057\u8d60"},"title":"\u9057\u4ea7,\u529b\u72ee,\u9057\u4ea7,\u9057\u8d60","valid":true}
{"arg":"legacy ","icon":{"path":"translate.png"},"quicklookurl":"http:\/\/youdao.com\/w\/legacy+","subtitle":"Legacy","text":{"copy":"\u9057\u4ea7,\u529b\u72ee,\u9057\u4ea7,\u9057\u8d60"},"title":"\u9057\u4ea7,\u529b\u72ee,\u9057\u4ea7,\u9057\u8d60","valid":true}
{"arg":"dum","icon":{"path":"translate.png"},"quicklookurl":"http:\/\/youdao.com\/w\/dum","subtitle":"Dum","text":{"copy":"\u4e8e\u9617"},"title":"\u4e8e\u9617","valid":true}
{"arg":"dump","icon":{"path":"translate.png"},"quicklookurl":"http:\/\/youdao.com\/w\/dump","subtitle":"dump","text":{"copy":"\u503e\u5012,\u8f6c\u50a8,\u503e\u5378,\u503e\u9500"},"title":"\u503e\u5012,\u8f6c\u50a8,\u503e\u5378,\u503e\u9500","valid":true}
{"arg":"dumping","icon":{"path":"translate.png"},"quicklookurl":"http:\/\/youdao.com\/w\/dumping","subtitle":"dumping","text":{"copy":"\u503e\u9500,\u5546\u54c1\u503e\u9500,\u629b\u552e,\u63a8\u9500"},"title":"\u503e\u9500,\u5546\u54c1\u503e\u9500,\u629b\u552e,\u63a8\u9500","valid":true}
{"arg":"dump","icon":{"path":"translate.png"},"quicklookurl":"http:\/\/youdao.com\/w\/dump","subtitle":"dump","text":{"copy":"\u503e\u5012,\u8f6c\u50a8,\u503e\u5378,\u503e\u9500"},"title":"\u503e\u5012,\u8f6c\u50a8,\u503e\u5378,\u503e\u9500","valid":true}
{"arg":"panic","icon":{"path":"translate.png"},"quicklookurl":"http:\/\/youdao.com\/w\/panic","subtitle":"panic","text":{"copy":"\u6050\u614c,\u60ca\u614c,\u4f7f\u6050\u614c,\u6bdb\u8e81"},"title":"\u6050\u614c,\u60ca\u614c,\u4f7f\u6050\u614c,\u6bdb\u8e81","valid":true}
{"arg":"Invalid","icon":{"path":"translate.png"},"quicklookurl":"http:\/\/youdao.com\/w\/Invalid","subtitle":"Invalid","text":{"copy":"\u65e0\u6548,\u75c5\u53f7,\u5931\u6548,\u4f5c\u5e9f"},"title":"\u65e0\u6548,\u75c5\u53f7,\u5931\u6548,\u4f5c\u5e9f","valid":true}
{"arg":"uncomment","icon":{"path":"translate.png"},"quicklookurl":"http:\/\/youdao.com\/w\/uncomment","subtitle":"uncomment","text":{"copy":"\u53d6\u6d88\u6279\u6ce8,\u53d6\u6d88\u6ce8\u91ca,\u53d6\u6d88\u5907\u6ce8,\u53d6\u6d88\u6ce8\u89e3"},"title":"\u53d6\u6d88\u6279\u6ce8,\u53d6\u6d88\u6ce8\u91ca,\u53d6\u6d88\u5907\u6ce8,\u53d6\u6d88\u6ce8\u89e3","valid":true}
{"arg":"d","icon":{"path":"translate.png"},"quicklookurl":"http:\/\/youdao.com\/w\/d","subtitle":"vitamin D","text":{"copy":"\u7ef4\u751f\u7d20D,\u9499\u5316\u9187,\u56fd\u9645\u5355\u4f4d"},"title":"\u7ef4\u751f\u7d20D,\u9499\u5316\u9187,\u56fd\u9645\u5355\u4f4d","valid":true}
{"arg":"baked","icon":{"path":"translate.png"},"quicklookurl":"http:\/\/youdao.com\/w\/baked","subtitle":"Baked","text":{"copy":"\u51fa\u7089,\u70d8\u7684,\u70d8\u8fc7\u7684,\u70e4\u5236"},"title":"\u51fa\u7089,\u70d8\u7684,\u70d8\u8fc7\u7684,\u70e4\u5236","valid":true}
{"arg":"bake","icon":{"path":"translate.png"},"quicklookurl":"http:\/\/youdao.com\/w\/bake","subtitle":"bake","text":{"copy":"\u70e4,\u70e7\u786c,\u70d8\u70e4,\u70d8\u7119"},"title":"\u70e4,\u70e7\u786c,\u70d8\u70e4,\u70d8\u7119","valid":true}
{"arg":"curl","icon":{"path":"translate.png"},"quicklookurl":"http:\/\/youdao.com\/w\/curl","subtitle":"curl","text":{"copy":"\u65cb\u5ea6,\u5377\u66f2,\u5377\u8d77,\u5377\u66f2\u6b65"},"title":"\u65cb\u5ea6,\u5377\u66f2,\u5377\u8d77,\u5377\u66f2\u6b65","valid":true}
{"arg":"transparency","icon":{"path":"translate.png"},"quicklookurl":"http:\/\/youdao.com\/w\/transparency","subtitle":"Transparency","text":{"copy":"\u900f\u660e\u5ea6,\u900f\u660e,\u900f\u660e\u6027,\u900f\u660e\u5ea6"},"title":"\u900f\u660e\u5ea6,\u900f\u660e,\u900f\u660e\u6027,\u900f\u660e\u5ea6","valid":true}
{"arg":"Decluttering","icon":{"path":"translate.png"},"quicklookurl":"http:\/\/youdao.com\/w\/Decluttering","subtitle":"decluttering","text":{"copy":"\u6e05\u9664\u6742\u4e71,\u6574\u7406\u64cd\u4f5c"},"title":"\u6e05\u9664\u6742\u4e71,\u6574\u7406\u64cd\u4f5c","valid":true}
{"arg":"dummy","icon":{"path":"translate.png"},"quicklookurl":"http:\/\/youdao.com\/w\/dummy","subtitle":"Dummy","text":{"copy":"\u5047\u4eba,\u54d1\u7684,\u54d1\u5df4,\u865a\u8bbe"},"title":"\u5047\u4eba,\u54d1\u7684,\u54d1\u5df4,\u865a\u8bbe","valid":true}
{"arg":"s","icon":{"path":"translate.png"},"quicklookurl":"http:\/\/youdao.com\/w\/s","subtitle":"S Doradus","text":{"copy":"\u5251\u9c7c\u5ea7S"},"title":"\u5251\u9c7c\u5ea7S","valid":true}
{"arg":"stuck","icon":{"path":"translate.png"},"quicklookurl":"http:\/\/youdao.com\/w\/stuck","subtitle":"Stuck","text":{"copy":"\u5361\u4f4f,\u8f66\u7978\u60ca\u9b42,\u88ab\u5361\u4f4f,\u5361\u58f3"},"title":"\u5361\u4f4f,\u8f66\u7978\u60ca\u9b42,\u88ab\u5361\u4f4f,\u5361\u58f3","valid":true}
{"arg":"A planet","icon":{"path":"translate.png"},"quicklookurl":"http:\/\/youdao.com\/w\/%E8%A1%8C%E6%98%9F","subtitle":"\u884c\u661f","text":{"copy":"Planet,The Planets,Nibiru,pianeta"},"title":"Planet,The Planets,Nibiru,pianeta","valid":true}
{"arg":"EXTRAS","icon":{"path":"translate.png"},"quicklookurl":"http:\/\/youdao.com\/w\/EXTRAS","subtitle":"Extras","text":{"copy":"\u4e34\u65f6\u6f14\u5458,\u6742\u8d39,\u9644\u52a0\u6761\u4ef6,\u9644\u52a0\u529f\u80fd"},"title":"\u4e34\u65f6\u6f14\u5458,\u6742\u8d39,\u9644\u52a0\u6761\u4ef6,\u9644\u52a0\u529f\u80fd","valid":true}
{"arg":"crucial","icon":{"path":"translate.png"},"quicklookurl":"http:\/\/youdao.com\/w\/crucial","subtitle":"Crucial","text":{"copy":"\u82f1\u777f\u8fbe,\u7f8e\u5149,\u81f3\u5173\u7d27\u8981\u7684,\u653b\u575a"},"title":"\u82f1\u777f\u8fbe,\u7f8e\u5149,\u81f3\u5173\u7d27\u8981\u7684,\u653b\u575a","valid":true}
{"arg":"harmless","icon":{"path":"translate.png"},"quicklookurl":"http:\/\/youdao.com\/w\/harmless","subtitle":"harmless","text":{"copy":"\u65e0\u5bb3\u7684,\u4e0d\u81f4\u4f24\u7684,\u65e0\u5bb3\u5316,\u6709\u76ca\u65e0\u5bb3"},"title":"\u65e0\u5bb3\u7684,\u4e0d\u81f4\u4f24\u7684,\u65e0\u5bb3\u5316,\u6709\u76ca\u65e0\u5bb3","valid":true}
{"arg":"project","icon":{"path":"translate.png"},"quicklookurl":"http:\/\/youdao.com\/w\/project","subtitle":"Project","text":{"copy":"\u9879\u76ee,\u5de5\u7a0b,\u9879\u76ee,\u8ba1\u5212"},"title":"\u9879\u76ee,\u5de5\u7a0b,\u9879\u76ee,\u8ba1\u5212","valid":true}
{"arg":"gear","icon":{"path":"translate.png"},"quicklookurl":"http:\/\/youdao.com\/w\/gear","subtitle":"gear","text":{"copy":"\u9f7f\u8f6e,\u4f20\u52a8\u88c5\u7f6e,\u9f7f\u8f6e\u673a\u6784,\u88c5\u5907"},"title":"\u9f7f\u8f6e,\u4f20\u52a8\u88c5\u7f6e,\u9f7f\u8f6e\u673a\u6784,\u88c5\u5907","valid":true}
{"arg":"convenience","icon":{"path":"translate.png"},"quicklookurl":"http:\/\/youdao.com\/w\/convenience","subtitle":"Convenience","text":{"copy":"\u65b9\u4fbf,\u4fbf\u5229\u6027,\u4fbf\u5229,\u65b9\u4fbf\u6027"},"title":"\u65b9\u4fbf,\u4fbf\u5229\u6027,\u4fbf\u5229,\u65b9\u4fbf\u6027","valid":true}
{"arg":"re","icon":{"path":"translate.png"},"quicklookurl":"http:\/\/youdao.com\/w\/re","subtitle":"RE","text":{"copy":"\u6a61\u80f6\u7c98\u5408\u5242,\u7559\u5c3c\u6c6a,\u9006\u5411\u5de5\u7a0b,\u96f7\u8bfa\u6570"},"title":"\u6a61\u80f6\u7c98\u5408\u5242,\u7559\u5c3c\u6c6a,\u9006\u5411\u5de5\u7a0b,\u96f7\u8bfa\u6570","valid":true}
{"arg":"recipe","icon":{"path":"translate.png"},"quicklookurl":"http:\/\/youdao.com\/w\/recipe","subtitle":"recipe","text":{"copy":"\u98df\u8c31,\u5904\u65b9,\u914d\u65b9,\u83dc\u8c31"},"title":"\u98df\u8c31,\u5904\u65b9,\u914d\u65b9,\u83dc\u8c31","valid":true}
{"arg":"r","icon":{"path":"translate.png"},"quicklookurl":"http:\/\/youdao.com\/w\/r","subtitle":"Exmor R","text":{"copy":"\u5f71\u50cf\u4f20\u611f\u5668,\u80cc\u7167\u5f0f,\u80cc\u7167\u5f0f\u611f\u5149\u5143\u4ef6,\u6444\u50cf\u5934"},"title":"\u5f71\u50cf\u4f20\u611f\u5668,\u80cc\u7167\u5f0f,\u80cc\u7167\u5f0f\u611f\u5149\u5143\u4ef6,\u6444\u50cf\u5934","valid":true}
{"arg":"in","icon":{"path":"translate.png"},"quicklookurl":"http:\/\/youdao.com\/w\/in","subtitle":"in","text":{"copy":"\u82f1\u5bf8,\u5370\u5ea6,\u8f93\u5165,\u4eba\u53e3"},"title":"\u82f1\u5bf8,\u5370\u5ea6,\u8f93\u5165,\u4eba\u53e3","valid":true}
{"arg":"ing","icon":{"path":"translate.png"},"quicklookurl":"http:\/\/youdao.com\/w\/ing","subtitle":"ING","text":{"copy":"\u8377\u5170\u56fd\u9645\u96c6\u56e2(Internationale Nederlanden Group),\u94f6\u884c,\u8377\u5170\u56fd\u9645\u56e2\u4f53,\u578b\u7531\u4e8e\u9274"},"title":"\u8377\u5170\u56fd\u9645\u96c6\u56e2(Internationale Nederlanden Group),\u94f6\u884c,\u8377\u5170\u56fd\u9645\u56e2\u4f53,\u578b\u7531\u4e8e\u9274","valid":true}
{"arg":"ingred","icon":{"path":"translate.png"},"quicklookurl":"http:\/\/youdao.com\/w\/ingred","subtitle":"ingred","text":{"copy":"\u6210\u5206,\u56e0\u7d20,\u59d3"},"title":"\u6210\u5206,\u56e0\u7d20,\u59d3","valid":true}
{"arg":"ingredi","icon":{"path":"translate.png"},"quicklookurl":"http:\/\/youdao.com\/w\/ingredi","subtitle":"Hotel Ingredi","text":{"copy":"\u82f1\u683c\u62c9\u8482\u9152\u5e97"},"title":"\u82f1\u683c\u62c9\u8482\u9152\u5e97","valid":true}
{"arg":"ingredient","icon":{"path":"translate.png"},"quicklookurl":"http:\/\/youdao.com\/w\/ingredient","subtitle":"Ingredient","text":{"copy":"\u6210\u5206,\u914d\u6599,\u7ec4\u6210\u90e8\u5206,\u98df\u6750"},"title":"\u6210\u5206,\u914d\u6599,\u7ec4\u6210\u90e8\u5206,\u98df\u6750","valid":true}
