{"arg":"movie","icon":{"path":"translate.png"},"quicklookurl":"http:\/\/youdao.com\/w\/movie","subtitle":"Movie","text":{"copy":"\u7535\u5f71,\u5f71\u7247,\u5f71\u89c6\u58c1\u7eb8,\u5f71\u89c6"},"title":"\u7535\u5f71,\u5f71\u7247,\u5f71\u89c6\u58c1\u7eb8,\u5f71\u89c6","valid":true}
{"arg":"movies","icon":{"path":"translate.png"},"quicklookurl":"http:\/\/youdao.com\/w\/movies","subtitle":"Movies","text":{"copy":"\u7535\u5f71,\u7535,\u770b\u7535\u5f71,\u7535\u5f71\u58c1\u7eb8"},"title":"\u7535\u5f71,\u7535,\u770b\u7535\u5f71,\u7535\u5f71\u58c1\u7eb8","valid":true}
{"arg":"movie","icon":{"path":"translate.png"},"quicklookurl":"http:\/\/youdao.com\/w\/movie","subtitle":"Movie","text":{"copy":"\u7535\u5f71,\u5f71\u7247,\u5f71\u89c6\u58c1\u7eb8,\u5f71\u89c6"},"title":"\u7535\u5f71,\u5f71\u7247,\u5f71\u89c6\u58c1\u7eb8,\u5f71\u89c6","valid":true}
{"arg":"s","icon":{"path":"translate.png"},"quicklookurl":"http:\/\/youdao.com\/w\/s","subtitle":"S Doradus","text":{"copy":"\u5251\u9c7c\u5ea7S"},"title":"\u5251\u9c7c\u5ea7S","valid":true}
{"arg":"spider","icon":{"path":"translate.png"},"quicklookurl":"http:\/\/youdao.com\/w\/spider","subtitle":"spider","text":{"copy":"\u8718\u86db,\u4e09\u89d2\u67b6,\u722c\u884c\u5668,\u8718\u86db\u7a0b\u5e8f"},"title":"\u8718\u86db,\u4e09\u89d2\u67b6,\u722c\u884c\u5668,\u8718\u86db\u7a0b\u5e8f","valid":true}
{"arg":"c","icon":{"path":"translate.png"},"quicklookurl":"http:\/\/youdao.com\/w\/c","subtitle":"Vitamin C","text":{"copy":"\u7ef4\u751f\u7d20C,\u7ef4\u4ed6\u547dC,\u6297\u574f\u8840\u9178,\u7ef4\u751f\u7d20"},"title":"\u7ef4\u751f\u7d20C,\u7ef4\u4ed6\u547dC,\u6297\u574f\u8840\u9178,\u7ef4\u751f\u7d20","valid":true}
{"arg":"contrast","icon":{"path":"translate.png"},"quicklookurl":"http:\/\/youdao.com\/w\/contrast","subtitle":"Contrast","text":{"copy":"\u5bf9\u6bd4\u5ea6,\u5bf9\u6bd4,\u53cd\u5dee,\u5bf9\u7167"},"title":"\u5bf9\u6bd4\u5ea6,\u5bf9\u6bd4,\u53cd\u5dee,\u5bf9\u7167","valid":true}
{"arg":"wonder","icon":{"path":"translate.png"},"quicklookurl":"http:\/\/youdao.com\/w\/wonder","subtitle":"wonder","text":{"copy":"\u5947\u8ff9,\u60f3\u77e5\u9053,\u60ca\u5947,\u7eb3\u95f7"},"title":"\u5947\u8ff9,\u60f3\u77e5\u9053,\u60ca\u5947,\u7eb3\u95f7","valid":true}
{"arg":"re","icon":{"path":"translate.png"},"quicklookurl":"http:\/\/youdao.com\/w\/re","subtitle":"RE","text":{"copy":"\u6a61\u80f6\u7c98\u5408\u5242,\u7559\u5c3c\u6c6a,\u9006\u5411\u5de5\u7a0b,\u96f7\u8bfa\u6570"},"title":"\u6a61\u80f6\u7c98\u5408\u5242,\u7559\u5c3c\u6c6a,\u9006\u5411\u5de5\u7a0b,\u96f7\u8bfa\u6570","valid":true}
{"arg":"reco","icon":{"path":"translate.png"},"quicklookurl":"http:\/\/youdao.com\/w\/reco","subtitle":"Reco","text":{"copy":"\u96f7\u79d1,\u8fdb\u7a0b,\u6062\u590d\u8fdb\u7a0b,\u745e\u53ef\u7684\u4f0a\u7538\u56ed"},"title":"\u96f7\u79d1,\u8fdb\u7a0b,\u6062\u590d\u8fdb\u7a0b,\u745e\u53ef\u7684\u4f0a\u7538\u56ed","valid":true}
{"arg":"recov","icon":{"path":"translate.png"},"quicklookurl":"http:\/\/youdao.com\/w\/recov","subtitle":"Recov","text":{"copy":"\u518d\u5438\u7740"},"title":"\u518d\u5438\u7740","valid":true}
{"arg":"recove","icon":{"path":"translate.png"},"quicklookurl":"http:\/\/youdao.com\/w\/recove","subtitle":"capital investment recove","text":{"copy":"\u8bbe\u5907\u6295\u8d44\u4ea7\u51fa\u6bd4"},"title":"\u8bbe\u5907\u6295\u8d44\u4ea7\u51fa\u6bd4","valid":true}
{"arg":"recovery","icon":{"path":"translate.png"},"quicklookurl":"http:\/\/youdao.com\/w\/recovery","subtitle":"RECOVERY","text":{"copy":"\u6062\u590d,\u590d\u539f,\u6062\u590d\u6a21\u5f0f"},"title":"\u6062\u590d,\u590d\u539f,\u6062\u590d\u6a21\u5f0f","valid":true}
{"arg":"recover","icon":{"path":"translate.png"},"quicklookurl":"http:\/\/youdao.com\/w\/recover","subtitle":"recover","text":{"copy":"\u6062\u590d,\u5f25\u8865,\u91cd\u65b0\u83b7\u5f97,\u8ffd\u56de"},"title":"\u6062\u590d,\u5f25\u8865,\u91cd\u65b0\u83b7\u5f97,\u8ffd\u56de","valid":true}
{"arg":"r","icon":{"path":"translate.png"},"quicklookurl":"http:\/\/youdao.com\/w\/r","subtitle":"Exmor R","text":{"copy":"\u5f71\u50cf\u4f20\u611f\u5668,\u80cc\u7167\u5f0f,\u80cc\u7167\u5f0f\u611f\u5149\u5143\u4ef6,\u6444\u50cf\u5934"},"title":"\u5f71\u50cf\u4f20\u611f\u5668,\u80cc\u7167\u5f0f,\u80cc\u7167\u5f0f\u611f\u5149\u5143\u4ef6,\u6444\u50cf\u5934","valid":true}
{"arg":"as ","icon":{"path":"translate.png"},"quicklookurl":"http:\/\/youdao.com\/w\/as+","subtitle":"As","text":{"copy":"\u7837,\u7f8e\u5c5e\u8428\u6469\u4e9a,\u6fb3\u5927\u5229\u4e9a\u56fd\u5bb6,\u5f3a\u76f4\u6027\u810a\u67f1\u708e"},"title":"\u7837,\u7f8e\u5c5e\u8428\u6469\u4e9a,\u6fb3\u5927\u5229\u4e9a\u56fd\u5bb6,\u5f3a\u76f4\u6027\u810a\u67f1\u708e","valid":true}
{"arg":"as china ","icon":{"path":"translate.png"},"quicklookurl":"http:\/\/youdao.com\/w\/as+china+","subtitle":"As China","text":{"copy":"\u4e2d\u56fd\u7ecf\u6d4e\u653e\u7f13"},"title":"\u4e2d\u56fd\u7ecf\u6d4e\u653e\u7f13","valid":true}
{"arg":"a","icon":{"path":"translate.png"},"quicklookurl":"http:\/\/youdao.com\/w\/a","subtitle":"a cappella","text":{"copy":"\u65e0\u4f34\u594f\u5408\u5531,\u963f\u5361\u8d1d\u62c9,\u8d70\u5728\u5927\u8857\u7684\u5973\u5b50,\u65e0\u4f34\u594f"},"title":"\u65e0\u4f34\u594f\u5408\u5531,\u963f\u5361\u8d1d\u62c9,\u8d70\u5728\u5927\u8857\u7684\u5973\u5b50,\u65e0\u4f34\u594f","valid":true}
{"arg":"man","icon":{"path":"translate.png"},"quicklookurl":"http:\/\/youdao.com\/w\/man","subtitle":"MAN","text":{"copy":"\u7537\u4eba,\u4eba,\u57ce\u57df\u7f51,\u57ce\u57df\u7f51(Metropolitan Area Network)"},"title":"\u7537\u4eba,\u4eba,\u57ce\u57df\u7f51,\u57ce\u57df\u7f51(Metropolitan Area Network)","valid":true}
{"arg":"many","icon":{"path":"translate.png"},"quicklookurl":"http:\/\/youdao.com\/w\/many","subtitle":"many","text":{"copy":"\u8bb8\u591a,\u5f88\u591a,\u4e0d\u5c11,\u597d\u591a"},"title":"\u8bb8\u591a,\u5f88\u591a,\u4e0d\u5c11,\u597d\u591a","valid":true}
{"arg":"many wonder","icon":{"path":"translate.png"},"quicklookurl":"http:\/\/youdao.com\/w\/many+wonder","subtitle":"Many Wonder","text":{"copy":"\u8bb8\u591a\u4eba\u60f3\u77e5\u9053"},"title":"\u8bb8\u591a\u4eba\u60f3\u77e5\u9053","valid":true}
{"arg":"no","icon":{"path":"translate.png"},"quicklookurl":"http:\/\/youdao.com\/w\/no","subtitle":"no","text":{"copy":"\u4e0d\u662f,\u4e00\u6c27\u5316\u6c2e(Nitric Oxide),\u6ca1\u6709,\u4e00\u6c27\u5316\u6c2e"},"title":"\u4e0d\u662f,\u4e00\u6c27\u5316\u6c2e(Nitric Oxide),\u6ca1\u6709,\u4e00\u6c27\u5316\u6c2e","valid":true}
{"arg":"novel","icon":{"path":"translate.png"},"quicklookurl":"http:\/\/youdao.com\/w\/novel","subtitle":"Novel","text":{"copy":"\u5c0f\u8bf4,\u957f\u7bc7\u5c0f\u8bf4,\u65b0\u9896\u7684,\u65b0\u5947\u7684"},"title":"\u5c0f\u8bf4,\u957f\u7bc7\u5c0f\u8bf4,\u65b0\u9896\u7684,\u65b0\u5947\u7684","valid":true}
{"arg":"c","icon":{"path":"translate.png"},"quicklookurl":"http:\/\/youdao.com\/w\/c","subtitle":"Vitamin C","text":{"copy":"\u7ef4\u751f\u7d20C,\u7ef4\u4ed6\u547dC,\u6297\u574f\u8840\u9178,\u7ef4\u751f\u7d20"},"title":"\u7ef4\u751f\u7d20C,\u7ef4\u4ed6\u547dC,\u6297\u574f\u8840\u9178,\u7ef4\u751f\u7d20","valid":true}
{"arg":"cautio","icon":{"path":"translate.png"},"quicklookurl":"http:\/\/youdao.com\/w\/cautio","subtitle":"Cautio","text":{"copy":"\u4fdd\u8bc1\u91d1,\u62c5\u4fdd"},"title":"\u4fdd\u8bc1\u91d1,\u62c5\u4fdd","valid":true}
{"arg":"cautiou","icon":{"path":"translate.png"},"quicklookurl":"http:\/\/youdao.com\/w\/cautiou","subtitle":"cautiou","text":{"copy":"\u5c0f\u5fc3\u7684"},"title":"\u5c0f\u5fc3\u7684","valid":true}
{"arg":"cautiously","icon":{"path":"translate.png"},"quicklookurl":"http:\/\/youdao.com\/w\/cautiously","subtitle":"Cautiously","text":{"copy":"\u56db\u5e73\u516b\u7a33,\u614e\u91cd\u5730,\u5c0f\u5fc3\u5730,\u8c28\u614e\u5730"},"title":"\u56db\u5e73\u516b\u7a33,\u614e\u91cd\u5730,\u5c0f\u5fc3\u5730,\u8c28\u614e\u5730","valid":true}
{"arg":"c","icon":{"path":"translate.png"},"quicklookurl":"http:\/\/youdao.com\/w\/c","subtitle":"Vitamin C","text":{"copy":"\u7ef4\u751f\u7d20C,\u7ef4\u4ed6\u547dC,\u6297\u574f\u8840\u9178,\u7ef4\u751f\u7d20"},"title":"\u7ef4\u751f\u7d20C,\u7ef4\u4ed6\u547dC,\u6297\u574f\u8840\u9178,\u7ef4\u751f\u7d20","valid":true}
{"arg":"man","icon":{"path":"translate.png"},"quicklookurl":"http:\/\/youdao.com\/w\/man","subtitle":"MAN","text":{"copy":"\u7537\u4eba,\u4eba,\u57ce\u57df\u7f51,\u57ce\u57df\u7f51(Metropolitan Area Network)"},"title":"\u7537\u4eba,\u4eba,\u57ce\u57df\u7f51,\u57ce\u57df\u7f51(Metropolitan Area Network)","valid":true}
{"arg":"many ","icon":{"path":"translate.png"},"quicklookurl":"http:\/\/youdao.com\/w\/many+","subtitle":"many","text":{"copy":"\u8bb8\u591a,\u5f88\u591a,\u4e0d\u5c11,\u597d\u591a"},"title":"\u8bb8\u591a,\u5f88\u591a,\u4e0d\u5c11,\u597d\u591a","valid":true}
{"arg":"many won","icon":{"path":"translate.png"},"quicklookurl":"http:\/\/youdao.com\/w\/many+won","subtitle":"How many medals won","text":{"copy":"\u8d62\u4e86\u591a\u5c11\u679a\u5956\u724c"},"title":"\u8d62\u4e86\u591a\u5c11\u679a\u5956\u724c","valid":true}
{"arg":"many wonder","icon":{"path":"translate.png"},"quicklookurl":"http:\/\/youdao.com\/w\/many+wonder","subtitle":"Many Wonder","text":{"copy":"\u8bb8\u591a\u4eba\u60f3\u77e5\u9053"},"title":"\u8bb8\u591a\u4eba\u60f3\u77e5\u9053","valid":true}
{"arg":"m","icon":{"path":"translate.png"},"quicklookurl":"http:\/\/youdao.com\/w\/m","subtitle":"Sachiko M","text":{"copy":"\u677e\u539f\u5e78\u5b50"},"title":"\u677e\u539f\u5e78\u5b50","valid":true}
{"arg":"wonder","icon":{"path":"translate.png"},"quicklookurl":"http:\/\/youdao.com\/w\/wonder","subtitle":"wonder","text":{"copy":"\u5947\u8ff9,\u60f3\u77e5\u9053,\u60ca\u5947,\u7eb3\u95f7"},"title":"\u5947\u8ff9,\u60f3\u77e5\u9053,\u60ca\u5947,\u7eb3\u95f7","valid":true}
{"arg":"recovery","icon":{"path":"translate.png"},"quicklookurl":"http:\/\/youdao.com\/w\/recovery","subtitle":"RECOVERY","text":{"copy":"\u6062\u590d,\u590d\u539f,\u6062\u590d\u6a21\u5f0f"},"title":"\u6062\u590d,\u590d\u539f,\u6062\u590d\u6a21\u5f0f","valid":true}
{"arg":"tape","icon":{"path":"translate.png"},"quicklookurl":"http:\/\/youdao.com\/w\/tape","subtitle":"tape","text":{"copy":"\u78c1\u5e26,\u80f6\u5e26,\u5e26\u6761,\u5e26"},"title":"\u78c1\u5e26,\u80f6\u5e26,\u5e26\u6761,\u5e26","valid":true}
{"arg":"The only","icon":{"path":"translate.png"},"quicklookurl":"http:\/\/youdao.com\/w\/%E5%94%AF%E4%B8%80","subtitle":"\u552f\u4e00","text":{"copy":"Unique,THE ONE,winy,one and only"},"title":"Unique,THE ONE,winy,one and only","valid":true}
{"arg":"only","icon":{"path":"translate.png"},"quicklookurl":"http:\/\/youdao.com\/w\/%E5%94%AF","subtitle":"\u552f","text":{"copy":"Rella,Practical"},"title":"Rella,Practical","valid":true}
{"arg":"The displacement","icon":{"path":"translate.png"},"quicklookurl":"http:\/\/youdao.com\/w\/%E4%BD%8D%E7%A7%BB","subtitle":"\u4f4d\u79fb","text":{"copy":"displacement,Offset,Displacement,Displace"},"title":"displacement,Offset,Displacement,Displace","valid":true}
{"arg":"start","icon":{"path":"translate.png"},"quicklookurl":"http:\/\/youdao.com\/w\/start","subtitle":"Start","text":{"copy":"\u5f00\u59cb,\u542f\u52a8,\u51fa\u53d1,\u5b9e\u8fbe"},"title":"\u5f00\u59cb,\u542f\u52a8,\u51fa\u53d1,\u5b9e\u8fbe","valid":true}
{"arg":"starty","icon":{"path":"translate.png"},"quicklookurl":"http:\/\/youdao.com\/w\/starty","subtitle":"StartY","text":{"copy":"\u5217\u8d77\u59cb\u5ea7\u6807,\u4efb\u610f\u503c,\u8d77\u70b9\u7eac\u5ea6"},"title":"\u5217\u8d77\u59cb\u5ea7\u6807,\u4efb\u610f\u503c,\u8d77\u70b9\u7eac\u5ea6","valid":true}
{"arg":"start","icon":{"path":"translate.png"},"quicklookurl":"http:\/\/youdao.com\/w\/start","subtitle":"Start","text":{"copy":"\u5f00\u59cb,\u542f\u52a8,\u51fa\u53d1,\u5b9e\u8fbe"},"title":"\u5f00\u59cb,\u542f\u52a8,\u51fa\u53d1,\u5b9e\u8fbe","valid":true}
{"arg":"startup","icon":{"path":"translate.png"},"quicklookurl":"http:\/\/youdao.com\/w\/startup","subtitle":"Startup","text":{"copy":"\u521b\u4e1a\u516c\u53f8,\u542f\u52a8,\u5f00\u59cb\u83dc\u5355\u542f\u52a8\u83dc\u5355,\u521d\u521b\u516c\u53f8"},"title":"\u521b\u4e1a\u516c\u53f8,\u542f\u52a8,\u5f00\u59cb\u83dc\u5355\u542f\u52a8\u83dc\u5355,\u521d\u521b\u516c\u53f8","valid":true}
{"arg":"comp","icon":{"path":"translate.png"},"quicklookurl":"http:\/\/youdao.com\/w\/comp","subtitle":"COMP","text":{"copy":"\u6bd4\u8f83\u5668,\u6bd4\u8d5b\u7684\u7b80\u79f0"},"title":"\u6bd4\u8f83\u5668,\u6bd4\u8d5b\u7684\u7b80\u79f0","valid":true}
{"arg":"compli","icon":{"path":"translate.png"},"quicklookurl":"http:\/\/youdao.com\/w\/compli","subtitle":"compli","text":{"copy":"\u5e76\u53d1\u75c7\u767d\u5185\u969c,\u56e0\u4e3a\u8fd9\u5957\u4e66"},"title":"\u5e76\u53d1\u75c7\u767d\u5185\u969c,\u56e0\u4e3a\u8fd9\u5957\u4e66","valid":true}
{"arg":"complicate","icon":{"path":"translate.png"},"quicklookurl":"http:\/\/youdao.com\/w\/complicate","subtitle":"complicate","text":{"copy":"\u4f7f\u590d\u6742,\u4f7f\u9ebb\u70e6,\u4f7f\u9677\u5165,\u4f7f\u590d\u6742\u5316"},"title":"\u4f7f\u590d\u6742,\u4f7f\u9ebb\u70e6,\u4f7f\u9677\u5165,\u4f7f\u590d\u6742\u5316","valid":true}
{"arg":"molecular","icon":{"path":"translate.png"},"quicklookurl":"http:\/\/youdao.com\/w\/%E5%88%86%E5%AD%90","subtitle":"\u5206\u5b50","text":{"copy":"molecule,numerator,Molecular,molecule"},"title":"molecule,numerator,Molecular,molecule","valid":true}
{"arg":"Molecular denominator","icon":{"path":"translate.png"},"quicklookurl":"http:\/\/youdao.com\/w\/%E5%88%86%E5%AD%90%E5%88%86%E6%AF%8D","subtitle":"\u5206\u5b50\u5206\u6bcd","text":{"copy":"numerator denominator"},"title":"numerator denominator","valid":true}
{"arg":"molecular","icon":{"path":"translate.png"},"quicklookurl":"http:\/\/youdao.com\/w\/%E5%88%86%E5%AD%90%E5%88%86","subtitle":"\u5206\u5b50\u5206\u7387","text":{"copy":"molecular fraction"},"title":"molecular fraction","valid":true}
{"arg":"molecular","icon":{"path":"translate.png"},"quicklookurl":"http:\/\/youdao.com\/w\/%E5%88%86%E5%AD%90","subtitle":"\u5206\u5b50","text":{"copy":"molecule,numerator,Molecular,molecule"},"title":"molecule,numerator,Molecular,molecule","valid":true}
{"arg":"points","icon":{"path":"translate.png"},"quicklookurl":"http:\/\/youdao.com\/w\/%E5%88%86","subtitle":"\u5206","text":{"copy":"deci,cent,My Subject,divide"},"title":"deci,cent,My Subject,divide","valid":true}
{"arg":"The denominator","icon":{"path":"translate.png"},"quicklookurl":"http:\/\/youdao.com\/w\/%E5%88%86%E6%AF%8D","subtitle":"\u5206\u6bcd","text":{"copy":"denominator,Downstairs,der Nenner,Numerator and Denominator"},"title":"denominator,Downstairs,der Nenner,Numerator and Denominator","valid":true}
{"arg":"f","icon":{"path":"translate.png"},"quicklookurl":"http:\/\/youdao.com\/w\/f","subtitle":"Axel F","text":{"copy":"\u6293\u72c2\u53ee\u549a,\u6293\u72c2\u53ee\u53ee,\u6c42\u91c7\u7eb3,\u75af\u72c2\u9752\u86d9"},"title":"\u6293\u72c2\u53ee\u549a,\u6293\u72c2\u53ee\u53ee,\u6c42\u91c7\u7eb3,\u75af\u72c2\u9752\u86d9","valid":true}
{"arg":"The grave","icon":{"path":"translate.png"},"quicklookurl":"http:\/\/youdao.com\/w\/%E5%9D%9F%E5%A2%93","subtitle":"\u575f\u5893","text":{"copy":"tomb,cemetery,sepulcher,bed of dust"},"title":"tomb,cemetery,sepulcher,bed of dust","valid":true}
{"arg":"grave","icon":{"path":"translate.png"},"quicklookurl":"http:\/\/youdao.com\/w\/%E5%9D%9F","subtitle":"\u575f","text":{"copy":"tomb,fy"},"title":"tomb,fy","valid":true}
{"arg":"The denominator","icon":{"path":"translate.png"},"quicklookurl":"http:\/\/youdao.com\/w\/%E5%88%86%E6%AF%8D","subtitle":"\u5206\u6bcd","text":{"copy":"denominator,Downstairs,der Nenner,Numerator and Denominator"},"title":"denominator,Downstairs,der Nenner,Numerator and Denominator","valid":true}
{"arg":"The slope","icon":{"path":"translate.png"},"quicklookurl":"http:\/\/youdao.com\/w\/%E6%96%9C%E7%8E%87","subtitle":"\u659c\u7387","text":{"copy":"Slope,slope,gradient,slope factor"},"title":"Slope,slope,gradient,slope factor","valid":true}
{"arg":"overlook","icon":{"path":"translate.png"},"quicklookurl":"http:\/\/youdao.com\/w\/overlook","subtitle":"overlook","text":{"copy":"\u4fef\u77b0,\u5ffd\u89c6,\u773a\u671b,\u5ffd\u7565"},"title":"\u4fef\u77b0,\u5ffd\u89c6,\u773a\u671b,\u5ffd\u7565","valid":true}
{"arg":"exchange","icon":{"path":"translate.png"},"quicklookurl":"http:\/\/youdao.com\/w\/exchange","subtitle":"Exchange","text":{"copy":"\u4ea4\u6362,\u5151\u6362,\u4ea4\u6d41,\u4ea4\u6613\u6240"},"title":"\u4ea4\u6362,\u5151\u6362,\u4ea4\u6d41,\u4ea4\u6613\u6240","valid":true}
{"arg":"sentence","icon":{"path":"translate.png"},"quicklookurl":"http:\/\/youdao.com\/w\/sentence","subtitle":"sentence","text":{"copy":"\u53e5\u5b50,\u5ba3\u5224,\u53e5,\u5224\u5211"},"title":"\u53e5\u5b50,\u5ba3\u5224,\u53e5,\u5224\u5211","valid":true}
{"arg":"d","icon":{"path":"translate.png"},"quicklookurl":"http:\/\/youdao.com\/w\/d","subtitle":"vitamin D","text":{"copy":"\u7ef4\u751f\u7d20D,\u9499\u5316\u9187,\u56fd\u9645\u5355\u4f4d"},"title":"\u7ef4\u751f\u7d20D,\u9499\u5316\u9187,\u56fd\u9645\u5355\u4f4d","valid":true}
{"arg":"contact","icon":{"path":"translate.png"},"quicklookurl":"http:\/\/youdao.com\/w\/%E8%81%94%E7%B3%BB","subtitle":"\u8054\u7cfb","text":{"copy":"relation; connection,connection,in touch"},"title":"relation; connection,connection,in touch","valid":true}
{"arg":"al","icon":{"path":"translate.png"},"quicklookurl":"http:\/\/youdao.com\/w\/%E8%81%94","subtitle":"\u7ea7\u8054","text":{"copy":"cascade,Uplink,Cascading"},"title":"cascade,Uplink,Cascading","valid":true}
{"arg":"practice","icon":{"path":"translate.png"},"quicklookurl":"http:\/\/youdao.com\/w\/%E7%BB%83%E4%B9%A0","subtitle":"\u7ec3\u4e60","text":{"copy":"Practice,exercise,Training,rehearsal"},"title":"Practice,exercise,Training,rehearsal","valid":true}
{"arg":"practice","icon":{"path":"translate.png"},"quicklookurl":"http:\/\/youdao.com\/w\/practice","subtitle":"Practice","text":{"copy":"\u7ec3\u4e60,\u5b9e\u8df5,\u8da3\u5473\u64cd\u7ec3,\u505a\u6cd5"},"title":"\u7ec3\u4e60,\u5b9e\u8df5,\u8da3\u5473\u64cd\u7ec3,\u505a\u6cd5","valid":true}
{"arg":"trail","icon":{"path":"translate.png"},"quicklookurl":"http:\/\/youdao.com\/w\/trail","subtitle":"TRAIL","text":{"copy":"\u80bf\u7624\u574f\u6b7b\u56e0\u5b50\u76f8\u5173\u51cb\u4ea1\u8bf1\u5bfc\u914d\u4f53,\u9053\u4e0a,\u75d5\u8ff9,\u914d\u4f53"},"title":"\u80bf\u7624\u574f\u6b7b\u56e0\u5b50\u76f8\u5173\u51cb\u4ea1\u8bf1\u5bfc\u914d\u4f53,\u9053\u4e0a,\u75d5\u8ff9,\u914d\u4f53","valid":true}
{"arg":"trailing","icon":{"path":"translate.png"},"quicklookurl":"http:\/\/youdao.com\/w\/trailing","subtitle":"trailing","text":{"copy":"\u6ce5\u91c9\u5f69\u9970\u6cd5,\u5c3e\u968f,\u540e\u7eed,\u62d6\u5c3e"},"title":"\u6ce5\u91c9\u5f69\u9970\u6cd5,\u5c3e\u968f,\u540e\u7eed,\u62d6\u5c3e","valid":true}
{"arg":"s","icon":{"path":"translate.png"},"quicklookurl":"http:\/\/youdao.com\/w\/s","subtitle":"S Doradus","text":{"copy":"\u5251\u9c7c\u5ea7S"},"title":"\u5251\u9c7c\u5ea7S","valid":true}
{"arg":"shang","icon":{"path":"translate.png"},"quicklookurl":"http:\/\/youdao.com\/w\/%E5%95%86","subtitle":"\u5546","text":{"copy":"label,ISP,quotient,executive room"},"title":"label,ISP,quotient,executive room","valid":true}
{"arg":"quotient","icon":{"path":"translate.png"},"quicklookurl":"http:\/\/youdao.com\/w\/%E5%95%86%E6%95%B0","subtitle":"\u5546\u6570","text":{"copy":"quotient,ADQ,development quotient,kvot"},"title":"quotient,ADQ,development quotient,kvot","valid":true}
{"arg":"remainder","icon":{"path":"translate.png"},"quicklookurl":"http:\/\/youdao.com\/w\/%E4%BD%99%E6%95%B0","subtitle":"\u4f59\u6570","text":{"copy":"remainder,residue,MOD,arithmetical compliment"},"title":"remainder,residue,MOD,arithmetical compliment","valid":true}
{"arg":"t","icon":{"path":"translate.png"},"quicklookurl":"http:\/\/youdao.com\/w\/t","subtitle":"T RK","text":{"copy":"\u571f\u8033\u5176\u8bed"},"title":"\u571f\u8033\u5176\u8bed","valid":true}
{"arg":"trigger","icon":{"path":"translate.png"},"quicklookurl":"http:\/\/youdao.com\/w\/trigger","subtitle":"Trigger","text":{"copy":"\u89e6\u53d1,\u89e6\u53d1\u5668,\u5f15\u53d1,\u6273\u673a"},"title":"\u89e6\u53d1,\u89e6\u53d1\u5668,\u5f15\u53d1,\u6273\u673a","valid":true}
{"arg":"h","icon":{"path":"translate.png"},"quicklookurl":"http:\/\/youdao.com\/w\/h","subtitle":"Vitamin H","text":{"copy":"\u751f\u7269\u7d20,\u7ef4\u751f\u7d20H,\u5421\u54c6\u7d20,\u82f1\u6587\u540d"},"title":"\u751f\u7269\u7d20,\u7ef4\u751f\u7d20H,\u5421\u54c6\u7d20,\u82f1\u6587\u540d","valid":true}
{"arg":"Fahrenheit","icon":{"path":"translate.png"},"quicklookurl":"http:\/\/youdao.com\/w\/%E5%8D%8E%E6%B0%8F%E6%B8%A9%E5%BA%A6","subtitle":"\u534e\u6c0f\u6e29\u5ea6","text":{"copy":"Fahrenheit,Fahrenheit temperature,All-Iron Construction,Fahrenheit degree"},"title":"Fahrenheit,Fahrenheit temperature,All-Iron Construction,Fahrenheit degree","valid":true}
{"arg":"f","icon":{"path":"translate.png"},"quicklookurl":"http:\/\/youdao.com\/w\/f","subtitle":"Axel F","text":{"copy":"\u6293\u72c2\u53ee\u549a,\u6293\u72c2\u53ee\u53ee,\u6c42\u91c7\u7eb3,\u75af\u72c2\u9752\u86d9"},"title":"\u6293\u72c2\u53ee\u549a,\u6293\u72c2\u53ee\u53ee,\u6c42\u91c7\u7eb3,\u75af\u72c2\u9752\u86d9","valid":true}
{"arg":"The resolution of the","icon":{"path":"translate.png"},"quicklookurl":"http:\/\/youdao.com\/w\/%E5%88%86%E8%BE%A8%E7%8E%87","subtitle":"\u5206\u8fa8\u7387","text":{"copy":"Resolution,image resolution,HVGA"},"title":"Resolution,image resolution,HVGA","valid":true}
{"arg":"brands","icon":{"path":"translate.png"},"quicklookurl":"http:\/\/youdao.com\/w\/brands","subtitle":"Brands","text":{"copy":"\u77e5\u540d\u54c1\u724c,\u54c1\u724c,\u65d7\u4e0b\u54c1\u724c,\u7f8e\u4e3d\u54c1\u724c"},"title":"\u77e5\u540d\u54c1\u724c,\u54c1\u724c,\u65d7\u4e0b\u54c1\u724c,\u7f8e\u4e3d\u54c1\u724c","valid":true}
{"arg":"brand","icon":{"path":"translate.png"},"quicklookurl":"http:\/\/youdao.com\/w\/brand","subtitle":"Brand","text":{"copy":"\u54c1\u724c,\u5546\u6807,\u724c\u5b50,\u54c1\u724c\u540d"},"title":"\u54c1\u724c,\u5546\u6807,\u724c\u5b50,\u54c1\u724c\u540d","valid":true}
{"arg":"trans","icon":{"path":"translate.png"},"quicklookurl":"http:\/\/youdao.com\/w\/trans","subtitle":"trans","text":{"copy":"\u53d8\u538b\u5668,\u53cd\u5f0f,\u6a2a\u8fc7,\u6539\u53d8"},"title":"\u53d8\u538b\u5668,\u53cd\u5f0f,\u6a2a\u8fc7,\u6539\u53d8","valid":true}
{"arg":"transparent","icon":{"path":"translate.png"},"quicklookurl":"http:\/\/youdao.com\/w\/transparent","subtitle":"Transparent","text":{"copy":"\u900f\u660e,\u900f\u660e\u5ea6,\u900f\u660e\u5bb6\u5ead,\u900f\u660e\u4eba\u751f"},"title":"\u900f\u660e,\u900f\u660e\u5ea6,\u900f\u660e\u5bb6\u5ead,\u900f\u660e\u4eba\u751f","valid":true}
{"arg":"transparen","icon":{"path":"translate.png"},"quicklookurl":"http:\/\/youdao.com\/w\/transparen","subtitle":"Transparen","text":{"copy":"\u900f\u660e\u7c89"},"title":"\u900f\u660e\u7c89","valid":true}
{"arg":"transp","icon":{"path":"translate.png"},"quicklookurl":"http:\/\/youdao.com\/w\/transp","subtitle":"Transp","text":{"copy":"\u900f\u660e\u5ea6,\u4ea4\u901a\u8fd0\u8f93,\u79fb\u82d7\u5c0f\u94f2,\u8fd0\u8f93"},"title":"\u900f\u660e\u5ea6,\u4ea4\u901a\u8fd0\u8f93,\u79fb\u82d7\u5c0f\u94f2,\u8fd0\u8f93","valid":true}
{"arg":"t","icon":{"path":"translate.png"},"quicklookurl":"http:\/\/youdao.com\/w\/t","subtitle":"T RK","text":{"copy":"\u571f\u8033\u5176\u8bed"},"title":"\u571f\u8033\u5176\u8bed","valid":true}
{"arg":"bash","icon":{"path":"translate.png"},"quicklookurl":"http:\/\/youdao.com\/w\/bash","subtitle":"Bash","text":{"copy":"\u72c2\u6012\u51fb,\u91cd\u51fb,\u8fdb\u5165\u5b50\u7a0b\u5e8f,\u731b\u51fb"},"title":"\u72c2\u6012\u51fb,\u91cd\u51fb,\u8fdb\u5165\u5b50\u7a0b\u5e8f,\u731b\u51fb","valid":true}
{"arg":"b","icon":{"path":"translate.png"},"quicklookurl":"http:\/\/youdao.com\/w\/b","subtitle":"serie b","text":{"copy":"\u610f\u5927\u5229\u8db3\u7403\u4e59\u7ea7\u8054\u8d5b,\u4e59\u7ea7\u8054\u8d5b,\u610f\u4e59\u8054\u8d5b,\u610f\u5927\u5229\u4e59\u7ec4\u8db3\u7403\u8054\u8d5b"},"title":"\u610f\u5927\u5229\u8db3\u7403\u4e59\u7ea7\u8054\u8d5b,\u4e59\u7ea7\u8054\u8d5b,\u610f\u4e59\u8054\u8d5b,\u610f\u5927\u5229\u4e59\u7ec4\u8db3\u7403\u8054\u8d5b","valid":true}
{"arg":"n","icon":{"path":"translate.png"},"quicklookurl":"http:\/\/youdao.com\/w\/n","subtitle":"N Gobalakrishnan","text":{"copy":"\u54e5\u5df4\u62c9\u514b\u91cc\u65af\u5357,\u54e5\u5df4\u62c9"},"title":"\u54e5\u5df4\u62c9\u514b\u91cc\u65af\u5357,\u54e5\u5df4\u62c9","valid":true}
{"arg":"mock","icon":{"path":"translate.png"},"quicklookurl":"http:\/\/youdao.com\/w\/mock","subtitle":"mock","text":{"copy":"\u5632\u7b11,\u5632\u5f04,\u4eff\u5236\u54c1,\u8bbd\u523a"},"title":"\u5632\u7b11,\u5632\u5f04,\u4eff\u5236\u54c1,\u8bbd\u523a","valid":true}
{"arg":"m","icon":{"path":"translate.png"},"quicklookurl":"http:\/\/youdao.com\/w\/m","subtitle":"Sachiko M","text":{"copy":"\u677e\u539f\u5e78\u5b50"},"title":"\u677e\u539f\u5e78\u5b50","valid":true}
{"arg":"copy","icon":{"path":"translate.png"},"quicklookurl":"http:\/\/youdao.com\/w\/copy","subtitle":"Copy","text":{"copy":"\u590d\u5236,\u526f\u672c,\u590d\u5236\u54c1,\u62f7\u8d1d"},"title":"\u590d\u5236,\u526f\u672c,\u590d\u5236\u54c1,\u62f7\u8d1d","valid":true}
{"arg":"copy-cat","icon":{"path":"translate.png"},"quicklookurl":"http:\/\/youdao.com\/w\/copy-cat","subtitle":"A copy-cat","text":{"copy":"\u6a21\u4eff\u8005"},"title":"\u6a21\u4eff\u8005","valid":true}
{"arg":"copy-","icon":{"path":"translate.png"},"quicklookurl":"http:\/\/youdao.com\/w\/copy-","subtitle":"Copy-","text":{"copy":"\u62f7\u8d1d,\u6a21\u4eff\u4e0e\u521b\u65b0\u80fd\u529b\u8bad\u7ec3"},"title":"\u62f7\u8d1d,\u6a21\u4eff\u4e0e\u521b\u65b0\u80fd\u529b\u8bad\u7ec3","valid":true}
{"arg":"c","icon":{"path":"translate.png"},"quicklookurl":"http:\/\/youdao.com\/w\/c","subtitle":"Vitamin C","text":{"copy":"\u7ef4\u751f\u7d20C,\u7ef4\u4ed6\u547dC,\u6297\u574f\u8840\u9178,\u7ef4\u751f\u7d20"},"title":"\u7ef4\u751f\u7d20C,\u7ef4\u4ed6\u547dC,\u6297\u574f\u8840\u9178,\u7ef4\u751f\u7d20","valid":true}
{"arg":"b","icon":{"path":"translate.png"},"quicklookurl":"http:\/\/youdao.com\/w\/b","subtitle":"serie b","text":{"copy":"\u610f\u5927\u5229\u8db3\u7403\u4e59\u7ea7\u8054\u8d5b,\u4e59\u7ea7\u8054\u8d5b,\u610f\u4e59\u8054\u8d5b,\u610f\u5927\u5229\u4e59\u7ec4\u8db3\u7403\u8054\u8d5b"},"title":"\u610f\u5927\u5229\u8db3\u7403\u4e59\u7ea7\u8054\u8d5b,\u4e59\u7ea7\u8054\u8d5b,\u610f\u4e59\u8054\u8d5b,\u610f\u5927\u5229\u4e59\u7ec4\u8db3\u7403\u8054\u8d5b","valid":true}
{"arg":"blaming","icon":{"path":"translate.png"},"quicklookurl":"http:\/\/youdao.com\/w\/blaming","subtitle":"blaming","text":{"copy":"\u8d23\u5907"},"title":"\u8d23\u5907","valid":true}
{"arg":"n","icon":{"path":"translate.png"},"quicklookurl":"http:\/\/youdao.com\/w\/n","subtitle":"N Gobalakrishnan","text":{"copy":"\u54e5\u5df4\u62c9\u514b\u91cc\u65af\u5357,\u54e5\u5df4\u62c9"},"title":"\u54e5\u5df4\u62c9\u514b\u91cc\u65af\u5357,\u54e5\u5df4\u62c9","valid":true}
{"arg":"splice","icon":{"path":"translate.png"},"quicklookurl":"http:\/\/youdao.com\/w\/splice","subtitle":"Splice","text":{"copy":"\u4eba\u5de5\u8fdb\u5316,\u62fc\u63a5"},"title":"\u4eba\u5de5\u8fdb\u5316,\u62fc\u63a5","valid":true}
{"arg":"s","icon":{"path":"translate.png"},"quicklookurl":"http:\/\/youdao.com\/w\/s","subtitle":"S Doradus","text":{"copy":"\u5251\u9c7c\u5ea7S"},"title":"\u5251\u9c7c\u5ea7S","valid":true}
{"arg":"slice","icon":{"path":"translate.png"},"quicklookurl":"http:\/\/youdao.com\/w\/slice","subtitle":"slice","text":{"copy":"\u5207\u7247,\u7247,\u8584\u7247,\u5256\u5207"},"title":"\u5207\u7247,\u7247,\u8584\u7247,\u5256\u5207","valid":true}
{"arg":"4","icon":{"path":"translate.png"},"quicklookurl":"http:\/\/youdao.com\/w\/4","subtitle":"Pioneer 4","text":{"copy":"\u5148\u9a71\u80054\u53f7"},"title":"\u5148\u9a71\u80054\u53f7","valid":true}
{"arg":"4399","icon":{"path":"translate.png"},"quicklookurl":"http:\/\/youdao.com\/w\/4399","subtitle":"Angry Birdseuyykuaiyituo 4399","text":{"copy":"\u6124\u6012\u7684\u5c0f\u9e1f"},"title":"\u6124\u6012\u7684\u5c0f\u9e1f","valid":true}
{"arg":"mp","icon":{"path":"translate.png"},"quicklookurl":"http:\/\/youdao.com\/w\/mp","subtitle":"mp","text":{"copy":"\u5317\u9a6c\u91cc\u4e9a\u7eb3\u7fa4\u5c9b,\u80ba\u708e\u652f\u539f\u4f53,\u9b54\u6cd5\u503c,\u4e2d\u5f31"},"title":"\u5317\u9a6c\u91cc\u4e9a\u7eb3\u7fa4\u5c9b,\u80ba\u708e\u652f\u539f\u4f53,\u9b54\u6cd5\u503c,\u4e2d\u5f31","valid":true}
{"arg":"m","icon":{"path":"translate.png"},"quicklookurl":"http:\/\/youdao.com\/w\/m","subtitle":"Sachiko M","text":{"copy":"\u677e\u539f\u5e78\u5b50"},"title":"\u677e\u539f\u5e78\u5b50","valid":true}
{"arg":"car","icon":{"path":"translate.png"},"quicklookurl":"http:\/\/youdao.com\/w\/car","subtitle":"Car","text":{"copy":"\u6c7d\u8f66,\u5c0f\u6c7d\u8f66,\u5d4c\u5408\u6297\u539f\u53d7\u4f53,\u8f66"},"title":"\u6c7d\u8f66,\u5c0f\u6c7d\u8f66,\u5d4c\u5408\u6297\u539f\u53d7\u4f53,\u8f66","valid":true}
{"arg":"carb","icon":{"path":"translate.png"},"quicklookurl":"http:\/\/youdao.com\/w\/carb","subtitle":"CARB","text":{"copy":"\u52a0\u5dde\u7a7a\u6c14\u8d44\u6e90\u59d4\u5458\u4f1a,\u7f8e\u56fd\u52a0\u5dde\u7a7a\u6c14\u8d44\u6e90\u5c40,\u7f8e\u56fd\u52a0\u5dde\u7a7a\u6c14\u8d44\u6e90\u59d4\u5458\u4f1a,\u5316\u6cb9\u5668"},"title":"\u52a0\u5dde\u7a7a\u6c14\u8d44\u6e90\u59d4\u5458\u4f1a,\u7f8e\u56fd\u52a0\u5dde\u7a7a\u6c14\u8d44\u6e90\u5c40,\u7f8e\u56fd\u52a0\u5dde\u7a7a\u6c14\u8d44\u6e90\u59d4\u5458\u4f1a,\u5316\u6cb9\u5668","valid":true}
{"arg":"carbon","icon":{"path":"translate.png"},"quicklookurl":"http:\/\/youdao.com\/w\/carbon","subtitle":"carbon","text":{"copy":"\u78b3,\u78b3\u7ea4\u7ef4,\u5361\u672c,\u78b3\u5143\u7d20"},"title":"\u78b3,\u78b3\u7ea4\u7ef4,\u5361\u672c,\u78b3\u5143\u7d20","valid":true}
{"arg":"power","icon":{"path":"translate.png"},"quicklookurl":"http:\/\/youdao.com\/w\/power","subtitle":"power","text":{"copy":"\u529f\u7387,\u6743\u529b,\u7535\u6e90,\u7535\u6e90\u5f00\u5173"},"title":"\u529f\u7387,\u6743\u529b,\u7535\u6e90,\u7535\u6e90\u5f00\u5173","valid":true}
{"arg":"power","icon":{"path":"translate.png"},"quicklookurl":"http:\/\/youdao.com\/w\/power","subtitle":"power","text":{"copy":"\u529f\u7387,\u6743\u529b,\u7535\u6e90,\u7535\u6e90\u5f00\u5173"},"title":"\u529f\u7387,\u6743\u529b,\u7535\u6e90,\u7535\u6e90\u5f00\u5173","valid":true}
{"arg":"process","icon":{"path":"translate.png"},"quicklookurl":"http:\/\/youdao.com\/w\/process","subtitle":"process","text":{"copy":"\u8fdb\u7a0b,\u6d41\u7a0b,\u8fc7\u7a0b"},"title":"\u8fdb\u7a0b,\u6d41\u7a0b,\u8fc7\u7a0b","valid":true}
{"arg":"p","icon":{"path":"translate.png"},"quicklookurl":"http:\/\/youdao.com\/w\/p","subtitle":"p diddy","text":{"copy":"\u5439\u725b\u8001\u7239,\u5439\u6cd5\u87ba\u8001\u7239,\u5439\u5618\u8001\u7239,\u5938\u53e3\u8001\u7239"},"title":"\u5439\u725b\u8001\u7239,\u5439\u6cd5\u87ba\u8001\u7239,\u5439\u5618\u8001\u7239,\u5938\u53e3\u8001\u7239","valid":true}
{"arg":"literals","icon":{"path":"translate.png"},"quicklookurl":"http:\/\/youdao.com\/w\/literals","subtitle":"Literals","text":{"copy":"\u5b57\u9762\u503c,\u5b57\u9762\u91cf"},"title":"\u5b57\u9762\u503c,\u5b57\u9762\u91cf","valid":true}
{"arg":"vol","icon":{"path":"translate.png"},"quicklookurl":"http:\/\/youdao.com\/w\/vol","subtitle":"VOL","text":{"copy":"\u6210\u4ea4\u91cf,\u5927\u5ba2\u6237,\u97f3\u91cf,\u663e\u793a\u78c1\u76d8\u5377\u6807\u53f7"},"title":"\u6210\u4ea4\u91cf,\u5927\u5ba2\u6237,\u97f3\u91cf,\u663e\u793a\u78c1\u76d8\u5377\u6807\u53f7","valid":true}
{"arg":"volume","icon":{"path":"translate.png"},"quicklookurl":"http:\/\/youdao.com\/w\/volume","subtitle":"Volume","text":{"copy":"\u4f53\u79ef,\u5377,\u97f3\u91cf,\u5bb9\u91cf"},"title":"\u4f53\u79ef,\u5377,\u97f3\u91cf,\u5bb9\u91cf","valid":true}
{"arg":"set","icon":{"path":"translate.png"},"quicklookurl":"http:\/\/youdao.com\/w\/set","subtitle":"set","text":{"copy":"\u8bbe\u7f6e,\u5b89\u5168\u7535\u5b50\u4ea4\u6613,\u521b\u9020"},"title":"\u8bbe\u7f6e,\u5b89\u5168\u7535\u5b50\u4ea4\u6613,\u521b\u9020","valid":true}
{"arg":"set ","icon":{"path":"translate.png"},"quicklookurl":"http:\/\/youdao.com\/w\/set+","subtitle":"set","text":{"copy":"\u8bbe\u7f6e,\u5b89\u5168\u7535\u5b50\u4ea4\u6613,\u521b\u9020"},"title":"\u8bbe\u7f6e,\u5b89\u5168\u7535\u5b50\u4ea4\u6613,\u521b\u9020","valid":true}
{"arg":"set up","icon":{"path":"translate.png"},"quicklookurl":"http:\/\/youdao.com\/w\/set+up","subtitle":"set up","text":{"copy":"\u8bbe\u7acb,\u521b\u7acb,\u6811\u7acb"},"title":"\u8bbe\u7acb,\u521b\u7acb,\u6811\u7acb","valid":true}
{"arg":"BOOT","icon":{"path":"translate.png"},"quicklookurl":"http:\/\/youdao.com\/w\/BOOT","subtitle":"boot","text":{"copy":"\u9774,\u9774\u5b50,\u8f6c\u8ba9(Build Operate Own Transfer),\u542f\u52a8"},"title":"\u9774,\u9774\u5b50,\u8f6c\u8ba9(Build Operate Own Transfer),\u542f\u52a8","valid":true}
{"arg":"mount","icon":{"path":"translate.png"},"quicklookurl":"http:\/\/youdao.com\/w\/mount","subtitle":"Mount","text":{"copy":"\u5c71,\u6302\u8f7d,\u5b89\u88c5,\u5217\u51fa\u7cfb\u7edf\u6240\u6709\u7684\u5206\u533a"},"title":"\u5c71,\u6302\u8f7d,\u5b89\u88c5,\u5217\u51fa\u7cfb\u7edf\u6240\u6709\u7684\u5206\u533a","valid":true}
{"arg":"f","icon":{"path":"translate.png"},"quicklookurl":"http:\/\/youdao.com\/w\/f","subtitle":"Axel F","text":{"copy":"\u6293\u72c2\u53ee\u549a,\u6293\u72c2\u53ee\u53ee,\u6c42\u91c7\u7eb3,\u75af\u72c2\u9752\u86d9"},"title":"\u6293\u72c2\u53ee\u549a,\u6293\u72c2\u53ee\u53ee,\u6c42\u91c7\u7eb3,\u75af\u72c2\u9752\u86d9","valid":true}
{"arg":"phoenix","icon":{"path":"translate.png"},"quicklookurl":"http:\/\/youdao.com\/w\/%E5%87%A4%E5%87%B0","subtitle":"\u51e4\u51f0","text":{"copy":"PHOENIX,Phenix,Fung-wong,Anivia"},"title":"PHOENIX,Phenix,Fung-wong,Anivia","valid":true}
{"arg":"The list","icon":{"path":"translate.png"},"quicklookurl":"http:\/\/youdao.com\/w\/%E9%93%BE%E8%A1%A8","subtitle":"\u94fe\u8868","text":{"copy":"linked list,list,Double Linked List"},"title":"linked list,list,Double Linked List","valid":true}
{"arg":"has","icon":{"path":"translate.png"},"quicklookurl":"http:\/\/youdao.com\/w\/has","subtitle":"Has","text":{"copy":"\u6709\u7740,\u5b69\u4e4b\u5b9d,\u4eba\u8840\u6e05\u767d\u86cb\u767d,\u6709"},"title":"\u6709\u7740,\u5b69\u4e4b\u5b9d,\u4eba\u8840\u6e05\u767d\u86cb\u767d,\u6709","valid":true}
{"arg":"haswell","icon":{"path":"translate.png"},"quicklookurl":"http:\/\/youdao.com\/w\/haswell","subtitle":"Haswell","text":{"copy":"\u5904\u7406\u5668,\u7b2c\u56db\u4ee3\u9177\u777f,\u7cfb\u5217"},"title":"\u5904\u7406\u5668,\u7b2c\u56db\u4ee3\u9177\u777f,\u7cfb\u5217","valid":true}
{"arg":"h","icon":{"path":"translate.png"},"quicklookurl":"http:\/\/youdao.com\/w\/h","subtitle":"Vitamin H","text":{"copy":"\u751f\u7269\u7d20,\u7ef4\u751f\u7d20H,\u5421\u54c6\u7d20,\u82f1\u6587\u540d"},"title":"\u751f\u7269\u7d20,\u7ef4\u751f\u7d20H,\u5421\u54c6\u7d20,\u82f1\u6587\u540d","valid":true}
{"arg":"b","icon":{"path":"translate.png"},"quicklookurl":"http:\/\/youdao.com\/w\/b","subtitle":"serie b","text":{"copy":"\u610f\u5927\u5229\u8db3\u7403\u4e59\u7ea7\u8054\u8d5b,\u4e59\u7ea7\u8054\u8d5b,\u610f\u4e59\u8054\u8d5b,\u610f\u5927\u5229\u4e59\u7ec4\u8db3\u7403\u8054\u8d5b"},"title":"\u610f\u5927\u5229\u8db3\u7403\u4e59\u7ea7\u8054\u8d5b,\u4e59\u7ea7\u8054\u8d5b,\u610f\u4e59\u8054\u8d5b,\u610f\u5927\u5229\u4e59\u7ec4\u8db3\u7403\u8054\u8d5b","valid":true}
{"arg":"has","icon":{"path":"translate.png"},"quicklookurl":"http:\/\/youdao.com\/w\/has","subtitle":"Has","text":{"copy":"\u6709\u7740,\u5b69\u4e4b\u5b9d,\u4eba\u8840\u6e05\u767d\u86cb\u767d,\u6709"},"title":"\u6709\u7740,\u5b69\u4e4b\u5b9d,\u4eba\u8840\u6e05\u767d\u86cb\u767d,\u6709","valid":true}
{"arg":"h","icon":{"path":"translate.png"},"quicklookurl":"http:\/\/youdao.com\/w\/h","subtitle":"Vitamin H","text":{"copy":"\u751f\u7269\u7d20,\u7ef4\u751f\u7d20H,\u5421\u54c6\u7d20,\u82f1\u6587\u540d"},"title":"\u751f\u7269\u7d20,\u7ef4\u751f\u7d20H,\u5421\u54c6\u7d20,\u82f1\u6587\u540d","valid":true}
{"arg":"b","icon":{"path":"translate.png"},"quicklookurl":"http:\/\/youdao.com\/w\/b","subtitle":"serie b","text":{"copy":"\u610f\u5927\u5229\u8db3\u7403\u4e59\u7ea7\u8054\u8d5b,\u4e59\u7ea7\u8054\u8d5b,\u610f\u4e59\u8054\u8d5b,\u610f\u5927\u5229\u4e59\u7ec4\u8db3\u7403\u8054\u8d5b"},"title":"\u610f\u5927\u5229\u8db3\u7403\u4e59\u7ea7\u8054\u8d5b,\u4e59\u7ea7\u8054\u8d5b,\u610f\u4e59\u8054\u8d5b,\u610f\u5927\u5229\u4e59\u7ec4\u8db3\u7403\u8054\u8d5b","valid":true}
{"arg":"br","icon":{"path":"translate.png"},"quicklookurl":"http:\/\/youdao.com\/w\/br","subtitle":"BR","text":{"copy":"\u987a\u4e01\u6a61\u80f6,\u5df4\u897f,\u6253\u65ad,\u4e01\u4e8c\u70ef\u6a61\u80f6"},"title":"\u987a\u4e01\u6a61\u80f6,\u5df4\u897f,\u6253\u65ad,\u4e01\u4e8c\u70ef\u6a61\u80f6","valid":true}
{"arg":"broad","icon":{"path":"translate.png"},"quicklookurl":"http:\/\/youdao.com\/w\/broad","subtitle":"Broad","text":{"copy":"\u5e7f\u9614,\u5bbd\u7684,\u5bbd\u9614\u7684,\u5bbd\u5e7f"},"title":"\u5e7f\u9614,\u5bbd\u7684,\u5bbd\u9614\u7684,\u5bbd\u5e7f","valid":true}
{"arg":"bro","icon":{"path":"translate.png"},"quicklookurl":"http:\/\/youdao.com\/w\/bro","subtitle":"Bro","text":{"copy":"\u5e03\u7f57,\u5e03\u6717\u65af\u7ef4\u5c14,\u79f0\u547c\u7537\u6027\u670b\u53cb\u6216\u4eb2\u621a,\u82f1\u56fd\u7687\u5bb6\u5987\u4ea7\u534f\u4f1a"},"title":"\u5e03\u7f57,\u5e03\u6717\u65af\u7ef4\u5c14,\u79f0\u547c\u7537\u6027\u670b\u53cb\u6216\u4eb2\u621a,\u82f1\u56fd\u7687\u5bb6\u5987\u4ea7\u534f\u4f1a","valid":true}
{"arg":"b","icon":{"path":"translate.png"},"quicklookurl":"http:\/\/youdao.com\/w\/b","subtitle":"serie b","text":{"copy":"\u610f\u5927\u5229\u8db3\u7403\u4e59\u7ea7\u8054\u8d5b,\u4e59\u7ea7\u8054\u8d5b,\u610f\u4e59\u8054\u8d5b,\u610f\u5927\u5229\u4e59\u7ec4\u8db3\u7403\u8054\u8d5b"},"title":"\u610f\u5927\u5229\u8db3\u7403\u4e59\u7ea7\u8054\u8d5b,\u4e59\u7ea7\u8054\u8d5b,\u610f\u4e59\u8054\u8d5b,\u610f\u5927\u5229\u4e59\u7ec4\u8db3\u7403\u8054\u8d5b","valid":true}
{"arg":"we","icon":{"path":"translate.png"},"quicklookurl":"http:\/\/youdao.com\/w\/we","subtitle":"We","text":{"copy":"\u6211\u4eec,\u6c34\u5143\u7d20,\u5e94\u6025\u7167\u660e\u5206\u652f\u7ebf,\u5b9e\u51b5\u8db3\u7403"},"title":"\u6211\u4eec,\u6c34\u5143\u7d20,\u5e94\u6025\u7167\u660e\u5206\u652f\u7ebf,\u5b9e\u51b5\u8db3\u7403","valid":true}
{"arg":"well","icon":{"path":"translate.png"},"quicklookurl":"http:\/\/youdao.com\/w\/well","subtitle":"Well","text":{"copy":"\u4e95\u5bbf,\u5de5\u5177\u69fd,\u4e95,\u8d27\u4e95"},"title":"\u4e95\u5bbf,\u5de5\u5177\u69fd,\u4e95,\u8d27\u4e95","valid":true}
{"arg":"misc","icon":{"path":"translate.png"},"quicklookurl":"http:\/\/youdao.com\/w\/misc","subtitle":"misc","text":{"copy":"\u6df7\u5408,\u79fb\u52a8\u4fe1\u606f\u670d\u52a1\u4e2d\u5fc3(Mobile Information Service Center),\u6742\u9879,\u9a6c\u6765\u897f\u4e9a\u822a\u8fd0"},"title":"\u6df7\u5408,\u79fb\u52a8\u4fe1\u606f\u670d\u52a1\u4e2d\u5fc3(Mobile Information Service Center),\u6742\u9879,\u9a6c\u6765\u897f\u4e9a\u822a\u8fd0","valid":true}
{"arg":"provide","icon":{"path":"translate.png"},"quicklookurl":"http:\/\/youdao.com\/w\/provide","subtitle":"provide","text":{"copy":"\u63d0\u4f9b"},"title":"\u63d0\u4f9b","valid":true}
{"arg":"post","icon":{"path":"translate.png"},"quicklookurl":"http:\/\/youdao.com\/w\/post","subtitle":"POST","text":{"copy":"\u52a0\u7535\u81ea\u68c0,\u8d34\u5b50,\u804c\u4f4d,\u53d1\u5e03\u8005"},"title":"\u52a0\u7535\u81ea\u68c0,\u8d34\u5b50,\u804c\u4f4d,\u53d1\u5e03\u8005","valid":true}
{"arg":"post install","icon":{"path":"translate.png"},"quicklookurl":"http:\/\/youdao.com\/w\/post+install","subtitle":"post-install","text":{"copy":"\u540e\u7f6e\u57cb\u4ef6"},"title":"\u540e\u7f6e\u57cb\u4ef6","valid":true}
{"arg":"s","icon":{"path":"translate.png"},"quicklookurl":"http:\/\/youdao.com\/w\/s","subtitle":"S Doradus","text":{"copy":"\u5251\u9c7c\u5ea7S"},"title":"\u5251\u9c7c\u5ea7S","valid":true}
{"arg":"sys","icon":{"path":"translate.png"},"quicklookurl":"http:\/\/youdao.com\/w\/sys","subtitle":"SYS","text":{"copy":"\u5236\u5f0f,\u591a\u5236\u5f0f\u7cfb\u7edf,\u7cfb\u7edf\u6587\u4ef6,\u7cfb\u7edf\u72b6\u6001\u6307\u793a\u706f"},"title":"\u5236\u5f0f,\u591a\u5236\u5f0f\u7cfb\u7edf,\u7cfb\u7edf\u6587\u4ef6,\u7cfb\u7edf\u72b6\u6001\u6307\u793a\u706f","valid":true}
{"arg":"system","icon":{"path":"translate.png"},"quicklookurl":"http:\/\/youdao.com\/w\/system","subtitle":"System","text":{"copy":"\u7cfb\u7edf,\u4f53\u7cfb,\u5236\u5ea6,\u4f53\u5236"},"title":"\u7cfb\u7edf,\u4f53\u7cfb,\u5236\u5ea6,\u4f53\u5236","valid":true}
{"arg":"Verbose","icon":{"path":"translate.png"},"quicklookurl":"http:\/\/youdao.com\/w\/Verbose","subtitle":"verbose","text":{"copy":"\u5197\u957f,\u4fe1\u606f,\u7f57\u55e6\u7684"},"title":"\u5197\u957f,\u4fe1\u606f,\u7f57\u55e6\u7684","valid":true}
{"arg":"Acceleration","icon":{"path":"translate.png"},"quicklookurl":"http:\/\/youdao.com\/w\/Acceleration","subtitle":"Acceleration","text":{"copy":"\u52a0\u901f\u5ea6,\u52a0\u901f,\u6447\u6643\u6a21\u5f0f,\u901f\u5316\u53cd\u5e94"},"title":"\u52a0\u901f\u5ea6,\u52a0\u901f,\u6447\u6643\u6a21\u5f0f,\u901f\u5316\u53cd\u5e94","valid":true}
{"arg":"emu","icon":{"path":"translate.png"},"quicklookurl":"http:\/\/youdao.com\/w\/emu","subtitle":"Emu","text":{"copy":"\u9e38\u9e4b,\u6b27\u6d32\u8d27\u5e01\u8054\u76df,\u9e38\u9e4b,\u6b27\u6d32\u7ecf\u6d4e\u4e0e\u8d27\u5e01\u8054\u76df"},"title":"\u9e38\u9e4b,\u6b27\u6d32\u8d27\u5e01\u8054\u76df,\u9e38\u9e4b,\u6b27\u6d32\u7ecf\u6d4e\u4e0e\u8d27\u5e01\u8054\u76df","valid":true}
{"arg":"emulate","icon":{"path":"translate.png"},"quicklookurl":"http:\/\/youdao.com\/w\/emulate","subtitle":"emulate","text":{"copy":"\u4eff\u771f,\u4eff\u6548,\u6a21\u4eff,\u6548\u4eff"},"title":"\u4eff\u771f,\u4eff\u6548,\u6a21\u4eff,\u6548\u4eff","valid":true}
{"arg":"render","icon":{"path":"translate.png"},"quicklookurl":"http:\/\/youdao.com\/w\/render","subtitle":"render","text":{"copy":"\u4f7f\u5f97,\u7ed9\u4e88,\u6e32\u67d3,\u89e3\u91ca\u6bd4\u8f83\u957f"},"title":"\u4f7f\u5f97,\u7ed9\u4e88,\u6e32\u67d3,\u89e3\u91ca\u6bd4\u8f83\u957f","valid":true}
{"arg":"compilers","icon":{"path":"translate.png"},"quicklookurl":"http:\/\/youdao.com\/w\/compilers","subtitle":"compilers","text":{"copy":"\u7f16\u8bd1\u5668,\u7f16\u8bd1\u5de5\u5177,\u7f16\u8bd1\u7a0b\u5e8f,\u7f16\u8bd1\u7a0b\u5f0f"},"title":"\u7f16\u8bd1\u5668,\u7f16\u8bd1\u5de5\u5177,\u7f16\u8bd1\u7a0b\u5e8f,\u7f16\u8bd1\u7a0b\u5f0f","valid":true}
{"arg":"compiler","icon":{"path":"translate.png"},"quicklookurl":"http:\/\/youdao.com\/w\/compiler","subtitle":"Compiler","text":{"copy":"\u7f16\u8bd1\u5668,\u7f16\u8bd1\u7a0b\u5e8f,\u7f16\u8bd1"},"title":"\u7f16\u8bd1\u5668,\u7f16\u8bd1\u7a0b\u5e8f,\u7f16\u8bd1","valid":true}
{"arg":"c","icon":{"path":"translate.png"},"quicklookurl":"http:\/\/youdao.com\/w\/c","subtitle":"Vitamin C","text":{"copy":"\u7ef4\u751f\u7d20C,\u7ef4\u4ed6\u547dC,\u6297\u574f\u8840\u9178,\u7ef4\u751f\u7d20"},"title":"\u7ef4\u751f\u7d20C,\u7ef4\u4ed6\u547dC,\u6297\u574f\u8840\u9178,\u7ef4\u751f\u7d20","valid":true}
{"arg":"mini","icon":{"path":"translate.png"},"quicklookurl":"http:\/\/youdao.com\/w\/mini","subtitle":"mini","text":{"copy":"\u5b9d\u9a6c,\u5954\u5954,\u5c0f\u7684,\u8427\u7ec5\u535a\u5148\u751f"},"title":"\u5b9d\u9a6c,\u5954\u5954,\u5c0f\u7684,\u8427\u7ec5\u535a\u5148\u751f","valid":true}
{"arg":"component","icon":{"path":"translate.png"},"quicklookurl":"http:\/\/youdao.com\/w\/component","subtitle":"Component","text":{"copy":"\u7ec4\u4ef6,\u7ec4\u6210\u90e8\u5206,\u6210\u5206,\u90e8\u4ef6"},"title":"\u7ec4\u4ef6,\u7ec4\u6210\u90e8\u5206,\u6210\u5206,\u90e8\u4ef6","valid":true}
{"arg":"comp","icon":{"path":"translate.png"},"quicklookurl":"http:\/\/youdao.com\/w\/comp","subtitle":"COMP","text":{"copy":"\u6bd4\u8f83\u5668,\u6bd4\u8d5b\u7684\u7b80\u79f0"},"title":"\u6bd4\u8f83\u5668,\u6bd4\u8d5b\u7684\u7b80\u79f0","valid":true}
{"arg":"compo","icon":{"path":"translate.png"},"quicklookurl":"http:\/\/youdao.com\/w\/compo","subtitle":"compo","text":{"copy":"\u6df7\u5408\u6d82\u6599,\u719f\u9ecf\u571f\u7802,\u6c34\u6ce5\u7070\u6d46,\u5eb7\u6734\u516c\u53f8"},"title":"\u6df7\u5408\u6d82\u6599,\u719f\u9ecf\u571f\u7802,\u6c34\u6ce5\u7070\u6d46,\u5eb7\u6734\u516c\u53f8","valid":true}
{"arg":"componene","icon":{"path":"translate.png"},"quicklookurl":"http:\/\/youdao.com\/w\/componene","subtitle":"wave componene","text":{"copy":"\u6ce2\u5206\u91cf"},"title":"\u6ce2\u5206\u91cf","valid":true}
{"arg":"component","icon":{"path":"translate.png"},"quicklookurl":"http:\/\/youdao.com\/w\/component","subtitle":"Component","text":{"copy":"\u7ec4\u4ef6,\u7ec4\u6210\u90e8\u5206,\u6210\u5206,\u90e8\u4ef6"},"title":"\u7ec4\u4ef6,\u7ec4\u6210\u90e8\u5206,\u6210\u5206,\u90e8\u4ef6","valid":true}
{"arg":"n","icon":{"path":"translate.png"},"quicklookurl":"http:\/\/youdao.com\/w\/n","subtitle":"N Gobalakrishnan","text":{"copy":"\u54e5\u5df4\u62c9\u514b\u91cc\u65af\u5357,\u54e5\u5df4\u62c9"},"title":"\u54e5\u5df4\u62c9\u514b\u91cc\u65af\u5357,\u54e5\u5df4\u62c9","valid":true}
{"arg":"hello","icon":{"path":"translate.png"},"quicklookurl":"http:\/\/youdao.com\/w\/%E4%BD%A0%E5%A5%BD","subtitle":"\u4f60\u597d","text":{"copy":"Hello,How do you do,hi,Hello Stranger"},"title":"Hello,How do you do,hi,Hello Stranger","valid":true}
{"arg":"you","icon":{"path":"translate.png"},"quicklookurl":"http:\/\/youdao.com\/w\/%E4%BD%A0","subtitle":"\u4f60","text":{"copy":"You,Thou,U YOU"},"title":"You,Thou,U YOU","valid":true}
{"arg":"brew","icon":{"path":"translate.png"},"quicklookurl":"http:\/\/youdao.com\/w\/brew","subtitle":"BREW","text":{"copy":"\u795e\u5947\u5b9d\u5178,\u65e0\u7ebf\u4e8c\u8fdb\u5236\u8fd0\u884c\u73af\u5883,\u917f\u9020,\u56fe\u8c0b"},"title":"\u795e\u5947\u5b9d\u5178,\u65e0\u7ebf\u4e8c\u8fdb\u5236\u8fd0\u884c\u73af\u5883,\u917f\u9020,\u56fe\u8c0b","valid":true}
{"arg":"brew","icon":{"path":"translate.png"},"quicklookurl":"http:\/\/youdao.com\/w\/brew","subtitle":"BREW","text":{"copy":"\u795e\u5947\u5b9d\u5178,\u65e0\u7ebf\u4e8c\u8fdb\u5236\u8fd0\u884c\u73af\u5883,\u917f\u9020,\u56fe\u8c0b"},"title":"\u795e\u5947\u5b9d\u5178,\u65e0\u7ebf\u4e8c\u8fdb\u5236\u8fd0\u884c\u73af\u5883,\u917f\u9020,\u56fe\u8c0b","valid":true}
{"arg":"b","icon":{"path":"translate.png"},"quicklookurl":"http:\/\/youdao.com\/w\/b","subtitle":"serie b","text":{"copy":"\u610f\u5927\u5229\u8db3\u7403\u4e59\u7ea7\u8054\u8d5b,\u4e59\u7ea7\u8054\u8d5b,\u610f\u4e59\u8054\u8d5b,\u610f\u5927\u5229\u4e59\u7ec4\u8db3\u7403\u8054\u8d5b"},"title":"\u610f\u5927\u5229\u8db3\u7403\u4e59\u7ea7\u8054\u8d5b,\u4e59\u7ea7\u8054\u8d5b,\u610f\u4e59\u8054\u8d5b,\u610f\u5927\u5229\u4e59\u7ec4\u8db3\u7403\u8054\u8d5b","valid":true}
{"arg":"b","icon":{"path":"translate.png"},"quicklookurl":"http:\/\/youdao.com\/w\/b","subtitle":"serie b","text":{"copy":"\u610f\u5927\u5229\u8db3\u7403\u4e59\u7ea7\u8054\u8d5b,\u4e59\u7ea7\u8054\u8d5b,\u610f\u4e59\u8054\u8d5b,\u610f\u5927\u5229\u4e59\u7ec4\u8db3\u7403\u8054\u8d5b"},"title":"\u610f\u5927\u5229\u8db3\u7403\u4e59\u7ea7\u8054\u8d5b,\u4e59\u7ea7\u8054\u8d5b,\u610f\u4e59\u8054\u8d5b,\u610f\u5927\u5229\u4e59\u7ec4\u8db3\u7403\u8054\u8d5b","valid":true}
{"arg":"br","icon":{"path":"translate.png"},"quicklookurl":"http:\/\/youdao.com\/w\/br","subtitle":"BR","text":{"copy":"\u987a\u4e01\u6a61\u80f6,\u5df4\u897f,\u6253\u65ad,\u4e01\u4e8c\u70ef\u6a61\u80f6"},"title":"\u987a\u4e01\u6a61\u80f6,\u5df4\u897f,\u6253\u65ad,\u4e01\u4e8c\u70ef\u6a61\u80f6","valid":true}
{"arg":"brew","icon":{"path":"translate.png"},"quicklookurl":"http:\/\/youdao.com\/w\/brew","subtitle":"BREW","text":{"copy":"\u795e\u5947\u5b9d\u5178,\u65e0\u7ebf\u4e8c\u8fdb\u5236\u8fd0\u884c\u73af\u5883,\u917f\u9020,\u56fe\u8c0b"},"title":"\u795e\u5947\u5b9d\u5178,\u65e0\u7ebf\u4e8c\u8fdb\u5236\u8fd0\u884c\u73af\u5883,\u917f\u9020,\u56fe\u8c0b","valid":true}
{"arg":"b","icon":{"path":"translate.png"},"quicklookurl":"http:\/\/youdao.com\/w\/b","subtitle":"serie b","text":{"copy":"\u610f\u5927\u5229\u8db3\u7403\u4e59\u7ea7\u8054\u8d5b,\u4e59\u7ea7\u8054\u8d5b,\u610f\u4e59\u8054\u8d5b,\u610f\u5927\u5229\u4e59\u7ec4\u8db3\u7403\u8054\u8d5b"},"title":"\u610f\u5927\u5229\u8db3\u7403\u4e59\u7ea7\u8054\u8d5b,\u4e59\u7ea7\u8054\u8d5b,\u610f\u4e59\u8054\u8d5b,\u610f\u5927\u5229\u4e59\u7ec4\u8db3\u7403\u8054\u8d5b","valid":true}
{"arg":"home","icon":{"path":"translate.png"},"quicklookurl":"http:\/\/youdao.com\/w\/home","subtitle":"home","text":{"copy":"\u9996\u9875,\u4e3b\u9875,\u5c0f\u623f\u5b50,\u56de\u5bb6"},"title":"\u9996\u9875,\u4e3b\u9875,\u5c0f\u623f\u5b50,\u56de\u5bb6","valid":true}
{"arg":"li","icon":{"path":"translate.png"},"quicklookurl":"http:\/\/youdao.com\/w\/li","subtitle":"li","text":{"copy":"\u5217\u652f\u6566\u58eb\u767b,\u9502\u79bb\u5b50,\u957f\u5ea6\u6307\u793a,\u718a\u9edb\u6797"},"title":"\u5217\u652f\u6566\u58eb\u767b,\u9502\u79bb\u5b50,\u957f\u5ea6\u6307\u793a,\u718a\u9edb\u6797","valid":true}
{"arg":"licence","icon":{"path":"translate.png"},"quicklookurl":"http:\/\/youdao.com\/w\/licence","subtitle":"licence","text":{"copy":"\u8bb8\u53ef\u8bc1,\u8bb8\u53ef,\u9a7e\u7167,\u6267\u7167"},"title":"\u8bb8\u53ef\u8bc1,\u8bb8\u53ef,\u9a7e\u7167,\u6267\u7167","valid":true}
{"arg":"ex","icon":{"path":"translate.png"},"quicklookurl":"http:\/\/youdao.com\/w\/ex","subtitle":"EX","text":{"copy":"\u5ef6\u4f38,\u5ef6\u957f,\u53ef\u71c3\u6c14\u4f53,\u53ef\u71c3\u6c14(E X)"},"title":"\u5ef6\u4f38,\u5ef6\u957f,\u53ef\u71c3\u6c14\u4f53,\u53ef\u71c3\u6c14(E X)","valid":true}
{"arg":"extension","icon":{"path":"translate.png"},"quicklookurl":"http:\/\/youdao.com\/w\/extension","subtitle":"extension","text":{"copy":"\u5206\u673a,\u5916\u5ef6,\u5ef6\u4f38"},"title":"\u5206\u673a,\u5916\u5ef6,\u5ef6\u4f38","valid":true}
{"arg":"bree","icon":{"path":"translate.png"},"quicklookurl":"http:\/\/youdao.com\/w\/bree","subtitle":"Bree","text":{"copy":"\u5e03\u96f7,\u8d44\u6e90\u4e0e\u80fd\u6e90\u7ecf\u6d4e\u5c40,\u5e03\u745e"},"title":"\u5e03\u96f7,\u8d44\u6e90\u4e0e\u80fd\u6e90\u7ecf\u6d4e\u5c40,\u5e03\u745e","valid":true}
{"arg":"breeze","icon":{"path":"translate.png"},"quicklookurl":"http:\/\/youdao.com\/w\/breeze","subtitle":"breeze","text":{"copy":"\u8f7b\u98ce,\u6e05\u98ce,\u548c\u98ce"},"title":"\u8f7b\u98ce,\u6e05\u98ce,\u548c\u98ce","valid":true}
{"arg":"m","icon":{"path":"translate.png"},"quicklookurl":"http:\/\/youdao.com\/w\/m","subtitle":"Sachiko M","text":{"copy":"\u677e\u539f\u5e78\u5b50"},"title":"\u677e\u539f\u5e78\u5b50","valid":true}
{"arg":"m","icon":{"path":"translate.png"},"quicklookurl":"http:\/\/youdao.com\/w\/m","subtitle":"Sachiko M","text":{"copy":"\u677e\u539f\u5e78\u5b50"},"title":"\u677e\u539f\u5e78\u5b50","valid":true}
{"arg":"m","icon":{"path":"translate.png"},"quicklookurl":"http:\/\/youdao.com\/w\/m","subtitle":"Sachiko M","text":{"copy":"\u677e\u539f\u5e78\u5b50"},"title":"\u677e\u539f\u5e78\u5b50","valid":true}
{"arg":"The microphone","icon":{"path":"translate.png"},"quicklookurl":"http:\/\/youdao.com\/w\/%E9%BA%A6%E5%85%8B%E9%A3%8E","subtitle":"\u9ea6\u514b\u98ce","text":{"copy":"Microphone,MIC,microphone,XMic"},"title":"Microphone,MIC,microphone,XMic","valid":true}
{"arg":"init","icon":{"path":"translate.png"},"quicklookurl":"http:\/\/youdao.com\/w\/init","subtitle":"Init","text":{"copy":"\u521d\u59cb\u5316,\u7231\u5c3c\u7279,\u8fdb\u7a0b,\u8bf7\u91cd\u65b0\u5b89\u88c5"},"title":"\u521d\u59cb\u5316,\u7231\u5c3c\u7279,\u8fdb\u7a0b,\u8bf7\u91cd\u65b0\u5b89\u88c5","valid":true}
{"arg":"init","icon":{"path":"translate.png"},"quicklookurl":"http:\/\/youdao.com\/w\/init","subtitle":"Init","text":{"copy":"\u521d\u59cb\u5316,\u7231\u5c3c\u7279,\u8fdb\u7a0b,\u8bf7\u91cd\u65b0\u5b89\u88c5"},"title":"\u521d\u59cb\u5316,\u7231\u5c3c\u7279,\u8fdb\u7a0b,\u8bf7\u91cd\u65b0\u5b89\u88c5","valid":true}
{"arg":"init","icon":{"path":"translate.png"},"quicklookurl":"http:\/\/youdao.com\/w\/init","subtitle":"Init","text":{"copy":"\u521d\u59cb\u5316,\u7231\u5c3c\u7279,\u8fdb\u7a0b,\u8bf7\u91cd\u65b0\u5b89\u88c5"},"title":"\u521d\u59cb\u5316,\u7231\u5c3c\u7279,\u8fdb\u7a0b,\u8bf7\u91cd\u65b0\u5b89\u88c5","valid":true}
{"arg":"in","icon":{"path":"translate.png"},"quicklookurl":"http:\/\/youdao.com\/w\/in","subtitle":"in","text":{"copy":"\u82f1\u5bf8,\u5370\u5ea6,\u8f93\u5165,\u4eba\u53e3"},"title":"\u82f1\u5bf8,\u5370\u5ea6,\u8f93\u5165,\u4eba\u53e3","valid":true}
{"arg":"int","icon":{"path":"translate.png"},"quicklookurl":"http:\/\/youdao.com\/w\/int","subtitle":"INT","text":{"copy":"\u7ebf,\u6574\u578b,\u6574\u6570,\u667a\u529b"},"title":"\u7ebf,\u6574\u578b,\u6574\u6570,\u667a\u529b","valid":true}
{"arg":"intl","icon":{"path":"translate.png"},"quicklookurl":"http:\/\/youdao.com\/w\/intl","subtitle":"intl","text":{"copy":"\u533a\u57df\u8bbe\u7f6e,\u82f1\u7279\u5c14,\u5b83\u6c38\u8fdc\u4e0d\u4f1a\u592a\u8fdf,\u56fd\u9645\u8d44\u4ea7\u63a7\u80a1\u516c\u53f8"},"title":"\u533a\u57df\u8bbe\u7f6e,\u82f1\u7279\u5c14,\u5b83\u6c38\u8fdc\u4e0d\u4f1a\u592a\u8fdf,\u56fd\u9645\u8d44\u4ea7\u63a7\u80a1\u516c\u53f8","valid":true}
{"arg":"i","icon":{"path":"translate.png"},"quicklookurl":"http:\/\/youdao.com\/w\/i","subtitle":"I SWEAR","text":{"copy":"\u6211\u5ba3\u8a93,\u6211\u53d1\u8a93,\u8a93\u8a00,\u6797\u5fc6\u83b2"},"title":"\u6211\u5ba3\u8a93,\u6211\u53d1\u8a93,\u8a93\u8a00,\u6797\u5fc6\u83b2","valid":true}
{"arg":"redux","icon":{"path":"translate.png"},"quicklookurl":"http:\/\/youdao.com\/w\/redux","subtitle":"redux","text":{"copy":"\u56de\u6765\u7684,\u7ec8\u6781\u7248,\u72b6\u6001\u7ba1\u7406,\u6700\u540e\u7684\u66d9\u5149"},"title":"\u56de\u6765\u7684,\u7ec8\u6781\u7248,\u72b6\u6001\u7ba1\u7406,\u6700\u540e\u7684\u66d9\u5149","valid":true}
{"arg":"re","icon":{"path":"translate.png"},"quicklookurl":"http:\/\/youdao.com\/w\/re","subtitle":"RE","text":{"copy":"\u6a61\u80f6\u7c98\u5408\u5242,\u7559\u5c3c\u6c6a,\u9006\u5411\u5de5\u7a0b,\u96f7\u8bfa\u6570"},"title":"\u6a61\u80f6\u7c98\u5408\u5242,\u7559\u5c3c\u6c6a,\u9006\u5411\u5de5\u7a0b,\u96f7\u8bfa\u6570","valid":true}
{"arg":"red","icon":{"path":"translate.png"},"quicklookurl":"http:\/\/youdao.com\/w\/red","subtitle":"RED","text":{"copy":"\u7ea2,\u7ea2\u8272,\u8d64\u7130\u6218\u573a"},"title":"\u7ea2,\u7ea2\u8272,\u8d64\u7130\u6218\u573a","valid":true}
{"arg":"redux","icon":{"path":"translate.png"},"quicklookurl":"http:\/\/youdao.com\/w\/redux","subtitle":"redux","text":{"copy":"\u56de\u6765\u7684,\u7ec8\u6781\u7248,\u72b6\u6001\u7ba1\u7406,\u6700\u540e\u7684\u66d9\u5149"},"title":"\u56de\u6765\u7684,\u7ec8\u6781\u7248,\u72b6\u6001\u7ba1\u7406,\u6700\u540e\u7684\u66d9\u5149","valid":true}
{"arg":"reduce","icon":{"path":"translate.png"},"quicklookurl":"http:\/\/youdao.com\/w\/reduce","subtitle":"Reduce","text":{"copy":"\u51cf\u5c11,\u964d\u4f4e,\u51cf\u91cf\u5316,\u7b80\u5316"},"title":"\u51cf\u5c11,\u964d\u4f4e,\u51cf\u91cf\u5316,\u7b80\u5316","valid":true}
{"arg":"t","icon":{"path":"translate.png"},"quicklookurl":"http:\/\/youdao.com\/w\/t","subtitle":"T RK","text":{"copy":"\u571f\u8033\u5176\u8bed"},"title":"\u571f\u8033\u5176\u8bed","valid":true}
{"arg":"th","icon":{"path":"translate.png"},"quicklookurl":"http:\/\/youdao.com\/w\/th","subtitle":"Th","text":{"copy":"\u7ec6\u80de,\u603b\u9ad8,\u6cf0\u56fd,\u539a\u5ea6"},"title":"\u7ec6\u80de,\u603b\u9ad8,\u6cf0\u56fd,\u539a\u5ea6","valid":true}
{"arg":"thunk","icon":{"path":"translate.png"},"quicklookurl":"http:\/\/youdao.com\/w\/thunk","subtitle":"thunk","text":{"copy":"\u5f62\u5b9e\u8f6c\u6362\u7a0b\u5e8f,\u5766\u514b,\u5f62\u5f0f\u8f6c\u6362,\u53cc\u5f62\u5f0f\u8f6c\u6362"},"title":"\u5f62\u5b9e\u8f6c\u6362\u7a0b\u5e8f,\u5766\u514b,\u5f62\u5f0f\u8f6c\u6362,\u53cc\u5f62\u5f0f\u8f6c\u6362","valid":true}
{"arg":"micro","icon":{"path":"translate.png"},"quicklookurl":"http:\/\/youdao.com\/w\/micro","subtitle":"Micro","text":{"copy":"\u8fc8\u514b\u7f57,\u5fae,\u8f6e\u6ed1\u978b"},"title":"\u8fc8\u514b\u7f57,\u5fae,\u8f6e\u6ed1\u978b","valid":true}
{"arg":"restore","icon":{"path":"translate.png"},"quicklookurl":"http:\/\/youdao.com\/w\/restore","subtitle":"restore","text":{"copy":"\u6062\u590d,\u4fee\u590d,\u91cd\u5efa"},"title":"\u6062\u590d,\u4fee\u590d,\u91cd\u5efa","valid":true}
{"arg":"in","icon":{"path":"translate.png"},"quicklookurl":"http:\/\/youdao.com\/w\/in","subtitle":"in","text":{"copy":"\u82f1\u5bf8,\u5370\u5ea6,\u8f93\u5165,\u4eba\u53e3"},"title":"\u82f1\u5bf8,\u5370\u5ea6,\u8f93\u5165,\u4eba\u53e3","valid":true}
{"arg":"inaccessible","icon":{"path":"translate.png"},"quicklookurl":"http:\/\/youdao.com\/w\/inaccessible","subtitle":"inaccessible","text":{"copy":"\u96be\u4ee5\u63a5\u8fd1\u7684,\u8fbe\u4e0d\u5230\u7684,\u96be\u63a5\u8fd1\u7684,\u4e0d\u53ef\u5b58\u53d6\u7684"},"title":"\u96be\u4ee5\u63a5\u8fd1\u7684,\u8fbe\u4e0d\u5230\u7684,\u96be\u63a5\u8fd1\u7684,\u4e0d\u53ef\u5b58\u53d6\u7684","valid":true}
{"arg":"re","icon":{"path":"translate.png"},"quicklookurl":"http:\/\/youdao.com\/w\/re","subtitle":"RE","text":{"copy":"\u6a61\u80f6\u7c98\u5408\u5242,\u7559\u5c3c\u6c6a,\u9006\u5411\u5de5\u7a0b,\u96f7\u8bfa\u6570"},"title":"\u6a61\u80f6\u7c98\u5408\u5242,\u7559\u5c3c\u6c6a,\u9006\u5411\u5de5\u7a0b,\u96f7\u8bfa\u6570","valid":true}
{"arg":"red","icon":{"path":"translate.png"},"quicklookurl":"http:\/\/youdao.com\/w\/red","subtitle":"RED","text":{"copy":"\u7ea2,\u7ea2\u8272,\u8d64\u7130\u6218\u573a"},"title":"\u7ea2,\u7ea2\u8272,\u8d64\u7130\u6218\u573a","valid":true}
{"arg":"redux","icon":{"path":"translate.png"},"quicklookurl":"http:\/\/youdao.com\/w\/redux","subtitle":"redux","text":{"copy":"\u56de\u6765\u7684,\u7ec8\u6781\u7248,\u72b6\u6001\u7ba1\u7406,\u6700\u540e\u7684\u66d9\u5149"},"title":"\u56de\u6765\u7684,\u7ec8\u6781\u7248,\u72b6\u6001\u7ba1\u7406,\u6700\u540e\u7684\u66d9\u5149","valid":true}
{"arg":"r","icon":{"path":"translate.png"},"quicklookurl":"http:\/\/youdao.com\/w\/r","subtitle":"Exmor R","text":{"copy":"\u5f71\u50cf\u4f20\u611f\u5668,\u80cc\u7167\u5f0f,\u80cc\u7167\u5f0f\u611f\u5149\u5143\u4ef6,\u6444\u50cf\u5934"},"title":"\u5f71\u50cf\u4f20\u611f\u5668,\u80cc\u7167\u5f0f,\u80cc\u7167\u5f0f\u611f\u5149\u5143\u4ef6,\u6444\u50cf\u5934","valid":true}
{"arg":"re","icon":{"path":"translate.png"},"quicklookurl":"http:\/\/youdao.com\/w\/re","subtitle":"RE","text":{"copy":"\u6a61\u80f6\u7c98\u5408\u5242,\u7559\u5c3c\u6c6a,\u9006\u5411\u5de5\u7a0b,\u96f7\u8bfa\u6570"},"title":"\u6a61\u80f6\u7c98\u5408\u5242,\u7559\u5c3c\u6c6a,\u9006\u5411\u5de5\u7a0b,\u96f7\u8bfa\u6570","valid":true}
{"arg":"react","icon":{"path":"translate.png"},"quicklookurl":"http:\/\/youdao.com\/w\/react","subtitle":"react","text":{"copy":"\u53cd\u5e94,\u8d77\u53cd\u5e94,\u6837\u5f0f,\u4f5c\u51fa\u53cd\u5e94"},"title":"\u53cd\u5e94,\u8d77\u53cd\u5e94,\u6837\u5f0f,\u4f5c\u51fa\u53cd\u5e94","valid":true}
{"arg":"alternative","icon":{"path":"translate.png"},"quicklookurl":"http:\/\/youdao.com\/w\/alternative","subtitle":"Alternative","text":{"copy":"\u53e6\u7c7b,\u975e\u4e3b\u6d41,\u66ff\u6362\u7269,\u4e24\u8005\u6311\u4e00\u7684"},"title":"\u53e6\u7c7b,\u975e\u4e3b\u6d41,\u66ff\u6362\u7269,\u4e24\u8005\u6311\u4e00\u7684","valid":true}
{"arg":"e","icon":{"path":"translate.png"},"quicklookurl":"http:\/\/youdao.com\/w\/e","subtitle":"Vitamin E","text":{"copy":"\u7ef4\u751f\u7d20E,\u7ef4\u4ed6\u547dE,\u7ef4\u751f\u7d20,\u751f\u80b2\u915a"},"title":"\u7ef4\u751f\u7d20E,\u7ef4\u4ed6\u547dE,\u7ef4\u751f\u7d20,\u751f\u80b2\u915a","valid":true}
{"arg":"ex","icon":{"path":"translate.png"},"quicklookurl":"http:\/\/youdao.com\/w\/ex","subtitle":"EX","text":{"copy":"\u5ef6\u4f38,\u5ef6\u957f,\u53ef\u71c3\u6c14\u4f53,\u53ef\u71c3\u6c14(E X)"},"title":"\u5ef6\u4f38,\u5ef6\u957f,\u53ef\u71c3\u6c14\u4f53,\u53ef\u71c3\u6c14(E X)","valid":true}
{"arg":"external","icon":{"path":"translate.png"},"quicklookurl":"http:\/\/youdao.com\/w\/external","subtitle":"External","text":{"copy":"\u5916\u90e8,\u5bf9\u5916,\u5916\u5728\u7684,\u5916\u7f6e\u7684"},"title":"\u5916\u90e8,\u5bf9\u5916,\u5916\u5728\u7684,\u5916\u7f6e\u7684","valid":true}
{"arg":"flask","icon":{"path":"translate.png"},"quicklookurl":"http:\/\/youdao.com\/w\/flask","subtitle":"flask","text":{"copy":"\u70e7\u74f6,\u4e0a\u7bb1,\u7802\u7bb1,\u74f6"},"title":"\u70e7\u74f6,\u4e0a\u7bb1,\u7802\u7bb1,\u74f6","valid":true}
{"arg":"e","icon":{"path":"translate.png"},"quicklookurl":"http:\/\/youdao.com\/w\/e","subtitle":"Vitamin E","text":{"copy":"\u7ef4\u751f\u7d20E,\u7ef4\u4ed6\u547dE,\u7ef4\u751f\u7d20,\u751f\u80b2\u915a"},"title":"\u7ef4\u751f\u7d20E,\u7ef4\u4ed6\u547dE,\u7ef4\u751f\u7d20,\u751f\u80b2\u915a","valid":true}
{"arg":"ex","icon":{"path":"translate.png"},"quicklookurl":"http:\/\/youdao.com\/w\/ex","subtitle":"EX","text":{"copy":"\u5ef6\u4f38,\u5ef6\u957f,\u53ef\u71c3\u6c14\u4f53,\u53ef\u71c3\u6c14(E X)"},"title":"\u5ef6\u4f38,\u5ef6\u957f,\u53ef\u71c3\u6c14\u4f53,\u53ef\u71c3\u6c14(E X)","valid":true}
{"arg":"ext","icon":{"path":"translate.png"},"quicklookurl":"http:\/\/youdao.com\/w\/ext","subtitle":"EXT","text":{"copy":"\u5706\u5f27,\u7ebf,\u5706\u7684\u5ef6\u957f\u7ebf,\u5916\u90e8\u7684"},"title":"\u5706\u5f27,\u7ebf,\u5706\u7684\u5ef6\u957f\u7ebf,\u5916\u90e8\u7684","valid":true}
{"arg":"extra","icon":{"path":"translate.png"},"quicklookurl":"http:\/\/youdao.com\/w\/extra","subtitle":"extra","text":{"copy":"\u989d\u5916\u7684,\u4e34\u65f6\u6f14\u5458,\u76ca\u8fbe,\u53f7\u5916"},"title":"\u989d\u5916\u7684,\u4e34\u65f6\u6f14\u5458,\u76ca\u8fbe,\u53f7\u5916","valid":true}
{"arg":"extrac","icon":{"path":"translate.png"},"quicklookurl":"http:\/\/youdao.com\/w\/extrac","subtitle":"Licorice Extrac","text":{"copy":"\u7518\u8349\u8403\u53d6\u6db2"},"title":"\u7518\u8349\u8403\u53d6\u6db2","valid":true}
{"arg":"extract","icon":{"path":"translate.png"},"quicklookurl":"http:\/\/youdao.com\/w\/extract","subtitle":"Extract","text":{"copy":"\u63d0\u53d6,\u62bd\u51fa,\u62bd\u53d6,\u63d0\u53d6\u7269"},"title":"\u63d0\u53d6,\u62bd\u51fa,\u62bd\u53d6,\u63d0\u53d6\u7269","valid":true}
{"arg":"charm","icon":{"path":"translate.png"},"quicklookurl":"http:\/\/youdao.com\/w\/charm","subtitle":"Charm","text":{"copy":"\u9b45\u529b,\u8d85\u7ea7\u6309\u94ae,\u5b9d\u77f3,\u94fe\u7684\u6dfb\u52a0\u9970\u54c1"},"title":"\u9b45\u529b,\u8d85\u7ea7\u6309\u94ae,\u5b9d\u77f3,\u94fe\u7684\u6dfb\u52a0\u9970\u54c1","valid":true}
{"arg":"access","icon":{"path":"translate.png"},"quicklookurl":"http:\/\/youdao.com\/w\/access","subtitle":"access","text":{"copy":"\u6570\u636e\u5e93,\u5b58\u53d6,\u8bbf\u95ee,\u63a5\u8fd1"},"title":"\u6570\u636e\u5e93,\u5b58\u53d6,\u8bbf\u95ee,\u63a5\u8fd1","valid":true}
{"arg":"sill","icon":{"path":"translate.png"},"quicklookurl":"http:\/\/youdao.com\/w\/sill","subtitle":"SILL","text":{"copy":"\u8bed\u8a00\u5b66\u4e60\u7b56\u7565\u91cf\u8868(Strategy Inventory For Language Learning),\u5ca9\u5e8a,\u7a97\u53f0,\u95e8\u69db"},"title":"\u8bed\u8a00\u5b66\u4e60\u7b56\u7565\u91cf\u8868(Strategy Inventory For Language Learning),\u5ca9\u5e8a,\u7a97\u53f0,\u95e8\u69db","valid":true}
{"arg":"e","icon":{"path":"translate.png"},"quicklookurl":"http:\/\/youdao.com\/w\/e","subtitle":"Vitamin E","text":{"copy":"\u7ef4\u751f\u7d20E,\u7ef4\u4ed6\u547dE,\u7ef4\u751f\u7d20,\u751f\u80b2\u915a"},"title":"\u7ef4\u751f\u7d20E,\u7ef4\u4ed6\u547dE,\u7ef4\u751f\u7d20,\u751f\u80b2\u915a","valid":true}
{"arg":"ex","icon":{"path":"translate.png"},"quicklookurl":"http:\/\/youdao.com\/w\/ex","subtitle":"EX","text":{"copy":"\u5ef6\u4f38,\u5ef6\u957f,\u53ef\u71c3\u6c14\u4f53,\u53ef\u71c3\u6c14(E X)"},"title":"\u5ef6\u4f38,\u5ef6\u957f,\u53ef\u71c3\u6c14\u4f53,\u53ef\u71c3\u6c14(E X)","valid":true}
{"arg":"extrac","icon":{"path":"translate.png"},"quicklookurl":"http:\/\/youdao.com\/w\/extrac","subtitle":"Licorice Extrac","text":{"copy":"\u7518\u8349\u8403\u53d6\u6db2"},"title":"\u7518\u8349\u8403\u53d6\u6db2","valid":true}
{"arg":"extract","icon":{"path":"translate.png"},"quicklookurl":"http:\/\/youdao.com\/w\/extract","subtitle":"Extract","text":{"copy":"\u63d0\u53d6,\u62bd\u51fa,\u62bd\u53d6,\u63d0\u53d6\u7269"},"title":"\u63d0\u53d6,\u62bd\u51fa,\u62bd\u53d6,\u63d0\u53d6\u7269","valid":true}
{"arg":"peer","icon":{"path":"translate.png"},"quicklookurl":"http:\/\/youdao.com\/w\/peer","subtitle":"peer","text":{"copy":"\u5bf9\u7b49,\u51dd\u89c6,\u540c\u884c,\u5077\u7aa5"},"title":"\u5bf9\u7b49,\u51dd\u89c6,\u540c\u884c,\u5077\u7aa5","valid":true}
