{"arg":"ex","icon":{"path":"translate.png"},"quicklookurl":"http:\/\/youdao.com\/w\/ex","subtitle":"EX","text":{"copy":"\u5ef6\u4f38,\u5ef6\u957f,\u53ef\u71c3\u6c14\u4f53,\u524d\u4efb"},"title":"\u5ef6\u4f38,\u5ef6\u957f,\u53ef\u71c3\u6c14\u4f53,\u524d\u4efb","valid":true}
{"arg":"expe","icon":{"path":"translate.png"},"quicklookurl":"http:\/\/youdao.com\/w\/expe","subtitle":"Expe","text":{"copy":"\u4f53\u9a8c,\u7269\u4ef7\u9884\u671f\u6307\u6570,\u987e\u5ba2\u9884\u671f,\u6269\u5c55"},"title":"\u4f53\u9a8c,\u7269\u4ef7\u9884\u671f\u6307\u6570,\u987e\u5ba2\u9884\u671f,\u6269\u5c55","valid":true}
{"arg":"experi","icon":{"path":"translate.png"},"quicklookurl":"http:\/\/youdao.com\/w\/experi","subtitle":"experi","text":{"copy":"\u5b9e\u9a8c\u529b\u5b66,\u8d44\u6df1\u91c7\u8d2d\u8d28\u91cf\u5de5\u7a0b\u5e08,\u89c2\u5bdf"},"title":"\u5b9e\u9a8c\u529b\u5b66,\u8d44\u6df1\u91c7\u8d2d\u8d28\u91cf\u5de5\u7a0b\u5e08,\u89c2\u5bdf","valid":true}
{"arg":"experien","icon":{"path":"translate.png"},"quicklookurl":"http:\/\/youdao.com\/w\/experien","subtitle":"experien","text":{"copy":"\u5468\u8fb9\u56fd\u5bb6,\u6b63\u5728\u7ffb\u8bd1,\u4f53\u9a8c"},"title":"\u5468\u8fb9\u56fd\u5bb6,\u6b63\u5728\u7ffb\u8bd1,\u4f53\u9a8c","valid":true}
{"arg":"experienc","icon":{"path":"translate.png"},"quicklookurl":"http:\/\/youdao.com\/w\/experienc","subtitle":"Experienc","text":{"copy":"\u4f53\u4f1a"},"title":"\u4f53\u4f1a","valid":true}
{"arg":"experiencing","icon":{"path":"translate.png"},"quicklookurl":"http:\/\/youdao.com\/w\/experiencing","subtitle":"Experiencing","text":{"copy":"\u4f53\u9a8c\u53d9\u4e8b\u4e16\u754c"},"title":"\u4f53\u9a8c\u53d9\u4e8b\u4e16\u754c","valid":true}
{"arg":"e","icon":{"path":"translate.png"},"quicklookurl":"http:\/\/youdao.com\/w\/e","subtitle":"Vitamin E","text":{"copy":"\u7ef4\u751f\u7d20E,\u7ef4\u4ed6\u547dE,\u7ef4\u751f\u7d20,\u751f\u80b2\u915a"},"title":"\u7ef4\u751f\u7d20E,\u7ef4\u4ed6\u547dE,\u7ef4\u751f\u7d20,\u751f\u80b2\u915a","valid":true}
{"arg":"streamline","icon":{"path":"translate.png"},"quicklookurl":"http:\/\/youdao.com\/w\/%E7%B2%BE%E7%AE%80","subtitle":"\u7cbe\u7b80","text":{"copy":"simplify,Downsizing,Streamline,condense"},"title":"simplify,Downsizing,Streamline,condense","valid":true}
{"arg":"fine","icon":{"path":"translate.png"},"quicklookurl":"http:\/\/youdao.com\/w\/%E7%B2%BE","subtitle":"\u7cbe","text":{"copy":"Accuracy,precision,fine chemicals,Purif Puirfed"},"title":"Accuracy,precision,fine chemicals,Purif Puirfed","valid":true}
{"arg":"simple","icon":{"path":"translate.png"},"quicklookurl":"http:\/\/youdao.com\/w\/%E7%AE%80%E5%8D%95","subtitle":"\u7b80\u5355","text":{"copy":"simplicity,Simple,easy,Brief"},"title":"simplicity,Simple,easy,Brief","valid":true}
{"arg":"simple","icon":{"path":"translate.png"},"quicklookurl":"http:\/\/youdao.com\/w\/simple","subtitle":"Simple","text":{"copy":"\u7b80\u5355,\u7b80\u6613\u7684,\u5355\u7eaf"},"title":"\u7b80\u5355,\u7b80\u6613\u7684,\u5355\u7eaf","valid":true}
{"arg":"resource","icon":{"path":"translate.png"},"quicklookurl":"http:\/\/youdao.com\/w\/resource","subtitle":"Resource","text":{"copy":"\u8d44\u6e90,\u8d44\u6e90\u7c7b\u578b,\u8d22\u529b,\u529e\u6cd5"},"title":"\u8d44\u6e90,\u8d44\u6e90\u7c7b\u578b,\u8d22\u529b,\u529e\u6cd5","valid":true}
{"arg":"resource ","icon":{"path":"translate.png"},"quicklookurl":"http:\/\/youdao.com\/w\/resource+","subtitle":"Resource","text":{"copy":"\u8d44\u6e90,\u8d44\u6e90\u7c7b\u578b,\u8d22\u529b,\u529e\u6cd5"},"title":"\u8d44\u6e90,\u8d44\u6e90\u7c7b\u578b,\u8d22\u529b,\u529e\u6cd5","valid":true}
{"arg":"united","icon":{"path":"translate.png"},"quicklookurl":"http:\/\/youdao.com\/w\/united","subtitle":"United","text":{"copy":"\u8054\u961f,\u534e\u76db\u987f\u8054\u961f,\u8054\u5408\u5200\u5177,\u8054\u5408\u822a\u7a7a"},"title":"\u8054\u961f,\u534e\u76db\u987f\u8054\u961f,\u8054\u5408\u5200\u5177,\u8054\u5408\u822a\u7a7a","valid":true}
{"arg":"u","icon":{"path":"translate.png"},"quicklookurl":"http:\/\/youdao.com\/w\/u","subtitle":"U Thant","text":{"copy":"\u5434\u4e39,\u957f\u5b87\u8c2d"},"title":"\u5434\u4e39,\u957f\u5b87\u8c2d","valid":true}
{"arg":"t","icon":{"path":"translate.png"},"quicklookurl":"http:\/\/youdao.com\/w\/t","subtitle":"T RK","text":{"copy":"\u571f\u8033\u5176\u8bed"},"title":"\u571f\u8033\u5176\u8bed","valid":true}
{"arg":"t","icon":{"path":"translate.png"},"quicklookurl":"http:\/\/youdao.com\/w\/t","subtitle":"T RK","text":{"copy":"\u571f\u8033\u5176\u8bed"},"title":"\u571f\u8033\u5176\u8bed","valid":true}
{"arg":"tubby","icon":{"path":"translate.png"},"quicklookurl":"http:\/\/youdao.com\/w\/%E7%89%B9%E6%AF%94","subtitle":"\u7279\u6bd4","text":{"copy":"Viterbi,Whitby,Maltby,Orion Alexander Holtby"},"title":"Viterbi,Whitby,Maltby,Orion Alexander Holtby","valid":true}
{"arg":",","icon":{"path":"translate.png"},"quicklookurl":"http:\/\/youdao.com\/w\/%E7%89%B9","subtitle":"\u7279","text":{"copy":"tex,Sale,Features,clare"},"title":"tex,Sale,Features,clare","valid":true}
{"arg":"special","icon":{"path":"translate.png"},"quicklookurl":"http:\/\/youdao.com\/w\/%E7%89%B9%E5%88%AB","subtitle":"\u7279\u522b","text":{"copy":"Special,in particular,very,out of the ordinary"},"title":"Special,in particular,very,out of the ordinary","valid":true}
{"arg":"bride","icon":{"path":"translate.png"},"quicklookurl":"http:\/\/youdao.com\/w\/bride","subtitle":"bride","text":{"copy":"\u65b0\u5a18,\u6536\u4e70,\u65b0\u5a18\u5b50,\u65b0\u5987"},"title":"\u65b0\u5a18,\u6536\u4e70,\u65b0\u5a18\u5b50,\u65b0\u5987","valid":true}
{"arg":"brid","icon":{"path":"translate.png"},"quicklookurl":"http:\/\/youdao.com\/w\/brid","subtitle":"BRID","text":{"copy":"\u91d1\u7816\u56db\u56fd,\u9e1f\u724c,\u9b3c\u5a03\u65b0\u5a18,\u5c0f\u9e1f"},"title":"\u91d1\u7816\u56db\u56fd,\u9e1f\u724c,\u9b3c\u5a03\u65b0\u5a18,\u5c0f\u9e1f","valid":true}
{"arg":"abominable","icon":{"path":"translate.png"},"quicklookurl":"http:\/\/youdao.com\/w\/abominable","subtitle":"Abominable","text":{"copy":"\u91ce\u4eba\u6765\u88ad,\u8ba8\u538c\u7684,\u53ef\u6076\u7684"},"title":"\u91ce\u4eba\u6765\u88ad,\u8ba8\u538c\u7684,\u53ef\u6076\u7684","valid":true}
{"arg":"With reference to","icon":{"path":"translate.png"},"quicklookurl":"http:\/\/youdao.com\/w\/%E5%8F%82%E7%85%A7","subtitle":"\u53c2\u7167","text":{"copy":"Refer,Reference,consult,luminous flux"},"title":"Refer,Reference,consult,luminous flux","valid":true}
{"arg":"ginseng","icon":{"path":"translate.png"},"quicklookurl":"http:\/\/youdao.com\/w\/%E5%8F%82","subtitle":"\u53c2","text":{"copy":"Parameter,Specification,take part in,chham-kh"},"title":"Parameter,Specification,take part in,chham-kh","valid":true}
{"arg":"auxiliary","icon":{"path":"translate.png"},"quicklookurl":"http:\/\/youdao.com\/w\/%E8%BE%85%E5%8A%A9","subtitle":"\u8f85\u52a9","text":{"copy":"assist,AUX,facilitating agencies,help"},"title":"assist,AUX,facilitating agencies,help","valid":true}
{"arg":"auxiliary","icon":{"path":"translate.png"},"quicklookurl":"http:\/\/youdao.com\/w\/%E8%BE%85%E5%8A%A9","subtitle":"\u8f85\u52a9","text":{"copy":"assist,AUX,facilitating agencies,help"},"title":"assist,AUX,facilitating agencies,help","valid":true}
{"arg":"Coverage","icon":{"path":"translate.png"},"quicklookurl":"http:\/\/youdao.com\/w\/Coverage","subtitle":"coverage","text":{"copy":"\u65b0\u95fb\u62a5\u9053,\u8986\u76d6,\u4fdd\u9669\u8303\u56f4,\u4fdd\u9669\u603b\u989d"},"title":"\u65b0\u95fb\u62a5\u9053,\u8986\u76d6,\u4fdd\u9669\u8303\u56f4,\u4fdd\u9669\u603b\u989d","valid":true}
{"arg":"j","icon":{"path":"translate.png"},"quicklookurl":"http:\/\/youdao.com\/w\/j","subtitle":"Mary J","text":{"copy":"\u5e03\u83b1\u59ec,\u5e03\u91cc\u59ec,\u5e03\u91cc\u5947,\u739b\u4e3d\u00b7\u5e03\u83b1\u5947"},"title":"\u5e03\u83b1\u59ec,\u5e03\u91cc\u59ec,\u5e03\u91cc\u5947,\u739b\u4e3d\u00b7\u5e03\u83b1\u5947","valid":true}
{"arg":"carry","icon":{"path":"translate.png"},"quicklookurl":"http:\/\/youdao.com\/w\/%E8%BF%9B%E4%BD%8D","subtitle":"\u5341\u8fdb\u4f4d","text":{"copy":"decade,Decimal,decimal system,decimal-binary system"},"title":"decade,Decimal,decimal system,decimal-binary system","valid":true}
{"arg":"assign","icon":{"path":"translate.png"},"quicklookurl":"http:\/\/youdao.com\/w\/assign","subtitle":"assign","text":{"copy":"\u5206\u914d,\u6307\u5b9a,\u6307\u6d3e,\u8d4b\u503c"},"title":"\u5206\u914d,\u6307\u5b9a,\u6307\u6d3e,\u8d4b\u503c","valid":true}
{"arg":"assign ","icon":{"path":"translate.png"},"quicklookurl":"http:\/\/youdao.com\/w\/assign+","subtitle":"assign","text":{"copy":"\u5206\u914d,\u6307\u5b9a,\u6307\u6d3e,\u8d4b\u503c"},"title":"\u5206\u914d,\u6307\u5b9a,\u6307\u6d3e,\u8d4b\u503c","valid":true}
{"arg":"p","icon":{"path":"translate.png"},"quicklookurl":"http:\/\/youdao.com\/w\/p","subtitle":"p diddy","text":{"copy":"\u5439\u725b\u8001\u7239,\u5439\u5618\u8001\u7239,\u5439\u6cd5\u87ba\u8001\u7239,\u5938\u53e3\u8001\u7239"},"title":"\u5439\u725b\u8001\u7239,\u5439\u5618\u8001\u7239,\u5439\u6cd5\u87ba\u8001\u7239,\u5938\u53e3\u8001\u7239","valid":true}
{"arg":"pov","icon":{"path":"translate.png"},"quicklookurl":"http:\/\/youdao.com\/w\/pov","subtitle":"POV","text":{"copy":"\u6c27\u5316\u503c,\u89c2\u70b9,\u7a33\u56fa\u65e0\u632f\u52a8\u7248,\u89c6\u70b9\u4eba\u7269\u5199\u4f5c\u624b\u6cd5"},"title":"\u6c27\u5316\u503c,\u89c2\u70b9,\u7a33\u56fa\u65e0\u632f\u52a8\u7248,\u89c6\u70b9\u4eba\u7269\u5199\u4f5c\u624b\u6cd5","valid":true}
{"arg":"p","icon":{"path":"translate.png"},"quicklookurl":"http:\/\/youdao.com\/w\/p","subtitle":"p diddy","text":{"copy":"\u5439\u725b\u8001\u7239,\u5439\u5618\u8001\u7239,\u5439\u6cd5\u87ba\u8001\u7239,\u5938\u53e3\u8001\u7239"},"title":"\u5439\u725b\u8001\u7239,\u5439\u5618\u8001\u7239,\u5439\u6cd5\u87ba\u8001\u7239,\u5938\u53e3\u8001\u7239","valid":true}
{"arg":"pivot","icon":{"path":"translate.png"},"quicklookurl":"http:\/\/youdao.com\/w\/pivot","subtitle":"pivot","text":{"copy":"\u652f\u70b9,\u67a2\u8f74,\u67a2\u8f74\u91cf,\u8f74\u5fc3\u70b9"},"title":"\u652f\u70b9,\u67a2\u8f74,\u67a2\u8f74\u91cf,\u8f74\u5fc3\u70b9","valid":true}
{"arg":"p","icon":{"path":"translate.png"},"quicklookurl":"http:\/\/youdao.com\/w\/p","subtitle":"p diddy","text":{"copy":"\u5439\u725b\u8001\u7239,\u5439\u5618\u8001\u7239,\u5439\u6cd5\u87ba\u8001\u7239,\u5938\u53e3\u8001\u7239"},"title":"\u5439\u725b\u8001\u7239,\u5439\u5618\u8001\u7239,\u5439\u6cd5\u87ba\u8001\u7239,\u5938\u53e3\u8001\u7239","valid":true}
{"arg":"pivot","icon":{"path":"translate.png"},"quicklookurl":"http:\/\/youdao.com\/w\/pivot","subtitle":"pivot","text":{"copy":"\u652f\u70b9,\u67a2\u8f74,\u67a2\u8f74\u91cf,\u8f74\u5fc3\u70b9"},"title":"\u652f\u70b9,\u67a2\u8f74,\u67a2\u8f74\u91cf,\u8f74\u5fc3\u70b9","valid":true}
{"arg":"Erbium","icon":{"path":"translate.png"},"quicklookurl":"http:\/\/youdao.com\/w\/Erbium","subtitle":"erbium","text":{"copy":"\u94d2,\u5143\u7d20,\u4f9b\u5e94\u91d1\u5c5e\u94d2\u7c89,\u5143\u7d20\u94d2"},"title":"\u94d2,\u5143\u7d20,\u4f9b\u5e94\u91d1\u5c5e\u94d2\u7c89,\u5143\u7d20\u94d2","valid":true}
{"arg":"suggest","icon":{"path":"translate.png"},"quicklookurl":"http:\/\/youdao.com\/w\/suggest","subtitle":"Suggest","text":{"copy":"\u6697\u793a,\u5efa\u8bae,\u63d0\u8bae,\u63d0\u51fa\u7b49"},"title":"\u6697\u793a,\u5efa\u8bae,\u63d0\u8bae,\u63d0\u51fa\u7b49","valid":true}
{"arg":"all","icon":{"path":"translate.png"},"quicklookurl":"http:\/\/youdao.com\/w\/all","subtitle":"ALL","text":{"copy":"\u6025\u6027\u6dcb\u5df4\u7ec6\u80de\u767d\u8840\u75c5(Acute Lymphocytic Leukemia),\u6240\u6709,\u5168\u90e8,\u767d\u8840\u75c5"},"title":"\u6025\u6027\u6dcb\u5df4\u7ec6\u80de\u767d\u8840\u75c5(Acute Lymphocytic Leukemia),\u6240\u6709,\u5168\u90e8,\u767d\u8840\u75c5","valid":true}
{"arg":"allman","icon":{"path":"translate.png"},"quicklookurl":"http:\/\/youdao.com\/w\/allman","subtitle":"Allman","text":{"copy":"\u540d\u5b57,\u5168\u90e8\u4eba\u9020\u6750\u6599,\u5965\u5c14\u66fc"},"title":"\u540d\u5b57,\u5168\u90e8\u4eba\u9020\u6750\u6599,\u5965\u5c14\u66fc","valid":true}
{"arg":"thailand","icon":{"path":"translate.png"},"quicklookurl":"http:\/\/youdao.com\/w\/thailand","subtitle":"Thailand","text":{"copy":"\u6cf0\u56fd,\u4e2d\u6cf0,\u6cf0\u738b\u56fd,\u767d"},"title":"\u6cf0\u56fd,\u4e2d\u6cf0,\u6cf0\u738b\u56fd,\u767d","valid":true}
{"arg":"via","icon":{"path":"translate.png"},"quicklookurl":"http:\/\/youdao.com\/w\/via","subtitle":"VIA","text":{"copy":"\u5a01\u76db,\u5a01\u76db\u7535\u5b50,\u7ecf\u8fc7,\u5bfc\u901a\u5b54"},"title":"\u5a01\u76db,\u5a01\u76db\u7535\u5b50,\u7ecf\u8fc7,\u5bfc\u901a\u5b54","valid":true}
{"arg":"discouraged","icon":{"path":"translate.png"},"quicklookurl":"http:\/\/youdao.com\/w\/discouraged","subtitle":"Discouraged","text":{"copy":"\u6cc4\u6c14,\u7070\u5fc3,\u6c14\u9981\u7684,\u9611\u73ca"},"title":"\u6cc4\u6c14,\u7070\u5fc3,\u6c14\u9981\u7684,\u9611\u73ca","valid":true}
{"arg":"perm","icon":{"path":"translate.png"},"quicklookurl":"http:\/\/youdao.com\/w\/perm","subtitle":"Perm","text":{"copy":"\u5f7c\u5c14\u59c6,\u70eb\u53d1,\u52b3\u5de5\u8bc1,\u52b3\u5de5\u7eb8"},"title":"\u5f7c\u5c14\u59c6,\u70eb\u53d1,\u52b3\u5de5\u8bc1,\u52b3\u5de5\u7eb8","valid":true}
{"arg":"assumes","icon":{"path":"translate.png"},"quicklookurl":"http:\/\/youdao.com\/w\/assumes","subtitle":"assumes","text":{"copy":"\u5047\u5b9a,\u80e3,\u5047\u8bbe"},"title":"\u5047\u5b9a,\u80e3,\u5047\u8bbe","valid":true}
{"arg":"assumes","icon":{"path":"translate.png"},"quicklookurl":"http:\/\/youdao.com\/w\/assumes","subtitle":"assumes","text":{"copy":"\u5047\u5b9a,\u80e3,\u5047\u8bbe"},"title":"\u5047\u5b9a,\u80e3,\u5047\u8bbe","valid":true}
{"arg":"fragile","icon":{"path":"translate.png"},"quicklookurl":"http:\/\/youdao.com\/w\/fragile","subtitle":"Fragile","text":{"copy":"\u6613\u788e,\u8106\u5f31,\u6613\u788e\u54c1,\u6613\u788e\u7269\u54c1"},"title":"\u6613\u788e,\u8106\u5f31,\u6613\u788e\u54c1,\u6613\u788e\u7269\u54c1","valid":true}
{"arg":"s","icon":{"path":"translate.png"},"quicklookurl":"http:\/\/youdao.com\/w\/s","subtitle":"S Doradus","text":{"copy":"\u5251\u9c7c\u5ea7S"},"title":"\u5251\u9c7c\u5ea7S","valid":true}
{"arg":"splice","icon":{"path":"translate.png"},"quicklookurl":"http:\/\/youdao.com\/w\/splice","subtitle":"Splice","text":{"copy":"\u4eba\u5de5\u8fdb\u5316,\u62fc\u63a5"},"title":"\u4eba\u5de5\u8fdb\u5316,\u62fc\u63a5","valid":true}
{"arg":"s","icon":{"path":"translate.png"},"quicklookurl":"http:\/\/youdao.com\/w\/s","subtitle":"S Doradus","text":{"copy":"\u5251\u9c7c\u5ea7S"},"title":"\u5251\u9c7c\u5ea7S","valid":true}
{"arg":"slice","icon":{"path":"translate.png"},"quicklookurl":"http:\/\/youdao.com\/w\/slice","subtitle":"slice","text":{"copy":"\u5207\u7247,\u7247,\u8584\u7247,\u5256\u5207"},"title":"\u5207\u7247,\u7247,\u8584\u7247,\u5256\u5207","valid":true}
{"arg":"l","icon":{"path":"translate.png"},"quicklookurl":"http:\/\/youdao.com\/w\/l","subtitle":"L CT","text":{"copy":"\u8212\u9002\u7248,\u8c6a\u534e\u5546\u52a1\u8212\u9002\u7248,\u81ea\u52a8\u8212\u9002\u7248"},"title":"\u8212\u9002\u7248,\u8c6a\u534e\u5546\u52a1\u8212\u9002\u7248,\u81ea\u52a8\u8212\u9002\u7248","valid":true}
{"arg":"lara","icon":{"path":"translate.png"},"quicklookurl":"http:\/\/youdao.com\/w\/lara","subtitle":"Lara","text":{"copy":"\u62c9\u814a\u5dde,\u6881\u5fc3\u9890,\u73ca\u745a\u6d77"},"title":"\u62c9\u814a\u5dde,\u6881\u5fc3\u9890,\u73ca\u745a\u6d77","valid":true}
{"arg":"segment","icon":{"path":"translate.png"},"quicklookurl":"http:\/\/youdao.com\/w\/segment","subtitle":"Segment","text":{"copy":"\u6bb5,\u7ebf\u6bb5,\u90e8\u5206,\u7247\u56ca"},"title":"\u6bb5,\u7ebf\u6bb5,\u90e8\u5206,\u7247\u56ca","valid":true}
{"arg":"arch","icon":{"path":"translate.png"},"quicklookurl":"http:\/\/youdao.com\/w\/arch","subtitle":"arch","text":{"copy":"\u62f1,\u62f1\u95e8,\u81ea\u56de\u5f52\u6761\u4ef6\u5f02\u65b9\u5dee,\u8db3\u5f13"},"title":"\u62f1,\u62f1\u95e8,\u81ea\u56de\u5f52\u6761\u4ef6\u5f02\u65b9\u5dee,\u8db3\u5f13","valid":true}
{"arg":"slice","icon":{"path":"translate.png"},"quicklookurl":"http:\/\/youdao.com\/w\/slice","subtitle":"slice","text":{"copy":"\u5207\u7247,\u7247,\u8584\u7247,\u5256\u5207"},"title":"\u5207\u7247,\u7247,\u8584\u7247,\u5256\u5207","valid":true}
{"arg":"a","icon":{"path":"translate.png"},"quicklookurl":"http:\/\/youdao.com\/w\/a","subtitle":"a cappella","text":{"copy":"\u65e0\u4f34\u594f\u5408\u5531,\u963f\u5361\u8d1d\u62c9,\u8d70\u5728\u5927\u8857\u7684\u5973\u5b50,\u65e0\u4f34\u594f"},"title":"\u65e0\u4f34\u594f\u5408\u5531,\u963f\u5361\u8d1d\u62c9,\u8d70\u5728\u5927\u8857\u7684\u5973\u5b50,\u65e0\u4f34\u594f","valid":true}
{"arg":"audi","icon":{"path":"translate.png"},"quicklookurl":"http:\/\/youdao.com\/w\/audi","subtitle":"Audi","text":{"copy":"\u5965\u8fea,\u5965\u8fea\u6c7d\u8f66,\u5fb7\u56fd\u5965\u8fea,\u516c\u53f8\u82f1\u6587"},"title":"\u5965\u8fea,\u5965\u8fea\u6c7d\u8f66,\u5fb7\u56fd\u5965\u8fea,\u516c\u53f8\u82f1\u6587","valid":true}
{"arg":"audio","icon":{"path":"translate.png"},"quicklookurl":"http:\/\/youdao.com\/w\/audio","subtitle":"audio","text":{"copy":"\u97f3\u9891,\u58f0\u97f3,\u542c\u89c9,\u58f0\u5361"},"title":"\u97f3\u9891,\u58f0\u97f3,\u542c\u89c9,\u58f0\u5361","valid":true}
{"arg":"m","icon":{"path":"translate.png"},"quicklookurl":"http:\/\/youdao.com\/w\/m","subtitle":"Sachiko M","text":{"copy":"\u677e\u539f\u5e78\u5b50"},"title":"\u677e\u539f\u5e78\u5b50","valid":true}
{"arg":"purpose","icon":{"path":"translate.png"},"quicklookurl":"http:\/\/youdao.com\/w\/%E7%9B%AE%E7%9A%84","subtitle":"\u76ee\u7684","text":{"copy":"purpose; aim; objective,Purpose,Objective,goal"},"title":"purpose; aim; objective,Purpose,Objective,goal","valid":true}
{"arg":"Orders,","icon":{"path":"translate.png"},"quicklookurl":"http:\/\/youdao.com\/w\/%E7%9B%AE","subtitle":"\u76ee","text":{"copy":"order,MESH,order,Contents"},"title":"order,MESH,order,Contents","valid":true}
{"arg":"d","icon":{"path":"translate.png"},"quicklookurl":"http:\/\/youdao.com\/w\/d","subtitle":"vitamin D","text":{"copy":"\u7ef4\u751f\u7d20D,\u9499\u5316\u9187,\u56fd\u9645\u5355\u4f4d"},"title":"\u7ef4\u751f\u7d20D,\u9499\u5316\u9187,\u56fd\u9645\u5355\u4f4d","valid":true}
{"arg":"qianw","icon":{"path":"translate.png"},"quicklookurl":"http:\/\/youdao.com\/w\/qianw","subtitle":"qianw","text":{"copy":"\u591c\u88ad\u897f"},"title":"\u591c\u88ad\u897f","valid":true}
{"arg":"q","icon":{"path":"translate.png"},"quicklookurl":"http:\/\/youdao.com\/w\/q","subtitle":"Q factor","text":{"copy":"\u54c1\u8d28\u56e0\u6570,\u56e0\u6570,\u8d28\u91cf\u56e0\u6570,q\u503c"},"title":"\u54c1\u8d28\u56e0\u6570,\u56e0\u6570,\u8d28\u91cf\u56e0\u6570,q\u503c","valid":true}
{"arg":"To travel to","icon":{"path":"translate.png"},"quicklookurl":"http:\/\/youdao.com\/w\/%E5%89%8D%E5%BE%80","subtitle":"\u524d\u5f80","text":{"copy":"head for,go,go up to"},"title":"head for,go,go up to","valid":true}
{"arg":"To one's destination","icon":{"path":"translate.png"},"quicklookurl":"http:\/\/youdao.com\/w\/%E5%89%8D%E5%BE%80%E7%9B%AE%E7%9A%84%E5%9C%B0","subtitle":"\u524d\u5f80\u76ee\u7684\u5730","text":{"copy":"Going to source"},"title":"Going to source","valid":true}
{"arg":" b","icon":{"path":"translate.png"},"quicklookurl":"http:\/\/youdao.com\/w\/+b","subtitle":"serie b","text":{"copy":"\u610f\u5927\u5229\u8db3\u7403\u4e59\u7ea7\u8054\u8d5b,\u4e59\u7ea7\u8054\u8d5b,\u610f\u4e59\u8054\u8d5b,\u610f\u5927\u5229\u4e59\u7ec4\u8db3\u7403\u8054\u8d5b"},"title":"\u610f\u5927\u5229\u8db3\u7403\u4e59\u7ea7\u8054\u8d5b,\u4e59\u7ea7\u8054\u8d5b,\u610f\u4e59\u8054\u8d5b,\u610f\u5927\u5229\u4e59\u7ec4\u8db3\u7403\u8054\u8d5b","valid":true}
{"arg":"compile","icon":{"path":"translate.png"},"quicklookurl":"http:\/\/youdao.com\/w\/+%E7%BC%96%E8%AF%91","subtitle":"\u7f16\u8bd1","text":{"copy":"Compile,Compiling,compilation,make"},"title":"Compile,Compiling,compilation,make","valid":true}
{"arg":"retrieve","icon":{"path":"translate.png"},"quicklookurl":"http:\/\/youdao.com\/w\/retrieve","subtitle":"retrieve","text":{"copy":"\u68c0\u7d22,\u6551\u7403"},"title":"\u68c0\u7d22,\u6551\u7403","valid":true}
{"arg":"thousand","icon":{"path":"translate.png"},"quicklookurl":"http:\/\/youdao.com\/w\/%E5%8D%83","subtitle":"\u5343","text":{"copy":"kilo,thousand,kilocalorie,milli"},"title":"kilo,thousand,kilocalorie,milli","valid":true}
{"arg":"E","icon":{"path":"translate.png"},"quicklookurl":"http:\/\/youdao.com\/w\/E","subtitle":"Vitamin E","text":{"copy":"\u7ef4\u751f\u7d20E,\u7ef4\u4ed6\u547dE,\u7ef4\u751f\u7d20,\u751f\u80b2\u915a"},"title":"\u7ef4\u751f\u7d20E,\u7ef4\u4ed6\u547dE,\u7ef4\u751f\u7d20,\u751f\u80b2\u915a","valid":true}
{"arg":"e","icon":{"path":"translate.png"},"quicklookurl":"http:\/\/youdao.com\/w\/e","subtitle":"Vitamin E","text":{"copy":"\u7ef4\u751f\u7d20E,\u7ef4\u4ed6\u547dE,\u7ef4\u751f\u7d20,\u751f\u80b2\u915a"},"title":"\u7ef4\u751f\u7d20E,\u7ef4\u4ed6\u547dE,\u7ef4\u751f\u7d20,\u751f\u80b2\u915a","valid":true}
{"arg":"e","icon":{"path":"translate.png"},"quicklookurl":"http:\/\/youdao.com\/w\/e","subtitle":"Vitamin E","text":{"copy":"\u7ef4\u751f\u7d20E,\u7ef4\u4ed6\u547dE,\u7ef4\u751f\u7d20,\u751f\u80b2\u915a"},"title":"\u7ef4\u751f\u7d20E,\u7ef4\u4ed6\u547dE,\u7ef4\u751f\u7d20,\u751f\u80b2\u915a","valid":true}
{"arg":"n","icon":{"path":"translate.png"},"quicklookurl":"http:\/\/youdao.com\/w\/n","subtitle":"N Gobalakrishnan","text":{"copy":"\u54e5\u5df4\u62c9\u514b\u91cc\u65af\u5357,\u54e5\u5df4\u62c9"},"title":"\u54e5\u5df4\u62c9\u514b\u91cc\u65af\u5357,\u54e5\u5df4\u62c9","valid":true}
{"arg":"nal","icon":{"path":"translate.png"},"quicklookurl":"http:\/\/youdao.com\/w\/nal","subtitle":"NAL","text":{"copy":"\u5b9e\u9a8c\u5ba4,\u7f51\u7edc\u63d0\u53d6\u5c42,\u822a\u7a7a\u5b87\u5b99\u6280\u672f\u7814\u7a76\u6240,\u7f51\u7edc\u62bd\u8c61\u5c42"},"title":"\u5b9e\u9a8c\u5ba4,\u7f51\u7edc\u63d0\u53d6\u5c42,\u822a\u7a7a\u5b87\u5b99\u6280\u672f\u7814\u7a76\u6240,\u7f51\u7edc\u62bd\u8c61\u5c42","valid":true}
{"arg":"ann","icon":{"path":"translate.png"},"quicklookurl":"http:\/\/youdao.com\/w\/ann","subtitle":"ANN","text":{"copy":"\u4eba\u5de5\u795e\u7ecf\u7f51\u7edc(Artificial Neural Network),\u6d2a\u6587\u5b89,\u5b89\u4ee5\u8f69,\u5b89\u59ae"},"title":"\u4eba\u5de5\u795e\u7ecf\u7f51\u7edc(Artificial Neural Network),\u6d2a\u6587\u5b89,\u5b89\u4ee5\u8f69,\u5b89\u59ae","valid":true}
{"arg":"anne","icon":{"path":"translate.png"},"quicklookurl":"http:\/\/youdao.com\/w\/anne","subtitle":"Anne","text":{"copy":"\u5b89\u59ae,\u4e0a\u5e1d\u662f\u4ec1\u6148\u7684,\u4f18\u7f8e\u7684,\u6d77\u745f\u8587"},"title":"\u5b89\u59ae,\u4e0a\u5e1d\u662f\u4ec1\u6148\u7684,\u4f18\u7f8e\u7684,\u6d77\u745f\u8587","valid":true}
{"arg":"a","icon":{"path":"translate.png"},"quicklookurl":"http:\/\/youdao.com\/w\/a","subtitle":"a cappella","text":{"copy":"\u65e0\u4f34\u594f\u5408\u5531,\u963f\u5361\u8d1d\u62c9,\u8d70\u5728\u5927\u8857\u7684\u5973\u5b50,\u65e0\u4f34\u594f"},"title":"\u65e0\u4f34\u594f\u5408\u5531,\u963f\u5361\u8d1d\u62c9,\u8d70\u5728\u5927\u8857\u7684\u5973\u5b50,\u65e0\u4f34\u594f","valid":true}
{"arg":"n","icon":{"path":"translate.png"},"quicklookurl":"http:\/\/youdao.com\/w\/n","subtitle":"N Gobalakrishnan","text":{"copy":"\u54e5\u5df4\u62c9\u514b\u91cc\u65af\u5357,\u54e5\u5df4\u62c9"},"title":"\u54e5\u5df4\u62c9\u514b\u91cc\u65af\u5357,\u54e5\u5df4\u62c9","valid":true}
{"arg":"extr","icon":{"path":"translate.png"},"quicklookurl":"http:\/\/youdao.com\/w\/extr","subtitle":"EXTR","text":{"copy":"\u4ea4\u6362\u6216\u8f6c\u7f6e,\u6324\u51fa\u673a,\u62a5\u544a,\u6d78\u818f"},"title":"\u4ea4\u6362\u6216\u8f6c\u7f6e,\u6324\u51fa\u673a,\u62a5\u544a,\u6d78\u818f","valid":true}
{"arg":"extra","icon":{"path":"translate.png"},"quicklookurl":"http:\/\/youdao.com\/w\/extra","subtitle":"extra","text":{"copy":"\u989d\u5916\u7684,\u4e34\u65f6\u6f14\u5458,\u76ca\u8fbe,\u53f7\u5916"},"title":"\u989d\u5916\u7684,\u4e34\u65f6\u6f14\u5458,\u76ca\u8fbe,\u53f7\u5916","valid":true}
{"arg":"padding","icon":{"path":"translate.png"},"quicklookurl":"http:\/\/youdao.com\/w\/padding","subtitle":"padding","text":{"copy":"\u586b\u5145,\u5185\u8fb9\u8ddd,\u7edf\u8c03,\u586b\u6599"},"title":"\u586b\u5145,\u5185\u8fb9\u8ddd,\u7edf\u8c03,\u586b\u6599","valid":true}
{"arg":"assignable","icon":{"path":"translate.png"},"quicklookurl":"http:\/\/youdao.com\/w\/assignable","subtitle":"assignable","text":{"copy":"\u53ef\u8f6c\u8ba9\u4fe1\u7528\u8bc1,\u53ef\u6307\u5b9a\u7684,\u53ef\u5206\u914d\u7684"},"title":"\u53ef\u8f6c\u8ba9\u4fe1\u7528\u8bc1,\u53ef\u6307\u5b9a\u7684,\u53ef\u5206\u914d\u7684","valid":true}
{"arg":"u","icon":{"path":"translate.png"},"quicklookurl":"http:\/\/youdao.com\/w\/u","subtitle":"U Thant","text":{"copy":"\u5434\u4e39,\u957f\u5b87\u8c2d"},"title":"\u5434\u4e39,\u957f\u5b87\u8c2d","valid":true}
{"arg":"unit","icon":{"path":"translate.png"},"quicklookurl":"http:\/\/youdao.com\/w\/unit","subtitle":"Unit","text":{"copy":"\u5355\u5143,\u5355\u4f4d,\u5355\u4f4d,\u5c24\u5229\u7279"},"title":"\u5355\u5143,\u5355\u4f4d,\u5355\u4f4d,\u5c24\u5229\u7279","valid":true}
{"arg":"retrieve","icon":{"path":"translate.png"},"quicklookurl":"http:\/\/youdao.com\/w\/retrieve","subtitle":"retrieve","text":{"copy":"\u68c0\u7d22,\u6551\u7403"},"title":"\u68c0\u7d22,\u6551\u7403","valid":true}
{"arg":"extract","icon":{"path":"translate.png"},"quicklookurl":"http:\/\/youdao.com\/w\/extract","subtitle":"Extract","text":{"copy":"\u63d0\u53d6,\u62bd\u51fa,\u62bd\u53d6,\u63d0\u53d6\u7269"},"title":"\u63d0\u53d6,\u62bd\u51fa,\u62bd\u53d6,\u63d0\u53d6\u7269","valid":true}
{"arg":"Wipe","icon":{"path":"translate.png"},"quicklookurl":"http:\/\/youdao.com\/w\/Wipe","subtitle":"wipe","text":{"copy":"\u53cc\u6e05,\u64e6,\u64e6\u9664,\u64e6\u53bb"},"title":"\u53cc\u6e05,\u64e6,\u64e6\u9664,\u64e6\u53bb","valid":true}
{"arg":"experimental","icon":{"path":"translate.png"},"quicklookurl":"http:\/\/youdao.com\/w\/experimental","subtitle":"experimental","text":{"copy":"\u5b9e\u9a8c\u7684,\u8bd5\u9a8c\u97f3\u4e50,\u5b9e\u9a8c\u6027\u7684"},"title":"\u5b9e\u9a8c\u7684,\u8bd5\u9a8c\u97f3\u4e50,\u5b9e\u9a8c\u6027\u7684","valid":true}
{"arg":"handle","icon":{"path":"translate.png"},"quicklookurl":"http:\/\/youdao.com\/w\/handle","subtitle":"handle","text":{"copy":"\u624b\u67c4,\u628a\u624b,\u53e5\u67c4,\u67c4"},"title":"\u624b\u67c4,\u628a\u624b,\u53e5\u67c4,\u67c4","valid":true}
{"arg":"STEREO","icon":{"path":"translate.png"},"quicklookurl":"http:\/\/youdao.com\/w\/STEREO","subtitle":"Stereo","text":{"copy":"\u7acb\u4f53\u58f0,\u7acb\u4f53"},"title":"\u7acb\u4f53\u58f0,\u7acb\u4f53","valid":true}
{"arg":"patience","icon":{"path":"translate.png"},"quicklookurl":"http:\/\/youdao.com\/w\/patience","subtitle":"Patience","text":{"copy":"\u8010\u5fc3,\u8010\u6027,\u5bb9\u5fcd,\u4f69\u5174\u65af"},"title":"\u8010\u5fc3,\u8010\u6027,\u5bb9\u5fcd,\u4f69\u5174\u65af","valid":true}
{"arg":"b","icon":{"path":"translate.png"},"quicklookurl":"http:\/\/youdao.com\/w\/b","subtitle":"serie b","text":{"copy":"\u610f\u5927\u5229\u8db3\u7403\u4e59\u7ea7\u8054\u8d5b,\u4e59\u7ea7\u8054\u8d5b,\u610f\u4e59\u8054\u8d5b,\u610f\u5927\u5229\u4e59\u7ec4\u8db3\u7403\u8054\u8d5b"},"title":"\u610f\u5927\u5229\u8db3\u7403\u4e59\u7ea7\u8054\u8d5b,\u4e59\u7ea7\u8054\u8d5b,\u610f\u4e59\u8054\u8d5b,\u610f\u5927\u5229\u4e59\u7ec4\u8db3\u7403\u8054\u8d5b","valid":true}
{"arg":"bill","icon":{"path":"translate.png"},"quicklookurl":"http:\/\/youdao.com\/w\/bill","subtitle":"Bill","text":{"copy":"\u6bd4\u5c14,\u6cd5\u6848,\u5e10\u5355,\u949e\u7968"},"title":"\u6bd4\u5c14,\u6cd5\u6848,\u5e10\u5355,\u949e\u7968","valid":true}
{"arg":"billio","icon":{"path":"translate.png"},"quicklookurl":"http:\/\/youdao.com\/w\/billio","subtitle":"billio brad","text":{"copy":"\u6848\u4f8b\u5206\u6790\u5b9d\u6d01\u7684"},"title":"\u6848\u4f8b\u5206\u6790\u5b9d\u6d01\u7684","valid":true}
{"arg":"billion","icon":{"path":"translate.png"},"quicklookurl":"http:\/\/youdao.com\/w\/billion","subtitle":"billion","text":{"copy":"\u4e07\u4ebf,\u5341\u4ebf,\u76db\u6c38\u8fbe,\u50cf\u7d20\u586b\u5145\u7387"},"title":"\u4e07\u4ebf,\u5341\u4ebf,\u76db\u6c38\u8fbe,\u50cf\u7d20\u586b\u5145\u7387","valid":true}
{"arg":"billiona","icon":{"path":"translate.png"},"quicklookurl":"http:\/\/youdao.com\/w\/billiona","subtitle":"Hurun Global Self-Made Women Billiona","text":{"copy":"\u80e1\u6da6\u5168\u7403\u767d\u624b\u8d77\u5bb6\u5973\u5bcc\u8c6a\u699c"},"title":"\u80e1\u6da6\u5168\u7403\u767d\u624b\u8d77\u5bb6\u5973\u5bcc\u8c6a\u699c","valid":true}
{"arg":"billionaire","icon":{"path":"translate.png"},"quicklookurl":"http:\/\/youdao.com\/w\/billionaire","subtitle":"billionaire","text":{"copy":"\u5bcc\u8c6a,\u4ebf\u4e07\u5bcc\u7fc1,\u4ebf\u4e07\u5bcc\u8c6a,\u5341\u4ebf\u5bcc\u7fc1"},"title":"\u5bcc\u8c6a,\u4ebf\u4e07\u5bcc\u7fc1,\u4ebf\u4e07\u5bcc\u8c6a,\u5341\u4ebf\u5bcc\u7fc1","valid":true}
{"arg":"c","icon":{"path":"translate.png"},"quicklookurl":"http:\/\/youdao.com\/w\/c","subtitle":"\u7ef4\u751f\u7d20C","text":{"copy":"Vitamin,Ascorbic Acid,Poly,VC"},"title":"Vitamin,Ascorbic Acid,Poly,VC","valid":true}
{"arg":"resampling","icon":{"path":"translate.png"},"quicklookurl":"http:\/\/youdao.com\/w\/%E9%87%8D%E9%87%87%E6%A0%B7","subtitle":"\u91cd\u91c7\u6837","text":{"copy":"Resample"},"title":"Resample","valid":true}
{"arg":"macv","icon":{"path":"translate.png"},"quicklookurl":"http:\/\/youdao.com\/w\/macv","subtitle":"MACV","text":{"copy":"\u519b\u4e8b\u534f\u52a9\u547d\u4ee4\u8d8a\u5357,\u5bf9\u8d8a\u519b\u4e8b\u63f4\u52a9\u6307\u6325\u90e8"},"title":"\u519b\u4e8b\u534f\u52a9\u547d\u4ee4\u8d8a\u5357,\u5bf9\u8d8a\u519b\u4e8b\u63f4\u52a9\u6307\u6325\u90e8","valid":true}
{"arg":"|= f","icon":{"path":"translate.png"},"quicklookurl":"http:\/\/youdao.com\/w\/%7C%3D+f","subtitle":"F-number","text":{"copy":"\u7126\u6bd4,\u5149\u5708\u503c,\u5149\u5708\u7cfb\u6570,\u7126\u8ddd\u6bd4\u6570"},"title":"\u7126\u6bd4,\u5149\u5708\u503c,\u5149\u5708\u7cfb\u6570,\u7126\u8ddd\u6bd4\u6570","valid":true}
{"arg":"visit","icon":{"path":"translate.png"},"quicklookurl":"http:\/\/youdao.com\/w\/visit","subtitle":"Visit","text":{"copy":"\u8bbf\u95ee,\u62dc\u8bbf,\u6765\u8bbf"},"title":"\u8bbf\u95ee,\u62dc\u8bbf,\u6765\u8bbf","valid":true}
{"arg":"visite","icon":{"path":"translate.png"},"quicklookurl":"http:\/\/youdao.com\/w\/visite","subtitle":"Visite","text":{"copy":"\u89c2\u5149"},"title":"\u89c2\u5149","valid":true}
{"arg":"visited","icon":{"path":"translate.png"},"quicklookurl":"http:\/\/youdao.com\/w\/visited","subtitle":"Visited","text":{"copy":"\u5df2\u8bbf\u95ee,\u8bbf\u95ee\u8fc7,\u53ea\u6709\u94fe\u63a5"},"title":"\u5df2\u8bbf\u95ee,\u8bbf\u95ee\u8fc7,\u53ea\u6709\u94fe\u63a5","valid":true}
{"arg":"sample","icon":{"path":"translate.png"},"quicklookurl":"http:\/\/youdao.com\/w\/sample","subtitle":"sample","text":{"copy":"\u6837\u54c1,\u6837\u672c,\u62bd\u6837,\u91c7\u6837"},"title":"\u6837\u54c1,\u6837\u672c,\u62bd\u6837,\u91c7\u6837","valid":true}
{"arg":"Stride ","icon":{"path":"translate.png"},"quicklookurl":"http:\/\/youdao.com\/w\/Stride+","subtitle":"Stride","text":{"copy":"\u6b65\u5e45,\u5927\u6b65\u8d70,\u8de8\u8dc3\u5f39\u594f\u6cd5"},"title":"\u6b65\u5e45,\u5927\u6b65\u8d70,\u8de8\u8dc3\u5f39\u594f\u6cd5","valid":true}
{"arg":"params","icon":{"path":"translate.png"},"quicklookurl":"http:\/\/youdao.com\/w\/params","subtitle":"Params","text":{"copy":"\u53c2\u6570,\u8bbe\u7f6e\u5b50\u89c6\u56fe\u7684\u5e03\u5c40\u53c2\u6570,\u8def\u5f84\u53c2\u6570"},"title":"\u53c2\u6570,\u8bbe\u7f6e\u5b50\u89c6\u56fe\u7684\u5e03\u5c40\u53c2\u6570,\u8def\u5f84\u53c2\u6570","valid":true}
{"arg":"d","icon":{"path":"translate.png"},"quicklookurl":"http:\/\/youdao.com\/w\/d","subtitle":"vitamin D","text":{"copy":"\u7ef4\u751f\u7d20D,\u9499\u5316\u9187,\u56fd\u9645\u5355\u4f4d"},"title":"\u7ef4\u751f\u7d20D,\u9499\u5316\u9187,\u56fd\u9645\u5355\u4f4d","valid":true}
{"arg":"deliver","icon":{"path":"translate.png"},"quicklookurl":"http:\/\/youdao.com\/w\/deliver","subtitle":"deliver","text":{"copy":"\u6295\u9012,\u4ea4\u4ed8,\u53d1\u51fa,\u53d1\u8868"},"title":"\u6295\u9012,\u4ea4\u4ed8,\u53d1\u51fa,\u53d1\u8868","valid":true}
{"arg":"delivered","icon":{"path":"translate.png"},"quicklookurl":"http:\/\/youdao.com\/w\/delivered","subtitle":"Delivered","text":{"copy":"\u5df2\u9012\u9001,\u5df2\u6536\u5230\u8d27"},"title":"\u5df2\u9012\u9001,\u5df2\u6536\u5230\u8d27","valid":true}
{"arg":"z","icon":{"path":"translate.png"},"quicklookurl":"http:\/\/youdao.com\/w\/z","subtitle":"\u65e0\u53cc\u5927\u86c7Z","text":{"copy":"Musou Orochi,OROCHI,Warriors Orochi,Musou Orochello"},"title":"Musou Orochi,OROCHI,Warriors Orochi,Musou Orochello","valid":true}
{"arg":"placeholder","icon":{"path":"translate.png"},"quicklookurl":"http:\/\/youdao.com\/w\/%E5%8D%A0%E4%BD%8D","subtitle":"\u5360\u4f4d","text":{"copy":"OCCUPIED,Placeholder,set up,Solid"},"title":"OCCUPIED,Placeholder,set up,Solid","valid":true}
{"arg":"s","icon":{"path":"translate.png"},"quicklookurl":"http:\/\/youdao.com\/w\/s","subtitle":"DVB-S","text":{"copy":"\u536b\u661f\u7535\u89c6,\u536b\u661f\u673a\u9876\u76d2,\u536b\u661f\u63a5\u6536\u673a,\u63a5\u6536\u673a"},"title":"\u536b\u661f\u7535\u89c6,\u536b\u661f\u673a\u9876\u76d2,\u536b\u661f\u63a5\u6536\u673a,\u63a5\u6536\u673a","valid":true}
{"arg":"The watermark","icon":{"path":"translate.png"},"quicklookurl":"http:\/\/youdao.com\/w\/%E6%B0%B4%E5%8D%B0","subtitle":"\u6c34\u5370","text":{"copy":"Watermark,wmk watermark,Water Stain,Water-Mask"},"title":"Watermark,wmk watermark,Water Stain,Water-Mask","valid":true}
{"arg":"export","icon":{"path":"translate.png"},"quicklookurl":"http:\/\/youdao.com\/w\/export","subtitle":"Export","text":{"copy":"\u51fa\u53e3,\u8f93\u51fa,\u5bfc\u51fa,\u6c47\u51fa"},"title":"\u51fa\u53e3,\u8f93\u51fa,\u5bfc\u51fa,\u6c47\u51fa","valid":true}
{"arg":"jailbroken","icon":{"path":"translate.png"},"quicklookurl":"http:\/\/youdao.com\/w\/jailbroken","subtitle":"Jailbroken","text":{"copy":"\u7834\u89e3,\u5df2\u7ecf\u8d8a\u72f1,\u5df2\u8d8a\u72f1,\u56fa\u4ef6\u5df2\u7ecf\u8d8a\u72f1"},"title":"\u7834\u89e3,\u5df2\u7ecf\u8d8a\u72f1,\u5df2\u8d8a\u72f1,\u56fa\u4ef6\u5df2\u7ecf\u8d8a\u72f1","valid":true}
{"arg":"p","icon":{"path":"translate.png"},"quicklookurl":"http:\/\/youdao.com\/w\/p","subtitle":"p-cymene","text":{"copy":"\u5bf9\u5f02\u4e19\u57fa\u7532\u82ef,\u82b1\u7d20,\u805a\u4f1e\u82b1\u7d20,\u5bf9"},"title":"\u5bf9\u5f02\u4e19\u57fa\u7532\u82ef,\u82b1\u7d20,\u805a\u4f1e\u82b1\u7d20,\u5bf9","valid":true}
{"arg":"assumed","icon":{"path":"translate.png"},"quicklookurl":"http:\/\/youdao.com\/w\/assumed","subtitle":"Assumed","text":{"copy":"\u5047\u5b9a,\u5047\u8bbe\u7684,\u5047\u88c5\u7684,\u8ba1\u7b97\u7684"},"title":"\u5047\u5b9a,\u5047\u8bbe\u7684,\u5047\u88c5\u7684,\u8ba1\u7b97\u7684","valid":true}
