{"arg":"odd","icon":{"path":"translate.png"},"quicklookurl":"http:\/\/youdao.com\/w\/odd","subtitle":"odd","text":{"copy":"\u5947\u6570\u7684,\u96f6\u5934,\u4f59\u7684,\u5149\u76d8\u9a71\u52a8\u5668"},"title":"\u5947\u6570\u7684,\u96f6\u5934,\u4f59\u7684,\u5149\u76d8\u9a71\u52a8\u5668","valid":true}
{"arg":"f","icon":{"path":"translate.png"},"quicklookurl":"http:\/\/youdao.com\/w\/f","subtitle":"Axel F","text":{"copy":"\u6293\u72c2\u53ee\u549a,\u6293\u72c2\u53ee\u53ee,\u6c42\u91c7\u7eb3,\u75af\u72c2\u9752\u86d9"},"title":"\u6293\u72c2\u53ee\u549a,\u6293\u72c2\u53ee\u53ee,\u6c42\u91c7\u7eb3,\u75af\u72c2\u9752\u86d9","valid":true}
{"arg":"flo","icon":{"path":"translate.png"},"quicklookurl":"http:\/\/youdao.com\/w\/flo","subtitle":"Flo","text":{"copy":"\u5f17\u6d1b,\u56fd\u9645\u516c\u5e73\u8d38\u6613\u6807\u7b7e\u7ec4\u7ec7,\u798f\u697c,\u524d\u5411\u94fe\u8def"},"title":"\u5f17\u6d1b,\u56fd\u9645\u516c\u5e73\u8d38\u6613\u6807\u7b7e\u7ec4\u7ec7,\u798f\u697c,\u524d\u5411\u94fe\u8def","valid":true}
{"arg":"hi","icon":{"path":"translate.png"},"quicklookurl":"http:\/\/youdao.com\/w\/hi","subtitle":"HI","text":{"copy":"\u8840\u51dd\u6291\u5236\u8bd5\u9a8c,\u6253\u62db\u547c,\u8840\u51dd\u6291\u5236,\u8840\u51dd\u6291\u5236(Hemagglutination Inbition)"},"title":"\u8840\u51dd\u6291\u5236\u8bd5\u9a8c,\u6253\u62db\u547c,\u8840\u51dd\u6291\u5236,\u8840\u51dd\u6291\u5236(Hemagglutination Inbition)","valid":true}
{"arg":"hib","icon":{"path":"translate.png"},"quicklookurl":"http:\/\/youdao.com\/w\/hib","subtitle":"HIB","text":{"copy":"\u6d41\u611f\u55dc\u8840\u6746\u83cc,\u6d41\u611f\u55dc\u8840\u6746\u83cc\u75ab\u82d7,\u75ab\u82d7,\u5b89\u5c14\u5b9d"},"title":"\u6d41\u611f\u55dc\u8840\u6746\u83cc,\u6d41\u611f\u55dc\u8840\u6746\u83cc\u75ab\u82d7,\u75ab\u82d7,\u5b89\u5c14\u5b9d","valid":true}
{"arg":"hiber","icon":{"path":"translate.png"},"quicklookurl":"http:\/\/youdao.com\/w\/hiber","subtitle":"Hiber","text":{"copy":"\u540d\u5b57"},"title":"\u540d\u5b57","valid":true}
{"arg":"hibernate","icon":{"path":"translate.png"},"quicklookurl":"http:\/\/youdao.com\/w\/hibernate","subtitle":"hibernate","text":{"copy":"\u51ac\u7720,\u4f11\u7720,\u8d8a\u51ac,\u86f0\u4f0f"},"title":"\u51ac\u7720,\u4f11\u7720,\u8d8a\u51ac,\u86f0\u4f0f","valid":true}
{"arg":"hibernatemode","icon":{"path":"translate.png"},"quicklookurl":"http:\/\/youdao.com\/w\/hibernatemode","subtitle":"Hibernatemode","text":{"copy":"\u6a21\u5f0f"},"title":"\u6a21\u5f0f","valid":true}
{"arg":"hibernate","icon":{"path":"translate.png"},"quicklookurl":"http:\/\/youdao.com\/w\/hibernate","subtitle":"hibernate","text":{"copy":"\u51ac\u7720,\u4f11\u7720,\u8d8a\u51ac,\u86f0\u4f0f"},"title":"\u51ac\u7720,\u4f11\u7720,\u8d8a\u51ac,\u86f0\u4f0f","valid":true}
{"arg":"hiber","icon":{"path":"translate.png"},"quicklookurl":"http:\/\/youdao.com\/w\/hiber","subtitle":"Hiber","text":{"copy":"\u540d\u5b57"},"title":"\u540d\u5b57","valid":true}
{"arg":"hiber","icon":{"path":"translate.png"},"quicklookurl":"http:\/\/youdao.com\/w\/hiber","subtitle":"Hiber","text":{"copy":"\u540d\u5b57"},"title":"\u540d\u5b57","valid":true}
{"arg":"hibernate","icon":{"path":"translate.png"},"quicklookurl":"http:\/\/youdao.com\/w\/hibernate","subtitle":"hibernate","text":{"copy":"\u51ac\u7720,\u4f11\u7720,\u8d8a\u51ac,\u86f0\u4f0f"},"title":"\u51ac\u7720,\u4f11\u7720,\u8d8a\u51ac,\u86f0\u4f0f","valid":true}
{"arg":"hibernatemode","icon":{"path":"translate.png"},"quicklookurl":"http:\/\/youdao.com\/w\/hibernatemode","subtitle":"Hibernatemode","text":{"copy":"\u6a21\u5f0f"},"title":"\u6a21\u5f0f","valid":true}
{"arg":"mapping","icon":{"path":"translate.png"},"quicklookurl":"http:\/\/youdao.com\/w\/%E6%98%A0%E5%B0%84","subtitle":"\u6620\u5c04","text":{"copy":"map,mapping,ORM,rdm"},"title":"map,mapping,ORM,rdm","valid":true}
{"arg":"The hit","icon":{"path":"translate.png"},"quicklookurl":"http:\/\/youdao.com\/w\/%E6%98%A0","subtitle":"\u6620","text":{"copy":"jolimark,BIOSTAR,Image,Mappings"},"title":"jolimark,BIOSTAR,Image,Mappings","valid":true}
{"arg":"The interpolation","icon":{"path":"translate.png"},"quicklookurl":"http:\/\/youdao.com\/w\/%E6%8F%92%E5%80%BC","subtitle":"\u63d2\u503c","text":{"copy":"Interpolation,IDW"},"title":"Interpolation,IDW","valid":true}
{"arg":"insert","icon":{"path":"translate.png"},"quicklookurl":"http:\/\/youdao.com\/w\/%E6%8F%92","subtitle":"\u63d2","text":{"copy":"thrust,Zombie,get in,PLUG"},"title":"thrust,Zombie,get in,PLUG","valid":true}
{"arg":"difference","icon":{"path":"translate.png"},"quicklookurl":"http:\/\/youdao.com\/w\/%E5%B7%AE%E5%80%BC","subtitle":"\u5dee\u503c","text":{"copy":"Difference,Differentials,interpolation,Yi-Xi"},"title":"Difference,Differentials,interpolation,Yi-Xi","valid":true}
{"arg":"migh","icon":{"path":"translate.png"},"quicklookurl":"http:\/\/youdao.com\/w\/migh","subtitle":"Migh","text":{"copy":"\u529b\u91cf\u4e4b\u5251"},"title":"\u529b\u91cf\u4e4b\u5251","valid":true}
{"arg":"mightier","icon":{"path":"translate.png"},"quicklookurl":"http:\/\/youdao.com\/w\/mightier","subtitle":"Mightier","text":{"copy":"\u7b49\u9ad8\u7ebf,\u9ad8\u7b49\u7ebf"},"title":"\u7b49\u9ad8\u7ebf,\u9ad8\u7b49\u7ebf","valid":true}
{"arg":"m","icon":{"path":"translate.png"},"quicklookurl":"http:\/\/youdao.com\/w\/m","subtitle":"Sachiko M","text":{"copy":"\u677e\u539f\u5e78\u5b50"},"title":"\u677e\u539f\u5e78\u5b50","valid":true}
{"arg":"s","icon":{"path":"translate.png"},"quicklookurl":"http:\/\/youdao.com\/w\/s","subtitle":"S Doradus","text":{"copy":"\u5251\u9c7c\u5ea7S"},"title":"\u5251\u9c7c\u5ea7S","valid":true}
{"arg":"sw","icon":{"path":"translate.png"},"quicklookurl":"http:\/\/youdao.com\/w\/sw","subtitle":"SW","text":{"copy":"\u5f00\u5173,\u592a\u9633\u4e95,\u627f\u63d2\u710a\u6cd5\u5170,\u897f\u5357"},"title":"\u5f00\u5173,\u592a\u9633\u4e95,\u627f\u63d2\u710a\u6cd5\u5170,\u897f\u5357","valid":true}
{"arg":"sword","icon":{"path":"translate.png"},"quicklookurl":"http:\/\/youdao.com\/w\/sword","subtitle":"Sword","text":{"copy":"\u5251,\u4e16\u5965\u5f97,\u9b54\u6cd5\u5251,\u5200\u5251\u795e\u57df"},"title":"\u5251,\u4e16\u5965\u5f97,\u9b54\u6cd5\u5251,\u5200\u5251\u795e\u57df","valid":true}
{"arg":"mov","icon":{"path":"translate.png"},"quicklookurl":"http:\/\/youdao.com\/w\/mov","subtitle":"MOV","text":{"copy":"\u91d1\u5c5e\u6c27\u5316\u7269\u538b\u654f\u7535\u963b,\u538b\u654f\u7535\u963b(Metal Oxide Varistors),\u6c27\u5316\u950c\u538b\u654f\u7535\u963b,\u91d1\u5c5e\u6c27\u5316\u7269\u53d8\u963b\u5668"},"title":"\u91d1\u5c5e\u6c27\u5316\u7269\u538b\u654f\u7535\u963b,\u538b\u654f\u7535\u963b(Metal Oxide Varistors),\u6c27\u5316\u950c\u538b\u654f\u7535\u963b,\u91d1\u5c5e\u6c27\u5316\u7269\u53d8\u963b\u5668","valid":true}
{"arg":"move","icon":{"path":"translate.png"},"quicklookurl":"http:\/\/youdao.com\/w\/move","subtitle":"Move","text":{"copy":"\u79fb\u52a8,\u642c\u5bb6,\u79fb\u52a8\u6587\u4ef6,\u8fd0\u8f93"},"title":"\u79fb\u52a8,\u642c\u5bb6,\u79fb\u52a8\u6587\u4ef6,\u8fd0\u8f93","valid":true}
{"arg":"movemant","icon":{"path":"translate.png"},"quicklookurl":"http:\/\/youdao.com\/w\/movemant","subtitle":"ship movemant service","text":{"copy":"\u8239\u8236\u79fb\u52a8\u4e1a\u52a1"},"title":"\u8239\u8236\u79fb\u52a8\u4e1a\u52a1","valid":true}
{"arg":"mov","icon":{"path":"translate.png"},"quicklookurl":"http:\/\/youdao.com\/w\/mov","subtitle":"MOV","text":{"copy":"\u91d1\u5c5e\u6c27\u5316\u7269\u538b\u654f\u7535\u963b,\u538b\u654f\u7535\u963b(Metal Oxide Varistors),\u6c27\u5316\u950c\u538b\u654f\u7535\u963b,\u91d1\u5c5e\u6c27\u5316\u7269\u53d8\u963b\u5668"},"title":"\u91d1\u5c5e\u6c27\u5316\u7269\u538b\u654f\u7535\u963b,\u538b\u654f\u7535\u963b(Metal Oxide Varistors),\u6c27\u5316\u950c\u538b\u654f\u7535\u963b,\u91d1\u5c5e\u6c27\u5316\u7269\u53d8\u963b\u5668","valid":true}
{"arg":"m","icon":{"path":"translate.png"},"quicklookurl":"http:\/\/youdao.com\/w\/m","subtitle":"Sachiko M","text":{"copy":"\u677e\u539f\u5e78\u5b50"},"title":"\u677e\u539f\u5e78\u5b50","valid":true}
{"arg":"cap","icon":{"path":"translate.png"},"quicklookurl":"http:\/\/youdao.com\/w\/cap","subtitle":"Cap","text":{"copy":"\u5e3d\u5b50,\u793e\u533a\u83b7\u5f97\u6027\u80ba\u708e,\u918b\u9178,\u5171\u540c\u519c\u4e1a\u653f\u7b56"},"title":"\u5e3d\u5b50,\u793e\u533a\u83b7\u5f97\u6027\u80ba\u708e,\u918b\u9178,\u5171\u540c\u519c\u4e1a\u653f\u7b56","valid":true}
{"arg":"capture","icon":{"path":"translate.png"},"quicklookurl":"http:\/\/youdao.com\/w\/capture","subtitle":"capture","text":{"copy":"\u4fd8\u864f,\u6355\u83b7,\u4fd8\u83b7,\u5f71\u97f3\u91c7\u96c6\u5361"},"title":"\u4fd8\u864f,\u6355\u83b7,\u4fd8\u83b7,\u5f71\u97f3\u91c7\u96c6\u5361","valid":true}
{"arg":"s","icon":{"path":"translate.png"},"quicklookurl":"http:\/\/youdao.com\/w\/s","subtitle":"S Doradus","text":{"copy":"\u5251\u9c7c\u5ea7S"},"title":"\u5251\u9c7c\u5ea7S","valid":true}
{"arg":"simi","icon":{"path":"translate.png"},"quicklookurl":"http:\/\/youdao.com\/w\/simi","subtitle":"simi","text":{"copy":"\u80e1\u5b50\u8f69,\u7231\u5c14\u5170\u6c7d\u8f66\u5de5\u4e1a\u534f\u4f1a,\u8f66\u5de5\u4e1a\u534f\u4f1a,\u82f1\u8bed\u4e2d\u5b57"},"title":"\u80e1\u5b50\u8f69,\u7231\u5c14\u5170\u6c7d\u8f66\u5de5\u4e1a\u534f\u4f1a,\u8f66\u5de5\u4e1a\u534f\u4f1a,\u82f1\u8bed\u4e2d\u5b57","valid":true}
{"arg":"similar","icon":{"path":"translate.png"},"quicklookurl":"http:\/\/youdao.com\/w\/similar","subtitle":"Similar","text":{"copy":"\u76f8\u4f3c,\u7c7b\u4f3c,\u9009\u533a\u76f8\u4f3c,\u540c\u7c7b"},"title":"\u76f8\u4f3c,\u7c7b\u4f3c,\u9009\u533a\u76f8\u4f3c,\u540c\u7c7b","valid":true}
{"arg":"u","icon":{"path":"translate.png"},"quicklookurl":"http:\/\/youdao.com\/w\/u","subtitle":"U Thant","text":{"copy":"\u5434\u4e39,\u957f\u5b87\u8c2d"},"title":"\u5434\u4e39,\u957f\u5b87\u8c2d","valid":true}
{"arg":"unique","icon":{"path":"translate.png"},"quicklookurl":"http:\/\/youdao.com\/w\/unique","subtitle":"Unique","text":{"copy":"\u72ec\u7279,\u552f\u4e00,\u72ec\u4e00\u65e0\u4e8c\u7684,\u72ec\u6709"},"title":"\u72ec\u7279,\u552f\u4e00,\u72ec\u4e00\u65e0\u4e8c\u7684,\u72ec\u6709","valid":true}
{"arg":"struc","icon":{"path":"translate.png"},"quicklookurl":"http:\/\/youdao.com\/w\/struc","subtitle":"struc","text":{"copy":"\u7ed3\u6784,\u5176\u4e2d,\u65af\u7279\u9c81\u514b"},"title":"\u7ed3\u6784,\u5176\u4e2d,\u65af\u7279\u9c81\u514b","valid":true}
{"arg":"struct","icon":{"path":"translate.png"},"quicklookurl":"http:\/\/youdao.com\/w\/struct","subtitle":"Struct","text":{"copy":"\u7ed3\u6784,\u7ed3\u6784\u4f53,\u521b\u5efa\u6784\u67b6\u6570\u7ec4,\u6784\u4f53"},"title":"\u7ed3\u6784,\u7ed3\u6784\u4f53,\u521b\u5efa\u6784\u67b6\u6570\u7ec4,\u6784\u4f53","valid":true}
{"arg":"structu","icon":{"path":"translate.png"},"quicklookurl":"http:\/\/youdao.com\/w\/structu","subtitle":"Structu","text":{"copy":"\u4fe1\u566a\u6bd4,\u7ed3\u6784\u8bbe\u8ba1"},"title":"\u4fe1\u566a\u6bd4,\u7ed3\u6784\u8bbe\u8ba1","valid":true}
{"arg":"structure","icon":{"path":"translate.png"},"quicklookurl":"http:\/\/youdao.com\/w\/structure","subtitle":"Structure","text":{"copy":"\u7ed3\u6784,\u6784\u9020,\u5efa\u7b51\u7269,\u978b\u578b"},"title":"\u7ed3\u6784,\u6784\u9020,\u5efa\u7b51\u7269,\u978b\u578b","valid":true}
{"arg":"duplicate","icon":{"path":"translate.png"},"quicklookurl":"http:\/\/youdao.com\/w\/duplicate","subtitle":"duplicate","text":{"copy":"\u590d\u5236,\u526f\u672c,\u91cd\u590d,\u590d\u672c"},"title":"\u590d\u5236,\u526f\u672c,\u91cd\u590d,\u590d\u672c","valid":true}
{"arg":"u","icon":{"path":"translate.png"},"quicklookurl":"http:\/\/youdao.com\/w\/u","subtitle":"U Thant","text":{"copy":"\u5434\u4e39,\u957f\u5b87\u8c2d"},"title":"\u5434\u4e39,\u957f\u5b87\u8c2d","valid":true}
{"arg":"temporary","icon":{"path":"translate.png"},"quicklookurl":"http:\/\/youdao.com\/w\/%E4%B8%B4%E6%97%B6","subtitle":"\u4e34\u65f6","text":{"copy":"Temporary,temporarily,for the moment,Patch"},"title":"Temporary,temporarily,for the moment,Patch","valid":true}
{"arg":"Temporary variable","icon":{"path":"translate.png"},"quicklookurl":"http:\/\/youdao.com\/w\/%E4%B8%B4%E6%97%B6%E5%8F%98%E9%87%8F","subtitle":"\u91cd\u6784\u4e4b\u4e34\u65f6\u53d8\u91cf","text":{"copy":"Replace Temp with Query"},"title":"Replace Temp with Query","valid":true}
{"arg":"A temporary change","icon":{"path":"translate.png"},"quicklookurl":"http:\/\/youdao.com\/w\/%E4%B8%B4%E6%97%B6%E5%8F%98","subtitle":"\u4e34\u65f6\u66f4\u53d8\u8ba1\u5212","text":{"copy":"temporary change program"},"title":"temporary change program","valid":true}
{"arg":"In the","icon":{"path":"translate.png"},"quicklookurl":"http:\/\/youdao.com\/w\/%E4%B8%B4","subtitle":"\u4e34","text":{"copy":"clinic,clinical trial,J Clin Oncol"},"title":"clinic,clinical trial,J Clin Oncol","valid":true}
{"arg":"f","icon":{"path":"translate.png"},"quicklookurl":"http:\/\/youdao.com\/w\/f","subtitle":"Axel F","text":{"copy":"\u6293\u72c2\u53ee\u549a,\u6293\u72c2\u53ee\u53ee,\u6c42\u91c7\u7eb3,\u75af\u72c2\u9752\u86d9"},"title":"\u6293\u72c2\u53ee\u549a,\u6293\u72c2\u53ee\u53ee,\u6c42\u91c7\u7eb3,\u75af\u72c2\u9752\u86d9","valid":true}
{"arg":"f","icon":{"path":"translate.png"},"quicklookurl":"http:\/\/youdao.com\/w\/f","subtitle":"Axel F","text":{"copy":"\u6293\u72c2\u53ee\u549a,\u6293\u72c2\u53ee\u53ee,\u6c42\u91c7\u7eb3,\u75af\u72c2\u9752\u86d9"},"title":"\u6293\u72c2\u53ee\u549a,\u6293\u72c2\u53ee\u53ee,\u6c42\u91c7\u7eb3,\u75af\u72c2\u9752\u86d9","valid":true}
{"arg":"foo","icon":{"path":"translate.png"},"quicklookurl":"http:\/\/youdao.com\/w\/foo","subtitle":"FOO","text":{"copy":"\u5bcc,\u51fd\u6570,\u706b,\u6587\u4ef6"},"title":"\u5bcc,\u51fd\u6570,\u706b,\u6587\u4ef6","valid":true}
{"arg":"foot","icon":{"path":"translate.png"},"quicklookurl":"http:\/\/youdao.com\/w\/foot","subtitle":"foot","text":{"copy":"\u82f1\u5c3a,\u811a,\u6b65\u5175,\u811a\u4e0b"},"title":"\u82f1\u5c3a,\u811a,\u6b65\u5175,\u811a\u4e0b","valid":true}
{"arg":"f","icon":{"path":"translate.png"},"quicklookurl":"http:\/\/youdao.com\/w\/f","subtitle":"Axel F","text":{"copy":"\u6293\u72c2\u53ee\u549a,\u6293\u72c2\u53ee\u53ee,\u6c42\u91c7\u7eb3,\u75af\u72c2\u9752\u86d9"},"title":"\u6293\u72c2\u53ee\u549a,\u6293\u72c2\u53ee\u53ee,\u6c42\u91c7\u7eb3,\u75af\u72c2\u9752\u86d9","valid":true}
{"arg":"bar","icon":{"path":"translate.png"},"quicklookurl":"http:\/\/youdao.com\/w\/bar","subtitle":"bar","text":{"copy":"\u5df4,\u9152\u5427,\u5df4\u5c14,\u5c0f\u8282"},"title":"\u5df4,\u9152\u5427,\u5df4\u5c14,\u5c0f\u8282","valid":true}
{"arg":"mutating","icon":{"path":"translate.png"},"quicklookurl":"http:\/\/youdao.com\/w\/mutating","subtitle":"mutating","text":{"copy":"\u65b9\u6cd5\u7684\u53d8\u5f02,\u6539\u53d8,\u53d8\u5f02,\u53d1\u751f"},"title":"\u65b9\u6cd5\u7684\u53d8\u5f02,\u6539\u53d8,\u53d8\u5f02,\u53d1\u751f","valid":true}
{"arg":"extern","icon":{"path":"translate.png"},"quicklookurl":"http:\/\/youdao.com\/w\/extern","subtitle":"extern","text":{"copy":"\u8d70\u8bfb\u751f,\u5916\u90e8\u53d8\u91cf,\u5916\u90e8\u7684,\u8d70\u8bfb\u533b\u5b66\u7814\u7a76\u751f"},"title":"\u8d70\u8bfb\u751f,\u5916\u90e8\u53d8\u91cf,\u5916\u90e8\u7684,\u8d70\u8bfb\u533b\u5b66\u7814\u7a76\u751f","valid":true}
{"arg":"e","icon":{"path":"translate.png"},"quicklookurl":"http:\/\/youdao.com\/w\/e","subtitle":"Vitamin E","text":{"copy":"\u7ef4\u751f\u7d20E,\u7ef4\u4ed6\u547dE,\u7ef4\u751f\u7d20,\u751f\u80b2\u915a"},"title":"\u7ef4\u751f\u7d20E,\u7ef4\u4ed6\u547dE,\u7ef4\u751f\u7d20,\u751f\u80b2\u915a","valid":true}
{"arg":"enum","icon":{"path":"translate.png"},"quicklookurl":"http:\/\/youdao.com\/w\/enum","subtitle":"Enum","text":{"copy":"\u679a\u4e3e,\u679a\u4e3e\u7c7b\u578b,\u679a\u4e3e\u7c7b,\u7535\u8bdd\u53f7\u7801\u6620\u5c04"},"title":"\u679a\u4e3e,\u679a\u4e3e\u7c7b\u578b,\u679a\u4e3e\u7c7b,\u7535\u8bdd\u53f7\u7801\u6620\u5c04","valid":true}
{"arg":"m","icon":{"path":"translate.png"},"quicklookurl":"http:\/\/youdao.com\/w\/m","subtitle":"Sachiko M","text":{"copy":"\u677e\u539f\u5e78\u5b50"},"title":"\u677e\u539f\u5e78\u5b50","valid":true}
{"arg":"mute","icon":{"path":"translate.png"},"quicklookurl":"http:\/\/youdao.com\/w\/mute","subtitle":"Mute","text":{"copy":"\u9759\u97f3,\u5f31\u97f3\u5668,\u9759\u97f3\u952e"},"title":"\u9759\u97f3,\u5f31\u97f3\u5668,\u9759\u97f3\u952e","valid":true}
{"arg":"mutex","icon":{"path":"translate.png"},"quicklookurl":"http:\/\/youdao.com\/w\/mutex","subtitle":"Mutex","text":{"copy":"\u4e92\u65a5\u91cf,\u4e92\u65a5,\u4e92\u65a5\u4f53,\u4e92\u65a5\u9501"},"title":"\u4e92\u65a5\u91cf,\u4e92\u65a5,\u4e92\u65a5\u4f53,\u4e92\u65a5\u9501","valid":true}
{"arg":"archite","icon":{"path":"translate.png"},"quicklookurl":"http:\/\/youdao.com\/w\/archite","subtitle":"an archite","text":{"copy":"\u4e9a\u57fa\u4eba,\u4e00\u4f17\u4eba\u8bf4,\u6b63\u5728\u7ffb\u8bd1"},"title":"\u4e9a\u57fa\u4eba,\u4e00\u4f17\u4eba\u8bf4,\u6b63\u5728\u7ffb\u8bd1","valid":true}
{"arg":"architecture","icon":{"path":"translate.png"},"quicklookurl":"http:\/\/youdao.com\/w\/architecture","subtitle":"Architecture","text":{"copy":"\u5efa\u7b51,\u67b6\u6784,\u5efa\u7b51\u5b66,\u4f53\u7cfb\u7ed3\u6784"},"title":"\u5efa\u7b51,\u67b6\u6784,\u5efa\u7b51\u5b66,\u4f53\u7cfb\u7ed3\u6784","valid":true}
{"arg":"Concurrency","icon":{"path":"translate.png"},"quicklookurl":"http:\/\/youdao.com\/w\/Concurrency","subtitle":"concurrency","text":{"copy":"\u5e76\u53d1,\u5e76\u53d1\u6027,\u5e76\u884c\u6027,\u5e76\u53d1\u673a\u5236"},"title":"\u5e76\u53d1,\u5e76\u53d1\u6027,\u5e76\u884c\u6027,\u5e76\u53d1\u673a\u5236","valid":true}
{"arg":"slider","icon":{"path":"translate.png"},"quicklookurl":"http:\/\/youdao.com\/w\/slider","subtitle":"Slider","text":{"copy":"\u6ed1\u5757,\u6ed1\u7403,\u6ed1\u52a8\u6761,\u6eda\u52a8\u6761"},"title":"\u6ed1\u5757,\u6ed1\u7403,\u6ed1\u52a8\u6761,\u6eda\u52a8\u6761","valid":true}
{"arg":"compass","icon":{"path":"translate.png"},"quicklookurl":"http:\/\/youdao.com\/w\/compass","subtitle":"Compass","text":{"copy":"\u6307\u5357\u9488,\u5706\u89c4,\u7f57\u76d8,\u6307\u5357\u8005"},"title":"\u6307\u5357\u9488,\u5706\u89c4,\u7f57\u76d8,\u6307\u5357\u8005","valid":true}
{"arg":"compass","icon":{"path":"translate.png"},"quicklookurl":"http:\/\/youdao.com\/w\/compass","subtitle":"Compass","text":{"copy":"\u6307\u5357\u9488,\u5706\u89c4,\u7f57\u76d8,\u6307\u5357\u8005"},"title":"\u6307\u5357\u9488,\u5706\u89c4,\u7f57\u76d8,\u6307\u5357\u8005","valid":true}
{"arg":"comp","icon":{"path":"translate.png"},"quicklookurl":"http:\/\/youdao.com\/w\/comp","subtitle":"COMP","text":{"copy":"\u6bd4\u8f83\u5668,\u6bd4\u8d5b\u7684\u7b80\u79f0"},"title":"\u6bd4\u8f83\u5668,\u6bd4\u8d5b\u7684\u7b80\u79f0","valid":true}
{"arg":"c","icon":{"path":"translate.png"},"quicklookurl":"http:\/\/youdao.com\/w\/c","subtitle":"Vitamin C","text":{"copy":"\u7ef4\u751f\u7d20C,\u7ef4\u4ed6\u547dC,\u6297\u574f\u8840\u9178,\u7ef4\u751f\u7d20"},"title":"\u7ef4\u751f\u7d20C,\u7ef4\u4ed6\u547dC,\u6297\u574f\u8840\u9178,\u7ef4\u751f\u7d20","valid":true}
{"arg":"c","icon":{"path":"translate.png"},"quicklookurl":"http:\/\/youdao.com\/w\/c","subtitle":"Vitamin C","text":{"copy":"\u7ef4\u751f\u7d20C,\u7ef4\u4ed6\u547dC,\u6297\u574f\u8840\u9178,\u7ef4\u751f\u7d20"},"title":"\u7ef4\u751f\u7d20C,\u7ef4\u4ed6\u547dC,\u6297\u574f\u8840\u9178,\u7ef4\u751f\u7d20","valid":true}
{"arg":"comm","icon":{"path":"translate.png"},"quicklookurl":"http:\/\/youdao.com\/w\/comm","subtitle":"COMM","text":{"copy":"\u5546\u54c1,\u901a\u4fe1,\u4ea4\u901a,\u4f63\u91d1"},"title":"\u5546\u54c1,\u901a\u4fe1,\u4ea4\u901a,\u4f63\u91d1","valid":true}
{"arg":"commun","icon":{"path":"translate.png"},"quicklookurl":"http:\/\/youdao.com\/w\/commun","subtitle":"Commun","text":{"copy":"\u6570\u5b57\u63d2\u753b,\u5916\u4ea4,\u77ff\u7528\u901a\u4fe1\u7535\u7f06"},"title":"\u6570\u5b57\u63d2\u753b,\u5916\u4ea4,\u77ff\u7528\u901a\u4fe1\u7535\u7f06","valid":true}
{"arg":"community","icon":{"path":"translate.png"},"quicklookurl":"http:\/\/youdao.com\/w\/community","subtitle":"Community College","text":{"copy":"\u793e\u533a\u5b66\u9662,\u793e\u533a\u5927\u5b66,\u4e24\u5e74\u5236\u7684\u793e\u533a\u5927\u5b66"},"title":"\u793e\u533a\u5b66\u9662,\u793e\u533a\u5927\u5b66,\u4e24\u5e74\u5236\u7684\u793e\u533a\u5927\u5b66","valid":true}
{"arg":"communit","icon":{"path":"translate.png"},"quicklookurl":"http:\/\/youdao.com\/w\/communit","subtitle":"communit","text":{"copy":"\u5148\u8fdb\u6027,\u6c9f\u901a"},"title":"\u5148\u8fdb\u6027,\u6c9f\u901a","valid":true}
{"arg":"hug","icon":{"path":"translate.png"},"quicklookurl":"http:\/\/youdao.com\/w\/hug","subtitle":"Hug","text":{"copy":"\u62e5\u62b1,\u7d27\u62b1,\u7d27\u62e5,\u4e1c\u65b9\u795e\u8d77"},"title":"\u62e5\u62b1,\u7d27\u62b1,\u7d27\u62e5,\u4e1c\u65b9\u795e\u8d77","valid":true}
{"arg":"c","icon":{"path":"translate.png"},"quicklookurl":"http:\/\/youdao.com\/w\/c","subtitle":"Vitamin C","text":{"copy":"\u7ef4\u751f\u7d20C,\u7ef4\u4ed6\u547dC,\u6297\u574f\u8840\u9178,\u7ef4\u751f\u7d20"},"title":"\u7ef4\u751f\u7d20C,\u7ef4\u4ed6\u547dC,\u6297\u574f\u8840\u9178,\u7ef4\u751f\u7d20","valid":true}
{"arg":"comp","icon":{"path":"translate.png"},"quicklookurl":"http:\/\/youdao.com\/w\/comp","subtitle":"COMP","text":{"copy":"\u6bd4\u8f83\u5668,\u6bd4\u8d5b\u7684\u7b80\u79f0"},"title":"\u6bd4\u8f83\u5668,\u6bd4\u8d5b\u7684\u7b80\u79f0","valid":true}
{"arg":"compress","icon":{"path":"translate.png"},"quicklookurl":"http:\/\/youdao.com\/w\/compress","subtitle":"compress","text":{"copy":"\u538b\u7f29,\u6577\u5e03,\u663e\u793a\u538b\u7f29\u72b6\u6001,\u538b\u7d27"},"title":"\u538b\u7f29,\u6577\u5e03,\u663e\u793a\u538b\u7f29\u72b6\u6001,\u538b\u7d27","valid":true}
{"arg":"compression","icon":{"path":"translate.png"},"quicklookurl":"http:\/\/youdao.com\/w\/compression","subtitle":"Compression","text":{"copy":"\u538b\u7f29,\u9ad8\u5c14\u592b\u7403\u672c\u8eab\u7684\u786c\u5ea6,\u7d27\u7f29,\u52a0\u538b"},"title":"\u538b\u7f29,\u9ad8\u5c14\u592b\u7403\u672c\u8eab\u7684\u786c\u5ea6,\u7d27\u7f29,\u52a0\u538b","valid":true}
{"arg":"compressio","icon":{"path":"translate.png"},"quicklookurl":"http:\/\/youdao.com\/w\/compressio","subtitle":"Vacuum-Compressio Therapy","text":{"copy":"\u771f\u7a7a\u538b\u529b\u7597\u6cd5"},"title":"\u771f\u7a7a\u538b\u529b\u7597\u6cd5","valid":true}
{"arg":"c","icon":{"path":"translate.png"},"quicklookurl":"http:\/\/youdao.com\/w\/c","subtitle":"Vitamin C","text":{"copy":"\u7ef4\u751f\u7d20C,\u7ef4\u4ed6\u547dC,\u6297\u574f\u8840\u9178,\u7ef4\u751f\u7d20"},"title":"\u7ef4\u751f\u7d20C,\u7ef4\u4ed6\u547dC,\u6297\u574f\u8840\u9178,\u7ef4\u751f\u7d20","valid":true}
{"arg":"re","icon":{"path":"translate.png"},"quicklookurl":"http:\/\/youdao.com\/w\/re","subtitle":"RE","text":{"copy":"\u6a61\u80f6\u7c98\u5408\u5242,\u7559\u5c3c\u6c6a,\u9006\u5411\u5de5\u7a0b,\u96f7\u8bfa\u6570"},"title":"\u6a61\u80f6\u7c98\u5408\u5242,\u7559\u5c3c\u6c6a,\u9006\u5411\u5de5\u7a0b,\u96f7\u8bfa\u6570","valid":true}
{"arg":"resis","icon":{"path":"translate.png"},"quicklookurl":"http:\/\/youdao.com\/w\/resis","subtitle":"resis","text":{"copy":"\u963b\u529b,\u745e\u897f\u4e1d,\u6297\u6027,\u7535\u963b\u9ad8\u6e29\u8ba1\u82f1\u8bed"},"title":"\u963b\u529b,\u745e\u897f\u4e1d,\u6297\u6027,\u7535\u963b\u9ad8\u6e29\u8ba1\u82f1\u8bed","valid":true}
{"arg":"resistance","icon":{"path":"translate.png"},"quicklookurl":"http:\/\/youdao.com\/w\/resistance","subtitle":"resistance","text":{"copy":"\u7535\u963b,\u62b5\u6297,\u963b\u529b,\u62b5\u6297\u529b"},"title":"\u7535\u963b,\u62b5\u6297,\u963b\u529b,\u62b5\u6297\u529b","valid":true}
{"arg":"a","icon":{"path":"translate.png"},"quicklookurl":"http:\/\/youdao.com\/w\/a","subtitle":"a cappella","text":{"copy":"\u65e0\u4f34\u594f\u5408\u5531,\u963f\u5361\u8d1d\u62c9,\u8d70\u5728\u5927\u8857\u7684\u5973\u5b50,\u65e0\u4f34\u594f"},"title":"\u65e0\u4f34\u594f\u5408\u5531,\u963f\u5361\u8d1d\u62c9,\u8d70\u5728\u5927\u8857\u7684\u5973\u5b50,\u65e0\u4f34\u594f","valid":true}
{"arg":"ax","icon":{"path":"translate.png"},"quicklookurl":"http:\/\/youdao.com\/w\/ax","subtitle":"ax","text":{"copy":"\u65a7\u5b50,\u65a7\u5934,\u963f\u739b\u5c3c,\u7535\u6e90\u63d2\u5ea7\u7bb1"},"title":"\u65a7\u5b50,\u65a7\u5934,\u963f\u739b\u5c3c,\u7535\u6e90\u63d2\u5ea7\u7bb1","valid":true}
{"arg":"axis","icon":{"path":"translate.png"},"quicklookurl":"http:\/\/youdao.com\/w\/axis","subtitle":"axis","text":{"copy":"\u8f74,\u5b89\u8baf\u58eb,\u67a2\u690e"},"title":"\u8f74,\u5b89\u8baf\u58eb,\u67a2\u690e","valid":true}
{"arg":"u","icon":{"path":"translate.png"},"quicklookurl":"http:\/\/youdao.com\/w\/u","subtitle":"U Thant","text":{"copy":"\u5434\u4e39,\u957f\u5b87\u8c2d"},"title":"\u5434\u4e39,\u957f\u5b87\u8c2d","valid":true}
{"arg":"ultra","icon":{"path":"translate.png"},"quicklookurl":"http:\/\/youdao.com\/w\/ultra","subtitle":"ULTRA","text":{"copy":"\u8d85\u7ea7\u91d1,\u6781\u7aef,\u7f8e\u56fd\u5965\u5353,\u5f3a\u8005\u7ea7"},"title":"\u8d85\u7ea7\u91d1,\u6781\u7aef,\u7f8e\u56fd\u5965\u5353,\u5f3a\u8005\u7ea7","valid":true}
{"arg":"ultrafine","icon":{"path":"translate.png"},"quicklookurl":"http:\/\/youdao.com\/w\/ultrafine","subtitle":"ultrafine","text":{"copy":"\u8d85\u7ec6\u7684,\u6781\u5176\u7ec6\u5c0f\u7684,\u6781\u7aef\u7cbe\u7ec6,\u975e\u5e38\u7ec6\u5fae\u7684"},"title":"\u8d85\u7ec6\u7684,\u6781\u5176\u7ec6\u5c0f\u7684,\u6781\u7aef\u7cbe\u7ec6,\u975e\u5e38\u7ec6\u5fae\u7684","valid":true}
{"arg":"d","icon":{"path":"translate.png"},"quicklookurl":"http:\/\/youdao.com\/w\/d","subtitle":"vitamin D","text":{"copy":"\u7ef4\u751f\u7d20D,\u9499\u5316\u9187,\u56fd\u9645\u5355\u4f4d"},"title":"\u7ef4\u751f\u7d20D,\u9499\u5316\u9187,\u56fd\u9645\u5355\u4f4d","valid":true}
{"arg":"recursive","icon":{"path":"translate.png"},"quicklookurl":"http:\/\/youdao.com\/w\/%E9%80%92%E5%BD%92","subtitle":"\u9012\u5f52","text":{"copy":"Recursion,recursive,Recursion"},"title":"Recursion,recursive,Recursion","valid":true}
{"arg":"invalid","icon":{"path":"translate.png"},"quicklookurl":"http:\/\/youdao.com\/w\/invalid","subtitle":"Invalid","text":{"copy":"\u65e0\u6548,\u75c5\u53f7,\u5931\u6548,\u4f5c\u5e9f"},"title":"\u65e0\u6548,\u75c5\u53f7,\u5931\u6548,\u4f5c\u5e9f","valid":true}
{"arg":"nil","icon":{"path":"translate.png"},"quicklookurl":"http:\/\/youdao.com\/w\/nil","subtitle":"NIL","text":{"copy":"\u8fd1\u7b49\u57fa\u56e0\u7cfb,\u96f6\u6bd4,\u96f6\u70b9,\u8868\u793a\u6ca1\u6709\u6570\u91cf"},"title":"\u8fd1\u7b49\u57fa\u56e0\u7cfb,\u96f6\u6bd4,\u96f6\u70b9,\u8868\u793a\u6ca1\u6709\u6570\u91cf","valid":true}
{"arg":"n","icon":{"path":"translate.png"},"quicklookurl":"http:\/\/youdao.com\/w\/n","subtitle":"N Gobalakrishnan","text":{"copy":"\u54e5\u5df4\u62c9\u514b\u91cc\u65af\u5357,\u54e5\u5df4\u62c9"},"title":"\u54e5\u5df4\u62c9\u514b\u91cc\u65af\u5357,\u54e5\u5df4\u62c9","valid":true}
{"arg":"null","icon":{"path":"translate.png"},"quicklookurl":"http:\/\/youdao.com\/w\/null","subtitle":"Null","text":{"copy":"\u7a7a\u503c,\u7a7a,\u65e0\u6548\u7684,\u96f6\u7a7a\u95f4"},"title":"\u7a7a\u503c,\u7a7a,\u65e0\u6548\u7684,\u96f6\u7a7a\u95f4","valid":true}
{"arg":"text","icon":{"path":"translate.png"},"quicklookurl":"http:\/\/youdao.com\/w\/text","subtitle":"Text","text":{"copy":"\u6587\u672c,\u6587\u5b57,\u8bfe\u6587,\u6587\u672c\u6846"},"title":"\u6587\u672c,\u6587\u5b57,\u8bfe\u6587,\u6587\u672c\u6846","valid":true}
{"arg":"texture","icon":{"path":"translate.png"},"quicklookurl":"http:\/\/youdao.com\/w\/texture","subtitle":"texture","text":{"copy":"\u8d28\u5730,\u7eb9\u7406,\u808c\u7406,\u8d28\u611f"},"title":"\u8d28\u5730,\u7eb9\u7406,\u808c\u7406,\u8d28\u611f","valid":true}
{"arg":"t","icon":{"path":"translate.png"},"quicklookurl":"http:\/\/youdao.com\/w\/t","subtitle":"T RK","text":{"copy":"\u571f\u8033\u5176\u8bed"},"title":"\u571f\u8033\u5176\u8bed","valid":true}
{"arg":"flu","icon":{"path":"translate.png"},"quicklookurl":"http:\/\/youdao.com\/w\/flu","subtitle":"flu","text":{"copy":"\u6d41\u611f,\u6d41\u884c\u6027\u611f\u5192,\u6c1f\u8fbe\u62c9\u6ee8,\u6d41\u52a8"},"title":"\u6d41\u611f,\u6d41\u884c\u6027\u611f\u5192,\u6c1f\u8fbe\u62c9\u6ee8,\u6d41\u52a8","valid":true}
{"arg":"flutter","icon":{"path":"translate.png"},"quicklookurl":"http:\/\/youdao.com\/w\/flutter","subtitle":"flutter","text":{"copy":"\u98a4\u632f,\u98d8\u52a8,\u632f\u7ffc,\u98d8\u626c"},"title":"\u98a4\u632f,\u98d8\u52a8,\u632f\u7ffc,\u98d8\u626c","valid":true}
{"arg":"uninterrupted","icon":{"path":"translate.png"},"quicklookurl":"http:\/\/youdao.com\/w\/uninterrupted","subtitle":"uninterrupted","text":{"copy":"\u4e0d\u505c\u7684,\u8fde\u7eed\u7684,\u4e0d\u95f4\u65ad\u7684,\u4e0d\u65ad\u7684"},"title":"\u4e0d\u505c\u7684,\u8fde\u7eed\u7684,\u4e0d\u95f4\u65ad\u7684,\u4e0d\u65ad\u7684","valid":true}
{"arg":"Recurring","icon":{"path":"translate.png"},"quicklookurl":"http:\/\/youdao.com\/w\/Recurring","subtitle":"recurring","text":{"copy":"\u5faa\u73af\u7684,\u590d\u53d1\u7684,\u53cd\u590d\u7684,\u518d\u53d1\u7684"},"title":"\u5faa\u73af\u7684,\u590d\u53d1\u7684,\u53cd\u590d\u7684,\u518d\u53d1\u7684","valid":true}
{"arg":"wrap","icon":{"path":"translate.png"},"quicklookurl":"http:\/\/youdao.com\/w\/wrap","subtitle":"wrap","text":{"copy":"\u5916,\u5916\u5957,\u5305\u624e"},"title":"\u5916,\u5916\u5957,\u5305\u624e","valid":true}
{"arg":"wrap","icon":{"path":"translate.png"},"quicklookurl":"http:\/\/youdao.com\/w\/wrap","subtitle":"wrap","text":{"copy":"\u5916,\u5916\u5957,\u5305\u624e"},"title":"\u5916,\u5916\u5957,\u5305\u624e","valid":true}
{"arg":" s","icon":{"path":"translate.png"},"quicklookurl":"http:\/\/youdao.com\/w\/+s","subtitle":"S Doradus","text":{"copy":"\u5251\u9c7c\u5ea7S"},"title":"\u5251\u9c7c\u5ea7S","valid":true}
{"arg":"shu","icon":{"path":"translate.png"},"quicklookurl":"http:\/\/youdao.com\/w\/shu","subtitle":"SHU","text":{"copy":"\u978b\u5b50\u4e13\u5356\u5e97,\u4e0a\u6d77\u548c\u7766\u5bb6\u533b\u9662,\u8700\u56fd,\u6c60\u7530\u79c0\u4e00"},"title":"\u978b\u5b50\u4e13\u5356\u5e97,\u4e0a\u6d77\u548c\u7766\u5bb6\u533b\u9662,\u8700\u56fd,\u6c60\u7530\u79c0\u4e00","valid":true}
{"arg":"s","icon":{"path":"translate.png"},"quicklookurl":"http:\/\/youdao.com\/w\/s","subtitle":"S Doradus","text":{"copy":"\u5251\u9c7c\u5ea7S"},"title":"\u5251\u9c7c\u5ea7S","valid":true}
{"arg":"data","icon":{"path":"translate.png"},"quicklookurl":"http:\/\/youdao.com\/w\/%E6%95%B0%E6%8D%AE","subtitle":"\u6570\u636e","text":{"copy":"data,datum,wd,quantitative data"},"title":"data,datum,wd,quantitative data","valid":true}
{"arg":"The data structure","icon":{"path":"translate.png"},"quicklookurl":"http:\/\/youdao.com\/w\/%E6%95%B0%E6%8D%AE%E7%BB%93%E6%9E%84","subtitle":"\u6570\u636e\u7ed3\u6784","text":{"copy":"Data Structure,data structure,data organization,Database Structure"},"title":"Data Structure,data structure,data organization,Database Structure","valid":true}
{"arg":"s","icon":{"path":"translate.png"},"quicklookurl":"http:\/\/youdao.com\/w\/s","subtitle":"S Doradus","text":{"copy":"\u5251\u9c7c\u5ea7S"},"title":"\u5251\u9c7c\u5ea7S","valid":true}
{"arg":"algorithm","icon":{"path":"translate.png"},"quicklookurl":"http:\/\/youdao.com\/w\/%E7%AE%97%E6%B3%95","subtitle":"\u7b97\u6cd5","text":{"copy":"algorithm,RSA,Arithmetic,DES"},"title":"algorithm,RSA,Arithmetic,DES","valid":true}
{"arg":"doubts","icon":{"path":"translate.png"},"quicklookurl":"http:\/\/youdao.com\/w\/doubts","subtitle":"Reasonable Doubts","text":{"copy":"\u54d1\u5973\u795e\u63a2,\u54d1\u5973\u68c0\u5bdf\u5b98,\u5408\u7406\u7684\u6000\u7591,\u5408\u7406\u7591\u70b9"},"title":"\u54d1\u5973\u795e\u63a2,\u54d1\u5973\u68c0\u5bdf\u5b98,\u5408\u7406\u7684\u6000\u7591,\u5408\u7406\u7591\u70b9","valid":true}
{"arg":"mutable","icon":{"path":"translate.png"},"quicklookurl":"http:\/\/youdao.com\/w\/mutable","subtitle":"mutable","text":{"copy":"\u53ef\u53d8\u7684,\u6613\u53d8\u7684,\u53ef\u53d8,\u53d8\u52a8"},"title":"\u53ef\u53d8\u7684,\u6613\u53d8\u7684,\u53ef\u53d8,\u53d8\u52a8","valid":true}
{"arg":"multiple","icon":{"path":"translate.png"},"quicklookurl":"http:\/\/youdao.com\/w\/multiple","subtitle":"Multiple","text":{"copy":"\u500d\u6570,\u591a\u91cd,\u591a\u79cd,\u591a\u5143"},"title":"\u500d\u6570,\u591a\u91cd,\u591a\u79cd,\u591a\u5143","valid":true}
{"arg":"evaluate","icon":{"path":"translate.png"},"quicklookurl":"http:\/\/youdao.com\/w\/evaluate","subtitle":"Evaluate","text":{"copy":"\u8bc4\u4ef7,\u8bc4\u4f30,\u4f30\u4ef7,\u8861\u91cf"},"title":"\u8bc4\u4ef7,\u8bc4\u4f30,\u4f30\u4ef7,\u8861\u91cf","valid":true}
{"arg":"evaluate","icon":{"path":"translate.png"},"quicklookurl":"http:\/\/youdao.com\/w\/evaluate","subtitle":"Evaluate","text":{"copy":"\u8bc4\u4ef7,\u8bc4\u4f30,\u4f30\u4ef7,\u8861\u91cf"},"title":"\u8bc4\u4ef7,\u8bc4\u4f30,\u4f30\u4ef7,\u8861\u91cf","valid":true}
{"arg":"wid","icon":{"path":"translate.png"},"quicklookurl":"http:\/\/youdao.com\/w\/wid","subtitle":"WID","text":{"copy":"\u884c\u5e45,\u5bbd\u5ea6,\u5f00\u53d1\u5de5\u5177,\u5987\u5973\u53c2\u4e0e\u53d1\u5c55"},"title":"\u884c\u5e45,\u5bbd\u5ea6,\u5f00\u53d1\u5de5\u5177,\u5987\u5973\u53c2\u4e0e\u53d1\u5c55","valid":true}
{"arg":"widget","icon":{"path":"translate.png"},"quicklookurl":"http:\/\/youdao.com\/w\/widget","subtitle":"Widget","text":{"copy":"\u5c0f\u5de5\u5177,\u7a97\u53e3\u5c0f\u90e8\u4ef6,\u5c0f\u90e8\u4ef6,\u4e92\u8054\u7cbe\u7075"},"title":"\u5c0f\u5de5\u5177,\u7a97\u53e3\u5c0f\u90e8\u4ef6,\u5c0f\u90e8\u4ef6,\u4e92\u8054\u7cbe\u7075","valid":true}
{"arg":"w","icon":{"path":"translate.png"},"quicklookurl":"http:\/\/youdao.com\/w\/w","subtitle":"George W","text":{"copy":"\u5c0f\u5e03\u4ec0,\u98ce\u4e91\u4f20\u5947,\u8c6a\u65af\u7eb3,\u5730\u5740"},"title":"\u5c0f\u5e03\u4ec0,\u98ce\u4e91\u4f20\u5947,\u8c6a\u65af\u7eb3,\u5730\u5740","valid":true}
{"arg":"wid","icon":{"path":"translate.png"},"quicklookurl":"http:\/\/youdao.com\/w\/wid","subtitle":"WID","text":{"copy":"\u884c\u5e45,\u5bbd\u5ea6,\u5f00\u53d1\u5de5\u5177,\u5987\u5973\u53c2\u4e0e\u53d1\u5c55"},"title":"\u884c\u5e45,\u5bbd\u5ea6,\u5f00\u53d1\u5de5\u5177,\u5987\u5973\u53c2\u4e0e\u53d1\u5c55","valid":true}
{"arg":"widget","icon":{"path":"translate.png"},"quicklookurl":"http:\/\/youdao.com\/w\/widget","subtitle":"Widget","text":{"copy":"\u5c0f\u5de5\u5177,\u7a97\u53e3\u5c0f\u90e8\u4ef6,\u5c0f\u90e8\u4ef6,\u4e92\u8054\u7cbe\u7075"},"title":"\u5c0f\u5de5\u5177,\u7a97\u53e3\u5c0f\u90e8\u4ef6,\u5c0f\u90e8\u4ef6,\u4e92\u8054\u7cbe\u7075","valid":true}
{"arg":"Wahlberg","icon":{"path":"translate.png"},"quicklookurl":"http:\/\/youdao.com\/w\/Wahlberg","subtitle":"Wahlberg","text":{"copy":"\u5c14\u4f2f\u683c,\u592b\u5987,\u540d\u5b57,\u547d\u540d\u4eba"},"title":"\u5c14\u4f2f\u683c,\u592b\u5987,\u540d\u5b57,\u547d\u540d\u4eba","valid":true}
{"arg":"i","icon":{"path":"translate.png"},"quicklookurl":"http:\/\/youdao.com\/w\/i","subtitle":"I SWEAR","text":{"copy":"\u6211\u5ba3\u8a93,\u6211\u53d1\u8a93,\u8a93\u8a00,\u6797\u5fc6\u83b2"},"title":"\u6211\u5ba3\u8a93,\u6211\u53d1\u8a93,\u8a93\u8a00,\u6797\u5fc6\u83b2","valid":true}
{"arg":"x","icon":{"path":"translate.png"},"quicklookurl":"http:\/\/youdao.com\/w\/x","subtitle":"Project X","text":{"copy":"X\u8ba1\u5212,\u523a\u6740\u80af\u5c3c\u8fea,X\u6253\u7b97"},"title":"X\u8ba1\u5212,\u523a\u6740\u80af\u5c3c\u8fea,X\u6253\u7b97","valid":true}
{"arg":"The response","icon":{"path":"translate.png"},"quicklookurl":"http:\/\/youdao.com\/w\/%E5%93%8D%E5%BA%94","subtitle":"\u54cd\u5e94","text":{"copy":"Response,answer,in response to,respond to"},"title":"Response,answer,in response to,respond to","valid":true}
{"arg":"xian","icon":{"path":"translate.png"},"quicklookurl":"http:\/\/youdao.com\/w\/xian","subtitle":"xian","text":{"copy":"\u53e4\u4ee3\u8ba1\u91cf\u5355\u4f4d,\u627c\u6538\u6276\u6286,\u4f8b\u73e8\u4e24,\u751c\u6a59"},"title":"\u53e4\u4ee3\u8ba1\u91cf\u5355\u4f4d,\u627c\u6538\u6276\u6286,\u4f8b\u73e8\u4e24,\u751c\u6a59","valid":true}
{"arg":"x","icon":{"path":"translate.png"},"quicklookurl":"http:\/\/youdao.com\/w\/x","subtitle":"Project X","text":{"copy":"X\u8ba1\u5212,\u523a\u6740\u80af\u5c3c\u8fea,X\u6253\u7b97"},"title":"X\u8ba1\u5212,\u523a\u6740\u80af\u5c3c\u8fea,X\u6253\u7b97","valid":true}
{"arg":"The response","icon":{"path":"translate.png"},"quicklookurl":"http:\/\/youdao.com\/w\/%E5%93%8D%E5%BA%94","subtitle":"\u54cd\u5e94","text":{"copy":"Response,answer,in response to,respond to"},"title":"Response,answer,in response to,respond to","valid":true}
{"arg":"scrape","icon":{"path":"translate.png"},"quicklookurl":"http:\/\/youdao.com\/w\/scrape","subtitle":"scrape","text":{"copy":"\u522e,\u5265\u4e0b,\u6b8b\u6e23"},"title":"\u522e,\u5265\u4e0b,\u6b8b\u6e23","valid":true}
{"arg":"present","icon":{"path":"translate.png"},"quicklookurl":"http:\/\/youdao.com\/w\/present","subtitle":"present","text":{"copy":"\u73b0\u5728,\u793c\u7269,\u76ee\u524d\u7684,\u51fa\u5e2d\u7684"},"title":"\u73b0\u5728,\u793c\u7269,\u76ee\u524d\u7684,\u51fa\u5e2d\u7684","valid":true}
{"arg":"prevent","icon":{"path":"translate.png"},"quicklookurl":"http:\/\/youdao.com\/w\/prevent","subtitle":"Prevent","text":{"copy":"\u9632\u6b62,\u963b\u6b62,\u9884\u9632,\u59a8\u788d"},"title":"\u9632\u6b62,\u963b\u6b62,\u9884\u9632,\u59a8\u788d","valid":true}
{"arg":"c","icon":{"path":"translate.png"},"quicklookurl":"http:\/\/youdao.com\/w\/c","subtitle":"Vitamin C","text":{"copy":"\u7ef4\u751f\u7d20C,\u7ef4\u4ed6\u547dC,\u6297\u574f\u8840\u9178,\u7ef4\u751f\u7d20"},"title":"\u7ef4\u751f\u7d20C,\u7ef4\u4ed6\u547dC,\u6297\u574f\u8840\u9178,\u7ef4\u751f\u7d20","valid":true}
{"arg":"d","icon":{"path":"translate.png"},"quicklookurl":"http:\/\/youdao.com\/w\/d","subtitle":"vitamin D","text":{"copy":"\u7ef4\u751f\u7d20D,\u9499\u5316\u9187,\u56fd\u9645\u5355\u4f4d"},"title":"\u7ef4\u751f\u7d20D,\u9499\u5316\u9187,\u56fd\u9645\u5355\u4f4d","valid":true}
{"arg":"recursive","icon":{"path":"translate.png"},"quicklookurl":"http:\/\/youdao.com\/w\/%E9%80%92%E5%BD%92","subtitle":"\u9012\u5f52","text":{"copy":"Recursion,recursive,Recursion"},"title":"Recursion,recursive,Recursion","valid":true}
{"arg":"prevent","icon":{"path":"translate.png"},"quicklookurl":"http:\/\/youdao.com\/w\/prevent","subtitle":"Prevent","text":{"copy":"\u9632\u6b62,\u963b\u6b62,\u9884\u9632,\u59a8\u788d"},"title":"\u9632\u6b62,\u963b\u6b62,\u9884\u9632,\u59a8\u788d","valid":true}
{"arg":"mute","icon":{"path":"translate.png"},"quicklookurl":"http:\/\/youdao.com\/w\/mute","subtitle":"Mute","text":{"copy":"\u9759\u97f3,\u5f31\u97f3\u5668,\u9759\u97f3\u952e"},"title":"\u9759\u97f3,\u5f31\u97f3\u5668,\u9759\u97f3\u952e","valid":true}
{"arg":"re","icon":{"path":"translate.png"},"quicklookurl":"http:\/\/youdao.com\/w\/re","subtitle":"RE","text":{"copy":"\u6a61\u80f6\u7c98\u5408\u5242,\u7559\u5c3c\u6c6a,\u9006\u5411\u5de5\u7a0b,\u96f7\u8bfa\u6570"},"title":"\u6a61\u80f6\u7c98\u5408\u5242,\u7559\u5c3c\u6c6a,\u9006\u5411\u5de5\u7a0b,\u96f7\u8bfa\u6570","valid":true}
{"arg":"recur","icon":{"path":"translate.png"},"quicklookurl":"http:\/\/youdao.com\/w\/recur","subtitle":"recur","text":{"copy":"\u518d\u53d1\u751f,\u590d\u53d1,\u91cd\u73b0,\u518d\u6765"},"title":"\u518d\u53d1\u751f,\u590d\u53d1,\u91cd\u73b0,\u518d\u6765","valid":true}
{"arg":"lib","icon":{"path":"translate.png"},"quicklookurl":"http:\/\/youdao.com\/w\/lib","subtitle":"LIB","text":{"copy":"\u7535\u6c60,\u9502\u79bb\u5b50\u7535\u6c60,\u7cfb\u7edf\u4f1a\u4f7f\u7528\u5230\u7684\u51fd\u6570\u5e93,\u5e93\u6587\u4ef6"},"title":"\u7535\u6c60,\u9502\u79bb\u5b50\u7535\u6c60,\u7cfb\u7edf\u4f1a\u4f7f\u7528\u5230\u7684\u51fd\u6570\u5e93,\u5e93\u6587\u4ef6","valid":true}
{"arg":"library","icon":{"path":"translate.png"},"quicklookurl":"http:\/\/youdao.com\/w\/library","subtitle":"Library","text":{"copy":"\u5e93,\u56fe\u4e66\u9986,\u5e93,\u56fe\u4e66\u9986"},"title":"\u5e93,\u56fe\u4e66\u9986,\u5e93,\u56fe\u4e66\u9986","valid":true}
{"arg":"lib","icon":{"path":"translate.png"},"quicklookurl":"http:\/\/youdao.com\/w\/lib","subtitle":"LIB","text":{"copy":"\u7535\u6c60,\u9502\u79bb\u5b50\u7535\u6c60,\u7cfb\u7edf\u4f1a\u4f7f\u7528\u5230\u7684\u51fd\u6570\u5e93,\u5e93\u6587\u4ef6"},"title":"\u7535\u6c60,\u9502\u79bb\u5b50\u7535\u6c60,\u7cfb\u7edf\u4f1a\u4f7f\u7528\u5230\u7684\u51fd\u6570\u5e93,\u5e93\u6587\u4ef6","valid":true}
{"arg":"parameter","icon":{"path":"translate.png"},"quicklookurl":"http:\/\/youdao.com\/w\/parameter","subtitle":"parameter","text":{"copy":"\u53c2\u6570,\u53c2\u91cf,\u6307\u6807\u53c2\u6570,\u5546\u54c1\u6307\u6570"},"title":"\u53c2\u6570,\u53c2\u91cf,\u6307\u6807\u53c2\u6570,\u5546\u54c1\u6307\u6570","valid":true}
{"arg":"p","icon":{"path":"translate.png"},"quicklookurl":"http:\/\/youdao.com\/w\/p","subtitle":"p diddy","text":{"copy":"\u5439\u725b\u8001\u7239,\u5439\u6cd5\u87ba\u8001\u7239,\u5439\u5618\u8001\u7239,\u5938\u53e3\u8001\u7239"},"title":"\u5439\u725b\u8001\u7239,\u5439\u6cd5\u87ba\u8001\u7239,\u5439\u5618\u8001\u7239,\u5938\u53e3\u8001\u7239","valid":true}
{"arg":"process","icon":{"path":"translate.png"},"quicklookurl":"http:\/\/youdao.com\/w\/process","subtitle":"process","text":{"copy":"\u8fdb\u7a0b,\u6d41\u7a0b,\u8fc7\u7a0b"},"title":"\u8fdb\u7a0b,\u6d41\u7a0b,\u8fc7\u7a0b","valid":true}
{"arg":"prog","icon":{"path":"translate.png"},"quicklookurl":"http:\/\/youdao.com\/w\/prog","subtitle":"prog","text":{"copy":"\u5b55\u916e,\u9ec4\u4f53\u8102\u916e\u7d20,\u7a0b\u5e8f,\u5b55\u6fc0\u7d20"},"title":"\u5b55\u916e,\u9ec4\u4f53\u8102\u916e\u7d20,\u7a0b\u5e8f,\u5b55\u6fc0\u7d20","valid":true}
{"arg":"progress","icon":{"path":"translate.png"},"quicklookurl":"http:\/\/youdao.com\/w\/progress","subtitle":"Progress","text":{"copy":"\u8fdb\u6b65,\u8fdb\u5c55,\u8fdb\u6b65\u53f7\u592a\u7a7a\u8239,\u524d\u8fdb"},"title":"\u8fdb\u6b65,\u8fdb\u5c55,\u8fdb\u6b65\u53f7\u592a\u7a7a\u8239,\u524d\u8fdb","valid":true}
{"arg":"synthesize","icon":{"path":"translate.png"},"quicklookurl":"http:\/\/youdao.com\/w\/synthesize","subtitle":"synthesize","text":{"copy":"\u5408\u6210,\u7efc\u5408"},"title":"\u5408\u6210,\u7efc\u5408","valid":true}
{"arg":"sync","icon":{"path":"translate.png"},"quicklookurl":"http:\/\/youdao.com\/w\/sync","subtitle":"Sync","text":{"copy":"\u540c\u6b65,\u5c06\u6570\u636e\u540c\u6b65\u5199\u5165\u786c\u76d8,\u5408\u6210\u5668,\u540c\u6b65\u4fe1\u53f7"},"title":"\u540c\u6b65,\u5c06\u6570\u636e\u540c\u6b65\u5199\u5165\u786c\u76d8,\u5408\u6210\u5668,\u540c\u6b65\u4fe1\u53f7","valid":true}
{"arg":"synch","icon":{"path":"translate.png"},"quicklookurl":"http:\/\/youdao.com\/w\/synch","subtitle":"synch","text":{"copy":"\u8f9b\u514b\u5ba3,\u540c\u6b65\u4fe1\u53f7,\u5b57\u8282"},"title":"\u8f9b\u514b\u5ba3,\u540c\u6b65\u4fe1\u53f7,\u5b57\u8282","valid":true}
{"arg":"monad","icon":{"path":"translate.png"},"quicklookurl":"http:\/\/youdao.com\/w\/monad","subtitle":"Monad","text":{"copy":"\u5355\u5b50,\u5355\u5206\u4f53,\u5355\u82b1\u7c89,\u5355\u8f74"},"title":"\u5355\u5b50,\u5355\u5206\u4f53,\u5355\u82b1\u7c89,\u5355\u8f74","valid":true}
{"arg":"single","icon":{"path":"translate.png"},"quicklookurl":"http:\/\/youdao.com\/w\/single","subtitle":"single","text":{"copy":"\u672a\u5a5a,\u4e00\u5792\u5b89\u6253,\u5355\u66f2,\u5355\u4e00\u7684"},"title":"\u672a\u5a5a,\u4e00\u5792\u5b89\u6253,\u5355\u66f2,\u5355\u4e00\u7684","valid":true}
{"arg":"c","icon":{"path":"translate.png"},"quicklookurl":"http:\/\/youdao.com\/w\/c","subtitle":"Vitamin C","text":{"copy":"\u7ef4\u751f\u7d20C,\u7ef4\u4ed6\u547dC,\u6297\u574f\u8840\u9178,\u7ef4\u751f\u7d20"},"title":"\u7ef4\u751f\u7d20C,\u7ef4\u4ed6\u547dC,\u6297\u574f\u8840\u9178,\u7ef4\u751f\u7d20","valid":true}
{"arg":"The plug-in","icon":{"path":"translate.png"},"quicklookurl":"http:\/\/youdao.com\/w\/%E6%8F%92%E4%BB%B6","subtitle":"\u63d2\u4ef6","text":{"copy":"plug-in,add-in,chrome,ADT"},"title":"plug-in,add-in,chrome,ADT","valid":true}
{"arg":"li","icon":{"path":"translate.png"},"quicklookurl":"http:\/\/youdao.com\/w\/li","subtitle":"li","text":{"copy":"\u5217\u652f\u6566\u58eb\u767b,\u9502\u79bb\u5b50,\u957f\u5ea6\u6307\u793a,\u718a\u9edb\u6797"},"title":"\u5217\u652f\u6566\u58eb\u767b,\u9502\u79bb\u5b50,\u957f\u5ea6\u6307\u793a,\u718a\u9edb\u6797","valid":true}
{"arg":"l","icon":{"path":"translate.png"},"quicklookurl":"http:\/\/youdao.com\/w\/l","subtitle":"L CT","text":{"copy":"\u8212\u9002\u7248,\u8c6a\u534e\u5546\u52a1\u8212\u9002\u7248,\u81ea\u52a8\u8212\u9002\u7248"},"title":"\u8212\u9002\u7248,\u8c6a\u534e\u5546\u52a1\u8212\u9002\u7248,\u81ea\u52a8\u8212\u9002\u7248","valid":true}
{"arg":"l","icon":{"path":"translate.png"},"quicklookurl":"http:\/\/youdao.com\/w\/l","subtitle":"L CT","text":{"copy":"\u8212\u9002\u7248,\u8c6a\u534e\u5546\u52a1\u8212\u9002\u7248,\u81ea\u52a8\u8212\u9002\u7248"},"title":"\u8212\u9002\u7248,\u8c6a\u534e\u5546\u52a1\u8212\u9002\u7248,\u81ea\u52a8\u8212\u9002\u7248","valid":true}
{"arg":"li","icon":{"path":"translate.png"},"quicklookurl":"http:\/\/youdao.com\/w\/li","subtitle":"li","text":{"copy":"\u5217\u652f\u6566\u58eb\u767b,\u9502\u79bb\u5b50,\u957f\u5ea6\u6307\u793a,\u718a\u9edb\u6797"},"title":"\u5217\u652f\u6566\u58eb\u767b,\u9502\u79bb\u5b50,\u957f\u5ea6\u6307\u793a,\u718a\u9edb\u6797","valid":true}
{"arg":"l","icon":{"path":"translate.png"},"quicklookurl":"http:\/\/youdao.com\/w\/l","subtitle":"L CT","text":{"copy":"\u8212\u9002\u7248,\u8c6a\u534e\u5546\u52a1\u8212\u9002\u7248,\u81ea\u52a8\u8212\u9002\u7248"},"title":"\u8212\u9002\u7248,\u8c6a\u534e\u5546\u52a1\u8212\u9002\u7248,\u81ea\u52a8\u8212\u9002\u7248","valid":true}
{"arg":"l","icon":{"path":"translate.png"},"quicklookurl":"http:\/\/youdao.com\/w\/l","subtitle":"L CT","text":{"copy":"\u8212\u9002\u7248,\u8c6a\u534e\u5546\u52a1\u8212\u9002\u7248,\u81ea\u52a8\u8212\u9002\u7248"},"title":"\u8212\u9002\u7248,\u8c6a\u534e\u5546\u52a1\u8212\u9002\u7248,\u81ea\u52a8\u8212\u9002\u7248","valid":true}
{"arg":"example","icon":{"path":"translate.png"},"quicklookurl":"http:\/\/youdao.com\/w\/%E4%BE%8B%E5%AD%90","subtitle":"\u4f8b\u5b50","text":{"copy":"Example,instance,sample"},"title":"Example,instance,sample","valid":true}
{"arg":"case","icon":{"path":"translate.png"},"quicklookurl":"http:\/\/youdao.com\/w\/%E4%BE%8B","subtitle":"\u4f8b","text":{"copy":"Example,EX For Example,COSU,quench"},"title":"Example,EX For Example,COSU,quench","valid":true}
{"arg":"mode","icon":{"path":"translate.png"},"quicklookurl":"http:\/\/youdao.com\/w\/mode","subtitle":"Mode","text":{"copy":"\u6a21\u5f0f,\u4f17\u6570,\u65b9\u5f0f,\u578b\u53f7"},"title":"\u6a21\u5f0f,\u4f17\u6570,\u65b9\u5f0f,\u578b\u53f7","valid":true}
{"arg":"model","icon":{"path":"translate.png"},"quicklookurl":"http:\/\/youdao.com\/w\/model","subtitle":"model","text":{"copy":"\u6a21\u7279\u513f,\u578b\u53f7,\u6a21\u578b,\u4ea7\u54c1\u578b\u53f7"},"title":"\u6a21\u7279\u513f,\u578b\u53f7,\u6a21\u578b,\u4ea7\u54c1\u578b\u53f7","valid":true}
{"arg":"e","icon":{"path":"translate.png"},"quicklookurl":"http:\/\/youdao.com\/w\/e","subtitle":"Vitamin E","text":{"copy":"\u7ef4\u751f\u7d20E,\u7ef4\u4ed6\u547dE,\u7ef4\u751f\u7d20,\u751f\u80b2\u915a"},"title":"\u7ef4\u751f\u7d20E,\u7ef4\u4ed6\u547dE,\u7ef4\u751f\u7d20,\u751f\u80b2\u915a","valid":true}
{"arg":"ep","icon":{"path":"translate.png"},"quicklookurl":"http:\/\/youdao.com\/w\/ep","subtitle":"EP","text":{"copy":"\u73af\u6c27\u6811\u8102,\u6b27\u6d32\u836f\u5178,\u8ff7\u4f60\u4e13\u8f91,\u96c5\u83b9"},"title":"\u73af\u6c27\u6811\u8102,\u6b27\u6d32\u836f\u5178,\u8ff7\u4f60\u4e13\u8f91,\u96c5\u83b9","valid":true}
{"arg":"eph","icon":{"path":"translate.png"},"quicklookurl":"http:\/\/youdao.com\/w\/eph","subtitle":"EPh","text":{"copy":"\u4e59\u4e8c\u9187\u82ef\u919a,\u9a7b\u8f66\u8f85\u52a9\u88c5\u7f6e,\u77f3\u5bb6\u5e84\u7f8e\u6da4,\u4ee5\u5f17\u6240\u4e66"},"title":"\u4e59\u4e8c\u9187\u82ef\u919a,\u9a7b\u8f66\u8f85\u52a9\u88c5\u7f6e,\u77f3\u5bb6\u5e84\u7f8e\u6da4,\u4ee5\u5f17\u6240\u4e66","valid":true}
{"arg":"ephem","icon":{"path":"translate.png"},"quicklookurl":"http:\/\/youdao.com\/w\/ephem","subtitle":"ephem eris","text":{"copy":"\u661f\u5386"},"title":"\u661f\u5386","valid":true}
{"arg":"ephemera","icon":{"path":"translate.png"},"quicklookurl":"http:\/\/youdao.com\/w\/ephemera","subtitle":"ephemera","text":{"copy":"\u8709\u8763,\u77ac\u606f,\u77ed\u547d\u52a8\u7269,\u5531\u7247\u540d"},"title":"\u8709\u8763,\u77ac\u606f,\u77ed\u547d\u52a8\u7269,\u5531\u7247\u540d","valid":true}
{"arg":"fertilizer","icon":{"path":"translate.png"},"quicklookurl":"http:\/\/youdao.com\/w\/fertilizer","subtitle":"fertilizer","text":{"copy":"\u80a5\u6599,\u5316\u80a5,\u690d\u7269\u80a5\u6599,\u5316\u5b66\u80a5\u6599"},"title":"\u80a5\u6599,\u5316\u80a5,\u690d\u7269\u80a5\u6599,\u5316\u5b66\u80a5\u6599","valid":true}
{"arg":"li","icon":{"path":"translate.png"},"quicklookurl":"http:\/\/youdao.com\/w\/li","subtitle":"li","text":{"copy":"\u5217\u652f\u6566\u58eb\u767b,\u9502\u79bb\u5b50,\u957f\u5ea6\u6307\u793a,\u718a\u9edb\u6797"},"title":"\u5217\u652f\u6566\u58eb\u767b,\u9502\u79bb\u5b50,\u957f\u5ea6\u6307\u793a,\u718a\u9edb\u6797","valid":true}
{"arg":"l","icon":{"path":"translate.png"},"quicklookurl":"http:\/\/youdao.com\/w\/l","subtitle":"L CT","text":{"copy":"\u8212\u9002\u7248,\u8c6a\u534e\u5546\u52a1\u8212\u9002\u7248,\u81ea\u52a8\u8212\u9002\u7248"},"title":"\u8212\u9002\u7248,\u8c6a\u534e\u5546\u52a1\u8212\u9002\u7248,\u81ea\u52a8\u8212\u9002\u7248","valid":true}
{"arg":"The list","icon":{"path":"translate.png"},"quicklookurl":"http:\/\/youdao.com\/w\/%E9%93%BE%E8%A1%A8","subtitle":"\u94fe\u8868","text":{"copy":"linked list,list,Double Linked List"},"title":"linked list,list,Double Linked List","valid":true}
{"arg":"f","icon":{"path":"translate.png"},"quicklookurl":"http:\/\/youdao.com\/w\/f","subtitle":"Axel F","text":{"copy":"\u6293\u72c2\u53ee\u549a,\u6293\u72c2\u53ee\u53ee,\u6c42\u91c7\u7eb3,\u75af\u72c2\u9752\u86d9"},"title":"\u6293\u72c2\u53ee\u549a,\u6293\u72c2\u53ee\u53ee,\u6c42\u91c7\u7eb3,\u75af\u72c2\u9752\u86d9","valid":true}
{"arg":"full","icon":{"path":"translate.png"},"quicklookurl":"http:\/\/youdao.com\/w\/full","subtitle":"full","text":{"copy":"\u6ee1\u7684,\u5b8c\u5168\u7684,\u5b8c\u6574\u7684,\u5145\u6ee1\u7684"},"title":"\u6ee1\u7684,\u5b8c\u5168\u7684,\u5b8c\u6574\u7684,\u5145\u6ee1\u7684","valid":true}
{"arg":"full mark","icon":{"path":"translate.png"},"quicklookurl":"http:\/\/youdao.com\/w\/full+mark","subtitle":"full mark","text":{"copy":"\u9605\u8bfb\u7406\u89e3\u6ee1\u5206,\u6ee1\u5206,\u5bcc\u9a6c,\u5f97\u6ee1\u5206"},"title":"\u9605\u8bfb\u7406\u89e3\u6ee1\u5206,\u6ee1\u5206,\u5bcc\u9a6c,\u5f97\u6ee1\u5206","valid":true}
{"arg":"full marks","icon":{"path":"translate.png"},"quicklookurl":"http:\/\/youdao.com\/w\/full+marks","subtitle":"full marks","text":{"copy":"\u6ee1\u5206,\u6700\u9ad8\u5206\u6570,\u9ad8\u5206"},"title":"\u6ee1\u5206,\u6700\u9ad8\u5206\u6570,\u9ad8\u5206","valid":true}
{"arg":"f","icon":{"path":"translate.png"},"quicklookurl":"http:\/\/youdao.com\/w\/f","subtitle":"Axel F","text":{"copy":"\u6293\u72c2\u53ee\u549a,\u6293\u72c2\u53ee\u53ee,\u6c42\u91c7\u7eb3,\u75af\u72c2\u9752\u86d9"},"title":"\u6293\u72c2\u53ee\u549a,\u6293\u72c2\u53ee\u53ee,\u6c42\u91c7\u7eb3,\u75af\u72c2\u9752\u86d9","valid":true}
{"arg":"p","icon":{"path":"translate.png"},"quicklookurl":"http:\/\/youdao.com\/w\/p","subtitle":"p diddy","text":{"copy":"\u5439\u725b\u8001\u7239,\u5439\u6cd5\u87ba\u8001\u7239,\u5439\u5618\u8001\u7239,\u5938\u53e3\u8001\u7239"},"title":"\u5439\u725b\u8001\u7239,\u5439\u6cd5\u87ba\u8001\u7239,\u5439\u5618\u8001\u7239,\u5938\u53e3\u8001\u7239","valid":true}
{"arg":"pick u","icon":{"path":"translate.png"},"quicklookurl":"http:\/\/youdao.com\/w\/pick+u","subtitle":"pick u","text":{"copy":"\u4e2d\u9014\u642d\u4eba"},"title":"\u4e2d\u9014\u642d\u4eba","valid":true}
{"arg":"pick up","icon":{"path":"translate.png"},"quicklookurl":"http:\/\/youdao.com\/w\/pick+up","subtitle":"pick up","text":{"copy":"\u6361\u8d77,\u5b66\u4f1a,\u63a5\u673a,\u62ff\u8d77"},"title":"\u6361\u8d77,\u5b66\u4f1a,\u63a5\u673a,\u62ff\u8d77","valid":true}
{"arg":"pick up a ","icon":{"path":"translate.png"},"quicklookurl":"http:\/\/youdao.com\/w\/pick+up+a+","subtitle":"Pick up a","text":{"copy":"\u6536\u8d77\u6765,\u6361\u8d77"},"title":"\u6536\u8d77\u6765,\u6361\u8d77","valid":true}
{"arg":"lin","icon":{"path":"translate.png"},"quicklookurl":"http:\/\/youdao.com\/w\/lin","subtitle":"LIN","text":{"copy":"\u76f4\u7ebf\u6027,\u672c\u5730\u4e92\u8fde\u7f51\u7edc,\u817e\u8baf\u6570\u7801\u8baf,\u573a\u7ebf\u6027"},"title":"\u76f4\u7ebf\u6027,\u672c\u5730\u4e92\u8fde\u7f51\u7edc,\u817e\u8baf\u6570\u7801\u8baf,\u573a\u7ebf\u6027","valid":true}
{"arg":"lint","icon":{"path":"translate.png"},"quicklookurl":"http:\/\/youdao.com\/w\/lint","subtitle":"Lint","text":{"copy":"\u6797\u7279,\u68c9\u7ed2,\u7ed2\u5e03,\u76ae\u68c9"},"title":"\u6797\u7279,\u68c9\u7ed2,\u7ed2\u5e03,\u76ae\u68c9","valid":true}
{"arg":"Concurrency","icon":{"path":"translate.png"},"quicklookurl":"http:\/\/youdao.com\/w\/Concurrency","subtitle":"concurrency","text":{"copy":"\u5e76\u53d1,\u5e76\u53d1\u6027,\u5e76\u884c\u6027,\u5e76\u53d1\u673a\u5236"},"title":"\u5e76\u53d1,\u5e76\u53d1\u6027,\u5e76\u884c\u6027,\u5e76\u53d1\u673a\u5236","valid":true}
{"arg":"regex","icon":{"path":"translate.png"},"quicklookurl":"http:\/\/youdao.com\/w\/regex","subtitle":"regex","text":{"copy":"\u6b63\u5219\u8868\u8fbe\u5f0f"},"title":"\u6b63\u5219\u8868\u8fbe\u5f0f","valid":true}
{"arg":"cir","icon":{"path":"translate.png"},"quicklookurl":"http:\/\/youdao.com\/w\/cir","subtitle":"CIR","text":{"copy":"\u627f\u8bfa\u4fe1\u606f\u901f\u7387,\u673a\u8f66\u7efc\u5408\u65e0\u7ebf\u901a\u4fe1\u8bbe\u5907,\u4fe1\u9053\u51b2\u6fc0\u54cd\u5e94,\u8bbe\u5907"},"title":"\u627f\u8bfa\u4fe1\u606f\u901f\u7387,\u673a\u8f66\u7efc\u5408\u65e0\u7ebf\u901a\u4fe1\u8bbe\u5907,\u4fe1\u9053\u51b2\u6fc0\u54cd\u5e94,\u8bbe\u5907","valid":true}
{"arg":"s","icon":{"path":"translate.png"},"quicklookurl":"http:\/\/youdao.com\/w\/s","subtitle":"S Doradus","text":{"copy":"\u5251\u9c7c\u5ea7S"},"title":"\u5251\u9c7c\u5ea7S","valid":true}
{"arg":"The statement","icon":{"path":"translate.png"},"quicklookurl":"http:\/\/youdao.com\/w\/%E5%A3%B0%E6%98%8E","subtitle":"\u58f0\u660e","text":{"copy":"Declaration,Statement,declare,proclaim"},"title":"Declaration,Statement,declare,proclaim","valid":true}
{"arg":"The sound","icon":{"path":"translate.png"},"quicklookurl":"http:\/\/youdao.com\/w\/%E5%A3%B0","subtitle":"\u58f0","text":{"copy":"Jin Kazama,Dolby Digital"},"title":"Jin Kazama,Dolby Digital","valid":true}
{"arg":"life","icon":{"path":"translate.png"},"quicklookurl":"http:\/\/youdao.com\/w\/%E7%94%9F%E5%91%BD","subtitle":"\u751f\u547d","text":{"copy":"life,life,anim,Zoe"},"title":"life,life,anim,Zoe","valid":true}
{"arg":"The life cycle","icon":{"path":"translate.png"},"quicklookurl":"http:\/\/youdao.com\/w\/%E7%94%9F%E5%91%BD%E5%91%A8%E6%9C%9F","subtitle":"\u751f\u547d\u5468\u671f","text":{"copy":"Life Cycle,Product Life Cycle,SDLC,Activity"},"title":"Life Cycle,Product Life Cycle,SDLC,Activity","valid":true}
{"arg":" p","icon":{"path":"translate.png"},"quicklookurl":"http:\/\/youdao.com\/w\/+p","subtitle":"p diddy","text":{"copy":"\u5439\u725b\u8001\u7239,\u5439\u6cd5\u87ba\u8001\u7239,\u5439\u5618\u8001\u7239,\u5938\u53e3\u8001\u7239"},"title":"\u5439\u725b\u8001\u7239,\u5439\u6cd5\u87ba\u8001\u7239,\u5439\u5618\u8001\u7239,\u5938\u53e3\u8001\u7239","valid":true}
{"arg":" provide","icon":{"path":"translate.png"},"quicklookurl":"http:\/\/youdao.com\/w\/+provide","subtitle":"provide","text":{"copy":"\u63d0\u4f9b"},"title":"\u63d0\u4f9b","valid":true}
{"arg":" provider","icon":{"path":"translate.png"},"quicklookurl":"http:\/\/youdao.com\/w\/+provider","subtitle":"Provider","text":{"copy":"\u63d0\u4f9b\u8005,\u63d0\u4f9b\u5546,\u4f9b\u5e94\u5546,\u63d0\u4f9b\u7a0b\u5e8f"},"title":"\u63d0\u4f9b\u8005,\u63d0\u4f9b\u5546,\u4f9b\u5e94\u5546,\u63d0\u4f9b\u7a0b\u5e8f","valid":true}
{"arg":" providers","icon":{"path":"translate.png"},"quicklookurl":"http:\/\/youdao.com\/w\/+providers","subtitle":"content providers","text":{"copy":"\u5185\u5bb9\u63d0\u4f9b\u8005,\u5185\u5bb9\u63d0\u4f9b\u5668,\u5185\u5bb9\u7ba1\u7406\u5668,\u6570\u636e\u5171\u4eab"},"title":"\u5185\u5bb9\u63d0\u4f9b\u8005,\u5185\u5bb9\u63d0\u4f9b\u5668,\u5185\u5bb9\u7ba1\u7406\u5668,\u6570\u636e\u5171\u4eab","valid":true}
{"arg":"classification","icon":{"path":"translate.png"},"quicklookurl":"http:\/\/youdao.com\/w\/%E5%88%86%E7%B1%BB","subtitle":"\u5206\u7c7b","text":{"copy":"classification; to classify,sort,classify,Classification"},"title":"classification; to classify,sort,classify,Classification","valid":true}
{"arg":"To calculate","icon":{"path":"translate.png"},"quicklookurl":"http:\/\/youdao.com\/w\/%E8%AE%A1%E7%AE%97","subtitle":"\u8ba1\u7b97","text":{"copy":"calculation,calculate,count,reckon"},"title":"calculation,calculate,count,reckon","valid":true}
{"arg":"The level of","icon":{"path":"translate.png"},"quicklookurl":"http:\/\/youdao.com\/w\/%E6%B0%B4%E5%B9%B3","subtitle":"\u6c34\u5e73","text":{"copy":"Horizontal,Level,HOR,extent"},"title":"Horizontal,Level,HOR,extent","valid":true}
{"arg":"The level of","icon":{"path":"translate.png"},"quicklookurl":"http:\/\/youdao.com\/w\/%E6%B0%B4%E5%B9%B3","subtitle":"\u6c34\u5e73","text":{"copy":"Horizontal,Level,HOR,extent"},"title":"Horizontal,Level,HOR,extent","valid":true}
{"arg":"represent","icon":{"path":"translate.png"},"quicklookurl":"http:\/\/youdao.com\/w\/represent","subtitle":"represent","text":{"copy":"\u4ee3\u8868,\u8c61\u5f81,\u8868\u793a,\u8868\u73b0"},"title":"\u4ee3\u8868,\u8c61\u5f81,\u8868\u793a,\u8868\u73b0","valid":true}
{"arg":"index","icon":{"path":"translate.png"},"quicklookurl":"http:\/\/youdao.com\/w\/%E6%8C%87%E6%95%B0","subtitle":"\u6307\u6570","text":{"copy":"Index,exponent,Myspic,BSI"},"title":"Index,exponent,Myspic,BSI","valid":true}
