{"arg":"scr","icon":{"path":"translate.png"},"quicklookurl":"http:\/\/youdao.com\/w\/scr","subtitle":"SCR","text":{"copy":"\u9009\u62e9\u6027\u50ac\u5316\u8fd8\u539f,\u53ef\u63a7\u7845,\u9009\u62e9\u6027\u50ac\u5316\u8fd8\u539f\u6cd5,\u9009\u62e9\u6027\u50ac\u5316\u8fd8\u539f(Selective Catalytic Reduction)"},"title":"\u9009\u62e9\u6027\u50ac\u5316\u8fd8\u539f,\u53ef\u63a7\u7845,\u9009\u62e9\u6027\u50ac\u5316\u8fd8\u539f\u6cd5,\u9009\u62e9\u6027\u50ac\u5316\u8fd8\u539f(Selective Catalytic Reduction)","valid":true}
{"arg":"scree","icon":{"path":"translate.png"},"quicklookurl":"http:\/\/youdao.com\/w\/scree","subtitle":"Scree","text":{"copy":"\u788e\u77f3\u5761,\u5ca9\u5c51\u5806,\u5c71\u77f3\u5806,\u5c71\u5761\u4e0a\u7684\u788e\u77f3\u5806"},"title":"\u788e\u77f3\u5761,\u5ca9\u5c51\u5806,\u5c71\u77f3\u5806,\u5c71\u5761\u4e0a\u7684\u788e\u77f3\u5806","valid":true}
{"arg":"screen","icon":{"path":"translate.png"},"quicklookurl":"http:\/\/youdao.com\/w\/screen","subtitle":"Screen","text":{"copy":"\u5c4f\u98ce,\u63a9\u62a4,\u5c4f\u853d,\u7f51\u5c4f"},"title":"\u5c4f\u98ce,\u63a9\u62a4,\u5c4f\u853d,\u7f51\u5c4f","valid":true}
{"arg":"s","icon":{"path":"translate.png"},"quicklookurl":"http:\/\/youdao.com\/w\/s","subtitle":"S Doradus","text":{"copy":"\u5251\u9c7c\u5ea7S"},"title":"\u5251\u9c7c\u5ea7S","valid":true}
{"arg":"nim","icon":{"path":"translate.png"},"quicklookurl":"http:\/\/youdao.com\/w\/nim","subtitle":"NIM","text":{"copy":"\u51c0\u606f\u5dee,\u51c0\u5229\u606f\u6536\u76ca\u7387,\u51c0\u5229\u5dee"},"title":"\u51c0\u606f\u5dee,\u51c0\u5229\u606f\u6536\u76ca\u7387,\u51c0\u5229\u5dee","valid":true}
{"arg":"nimb","icon":{"path":"translate.png"},"quicklookurl":"http:\/\/youdao.com\/w\/nimb","subtitle":"Nimb","text":{"copy":"\u954d\u91d1\u5c5e\u6c22,\u6d4b\u7ed8\u5c40,\u954d\u6c22\u7535\u6c60,\u907f\u90bb\u6548\u5e94"},"title":"\u954d\u91d1\u5c5e\u6c22,\u6d4b\u7ed8\u5c40,\u954d\u6c22\u7535\u6c60,\u907f\u90bb\u6548\u5e94","valid":true}
{"arg":"nimble","icon":{"path":"translate.png"},"quicklookurl":"http:\/\/youdao.com\/w\/nimble","subtitle":"nimble","text":{"copy":"\u654f\u6377,\u7075\u6d3b,\u8f7b\u5feb,\u6709\u7075\u6027"},"title":"\u654f\u6377,\u7075\u6d3b,\u8f7b\u5feb,\u6709\u7075\u6027","valid":true}
{"arg":"nim","icon":{"path":"translate.png"},"quicklookurl":"http:\/\/youdao.com\/w\/nim","subtitle":"NIM","text":{"copy":"\u51c0\u606f\u5dee,\u51c0\u5229\u606f\u6536\u76ca\u7387,\u51c0\u5229\u5dee"},"title":"\u51c0\u606f\u5dee,\u51c0\u5229\u606f\u6536\u76ca\u7387,\u51c0\u5229\u5dee","valid":true}
{"arg":"nimble","icon":{"path":"translate.png"},"quicklookurl":"http:\/\/youdao.com\/w\/nimble","subtitle":"nimble","text":{"copy":"\u654f\u6377,\u7075\u6d3b,\u8f7b\u5feb,\u6709\u7075\u6027"},"title":"\u654f\u6377,\u7075\u6d3b,\u8f7b\u5feb,\u6709\u7075\u6027","valid":true}
{"arg":"n","icon":{"path":"translate.png"},"quicklookurl":"http:\/\/youdao.com\/w\/n","subtitle":"N Gobalakrishnan","text":{"copy":"\u54e5\u5df4\u62c9"},"title":"\u54e5\u5df4\u62c9","valid":true}
{"arg":"q","icon":{"path":"translate.png"},"quicklookurl":"http:\/\/youdao.com\/w\/q","subtitle":"Q factor","text":{"copy":"\u54c1\u8d28\u56e0\u6570,\u56e0\u6570,\u8d28\u91cf\u56e0\u6570,q\u503c"},"title":"\u54c1\u8d28\u56e0\u6570,\u56e0\u6570,\u8d28\u91cf\u56e0\u6570,q\u503c","valid":true}
{"arg":"quick","icon":{"path":"translate.png"},"quicklookurl":"http:\/\/youdao.com\/w\/quick","subtitle":"Quick","text":{"copy":"\u5feb\u901f,\u5feb\u7684,\u654f\u6377\u7684,\u8fc5\u901f\u7684"},"title":"\u5feb\u901f,\u5feb\u7684,\u654f\u6377\u7684,\u8fc5\u901f\u7684","valid":true}
{"arg":"s","icon":{"path":"translate.png"},"quicklookurl":"http:\/\/youdao.com\/w\/s","subtitle":"S Doradus","text":{"copy":"\u5251\u9c7c\u5ea7S"},"title":"\u5251\u9c7c\u5ea7S","valid":true}
{"arg":"seq","icon":{"path":"translate.png"},"quicklookurl":"http:\/\/youdao.com\/w\/seq","subtitle":"et seq","text":{"copy":"\u53ca\u4ee5\u4e0b\u7684,\u4ee5\u53ca\u4e0b\u5217\u7b49\u7b49"},"title":"\u53ca\u4ee5\u4e0b\u7684,\u4ee5\u53ca\u4e0b\u5217\u7b49\u7b49","valid":true}
{"arg":"sequ","icon":{"path":"translate.png"},"quicklookurl":"http:\/\/youdao.com\/w\/sequ","subtitle":"sequ","text":{"copy":"\u8ddf\u968f,\u63d0\u4f9b\u5173\u4e8e,\u8ffd\u968f,\u529f\u7387"},"title":"\u8ddf\u968f,\u63d0\u4f9b\u5173\u4e8e,\u8ffd\u968f,\u529f\u7387","valid":true}
{"arg":"sequence","icon":{"path":"translate.png"},"quicklookurl":"http:\/\/youdao.com\/w\/sequence","subtitle":"Sequence","text":{"copy":"\u5e8f\u5217,\u987a\u5e8f,\u6a21\u8fdb,\u6b21\u5e8f"},"title":"\u5e8f\u5217,\u987a\u5e8f,\u6a21\u8fdb,\u6b21\u5e8f","valid":true}
{"arg":"conca","icon":{"path":"translate.png"},"quicklookurl":"http:\/\/youdao.com\/w\/conca","subtitle":"Conca","text":{"copy":"\u5b54\u5361,\u56de\u8d2d\u5b54\u5361,\u706b\u5c71\u9677\u843d\u5730,\u611f\u8c22\u5b54\u5361"},"title":"\u5b54\u5361,\u56de\u8d2d\u5b54\u5361,\u706b\u5c71\u9677\u843d\u5730,\u611f\u8c22\u5b54\u5361","valid":true}
{"arg":"concat","icon":{"path":"translate.png"},"quicklookurl":"http:\/\/youdao.com\/w\/concat","subtitle":"Concat Function","text":{"copy":"\u8fde\u63a5\u51fd\u6570"},"title":"\u8fde\u63a5\u51fd\u6570","valid":true}
{"arg":"single","icon":{"path":"translate.png"},"quicklookurl":"http:\/\/youdao.com\/w\/single","subtitle":"single","text":{"copy":"\u672a\u5a5a,\u4e00\u5792\u5b89\u6253,\u5355\u66f2,\u5355\u4e00\u7684"},"title":"\u672a\u5a5a,\u4e00\u5792\u5b89\u6253,\u5355\u66f2,\u5355\u4e00\u7684","valid":true}
{"arg":"singl","icon":{"path":"translate.png"},"quicklookurl":"http:\/\/youdao.com\/w\/singl","subtitle":"SINGL","text":{"copy":"\u5355\u8109\u51b2,\u5355\u626b\u63cf\u5f00\u5173,\u5355\u5200\u7cbe\u54c1,\u5355\u5f0f\u4e07\u5411\u94f0\u94fe\u578b\u81a8\u80c0\u8282"},"title":"\u5355\u8109\u51b2,\u5355\u626b\u63cf\u5f00\u5173,\u5355\u5200\u7cbe\u54c1,\u5355\u5f0f\u4e07\u5411\u94f0\u94fe\u578b\u81a8\u80c0\u8282","valid":true}
{"arg":"singa","icon":{"path":"translate.png"},"quicklookurl":"http:\/\/youdao.com\/w\/singa","subtitle":"Singa","text":{"copy":"\u5409\u7965,\u72ee\u5b50,\u4eae\u8179\u86db\u5c5e,\u82f1"},"title":"\u5409\u7965,\u72ee\u5b50,\u4eae\u8179\u86db\u5c5e,\u82f1","valid":true}
{"arg":"sing","icon":{"path":"translate.png"},"quicklookurl":"http:\/\/youdao.com\/w\/sing","subtitle":"sing","text":{"copy":"\u5531\u6b4c,\u5531,\u6b22\u4e50\u597d\u58f0\u97f3,\u6b22\u5531"},"title":"\u5531\u6b4c,\u5531,\u6b22\u4e50\u597d\u58f0\u97f3,\u6b22\u5531","valid":true}
{"arg":"signal","icon":{"path":"translate.png"},"quicklookurl":"http:\/\/youdao.com\/w\/signal","subtitle":"signal","text":{"copy":"\u4fe1\u53f7,\u53d1\u4fe1\u53f7,\u8baf\u53f7"},"title":"\u4fe1\u53f7,\u53d1\u4fe1\u53f7,\u8baf\u53f7","valid":true}
{"arg":"suspend","icon":{"path":"translate.png"},"quicklookurl":"http:\/\/youdao.com\/w\/suspend","subtitle":"suspend","text":{"copy":"\u6302\u8d77,\u6682\u505c,\u60ac\u6302,\u7981\u8d5b"},"title":"\u6302\u8d77,\u6682\u505c,\u60ac\u6302,\u7981\u8d5b","valid":true}
{"arg":"Implicitly","icon":{"path":"translate.png"},"quicklookurl":"http:\/\/youdao.com\/w\/Implicitly","subtitle":"implicitly","text":{"copy":"\u6697\u542b\u7684,\u9690\u7136,\u542b\u84c4\u5730,\u6697\u4e2d\u5730"},"title":"\u6697\u542b\u7684,\u9690\u7136,\u542b\u84c4\u5730,\u6697\u4e2d\u5730","valid":true}
{"arg":"identity","icon":{"path":"translate.png"},"quicklookurl":"http:\/\/youdao.com\/w\/identity","subtitle":"Identity","text":{"copy":"\u8eab\u4efd,\u540c\u4e00\u6027,\u81f4\u547dID,\u6052\u7b49\u5f0f"},"title":"\u8eab\u4efd,\u540c\u4e00\u6027,\u81f4\u547dID,\u6052\u7b49\u5f0f","valid":true}
{"arg":"curve","icon":{"path":"translate.png"},"quicklookurl":"http:\/\/youdao.com\/w\/curve","subtitle":"Curve","text":{"copy":"\u66f2\u7ebf,\u5f2f\u9053,\u66f2\u7ebf\u677f"},"title":"\u66f2\u7ebf,\u5f2f\u9053,\u66f2\u7ebf\u677f","valid":true}
{"arg":"damp","icon":{"path":"translate.png"},"quicklookurl":"http:\/\/youdao.com\/w\/damp","subtitle":"damp","text":{"copy":"\u6f6e\u6e7f\u7684,\u963b\u5c3c,\u6e7f\u5ea6"},"title":"\u6f6e\u6e7f\u7684,\u963b\u5c3c,\u6e7f\u5ea6","valid":true}
{"arg":"damping","icon":{"path":"translate.png"},"quicklookurl":"http:\/\/youdao.com\/w\/damping","subtitle":"damping","text":{"copy":"\u963b\u5c3c,\u8870\u51cf,\u51cf\u9707,\u7f13\u51b2"},"title":"\u963b\u5c3c,\u8870\u51cf,\u51cf\u9707,\u7f13\u51b2","valid":true}
{"arg":"ratio","icon":{"path":"translate.png"},"quicklookurl":"http:\/\/youdao.com\/w\/ratio","subtitle":"ratio","text":{"copy":"\u6bd4\u7387,\u6bd4,\u6bd4\u4f8b,\u6bd4\u503c"},"title":"\u6bd4\u7387,\u6bd4,\u6bd4\u4f8b,\u6bd4\u503c","valid":true}
{"arg":"rati","icon":{"path":"translate.png"},"quicklookurl":"http:\/\/youdao.com\/w\/rati","subtitle":"RATI","text":{"copy":"\u5730\u5c42\u6bd4\u503c,\u62c9\u63d0,\u5973\u513f,\u8339\u963f\u7f07"},"title":"\u5730\u5c42\u6bd4\u503c,\u62c9\u63d0,\u5973\u513f,\u8339\u963f\u7f07","valid":true}
{"arg":"inherited","icon":{"path":"translate.png"},"quicklookurl":"http:\/\/youdao.com\/w\/inherited","subtitle":"inherited","text":{"copy":"\u7ee7\u627f\u7684,\u662f\u5426\u7ee7\u627f,\u7ee7\u627f\u6743\u7684,\u9057\u4f20\u7684"},"title":"\u7ee7\u627f\u7684,\u662f\u5426\u7ee7\u627f,\u7ee7\u627f\u6743\u7684,\u9057\u4f20\u7684","valid":true}
{"arg":"scope","icon":{"path":"translate.png"},"quicklookurl":"http:\/\/youdao.com\/w\/scope","subtitle":"Scope","text":{"copy":"\u8303\u56f4,\u4f5c\u7528\u57df,\u9002\u7528\u8303\u56f4,\u6226\u7565\u7684\u60c5\u62a5\u901a\u4fe1\u7814\u7a76\u5f00\u767a\u63a8\u8fdb\u4e8b\u4e1a"},"title":"\u8303\u56f4,\u4f5c\u7528\u57df,\u9002\u7528\u8303\u56f4,\u6226\u7565\u7684\u60c5\u62a5\u901a\u4fe1\u7814\u7a76\u5f00\u767a\u63a8\u8fdb\u4e8b\u4e1a","valid":true}
{"arg":"sca","icon":{"path":"translate.png"},"quicklookurl":"http:\/\/youdao.com\/w\/sca","subtitle":"SCA","text":{"copy":"\u7231\u751f\u96c5,\u5fc3\u810f\u9aa4\u505c,\u670d\u52a1\u7ec4\u4ef6\u67b6\u6784,\u6297\u4f53"},"title":"\u7231\u751f\u96c5,\u5fc3\u810f\u9aa4\u505c,\u670d\u52a1\u7ec4\u4ef6\u67b6\u6784,\u6297\u4f53","valid":true}
{"arg":"scal","icon":{"path":"translate.png"},"quicklookurl":"http:\/\/youdao.com\/w\/scal","subtitle":"SCAL","text":{"copy":"\u7279\u6b8a\u5ca9\u5fc3\u5206\u6790,\u83ab\u6c0f\u786c\u5ea6,\u65af\u5361\u5c14"},"title":"\u7279\u6b8a\u5ca9\u5fc3\u5206\u6790,\u83ab\u6c0f\u786c\u5ea6,\u65af\u5361\u5c14","valid":true}
{"arg":"scale","icon":{"path":"translate.png"},"quicklookurl":"http:\/\/youdao.com\/w\/scale","subtitle":"scale","text":{"copy":"\u97f3\u9636,\u7f29\u653e,\u89c4\u6a21,\u6bd4\u4f8b"},"title":"\u97f3\u9636,\u7f29\u653e,\u89c4\u6a21,\u6bd4\u4f8b","valid":true}
{"arg":"scal","icon":{"path":"translate.png"},"quicklookurl":"http:\/\/youdao.com\/w\/scal","subtitle":"SCAL","text":{"copy":"\u7279\u6b8a\u5ca9\u5fc3\u5206\u6790,\u83ab\u6c0f\u786c\u5ea6,\u65af\u5361\u5c14"},"title":"\u7279\u6b8a\u5ca9\u5fc3\u5206\u6790,\u83ab\u6c0f\u786c\u5ea6,\u65af\u5361\u5c14","valid":true}
{"arg":"sca","icon":{"path":"translate.png"},"quicklookurl":"http:\/\/youdao.com\/w\/sca","subtitle":"SCA","text":{"copy":"\u7231\u751f\u96c5,\u5fc3\u810f\u9aa4\u505c,\u670d\u52a1\u7ec4\u4ef6\u67b6\u6784,\u6297\u4f53"},"title":"\u7231\u751f\u96c5,\u5fc3\u810f\u9aa4\u505c,\u670d\u52a1\u7ec4\u4ef6\u67b6\u6784,\u6297\u4f53","valid":true}
{"arg":"sacl","icon":{"path":"translate.png"},"quicklookurl":"http:\/\/youdao.com\/w\/sacl","subtitle":"SACL","text":{"copy":"\u7cfb\u7edf\u8bbf\u95ee\u63a7\u5236\u5217\u8868,\u7cfb\u7edf\u8bbf\u95ee\u63a7\u5236\u5217\u8868(System Access Control List),\u7cfb\u7edf\u5b58\u53d6\u63a7\u5236\u6e05\u5355"},"title":"\u7cfb\u7edf\u8bbf\u95ee\u63a7\u5236\u5217\u8868,\u7cfb\u7edf\u8bbf\u95ee\u63a7\u5236\u5217\u8868(System Access Control List),\u7cfb\u7edf\u5b58\u53d6\u63a7\u5236\u6e05\u5355","valid":true}
{"arg":"sacle","icon":{"path":"translate.png"},"quicklookurl":"http:\/\/youdao.com\/w\/sacle","subtitle":"Sacle","text":{"copy":"\u7f29\u653e,\u9cde\u7247"},"title":"\u7f29\u653e,\u9cde\u7247","valid":true}
{"arg":"Velocity","icon":{"path":"translate.png"},"quicklookurl":"http:\/\/youdao.com\/w\/Velocity","subtitle":"Velocity","text":{"copy":"\u901f\u5ea6,\u901f\u7387,\u5468\u8f6c\u901f\u5ea6,\u8fc5\u901f"},"title":"\u901f\u5ea6,\u901f\u7387,\u5468\u8f6c\u901f\u5ea6,\u8fc5\u901f","valid":true}
{"arg":"V","icon":{"path":"translate.png"},"quicklookurl":"http:\/\/youdao.com\/w\/V","subtitle":"Henry V","text":{"copy":"\u4ea8\u5229\u4e94\u4e16,\u6218\u795e\u4ea8\u5229\u4e94\u4e16,\u4ea8\u5229\u4e94"},"title":"\u4ea8\u5229\u4e94\u4e16,\u6218\u795e\u4ea8\u5229\u4e94\u4e16,\u4ea8\u5229\u4e94","valid":true}
{"arg":"spring","icon":{"path":"translate.png"},"quicklookurl":"http:\/\/youdao.com\/w\/spring","subtitle":"spring","text":{"copy":"\u5f39\u7c27,\u6625\u5b63,\u4e1d\u67cf\u51cc,\u6625"},"title":"\u5f39\u7c27,\u6625\u5b63,\u4e1d\u67cf\u51cc,\u6625","valid":true}
{"arg":"guo","icon":{"path":"translate.png"},"quicklookurl":"http:\/\/youdao.com\/w\/guo","subtitle":"guo","text":{"copy":"\u5fc3\u96e8,\u4f8d\u523b\u4f7e,\u7403\u86cb\u767d"},"title":"\u5fc3\u96e8,\u4f8d\u523b\u4f7e,\u7403\u86cb\u767d","valid":true}
{"arg":"g","icon":{"path":"translate.png"},"quicklookurl":"http:\/\/youdao.com\/w\/g","subtitle":"G major","text":{"copy":"G\u5927\u8c03,\u594f\u9e23\u66f2,\u5927\u8c03"},"title":"G\u5927\u8c03,\u594f\u9e23\u66f2,\u5927\u8c03","valid":true}
{"arg":"The transition","icon":{"path":"translate.png"},"quicklookurl":"http:\/\/youdao.com\/w\/%E8%BF%87%E6%B8%A1","subtitle":"\u8fc7\u6e21\u91d1\u5c5e","text":{"copy":"transition metal,transition element,metals tansition"},"title":"transition metal,transition element,metals tansition","valid":true}
{"arg":"transform","icon":{"path":"translate.png"},"quicklookurl":"http:\/\/youdao.com\/w\/transform","subtitle":"Transform","text":{"copy":"\u53d8\u6362,\u8f6c\u6362,\u8f6c\u53d8,\u6539\u9020"},"title":"\u53d8\u6362,\u8f6c\u6362,\u8f6c\u53d8,\u6539\u9020","valid":true}
{"arg":"g","icon":{"path":"translate.png"},"quicklookurl":"http:\/\/youdao.com\/w\/g","subtitle":"G major","text":{"copy":"G\u5927\u8c03,\u594f\u9e23\u66f2,\u5927\u8c03"},"title":"G\u5927\u8c03,\u594f\u9e23\u66f2,\u5927\u8c03","valid":true}
{"arg":"excessive","icon":{"path":"translate.png"},"quicklookurl":"http:\/\/youdao.com\/w\/%E8%BF%87%E5%BA%A6","subtitle":"\u8fc7\u5ea6","text":{"copy":"excess,over,wanton"},"title":"excess,over,wanton","valid":true}
{"arg":"pass","icon":{"path":"translate.png"},"quicklookurl":"http:\/\/youdao.com\/w\/%E8%BF%87","subtitle":"\u8fc7\u78b3\u9178\u94a0","text":{"copy":"Sodium percarbonate,PC,percarbonate,Sodium persulfate"},"title":"Sodium percarbonate,PC,percarbonate,Sodium persulfate","valid":true}
{"arg":"The transition","icon":{"path":"translate.png"},"quicklookurl":"http:\/\/youdao.com\/w\/%E8%BF%87%E6%B8%A1","subtitle":"\u8fc7\u6e21\u91d1\u5c5e","text":{"copy":"transition metal,transition element,metals tansition"},"title":"transition metal,transition element,metals tansition","valid":true}
{"arg":"cur","icon":{"path":"translate.png"},"quicklookurl":"http:\/\/youdao.com\/w\/cur","subtitle":"Cur","text":{"copy":"\u59dc\u9ec4\u7d20,\u9759\u6001\u9f20\u6807,\u672c\u6708,\u6c14\u5e18\u6c14"},"title":"\u59dc\u9ec4\u7d20,\u9759\u6001\u9f20\u6807,\u672c\u6708,\u6c14\u5e18\u6c14","valid":true}
{"arg":"curv","icon":{"path":"translate.png"},"quicklookurl":"http:\/\/youdao.com\/w\/curv","subtitle":"CURV","text":{"copy":"\u5b9a\u4f4d\u7403\u5f27\u5ea6,\u7ebf\u63a7\u6f5c\u6c34\u7814\u7a76\u8f7d\u5177(Cablecontrolled Under Water Research Vehicles),\u6750\u8d28,\u66f2\u7ebf\u7403"},"title":"\u5b9a\u4f4d\u7403\u5f27\u5ea6,\u7ebf\u63a7\u6f5c\u6c34\u7814\u7a76\u8f7d\u5177(Cablecontrolled Under Water Research Vehicles),\u6750\u8d28,\u66f2\u7ebf\u7403","valid":true}
{"arg":"curve","icon":{"path":"translate.png"},"quicklookurl":"http:\/\/youdao.com\/w\/curve","subtitle":"Curve","text":{"copy":"\u66f2\u7ebf,\u5f2f\u9053,\u66f2\u7ebf\u677f"},"title":"\u66f2\u7ebf,\u5f2f\u9053,\u66f2\u7ebf\u677f","valid":true}
{"arg":"fo","icon":{"path":"translate.png"},"quicklookurl":"http:\/\/youdao.com\/w\/fo","subtitle":"fo","text":{"copy":"\u6cd5\u7f57\u7fa4\u5c9b,\u521d\u59cb\u8367\u5149,\u8c10\u632f\u9891\u7387,\u963f\u7518\u6b63\u4f20"},"title":"\u6cd5\u7f57\u7fa4\u5c9b,\u521d\u59cb\u8367\u5149,\u8c10\u632f\u9891\u7387,\u963f\u7518\u6b63\u4f20","valid":true}
{"arg":"for","icon":{"path":"translate.png"},"quicklookurl":"http:\/\/youdao.com\/w\/for","subtitle":"for","text":{"copy":"\u4e3a\u4e86,\u5faa\u73af,\u5faa\u73af\u8bed\u53e5,\u56e0\u4e3a"},"title":"\u4e3a\u4e86,\u5faa\u73af,\u5faa\u73af\u8bed\u53e5,\u56e0\u4e3a","valid":true}
{"arg":"form","icon":{"path":"translate.png"},"quicklookurl":"http:\/\/youdao.com\/w\/form","subtitle":"form","text":{"copy":"\u8868\u683c,\u5f62\u5f0f,\u7a97\u4f53,\u8868\u5355"},"title":"\u8868\u683c,\u5f62\u5f0f,\u7a97\u4f53,\u8868\u5355","valid":true}
{"arg":"formu","icon":{"path":"translate.png"},"quicklookurl":"http:\/\/youdao.com\/w\/formu","subtitle":"Formu","text":{"copy":"\u4e2d\u56fd\u5927\u5b66\u751f\u65b9\u7a0b\u5f0f\u6c7d\u8f66\u5927\u8d5b"},"title":"\u4e2d\u56fd\u5927\u5b66\u751f\u65b9\u7a0b\u5f0f\u6c7d\u8f66\u5927\u8d5b","valid":true}
{"arg":"formula","icon":{"path":"translate.png"},"quicklookurl":"http:\/\/youdao.com\/w\/formula","subtitle":"Formula","text":{"copy":"\u5206\u5b50\u5f0f,\u516c\u5f0f,\u914d\u65b9,\u6570\u5b66\u516c\u5f0f"},"title":"\u5206\u5b50\u5f0f,\u516c\u5f0f,\u914d\u65b9,\u6570\u5b66\u516c\u5f0f","valid":true}
{"arg":"Overlapping","icon":{"path":"translate.png"},"quicklookurl":"http:\/\/youdao.com\/w\/Overlapping","subtitle":"STITCH OVERLAPPING","text":{"copy":"\u9a73\u7ebf"},"title":"\u9a73\u7ebf","valid":true}
{"arg":"single","icon":{"path":"translate.png"},"quicklookurl":"http:\/\/youdao.com\/w\/single","subtitle":"single","text":{"copy":"\u672a\u5a5a,\u4e00\u5792\u5b89\u6253,\u5355\u66f2,\u5355\u4e00\u7684"},"title":"\u672a\u5a5a,\u4e00\u5792\u5b89\u6253,\u5355\u66f2,\u5355\u4e00\u7684","valid":true}
{"arg":"sing","icon":{"path":"translate.png"},"quicklookurl":"http:\/\/youdao.com\/w\/sing","subtitle":"sing","text":{"copy":"\u5531\u6b4c,\u5531,\u6b22\u4e50\u597d\u58f0\u97f3,\u6b22\u5531"},"title":"\u5531\u6b4c,\u5531,\u6b22\u4e50\u597d\u58f0\u97f3,\u6b22\u5531","valid":true}
{"arg":"singel","icon":{"path":"translate.png"},"quicklookurl":"http:\/\/youdao.com\/w\/singel","subtitle":"Singel","text":{"copy":"\u8fd0\u6cb3,\u8f9b\u683c,\u5355\u69fd\u4e0d\u9508\u94a2\u53a8,\u8f9b\u683c\u8fd0\u6cb3"},"title":"\u8fd0\u6cb3,\u8f9b\u683c,\u5355\u69fd\u4e0d\u9508\u94a2\u53a8,\u8f9b\u683c\u8fd0\u6cb3","valid":true}
{"arg":"sing","icon":{"path":"translate.png"},"quicklookurl":"http:\/\/youdao.com\/w\/sing","subtitle":"sing","text":{"copy":"\u5531\u6b4c,\u5531,\u6b22\u4e50\u597d\u58f0\u97f3,\u6b22\u5531"},"title":"\u5531\u6b4c,\u5531,\u6b22\u4e50\u597d\u58f0\u97f3,\u6b22\u5531","valid":true}
{"arg":"single","icon":{"path":"translate.png"},"quicklookurl":"http:\/\/youdao.com\/w\/single","subtitle":"single","text":{"copy":"\u672a\u5a5a,\u4e00\u5792\u5b89\u6253,\u5355\u66f2,\u5355\u4e00\u7684"},"title":"\u672a\u5a5a,\u4e00\u5792\u5b89\u6253,\u5355\u66f2,\u5355\u4e00\u7684","valid":true}
{"arg":"singl","icon":{"path":"translate.png"},"quicklookurl":"http:\/\/youdao.com\/w\/singl","subtitle":"SINGL","text":{"copy":"\u5355\u8109\u51b2,\u5355\u626b\u63cf\u5f00\u5173,\u5355\u5200\u7cbe\u54c1,\u5355\u5f0f\u4e07\u5411\u94f0\u94fe\u578b\u81a8\u80c0\u8282"},"title":"\u5355\u8109\u51b2,\u5355\u626b\u63cf\u5f00\u5173,\u5355\u5200\u7cbe\u54c1,\u5355\u5f0f\u4e07\u5411\u94f0\u94fe\u578b\u81a8\u80c0\u8282","valid":true}
{"arg":"sinl","icon":{"path":"translate.png"},"quicklookurl":"http:\/\/youdao.com\/w\/sinl","subtitle":"sinl","text":{"copy":"\u5b89\u66ff\u53ef\u80f6\u56ca,\u4ed9\u9e7f\u53e3\u670d\u6db2,\u8ba1\u7b97\u6b63\u5f26\u503c"},"title":"\u5b89\u66ff\u53ef\u80f6\u56ca,\u4ed9\u9e7f\u53e3\u670d\u6db2,\u8ba1\u7b97\u6b63\u5f26\u503c","valid":true}
{"arg":"sinle","icon":{"path":"translate.png"},"quicklookurl":"http:\/\/youdao.com\/w\/sinle","subtitle":"SINLE","text":{"copy":"\u65b0\u9675"},"title":"\u65b0\u9675","valid":true}
{"arg":"sinl","icon":{"path":"translate.png"},"quicklookurl":"http:\/\/youdao.com\/w\/sinl","subtitle":"sinl","text":{"copy":"\u5b89\u66ff\u53ef\u80f6\u56ca,\u4ed9\u9e7f\u53e3\u670d\u6db2,\u8ba1\u7b97\u6b63\u5f26\u503c"},"title":"\u5b89\u66ff\u53ef\u80f6\u56ca,\u4ed9\u9e7f\u53e3\u670d\u6db2,\u8ba1\u7b97\u6b63\u5f26\u503c","valid":true}
{"arg":"s","icon":{"path":"translate.png"},"quicklookurl":"http:\/\/youdao.com\/w\/s","subtitle":"S Doradus","text":{"copy":"\u5251\u9c7c\u5ea7S"},"title":"\u5251\u9c7c\u5ea7S","valid":true}
{"arg":"x","icon":{"path":"translate.png"},"quicklookurl":"http:\/\/youdao.com\/w\/x","subtitle":"X Factor","text":{"copy":"\u82f1\u56fd\u5076\u50cf,\u672a\u77e5\u56e0\u6570,X\u97f3\u7d20,\u672a\u77e5\u6570"},"title":"\u82f1\u56fd\u5076\u50cf,\u672a\u77e5\u56e0\u6570,X\u97f3\u7d20,\u672a\u77e5\u6570","valid":true}
{"arg":"signal","icon":{"path":"translate.png"},"quicklookurl":"http:\/\/youdao.com\/w\/%E4%BF%A1%E5%8F%B7","subtitle":"\u4fe1\u53f7","text":{"copy":"signal,semaphores,TTL,RTS"},"title":"signal,semaphores,TTL,RTS","valid":true}
{"arg":"The letter","icon":{"path":"translate.png"},"quicklookurl":"http:\/\/youdao.com\/w\/%E4%BF%A1","subtitle":"\u4fe1","text":{"copy":"letter,SHIN,Tegami"},"title":"letter,SHIN,Tegami","valid":true}
{"arg":"signal","icon":{"path":"translate.png"},"quicklookurl":"http:\/\/youdao.com\/w\/signal","subtitle":"signal","text":{"copy":"\u4fe1\u53f7,\u53d1\u4fe1\u53f7,\u8baf\u53f7"},"title":"\u4fe1\u53f7,\u53d1\u4fe1\u53f7,\u8baf\u53f7","valid":true}
{"arg":"sign","icon":{"path":"translate.png"},"quicklookurl":"http:\/\/youdao.com\/w\/sign","subtitle":"sign","text":{"copy":"\u8ff9\u8c61,\u7b26\u53f7"},"title":"\u8ff9\u8c61,\u7b26\u53f7","valid":true}
{"arg":"single","icon":{"path":"translate.png"},"quicklookurl":"http:\/\/youdao.com\/w\/single","subtitle":"single","text":{"copy":"\u672a\u5a5a,\u4e00\u5792\u5b89\u6253,\u5355\u66f2,\u5355\u4e00\u7684"},"title":"\u672a\u5a5a,\u4e00\u5792\u5b89\u6253,\u5355\u66f2,\u5355\u4e00\u7684","valid":true}
{"arg":"internal","icon":{"path":"translate.png"},"quicklookurl":"http:\/\/youdao.com\/w\/internal","subtitle":"Internal","text":{"copy":"\u5185\u90e8,\u5185\u7f6e,\u5185\u5728\u7684,\u5185\u540c\u6b65"},"title":"\u5185\u90e8,\u5185\u7f6e,\u5185\u5728\u7684,\u5185\u540c\u6b65","valid":true}
{"arg":"fre","icon":{"path":"translate.png"},"quicklookurl":"http:\/\/youdao.com\/w\/fre","subtitle":"FRE","text":{"copy":"\u623f\u5730\u7f8e,\u884c\u9891,\u4e2d\u9891\u9891\u7387,\u9891\u7387"},"title":"\u623f\u5730\u7f8e,\u884c\u9891,\u4e2d\u9891\u9891\u7387,\u9891\u7387","valid":true}
{"arg":"frequ","icon":{"path":"translate.png"},"quicklookurl":"http:\/\/youdao.com\/w\/frequ","subtitle":"Frequ","text":{"copy":"\u7535\u538b,\u9ed1\u6d1e\u9891\u7387,\u9891\u7387"},"title":"\u7535\u538b,\u9ed1\u6d1e\u9891\u7387,\u9891\u7387","valid":true}
{"arg":"freque","icon":{"path":"translate.png"},"quicklookurl":"http:\/\/youdao.com\/w\/freque","subtitle":"freque","text":{"copy":"\u65b9\u5411"},"title":"\u65b9\u5411","valid":true}
{"arg":"frequen","icon":{"path":"translate.png"},"quicklookurl":"http:\/\/youdao.com\/w\/frequen","subtitle":"Frequen","text":{"copy":"\u9ed1\u6d1e\u9891\u7387"},"title":"\u9ed1\u6d1e\u9891\u7387","valid":true}
{"arg":"frequency","icon":{"path":"translate.png"},"quicklookurl":"http:\/\/youdao.com\/w\/frequency","subtitle":"Frequency","text":{"copy":"\u9891\u7387,\u9ed1\u6d1e\u9891\u7387,\u9891\u6b21,\u9891\u6570"},"title":"\u9891\u7387,\u9ed1\u6d1e\u9891\u7387,\u9891\u6b21,\u9891\u6570","valid":true}
{"arg":"native","icon":{"path":"translate.png"},"quicklookurl":"http:\/\/youdao.com\/w\/native","subtitle":"Native","text":{"copy":"\u539f\u751f,\u672c\u5730\u4eba,\u672c\u5730\u7684,\u571f\u751f\u571f\u957f"},"title":"\u539f\u751f,\u672c\u5730\u4eba,\u672c\u5730\u7684,\u571f\u751f\u571f\u957f","valid":true}
{"arg":"inheritance","icon":{"path":"translate.png"},"quicklookurl":"http:\/\/youdao.com\/w\/inheritance","subtitle":"Inheritance","text":{"copy":"\u7ee7\u627f,\u4f20\u627f,\u9057\u4ea7,\u9057\u4f20"},"title":"\u7ee7\u627f,\u4f20\u627f,\u9057\u4ea7,\u9057\u4f20","valid":true}
{"arg":"inheritanc","icon":{"path":"translate.png"},"quicklookurl":"http:\/\/youdao.com\/w\/inheritanc","subtitle":"inheritanc","text":{"copy":"\u6297\u75c5\u6027\u9057\u4f20"},"title":"\u6297\u75c5\u6027\u9057\u4f20","valid":true}
{"arg":"i","icon":{"path":"translate.png"},"quicklookurl":"http:\/\/youdao.com\/w\/i","subtitle":"I SWEAR","text":{"copy":"\u6211\u5ba3\u8a93,\u6211\u53d1\u8a93,\u8a93\u8a00,\u6797\u5fc6\u83b2"},"title":"\u6211\u5ba3\u8a93,\u6211\u53d1\u8a93,\u8a93\u8a00,\u6797\u5fc6\u83b2","valid":true}
{"arg":"c","icon":{"path":"translate.png"},"quicklookurl":"http:\/\/youdao.com\/w\/c","subtitle":"C battery","text":{"copy":"\u4e19\u7535\u6c60\u7ec4,\u6805\u504f\u538b\u7535\u6c60,\u68da\u6781\u7535\u6c60\u7ec4,\u6805\u6781\u7535\u6c60\u7ec4"},"title":"\u4e19\u7535\u6c60\u7ec4,\u6805\u504f\u538b\u7535\u6c60,\u68da\u6781\u7535\u6c60\u7ec4,\u6805\u6781\u7535\u6c60\u7ec4","valid":true}
{"arg":"cla","icon":{"path":"translate.png"},"quicklookurl":"http:\/\/youdao.com\/w\/cla","subtitle":"CLA","text":{"copy":"\u5171\u8f6d\u4e9a\u6cb9\u9178,\u5171\u8f6d\u4e9a\u6cb9\u9178(Conjugated Linoleic Acid),\u5171\u8f6d\u4e9a\u9ebb\u6cb9\u9178,\u76ae\u80a4\u6dcb\u5df4\u7ec6\u80de\u76f8\u5173\u6297\u539f"},"title":"\u5171\u8f6d\u4e9a\u6cb9\u9178,\u5171\u8f6d\u4e9a\u6cb9\u9178(Conjugated Linoleic Acid),\u5171\u8f6d\u4e9a\u9ebb\u6cb9\u9178,\u76ae\u80a4\u6dcb\u5df4\u7ec6\u80de\u76f8\u5173\u6297\u539f","valid":true}
{"arg":"clau","icon":{"path":"translate.png"},"quicklookurl":"http:\/\/youdao.com\/w\/clau","subtitle":"CLAU","text":{"copy":"\u7ed3\u819c\u89d2\u819c\u7f18\u81ea\u4f53\u79fb\u690d"},"title":"\u7ed3\u819c\u89d2\u819c\u7f18\u81ea\u4f53\u79fb\u690d","valid":true}
{"arg":"claus","icon":{"path":"translate.png"},"quicklookurl":"http:\/\/youdao.com\/w\/claus","subtitle":"Claus","text":{"copy":"\u514b\u52b3\u65af,\u5723\u8bde\u8001\u4eba,\u738b\u5e73,\u65af\u7279\u68ee"},"title":"\u514b\u52b3\u65af,\u5723\u8bde\u8001\u4eba,\u738b\u5e73,\u65af\u7279\u68ee","valid":true}
{"arg":"clause","icon":{"path":"translate.png"},"quicklookurl":"http:\/\/youdao.com\/w\/clause","subtitle":"clause","text":{"copy":"\u5b50\u53e5,\u6761\u6b3e,\u4ece\u53e5,\u6cd5\u5f8b\u6761\u6b3e"},"title":"\u5b50\u53e5,\u6761\u6b3e,\u4ece\u53e5,\u6cd5\u5f8b\u6761\u6b3e","valid":true}
{"arg":"cycle","icon":{"path":"translate.png"},"quicklookurl":"http:\/\/youdao.com\/w\/%E5%BE%AA%E7%8E%AF","subtitle":"\u5faa\u73af","text":{"copy":"cycle,Loop,for loop"},"title":"cycle,Loop,for loop","valid":true}
{"arg":"basic","icon":{"path":"translate.png"},"quicklookurl":"http:\/\/youdao.com\/w\/basic","subtitle":"Basic","text":{"copy":"\u57fa\u672c,\u57fa\u7840\u7684,\u8bed\u8a00,\u672c\u624b"},"title":"\u57fa\u672c,\u57fa\u7840\u7684,\u8bed\u8a00,\u672c\u624b","valid":true}
{"arg":"ex","icon":{"path":"translate.png"},"quicklookurl":"http:\/\/youdao.com\/w\/ex","subtitle":"EX","text":{"copy":"\u5ef6\u4f38,\u5ef6\u957f,\u53ef\u71c3\u6c14\u4f53,\u53ef\u71c3\u6c14(E X)"},"title":"\u5ef6\u4f38,\u5ef6\u957f,\u53ef\u71c3\u6c14\u4f53,\u53ef\u71c3\u6c14(E X)","valid":true}
{"arg":"excl","icon":{"path":"translate.png"},"quicklookurl":"http:\/\/youdao.com\/w\/excl","subtitle":"Excl","text":{"copy":"\u9664\u5916,\u7535\u5b50\u8868\u683c,\u53e6\u5916"},"title":"\u9664\u5916,\u7535\u5b50\u8868\u683c,\u53e6\u5916","valid":true}
{"arg":"exclud","icon":{"path":"translate.png"},"quicklookurl":"http:\/\/youdao.com\/w\/exclud","subtitle":"Exclud","text":{"copy":"\u9664"},"title":"\u9664","valid":true}
{"arg":"a","icon":{"path":"translate.png"},"quicklookurl":"http:\/\/youdao.com\/w\/a","subtitle":"a cappella","text":{"copy":"\u65e0\u4f34\u594f\u5408\u5531,\u963f\u5361\u8d1d\u62c9,\u8d70\u5728\u5927\u8857\u7684\u5973\u5b50,\u65e0\u4f34\u594f"},"title":"\u65e0\u4f34\u594f\u5408\u5531,\u963f\u5361\u8d1d\u62c9,\u8d70\u5728\u5927\u8857\u7684\u5973\u5b50,\u65e0\u4f34\u594f","valid":true}
{"arg":"autho","icon":{"path":"translate.png"},"quicklookurl":"http:\/\/youdao.com\/w\/autho","subtitle":"Autho","text":{"copy":"\u4f5c\u8005\u7684\u95ee\u9898"},"title":"\u4f5c\u8005\u7684\u95ee\u9898","valid":true}
{"arg":"auth","icon":{"path":"translate.png"},"quicklookurl":"http:\/\/youdao.com\/w\/auth","subtitle":"Auth","text":{"copy":"\u8054\u76df,\u8ba4\u8bc1,\u8ba4\u8bc1\u65b9\u5f0f,\u7b80\u5355\u5bc6\u7801\u8ba4\u8bc1"},"title":"\u8054\u76df,\u8ba4\u8bc1,\u8ba4\u8bc1\u65b9\u5f0f,\u7b80\u5355\u5bc6\u7801\u8ba4\u8bc1","valid":true}
{"arg":"a","icon":{"path":"translate.png"},"quicklookurl":"http:\/\/youdao.com\/w\/a","subtitle":"a cappella","text":{"copy":"\u65e0\u4f34\u594f\u5408\u5531,\u963f\u5361\u8d1d\u62c9,\u8d70\u5728\u5927\u8857\u7684\u5973\u5b50,\u65e0\u4f34\u594f"},"title":"\u65e0\u4f34\u594f\u5408\u5531,\u963f\u5361\u8d1d\u62c9,\u8d70\u5728\u5927\u8857\u7684\u5973\u5b50,\u65e0\u4f34\u594f","valid":true}
{"arg":"zuo","icon":{"path":"translate.png"},"quicklookurl":"http:\/\/youdao.com\/w\/zuo","subtitle":"zuo","text":{"copy":"\u4f88\u523b\u4f7e,\u5de6\u4e3d\u534e"},"title":"\u4f88\u523b\u4f7e,\u5de6\u4e3d\u534e","valid":true}
{"arg":"zuozhe","icon":{"path":"translate.png"},"quicklookurl":"http:\/\/youdao.com\/w\/zuozhe","subtitle":"zuozhe","text":{"copy":"\u72c2\u6c99"},"title":"\u72c2\u6c99","valid":true}
{"arg":"z","icon":{"path":"translate.png"},"quicklookurl":"http:\/\/youdao.com\/w\/z","subtitle":"Z compress","text":{"copy":"\u7a0b\u5f0f\u538b\u7f29\u7684\u6863\u6848,\u7a0b\u5e8f\u538b\u7f29\u7684\u6863\u6848,\u7a0b\u5f0f\u7684\u6848,\u7a0b\u5f0f\ufffd\ufffd\u7684\ufffd\u6848"},"title":"\u7a0b\u5f0f\u538b\u7f29\u7684\u6863\u6848,\u7a0b\u5e8f\u538b\u7f29\u7684\u6863\u6848,\u7a0b\u5f0f\u7684\u6848,\u7a0b\u5f0f\ufffd\ufffd\u7684\ufffd\u6848","valid":true}
{"arg":"sit","icon":{"path":"translate.png"},"quicklookurl":"http:\/\/youdao.com\/w\/%E5%9D%90%E7%9D%80","subtitle":"\u5750\u7740","text":{"copy":"Sitting,sit,sid"},"title":"Sitting,sit,sid","valid":true}
{"arg":"sit","icon":{"path":"translate.png"},"quicklookurl":"http:\/\/youdao.com\/w\/%E5%9D%90","subtitle":"\u5750","text":{"copy":"Sitting,Sit,Squat,Travel By"},"title":"Sitting,Sit,Squat,Travel By","valid":true}
{"arg":"The author","icon":{"path":"translate.png"},"quicklookurl":"http:\/\/youdao.com\/w\/%E4%BD%9C%E8%80%85","subtitle":"\u4f5c\u8005","text":{"copy":"author,admin,Writer,auteur"},"title":"author,admin,Writer,auteur","valid":true}
{"arg":"As a","icon":{"path":"translate.png"},"quicklookurl":"http:\/\/youdao.com\/w\/%E4%BD%9C","subtitle":"\u4f5c","text":{"copy":"give a talk on,wage,exemplify,Perpetrate"},"title":"give a talk on,wage,exemplify,Perpetrate","valid":true}
{"arg":"author","icon":{"path":"translate.png"},"quicklookurl":"http:\/\/youdao.com\/w\/author","subtitle":"author","text":{"copy":"\u4f5c\u8005,\u4f5c\u5bb6,\u7740\u8005,\u521b\u9020\u8005"},"title":"\u4f5c\u8005,\u4f5c\u5bb6,\u7740\u8005,\u521b\u9020\u8005","valid":true}
{"arg":"s","icon":{"path":"translate.png"},"quicklookurl":"http:\/\/youdao.com\/w\/s","subtitle":"S Doradus","text":{"copy":"\u5251\u9c7c\u5ea7S"},"title":"\u5251\u9c7c\u5ea7S","valid":true}
{"arg":"algorithm","icon":{"path":"translate.png"},"quicklookurl":"http:\/\/youdao.com\/w\/%E7%AE%97%E6%B3%95","subtitle":"\u7b97\u6cd5","text":{"copy":"algorithm,RSA,Arithmetic,DES"},"title":"algorithm,RSA,Arithmetic,DES","valid":true}
{"arg":"hierarchized","icon":{"path":"translate.png"},"quicklookurl":"http:\/\/youdao.com\/w\/hierarchized","subtitle":"object-hierarchized approach","text":{"copy":"\u5bf9\u8c61\u7b49\u7ea7\u5316\u65b9\u6cd5"},"title":"\u5bf9\u8c61\u7b49\u7ea7\u5316\u65b9\u6cd5","valid":true}
{"arg":"hierarchi","icon":{"path":"translate.png"},"quicklookurl":"http:\/\/youdao.com\/w\/hierarchi","subtitle":"Hierarchi structure","text":{"copy":"\u5c42\u6b21\u5206\u89e3\u7ed3\u6784"},"title":"\u5c42\u6b21\u5206\u89e3\u7ed3\u6784","valid":true}
{"arg":"weighted","icon":{"path":"translate.png"},"quicklookurl":"http:\/\/youdao.com\/w\/weighted","subtitle":"Weighted","text":{"copy":"\u52a0\u6743,\u6743\u6cd5,\u6743\u91cd"},"title":"\u52a0\u6743,\u6743\u6cd5,\u6743\u91cd","valid":true}
{"arg":"conform","icon":{"path":"translate.png"},"quicklookurl":"http:\/\/youdao.com\/w\/conform","subtitle":"conform","text":{"copy":"\u7b26\u5408,\u7edf\u4e00\u6cd5\u5411,\u987a\u5e94,\u5305\u88f9"},"title":"\u7b26\u5408,\u7edf\u4e00\u6cd5\u5411,\u987a\u5e94,\u5305\u88f9","valid":true}
{"arg":"Pizzeria","icon":{"path":"translate.png"},"quicklookurl":"http:\/\/youdao.com\/w\/Pizzeria","subtitle":"pizzeria","text":{"copy":"\u6bd4\u8428\u997c\u5e97,\u76ae\u8428\u5e97,\u62ab\u8428\u5e97,\u6bd4\u8428\u5e97"},"title":"\u6bd4\u8428\u997c\u5e97,\u76ae\u8428\u5e97,\u62ab\u8428\u5e97,\u6bd4\u8428\u5e97","valid":true}
{"arg":"partial","icon":{"path":"translate.png"},"quicklookurl":"http:\/\/youdao.com\/w\/partial","subtitle":"partial","text":{"copy":"\u90e8\u5206\u7684,\u504f\u8892,\u4e0d\u516c\u5e73\u7684,\u5c40\u90e8"},"title":"\u90e8\u5206\u7684,\u504f\u8892,\u4e0d\u516c\u5e73\u7684,\u5c40\u90e8","valid":true}
{"arg":"wi","icon":{"path":"translate.png"},"quicklookurl":"http:\/\/youdao.com\/w\/wi","subtitle":"WI","text":{"copy":"\u4f5c\u4e1a\u6307\u5bfc\u4e66,\u5a01\u65af\u5eb7\u8f9b\u5dde,\u5a01\u65af\u5eb7\u661f\u5dde,\u6e7f\u5730\u56fd\u9645"},"title":"\u4f5c\u4e1a\u6307\u5bfc\u4e66,\u5a01\u65af\u5eb7\u8f9b\u5dde,\u5a01\u65af\u5eb7\u661f\u5dde,\u6e7f\u5730\u56fd\u9645","valid":true}
{"arg":"wid","icon":{"path":"translate.png"},"quicklookurl":"http:\/\/youdao.com\/w\/wid","subtitle":"WID","text":{"copy":"\u884c\u5e45,\u5bbd\u5ea6,\u5f00\u53d1\u5de5\u5177,\u5987\u5973\u53c2\u4e0e\u53d1\u5c55"},"title":"\u884c\u5e45,\u5bbd\u5ea6,\u5f00\u53d1\u5de5\u5177,\u5987\u5973\u53c2\u4e0e\u53d1\u5c55","valid":true}
{"arg":"widget","icon":{"path":"translate.png"},"quicklookurl":"http:\/\/youdao.com\/w\/widget","subtitle":"Widget","text":{"copy":"\u5c0f\u5de5\u5177,\u5c0f\u90e8\u4ef6,\u4e92\u8054\u7cbe\u7075"},"title":"\u5c0f\u5de5\u5177,\u5c0f\u90e8\u4ef6,\u4e92\u8054\u7cbe\u7075","valid":true}
{"arg":"w","icon":{"path":"translate.png"},"quicklookurl":"http:\/\/youdao.com\/w\/w","subtitle":"George W","text":{"copy":"\u98ce\u4e91\u4f20\u5947,\u8c6a\u65af\u7eb3,\u603b\u7edf\u5c0f\u5e03\u5e0c"},"title":"\u98ce\u4e91\u4f20\u5947,\u8c6a\u65af\u7eb3,\u603b\u7edf\u5c0f\u5e03\u5e0c","valid":true}
{"arg":"wid","icon":{"path":"translate.png"},"quicklookurl":"http:\/\/youdao.com\/w\/wid","subtitle":"WID","text":{"copy":"\u884c\u5e45,\u5bbd\u5ea6,\u5f00\u53d1\u5de5\u5177,\u5987\u5973\u53c2\u4e0e\u53d1\u5c55"},"title":"\u884c\u5e45,\u5bbd\u5ea6,\u5f00\u53d1\u5de5\u5177,\u5987\u5973\u53c2\u4e0e\u53d1\u5c55","valid":true}
{"arg":"widget","icon":{"path":"translate.png"},"quicklookurl":"http:\/\/youdao.com\/w\/widget","subtitle":"Widget","text":{"copy":"\u5c0f\u5de5\u5177,\u5c0f\u90e8\u4ef6,\u4e92\u8054\u7cbe\u7075"},"title":"\u5c0f\u5de5\u5177,\u5c0f\u90e8\u4ef6,\u4e92\u8054\u7cbe\u7075","valid":true}
{"arg":"wid","icon":{"path":"translate.png"},"quicklookurl":"http:\/\/youdao.com\/w\/wid","subtitle":"WID","text":{"copy":"\u884c\u5e45,\u5bbd\u5ea6,\u5f00\u53d1\u5de5\u5177,\u5987\u5973\u53c2\u4e0e\u53d1\u5c55"},"title":"\u884c\u5e45,\u5bbd\u5ea6,\u5f00\u53d1\u5de5\u5177,\u5987\u5973\u53c2\u4e0e\u53d1\u5c55","valid":true}
{"arg":"widget","icon":{"path":"translate.png"},"quicklookurl":"http:\/\/youdao.com\/w\/widget","subtitle":"Widget","text":{"copy":"\u5c0f\u5de5\u5177,\u5c0f\u90e8\u4ef6,\u4e92\u8054\u7cbe\u7075"},"title":"\u5c0f\u5de5\u5177,\u5c0f\u90e8\u4ef6,\u4e92\u8054\u7cbe\u7075","valid":true}
{"arg":"wid","icon":{"path":"translate.png"},"quicklookurl":"http:\/\/youdao.com\/w\/wid","subtitle":"WID","text":{"copy":"\u884c\u5e45,\u5bbd\u5ea6,\u5f00\u53d1\u5de5\u5177,\u5987\u5973\u53c2\u4e0e\u53d1\u5c55"},"title":"\u884c\u5e45,\u5bbd\u5ea6,\u5f00\u53d1\u5de5\u5177,\u5987\u5973\u53c2\u4e0e\u53d1\u5c55","valid":true}
{"arg":"widget","icon":{"path":"translate.png"},"quicklookurl":"http:\/\/youdao.com\/w\/widget","subtitle":"Widget","text":{"copy":"\u5c0f\u5de5\u5177,\u5c0f\u90e8\u4ef6,\u4e92\u8054\u7cbe\u7075"},"title":"\u5c0f\u5de5\u5177,\u5c0f\u90e8\u4ef6,\u4e92\u8054\u7cbe\u7075","valid":true}
{"arg":"run","icon":{"path":"translate.png"},"quicklookurl":"http:\/\/youdao.com\/w\/run","subtitle":"run","text":{"copy":"\u8fd0\u884c,\u8dd1,\u8dd1\u6b65,\u5f97\u5206"},"title":"\u8fd0\u884c,\u8dd1,\u8dd1\u6b65,\u5f97\u5206","valid":true}
{"arg":"schedue","icon":{"path":"translate.png"},"quicklookurl":"http:\/\/youdao.com\/w\/schedue","subtitle":"Schedue mutuay agreed upon","text":{"copy":"\u53cc\u65b9\u5546\u5b9a\u7684\u8bae\u7a0b"},"title":"\u53cc\u65b9\u5546\u5b9a\u7684\u8bae\u7a0b","valid":true}
{"arg":"schedu","icon":{"path":"translate.png"},"quicklookurl":"http:\/\/youdao.com\/w\/schedu","subtitle":"schedu ling","text":{"copy":"\u7f51\u7edc\u8ba1\u5212"},"title":"\u7f51\u7edc\u8ba1\u5212","valid":true}
{"arg":"discontinued","icon":{"path":"translate.png"},"quicklookurl":"http:\/\/youdao.com\/w\/discontinued","subtitle":"Discontinued","text":{"copy":"\u505c\u6b62\u4f7f\u7528\u7684,\u505c\u4ea7,\u4e0d\u652f\u6301"},"title":"\u505c\u6b62\u4f7f\u7528\u7684,\u505c\u4ea7,\u4e0d\u652f\u6301","valid":true}
{"arg":"stroke","icon":{"path":"translate.png"},"quicklookurl":"http:\/\/youdao.com\/w\/stroke","subtitle":"stroke","text":{"copy":"\u51b2\u7a0b,\u4e2d\u98ce,\u884c\u7a0b,\u7b14\u753b"},"title":"\u51b2\u7a0b,\u4e2d\u98ce,\u884c\u7a0b,\u7b14\u753b","valid":true}
{"arg":"pl","icon":{"path":"translate.png"},"quicklookurl":"http:\/\/youdao.com\/w\/pl","subtitle":"pl","text":{"copy":"\u6ce2\u5170,\u591a\u6bb5\u7ebf,\u97e9\u56fd\u4ee3\u8d2d"},"title":"\u6ce2\u5170,\u591a\u6bb5\u7ebf,\u97e9\u56fd\u4ee3\u8d2d","valid":true}
{"arg":"plug","icon":{"path":"translate.png"},"quicklookurl":"http:\/\/youdao.com\/w\/plug","subtitle":"plug","text":{"copy":"\u63d2\u5934,\u585e\u5b50,\u5916\u6302,\u5835\u5934"},"title":"\u63d2\u5934,\u585e\u5b50,\u5916\u6302,\u5835\u5934","valid":true}
{"arg":"p","icon":{"path":"translate.png"},"quicklookurl":"http:\/\/youdao.com\/w\/p","subtitle":"p diddy","text":{"copy":"\u5439\u725b\u8001\u7239,\u5439\u6cd5\u87ba\u8001\u7239,\u5439\u5618\u8001\u7239,\u5938\u53e3\u8001\u7239"},"title":"\u5439\u725b\u8001\u7239,\u5439\u6cd5\u87ba\u8001\u7239,\u5439\u5618\u8001\u7239,\u5938\u53e3\u8001\u7239","valid":true}
{"arg":"u","icon":{"path":"translate.png"},"quicklookurl":"http:\/\/youdao.com\/w\/u","subtitle":"U Thant","text":{"copy":"\u5434\u4e39,\u957f\u5b87\u8c2d"},"title":"\u5434\u4e39,\u957f\u5b87\u8c2d","valid":true}
{"arg":"unpl","icon":{"path":"translate.png"},"quicklookurl":"http:\/\/youdao.com\/w\/unpl","subtitle":"unpl","text":{"copy":"\u5927\u5893\u5730"},"title":"\u5927\u5893\u5730","valid":true}
{"arg":"unplug","icon":{"path":"translate.png"},"quicklookurl":"http:\/\/youdao.com\/w\/unplug","subtitle":"Unplug","text":{"copy":"\u62d4\u6389,\u4e0d\u63d2\u7535,\u62d4\u53bb,\u77ed\u6682\u4f11\u606f"},"title":"\u62d4\u6389,\u4e0d\u63d2\u7535,\u62d4\u53bb,\u77ed\u6682\u4f11\u606f","valid":true}
{"arg":"parame","icon":{"path":"translate.png"},"quicklookurl":"http:\/\/youdao.com\/w\/parame","subtitle":"parame","text":{"copy":"\u5e15\u62c9\u6885,\u5de5\u827a\u53c2\u6570"},"title":"\u5e15\u62c9\u6885,\u5de5\u827a\u53c2\u6570","valid":true}
{"arg":"paramet","icon":{"path":"translate.png"},"quicklookurl":"http:\/\/youdao.com\/w\/paramet","subtitle":"Paramet","text":{"copy":"\u6307\u6807\u53c2\u6570,\u76ee\u6807\u53c2\u6570"},"title":"\u6307\u6807\u53c2\u6570,\u76ee\u6807\u53c2\u6570","valid":true}
{"arg":"parametr","icon":{"path":"translate.png"},"quicklookurl":"http:\/\/youdao.com\/w\/parametr","subtitle":"parametr","text":{"copy":"\u53c2\u6570"},"title":"\u53c2\u6570","valid":true}
{"arg":"parametric","icon":{"path":"translate.png"},"quicklookurl":"http:\/\/youdao.com\/w\/parametric","subtitle":"Parametric","text":{"copy":"\u53c2\u6570\u5316,\u53c2\u91cf\u7684,\u53c2\u6570\u7684,\u5b50\u5bab\u65c1\u7684"},"title":"\u53c2\u6570\u5316,\u53c2\u91cf\u7684,\u53c2\u6570\u7684,\u5b50\u5bab\u65c1\u7684","valid":true}
{"arg":"parametri","icon":{"path":"translate.png"},"quicklookurl":"http:\/\/youdao.com\/w\/parametri","subtitle":"parametri","text":{"copy":"\u53c2\u6570"},"title":"\u53c2\u6570","valid":true}
{"arg":"p","icon":{"path":"translate.png"},"quicklookurl":"http:\/\/youdao.com\/w\/p","subtitle":"p diddy","text":{"copy":"\u5439\u725b\u8001\u7239,\u5439\u6cd5\u87ba\u8001\u7239,\u5439\u5618\u8001\u7239,\u5938\u53e3\u8001\u7239"},"title":"\u5439\u725b\u8001\u7239,\u5439\u6cd5\u87ba\u8001\u7239,\u5439\u5618\u8001\u7239,\u5938\u53e3\u8001\u7239","valid":true}
{"arg":"s","icon":{"path":"translate.png"},"quicklookurl":"http:\/\/youdao.com\/w\/s","subtitle":"S Doradus","text":{"copy":"\u5251\u9c7c\u5ea7S"},"title":"\u5251\u9c7c\u5ea7S","valid":true}
{"arg":"ste","icon":{"path":"translate.png"},"quicklookurl":"http:\/\/youdao.com\/w\/ste","subtitle":"STE","text":{"copy":"\u8f6f\u4ef6\u6d4b\u8bd5\u5de5\u7a0b\u5e08,\u6d4b\u8bd5\u5de5\u7a0b\u5e08,\u6b65\u8fdb"},"title":"\u8f6f\u4ef6\u6d4b\u8bd5\u5de5\u7a0b\u5e08,\u6d4b\u8bd5\u5de5\u7a0b\u5e08,\u6b65\u8fdb","valid":true}
{"arg":"stereo","icon":{"path":"translate.png"},"quicklookurl":"http:\/\/youdao.com\/w\/stereo","subtitle":"Stereo","text":{"copy":"\u7acb\u4f53\u58f0,\u65e5\u5730\u5173\u7cfb\u5929\u6587\u53f0,\u7acb\u4f53,\u7acb\u4f53\u58f0\u97f3\u54cd"},"title":"\u7acb\u4f53\u58f0,\u65e5\u5730\u5173\u7cfb\u5929\u6587\u53f0,\u7acb\u4f53,\u7acb\u4f53\u58f0\u97f3\u54cd","valid":true}
{"arg":"stere","icon":{"path":"translate.png"},"quicklookurl":"http:\/\/youdao.com\/w\/stere","subtitle":"stere","text":{"copy":"\u7acb\u65b9\u7c73,\u7acb\u65b9,\u5343\u5347"},"title":"\u7acb\u65b9\u7c73,\u7acb\u65b9,\u5343\u5347","valid":true}
{"arg":"naive","icon":{"path":"translate.png"},"quicklookurl":"http:\/\/youdao.com\/w\/naive","subtitle":"naive","text":{"copy":"\u5929\u771f\u7684,\u5e7c\u7a1a,\u5609\u5a1c\u5b9d,\u4e0d\u61c2\u4e8b"},"title":"\u5929\u771f\u7684,\u5e7c\u7a1a,\u5609\u5a1c\u5b9d,\u4e0d\u61c2\u4e8b","valid":true}
{"arg":"m","icon":{"path":"translate.png"},"quicklookurl":"http:\/\/youdao.com\/w\/m","subtitle":"Sachiko M","text":{"copy":"\u677e\u539f\u5e78\u5b50"},"title":"\u677e\u539f\u5e78\u5b50","valid":true}
{"arg":"mux","icon":{"path":"translate.png"},"quicklookurl":"http:\/\/youdao.com\/w\/mux","subtitle":"MUX","text":{"copy":"\u591a\u8def\u590d\u7528\u5668,\u591a\u8def\u590d\u7528,\u590d\u7528\u5668"},"title":"\u591a\u8def\u590d\u7528\u5668,\u591a\u8def\u590d\u7528,\u590d\u7528\u5668","valid":true}
{"arg":"muxe","icon":{"path":"translate.png"},"quicklookurl":"http:\/\/youdao.com\/w\/muxe","subtitle":"MUXE","text":{"copy":"\u8702\u871c\u6d01\u9762\u51dd\u80f6"},"title":"\u8702\u871c\u6d01\u9762\u51dd\u80f6","valid":true}
{"arg":"muxer","icon":{"path":"translate.png"},"quicklookurl":"http:\/\/youdao.com\/w\/muxer","subtitle":"ROXIO MPEG MUXER","text":{"copy":"\u6587\u4ef6\u63cf\u8ff0"},"title":"\u6587\u4ef6\u63cf\u8ff0","valid":true}
