{"arg":"paddington","icon":{"path":"translate.png"},"quicklookurl":"http:\/\/youdao.com\/w\/paddington","subtitle":"Paddington","text":{"copy":"\u5e15\u4e01\u987f,\u5e15\u4e01\u987f\u718a,\u5e15\u4e01\u987f\u533a,\u5e15\u4e01\u987f\u7ad9"},"title":"\u5e15\u4e01\u987f,\u5e15\u4e01\u987f\u718a,\u5e15\u4e01\u987f\u533a,\u5e15\u4e01\u987f\u7ad9","valid":true}
{"arg":"Assignments","icon":{"path":"translate.png"},"quicklookurl":"http:\/\/youdao.com\/w\/Assignments","subtitle":"Assignments","text":{"copy":"\u5bb6\u5ead\u4f5c\u4e1a,\u4f5c\u4e1a,\u4efb\u52a1\u6cd5"},"title":"\u5bb6\u5ead\u4f5c\u4e1a,\u4f5c\u4e1a,\u4efb\u52a1\u6cd5","valid":true}
{"arg":"Inherited","icon":{"path":"translate.png"},"quicklookurl":"http:\/\/youdao.com\/w\/Inherited","subtitle":"inherited","text":{"copy":"\u7ee7\u627f\u7684,\u662f\u5426\u7ee7\u627f,\u7ee7\u627f\u6743\u7684,\u9057\u4f20\u7684"},"title":"\u7ee7\u627f\u7684,\u662f\u5426\u7ee7\u627f,\u7ee7\u627f\u6743\u7684,\u9057\u4f20\u7684","valid":true}
{"arg":"resizable","icon":{"path":"translate.png"},"quicklookurl":"http:\/\/youdao.com\/w\/resizable","subtitle":"Resizable","text":{"copy":"\u8c03\u6574\u5927\u5c0f,\u7a97\u53e3\u5927\u5c0f\u662f\u5426\u53ef\u8c03,\u53ef\u8c03\u6574\u5927\u5c0f,\u53ef\u8c03\u6574\u5c3a\u5bf8"},"title":"\u8c03\u6574\u5927\u5c0f,\u7a97\u53e3\u5927\u5c0f\u662f\u5426\u53ef\u8c03,\u53ef\u8c03\u6574\u5927\u5c0f,\u53ef\u8c03\u6574\u5c3a\u5bf8","valid":true}
{"arg":"destination","icon":{"path":"translate.png"},"quicklookurl":"http:\/\/youdao.com\/w\/destination","subtitle":"Destination","text":{"copy":"\u76ee\u7684\u5730,\u76ee\u6807,\u7ec8\u70b9,\u76ee\u7684\u7ad9"},"title":"\u76ee\u7684\u5730,\u76ee\u6807,\u7ec8\u70b9,\u76ee\u7684\u7ad9","valid":true}
{"arg":"toggle","icon":{"path":"translate.png"},"quicklookurl":"http:\/\/youdao.com\/w\/toggle","subtitle":"toggle","text":{"copy":"\u5207\u6362,\u5f00\u5173,\u62e8\u52a8,\u89e6\u53d1\u5668"},"title":"\u5207\u6362,\u5f00\u5173,\u62e8\u52a8,\u89e6\u53d1\u5668","valid":true}
{"arg":"StartingPoint","icon":{"path":"translate.png"},"quicklookurl":"http:\/\/youdao.com\/w\/StartingPoint","subtitle":"startingpoint","text":{"copy":"\u8d77\u70b9"},"title":"\u8d77\u70b9","valid":true}
{"arg":"Geometry","icon":{"path":"translate.png"},"quicklookurl":"http:\/\/youdao.com\/w\/Geometry","subtitle":"Geometry","text":{"copy":"\u51e0\u4f55,\u51e0\u4f55\u5b66,\u51e0\u4f55\u56fe\u5f62,\u51e0\u4f55\u5f62\u72b6"},"title":"\u51e0\u4f55,\u51e0\u4f55\u5b66,\u51e0\u4f55\u56fe\u5f62,\u51e0\u4f55\u5f62\u72b6","valid":true}
{"arg":"G","icon":{"path":"translate.png"},"quicklookurl":"http:\/\/youdao.com\/w\/G","subtitle":"Orange G","text":{"copy":"\u6a59\u9ec4G\u94a0,\u6a58\u9ec4G,\u6a58\u7ea2G"},"title":"\u6a59\u9ec4G\u94a0,\u6a58\u9ec4G,\u6a58\u7ea2G","valid":true}
{"arg":"Reader","icon":{"path":"translate.png"},"quicklookurl":"http:\/\/youdao.com\/w\/Reader","subtitle":"Reader","text":{"copy":"\u9605\u8bfb\u5668,\u8bfb\u8005,\u9605\u8bfb\u7a0b\u5e8f,\u8bfb\u53d6\u5668"},"title":"\u9605\u8bfb\u5668,\u8bfb\u8005,\u9605\u8bfb\u7a0b\u5e8f,\u8bfb\u53d6\u5668","valid":true}
{"arg":"snippets","icon":{"path":"translate.png"},"quicklookurl":"http:\/\/youdao.com\/w\/snippets","subtitle":"Snippets","text":{"copy":"\u4ee3\u7801\u7247\u6bb5,\u5c0f\u7247,\u9884\u7f6e\u77ed\u4fe1,\u4ee3\u7801\u7247\u65ad"},"title":"\u4ee3\u7801\u7247\u6bb5,\u5c0f\u7247,\u9884\u7f6e\u77ed\u4fe1,\u4ee3\u7801\u7247\u65ad","valid":true}
{"arg":"snap","icon":{"path":"translate.png"},"quicklookurl":"http:\/\/youdao.com\/w\/snap","subtitle":"Snap","text":{"copy":"\u5bf9\u9f50,\u6025\u94ae,\u5feb\u7167,\u6355\u6349\u6805\u683c"},"title":"\u5bf9\u9f50,\u6025\u94ae,\u5feb\u7167,\u6355\u6349\u6805\u683c","valid":true}
{"arg":"eureka","icon":{"path":"translate.png"},"quicklookurl":"http:\/\/youdao.com\/w\/eureka","subtitle":"Eureka","text":{"copy":"\u5c24\u91cc\u5361,\u5c24\u5229\u5361,\u7075\u5f02\u4e4b\u57ce,\u5c0f\u9547\u7591\u4e91"},"title":"\u5c24\u91cc\u5361,\u5c24\u5229\u5361,\u7075\u5f02\u4e4b\u57ce,\u5c0f\u9547\u7591\u4e91","valid":true}
{"arg":"compressi","icon":{"path":"translate.png"},"quicklookurl":"http:\/\/youdao.com\/w\/compressi","subtitle":"Compressi","text":{"copy":"\u538b\u7c27"},"title":"\u538b\u7c27","valid":true}
{"arg":"compression","icon":{"path":"translate.png"},"quicklookurl":"http:\/\/youdao.com\/w\/compression","subtitle":"Compression","text":{"copy":"\u538b\u7f29,\u9ad8\u5c14\u592b\u7403\u672c\u8eab\u7684\u786c\u5ea6,\u7d27\u7f29,\u52a0\u538b"},"title":"\u538b\u7f29,\u9ad8\u5c14\u592b\u7403\u672c\u8eab\u7684\u786c\u5ea6,\u7d27\u7f29,\u52a0\u538b","valid":true}
{"arg":"c","icon":{"path":"translate.png"},"quicklookurl":"http:\/\/youdao.com\/w\/c","subtitle":"Vitamin C","text":{"copy":"\u7ef4\u751f\u7d20C,\u7ef4\u4ed6\u547dC,\u6297\u574f\u8840\u9178,\u7ef4\u751f\u7d20"},"title":"\u7ef4\u751f\u7d20C,\u7ef4\u4ed6\u547dC,\u6297\u574f\u8840\u9178,\u7ef4\u751f\u7d20","valid":true}
{"arg":"comp","icon":{"path":"translate.png"},"quicklookurl":"http:\/\/youdao.com\/w\/comp","subtitle":"COMP","text":{"copy":"\u6bd4\u8f83\u5668,\u6bd4\u8d5b\u7684\u7b80\u79f0"},"title":"\u6bd4\u8f83\u5668,\u6bd4\u8d5b\u7684\u7b80\u79f0","valid":true}
{"arg":"compress","icon":{"path":"translate.png"},"quicklookurl":"http:\/\/youdao.com\/w\/compress","subtitle":"compress","text":{"copy":"\u538b\u7f29,\u6577\u5e03,\u663e\u793a\u538b\u7f29\u72b6\u6001,\u538b\u7d27"},"title":"\u538b\u7f29,\u6577\u5e03,\u663e\u793a\u538b\u7f29\u72b6\u6001,\u538b\u7d27","valid":true}
{"arg":"compression","icon":{"path":"translate.png"},"quicklookurl":"http:\/\/youdao.com\/w\/compression","subtitle":"Compression","text":{"copy":"\u538b\u7f29,\u9ad8\u5c14\u592b\u7403\u672c\u8eab\u7684\u786c\u5ea6,\u7d27\u7f29,\u52a0\u538b"},"title":"\u538b\u7f29,\u9ad8\u5c14\u592b\u7403\u672c\u8eab\u7684\u786c\u5ea6,\u7d27\u7f29,\u52a0\u538b","valid":true}
{"arg":"hike","icon":{"path":"translate.png"},"quicklookurl":"http:\/\/youdao.com\/w\/hike","subtitle":"hike","text":{"copy":"\u8fdc\u8db3,\u4e0a\u5347,\u5f92\u6b65\u65c5\u884c,\u4f5c\u957f\u9014\u5f92\u6b65\u65c5\u884c"},"title":"\u8fdc\u8db3,\u4e0a\u5347,\u5f92\u6b65\u65c5\u884c,\u4f5c\u957f\u9014\u5f92\u6b65\u65c5\u884c","valid":true}
{"arg":"Capsule","icon":{"path":"translate.png"},"quicklookurl":"http:\/\/youdao.com\/w\/Capsule","subtitle":"capsule","text":{"copy":"\u80f6\u56ca,\u84b4\u679c,\u835a\u819c"},"title":"\u80f6\u56ca,\u84b4\u679c,\u835a\u819c","valid":true}
{"arg":"feat","icon":{"path":"translate.png"},"quicklookurl":"http:\/\/youdao.com\/w\/feat","subtitle":"feat","text":{"copy":"\u529f\u7ee9,\u58ee\u4e3e,\u6280\u827a,\u4f1f\u4e1a"},"title":"\u529f\u7ee9,\u58ee\u4e3e,\u6280\u827a,\u4f1f\u4e1a","valid":true}
{"arg":"feature","icon":{"path":"translate.png"},"quicklookurl":"http:\/\/youdao.com\/w\/feature","subtitle":"Feature","text":{"copy":"\u7279\u5f81,\u7279\u70b9,\u7279\u8272,\u7279\u5199"},"title":"\u7279\u5f81,\u7279\u70b9,\u7279\u8272,\u7279\u5199","valid":true}
{"arg":"featured","icon":{"path":"translate.png"},"quicklookurl":"http:\/\/youdao.com\/w\/featured","subtitle":"Featured","text":{"copy":"\u7cbe\u9009,\u529f\u80fd\u9f50\u5168,\u4e13\u9898,\u4e3b\u9898"},"title":"\u7cbe\u9009,\u529f\u80fd\u9f50\u5168,\u4e13\u9898,\u4e3b\u9898","valid":true}
{"arg":"tenth","icon":{"path":"translate.png"},"quicklookurl":"http:\/\/youdao.com\/w\/tenth","subtitle":"tenth","text":{"copy":"\u7b2c\u5341,\u5341\u5206\u4e4b\u4e00,\u5341\u5ea6,\u5341\u5206\u4f4d"},"title":"\u7b2c\u5341,\u5341\u5206\u4e4b\u4e00,\u5341\u5ea6,\u5341\u5206\u4f4d","valid":true}
{"arg":"big","icon":{"path":"translate.png"},"quicklookurl":"http:\/\/youdao.com\/w\/big","subtitle":"big","text":{"copy":"\u5927\u7684,\u98de\u8fdb\u672a\u6765,\u5927\u5b57\u4f53,\u5927\u6570\u636e"},"title":"\u5927\u7684,\u98de\u8fdb\u672a\u6765,\u5927\u5b57\u4f53,\u5927\u6570\u636e","valid":true}
{"arg":"zui","icon":{"path":"translate.png"},"quicklookurl":"http:\/\/youdao.com\/w\/zui","subtitle":"zui","text":{"copy":"\u626f\u6212\u6279\u6284,\u7f29\u653e\u7528\u6237\u754c\u9762(Zooming User Interface),\u4f88\u523b\u5154,\u5c55\u6709\u9650\u516c\u53f8"},"title":"\u626f\u6212\u6279\u6284,\u7f29\u653e\u7528\u6237\u754c\u9762(Zooming User Interface),\u4f88\u523b\u5154,\u5c55\u6709\u9650\u516c\u53f8","valid":true}
{"arg":"z","icon":{"path":"translate.png"},"quicklookurl":"http:\/\/youdao.com\/w\/z","subtitle":"Z compress","text":{"copy":"\u7a0b\u5f0f\u538b\u7f29\u7684\u6863\u6848,\u7a0b\u5e8f\u538b\u7f29\u7684\u6863\u6848,\u7a0b\u5f0f\u7684\u6848,\u7a0b\u5f0f\ufffd\ufffd\u7684\ufffd\u6848"},"title":"\u7a0b\u5f0f\u538b\u7f29\u7684\u6863\u6848,\u7a0b\u5e8f\u538b\u7f29\u7684\u6863\u6848,\u7a0b\u5f0f\u7684\u6848,\u7a0b\u5f0f\ufffd\ufffd\u7684\ufffd\u6848","valid":true}
{"arg":"The left","icon":{"path":"translate.png"},"quicklookurl":"http:\/\/youdao.com\/w\/%E6%9C%80%E5%B7%A6%E8%BE%B9","subtitle":"\u6700\u5de6\u8fb9","text":{"copy":"far left,The Hub -&gt"},"title":"far left,The Hub -&gt","valid":true}
{"arg":"u","icon":{"path":"translate.png"},"quicklookurl":"http:\/\/youdao.com\/w\/u","subtitle":"U Thant","text":{"copy":"\u5434\u4e39,\u957f\u5b87\u8c2d"},"title":"\u5434\u4e39,\u957f\u5b87\u8c2d","valid":true}
{"arg":"unindent","icon":{"path":"translate.png"},"quicklookurl":"http:\/\/youdao.com\/w\/unindent","subtitle":"unindent","text":{"copy":"\u53d6\u6d88\u7f29\u6392"},"title":"\u53d6\u6d88\u7f29\u6392","valid":true}
{"arg":"u","icon":{"path":"translate.png"},"quicklookurl":"http:\/\/youdao.com\/w\/u","subtitle":"U Thant","text":{"copy":"\u5434\u4e39,\u957f\u5b87\u8c2d"},"title":"\u5434\u4e39,\u957f\u5b87\u8c2d","valid":true}
{"arg":"unmetered","icon":{"path":"translate.png"},"quicklookurl":"http:\/\/youdao.com\/w\/unmetered","subtitle":"Unbilled unmetered consumption","text":{"copy":"\u672a\u8ba1\u91cf\u514d\u8d39\u4f9b\u6c34\u91cf"},"title":"\u672a\u8ba1\u91cf\u514d\u8d39\u4f9b\u6c34\u91cf","valid":true}
{"arg":"A negative number","icon":{"path":"translate.png"},"quicklookurl":"http:\/\/youdao.com\/w\/%E8%B4%9F%E6%95%B0","subtitle":"\u8d1f\u6570","text":{"copy":"negative number,negative,minus,positive number"},"title":"negative number,negative,minus,positive number","valid":true}
{"arg":"The integer","icon":{"path":"translate.png"},"quicklookurl":"http:\/\/youdao.com\/w\/%E6%95%B4%E6%95%B0","subtitle":"\u6574\u6570","text":{"copy":"integer,Whole number,integer,int"},"title":"integer,Whole number,integer,int","valid":true}
{"arg":"The whole","icon":{"path":"translate.png"},"quicklookurl":"http:\/\/youdao.com\/w\/%E6%95%B4","subtitle":"\u6574","text":{"copy":"integr,whole,all,SEIRI"},"title":"integr,whole,all,SEIRI","valid":true}
{"arg":"A positive number","icon":{"path":"translate.png"},"quicklookurl":"http:\/\/youdao.com\/w\/%E6%AD%A3%E6%95%B0","subtitle":"\u6b63\u6570","text":{"copy":"positive number,plus"},"title":"positive number,plus","valid":true}
{"arg":"post","icon":{"path":"translate.png"},"quicklookurl":"http:\/\/youdao.com\/w\/post","subtitle":"POST","text":{"copy":"\u52a0\u7535\u81ea\u68c0,\u8d34\u5b50,\u804c\u4f4d,\u53d1\u5e03\u8005"},"title":"\u52a0\u7535\u81ea\u68c0,\u8d34\u5b50,\u804c\u4f4d,\u53d1\u5e03\u8005","valid":true}
{"arg":"positive","icon":{"path":"translate.png"},"quicklookurl":"http:\/\/youdao.com\/w\/positive","subtitle":"positive","text":{"copy":"\u79ef\u6781\u7684,\u6b63\u9762,\u9633,\u6b63\u7247"},"title":"\u79ef\u6781\u7684,\u6b63\u9762,\u9633,\u6b63\u7247","valid":true}
{"arg":"error","icon":{"path":"translate.png"},"quicklookurl":"http:\/\/youdao.com\/w\/error","subtitle":"Error","text":{"copy":"\u9519\u8bef,\u8bef\u5dee,\u5dee\u9519,\u51fa\u9519"},"title":"\u9519\u8bef,\u8bef\u5dee,\u5dee\u9519,\u51fa\u9519","valid":true}
{"arg":"defi","icon":{"path":"translate.png"},"quicklookurl":"http:\/\/youdao.com\/w\/defi","subtitle":"DEFI","text":{"copy":"\u56fd\u5185\u7ecf\u6d4e\u57fa\u672c\u9762\u6307\u6570,\u8fdd\u6297,\u65e5\u672c\u7cbe\u673a,\u5fb7\u798f"},"title":"\u56fd\u5185\u7ecf\u6d4e\u57fa\u672c\u9762\u6307\u6570,\u8fdd\u6297,\u65e5\u672c\u7cbe\u673a,\u5fb7\u798f","valid":true}
{"arg":"defin","icon":{"path":"translate.png"},"quicklookurl":"http:\/\/youdao.com\/w\/defin","subtitle":"Defin","text":{"copy":"\u5fb7\u98ce"},"title":"\u5fb7\u98ce","valid":true}
{"arg":"definition","icon":{"path":"translate.png"},"quicklookurl":"http:\/\/youdao.com\/w\/definition","subtitle":"Definition","text":{"copy":"\u5b9a\u4e49,\u6e05\u6670\u5ea6,\u5b9a\u4e49"},"title":"\u5b9a\u4e49,\u6e05\u6670\u5ea6,\u5b9a\u4e49","valid":true}
{"arg":"def","icon":{"path":"translate.png"},"quicklookurl":"http:\/\/youdao.com\/w\/def","subtitle":"DEF","text":{"copy":"\u9632\u5fa1,\u9632\u5fa1\u529b,\u522b\u5403\u670b\u53cb"},"title":"\u9632\u5fa1,\u9632\u5fa1\u529b,\u522b\u5403\u670b\u53cb","valid":true}
{"arg":"g","icon":{"path":"translate.png"},"quicklookurl":"http:\/\/youdao.com\/w\/g","subtitle":"Orange G","text":{"copy":"\u6a59\u9ec4G\u94a0,\u6a58\u9ec4G,\u6a58\u7ea2G"},"title":"\u6a59\u9ec4G\u94a0,\u6a58\u9ec4G,\u6a58\u7ea2G","valid":true}
{"arg":"g","icon":{"path":"translate.png"},"quicklookurl":"http:\/\/youdao.com\/w\/g","subtitle":"Orange G","text":{"copy":"\u6a59\u9ec4G\u94a0,\u6a58\u9ec4G,\u6a58\u7ea2G"},"title":"\u6a59\u9ec4G\u94a0,\u6a58\u9ec4G,\u6a58\u7ea2G","valid":true}
{"arg":"g","icon":{"path":"translate.png"},"quicklookurl":"http:\/\/youdao.com\/w\/g","subtitle":"Orange G","text":{"copy":"\u6a59\u9ec4G\u94a0,\u6a58\u9ec4G,\u6a58\u7ea2G"},"title":"\u6a59\u9ec4G\u94a0,\u6a58\u9ec4G,\u6a58\u7ea2G","valid":true}
{"arg":"regular","icon":{"path":"translate.png"},"quicklookurl":"http:\/\/youdao.com\/w\/%E8%A7%84%E5%BE%8B","subtitle":"\u89c4\u5f8b","text":{"copy":"law,rule,pattern"},"title":"law,rule,pattern","valid":true}
{"arg":"gauge","icon":{"path":"translate.png"},"quicklookurl":"http:\/\/youdao.com\/w\/%E8%A7%84","subtitle":"\u89c4","text":{"copy":"Specification,gauge,Regulation,ml"},"title":"Specification,gauge,Regulation,ml","valid":true}
{"arg":"The laws of","icon":{"path":"translate.png"},"quicklookurl":"http:\/\/youdao.com\/w\/%E6%B3%95%E5%88%99","subtitle":"\u6cd5\u5219","text":{"copy":"law,principle,rule,setrules"},"title":"law,principle,rule,setrules","valid":true}
{"arg":"scan","icon":{"path":"translate.png"},"quicklookurl":"http:\/\/youdao.com\/w\/scan","subtitle":"Scan","text":{"copy":"\u626b\u63cf,\u7ec6\u770b,\u6d4f\u89c8,\u641c\u7d22"},"title":"\u626b\u63cf,\u7ec6\u770b,\u6d4f\u89c8,\u641c\u7d22","valid":true}
{"arg":"scanf","icon":{"path":"translate.png"},"quicklookurl":"http:\/\/youdao.com\/w\/scanf","subtitle":"scanf","text":{"copy":"\u8f93\u5165\u51fd\u6570,\u8f93\u5165,\u51fd\u6570,\u683c\u5f0f\u8f93\u5165"},"title":"\u8f93\u5165\u51fd\u6570,\u8f93\u5165,\u51fd\u6570,\u683c\u5f0f\u8f93\u5165","valid":true}
{"arg":"y","icon":{"path":"translate.png"},"quicklookurl":"http:\/\/youdao.com\/w\/y","subtitle":"Y chromosome","text":{"copy":"Y\u67d3\u8272\u4f53"},"title":"Y\u67d3\u8272\u4f53","valid":true}
{"arg":"y","icon":{"path":"translate.png"},"quicklookurl":"http:\/\/youdao.com\/w\/y","subtitle":"Y chromosome","text":{"copy":"Y\u67d3\u8272\u4f53"},"title":"Y\u67d3\u8272\u4f53","valid":true}
{"arg":"u","icon":{"path":"translate.png"},"quicklookurl":"http:\/\/youdao.com\/w\/u","subtitle":"U Thant","text":{"copy":"\u5434\u4e39,\u957f\u5b87\u8c2d"},"title":"\u5434\u4e39,\u957f\u5b87\u8c2d","valid":true}
{"arg":"entertainment","icon":{"path":"translate.png"},"quicklookurl":"http:\/\/youdao.com\/w\/%E5%A8%B1%E4%B9%90","subtitle":"\u5a31\u4e50","text":{"copy":"amusement,pastime,divertissement"},"title":"amusement,pastime,divertissement","valid":true}
{"arg":"entertainment","icon":{"path":"translate.png"},"quicklookurl":"http:\/\/youdao.com\/w\/%E5%A8%B1","subtitle":"\u5a31","text":{"copy":"entertainment,Ent"},"title":"entertainment,Ent","valid":true}
{"arg":"other","icon":{"path":"translate.png"},"quicklookurl":"http:\/\/youdao.com\/w\/other","subtitle":"Other","text":{"copy":"\u5176\u4ed6,\u5176\u5b83,\u522b\u7684,\u53e6\u5916\u7684"},"title":"\u5176\u4ed6,\u5176\u5b83,\u522b\u7684,\u53e6\u5916\u7684","valid":true}
{"arg":"o","icon":{"path":"translate.png"},"quicklookurl":"http:\/\/youdao.com\/w\/o","subtitle":"O riginalBL","text":{"copy":"\u6b63\u672c\u63d0\u5355,\u6b63\u672c"},"title":"\u6b63\u672c\u63d0\u5355,\u6b63\u672c","valid":true}
{"arg":"regular","icon":{"path":"translate.png"},"quicklookurl":"http:\/\/youdao.com\/w\/regular","subtitle":"Regular","text":{"copy":"\u5b9a\u671f,\u89c4\u5219\u7684,\u6b63\u89c4,\u7ecf\u5e38\u6027"},"title":"\u5b9a\u671f,\u89c4\u5219\u7684,\u6b63\u89c4,\u7ecf\u5e38\u6027","valid":true}
{"arg":"develop","icon":{"path":"translate.png"},"quicklookurl":"http:\/\/youdao.com\/w\/develop","subtitle":"Develop","text":{"copy":"\u53d1\u5c55,\u5f00\u53d1,\u53d1\u6325,\u517b\u6210"},"title":"\u53d1\u5c55,\u5f00\u53d1,\u53d1\u6325,\u517b\u6210","valid":true}
{"arg":"illegal","icon":{"path":"translate.png"},"quicklookurl":"http:\/\/youdao.com\/w\/illegal","subtitle":"Illegal","text":{"copy":"\u975e\u6cd5,\u8fdd\u6cd5,\u4e0d\u5408\u6cd5\u7684,\u8fdd\u4f8b"},"title":"\u975e\u6cd5,\u8fdd\u6cd5,\u4e0d\u5408\u6cd5\u7684,\u8fdd\u4f8b","valid":true}
{"arg":"pic","icon":{"path":"translate.png"},"quicklookurl":"http:\/\/youdao.com\/w\/pic","subtitle":"pic","text":{"copy":"\u7167\u7247,\u592a\u5e73\u6d0b\u5c9b\u5ea6\u5047\u6751,\u5355\u7247\u673a,\u591a\u6001\u4fe1\u606f\u542b\u91cf"},"title":"\u7167\u7247,\u592a\u5e73\u6d0b\u5c9b\u5ea6\u5047\u6751,\u5355\u7247\u673a,\u591a\u6001\u4fe1\u606f\u542b\u91cf","valid":true}
{"arg":"picture","icon":{"path":"translate.png"},"quicklookurl":"http:\/\/youdao.com\/w\/picture","subtitle":"Picture","text":{"copy":"\u56fe\u7247,\u56fe\u753b,\u516c\u53f8\u56fe\u7247,\u9600\u7247"},"title":"\u56fe\u7247,\u56fe\u753b,\u516c\u53f8\u56fe\u7247,\u9600\u7247","valid":true}
{"arg":"Declaration","icon":{"path":"translate.png"},"quicklookurl":"http:\/\/youdao.com\/w\/Declaration","subtitle":"Declaration","text":{"copy":"\u58f0\u660e,\u5ba3\u8a00,\u5ba3\u5e03,\u5ba3\u544a"},"title":"\u58f0\u660e,\u5ba3\u8a00,\u5ba3\u5e03,\u5ba3\u544a","valid":true}
{"arg":"error","icon":{"path":"translate.png"},"quicklookurl":"http:\/\/youdao.com\/w\/error","subtitle":"Error","text":{"copy":"\u9519\u8bef,\u8bef\u5dee,\u5dee\u9519,\u51fa\u9519"},"title":"\u9519\u8bef,\u8bef\u5dee,\u5dee\u9519,\u51fa\u9519","valid":true}
{"arg":"fqdn","icon":{"path":"translate.png"},"quicklookurl":"http:\/\/youdao.com\/w\/fqdn","subtitle":"FQDN","text":{"copy":"\u5b8c\u5168\u9650\u5b9a\u57df\u540d,\u5168\u79f0\u57df\u540d,\u5b8c\u5168\u57df\u540d"},"title":"\u5b8c\u5168\u9650\u5b9a\u57df\u540d,\u5168\u79f0\u57df\u540d,\u5b8c\u5168\u57df\u540d","valid":true}
{"arg":"expose","icon":{"path":"translate.png"},"quicklookurl":"http:\/\/youdao.com\/w\/expose","subtitle":"Expose","text":{"copy":"\u66b4\u9732,\u63ed\u9732,\u4f7f\u66b4\u9732,\u9732\u51fa"},"title":"\u66b4\u9732,\u63ed\u9732,\u4f7f\u66b4\u9732,\u9732\u51fa","valid":true}
{"arg":"expose","icon":{"path":"translate.png"},"quicklookurl":"http:\/\/youdao.com\/w\/expose","subtitle":"Expose","text":{"copy":"\u66b4\u9732,\u63ed\u9732,\u4f7f\u66b4\u9732,\u9732\u51fa"},"title":"\u66b4\u9732,\u63ed\u9732,\u4f7f\u66b4\u9732,\u9732\u51fa","valid":true}
{"arg":"A prime number","icon":{"path":"translate.png"},"quicklookurl":"http:\/\/youdao.com\/w\/%E7%B4%A0%E6%95%B0","subtitle":"\u7d20\u6570","text":{"copy":"prime number,prime number,prime,Primzahl"},"title":"prime number,prime number,prime,Primzahl","valid":true}
{"arg":"plain","icon":{"path":"translate.png"},"quicklookurl":"http:\/\/youdao.com\/w\/%E7%B4%A0","subtitle":"\u7d20","text":{"copy":"Element,Thromboxane,Prostaglandin,SOO"},"title":"Element,Thromboxane,Prostaglandin,SOO","valid":true}
{"arg":"Prime Numbers","icon":{"path":"translate.png"},"quicklookurl":"http:\/\/youdao.com\/w\/%E8%B4%A8%E6%95%B0","subtitle":"\u8d28\u6570","text":{"copy":"prime number,prime,Primzahlen,BODY MASS INDEX"},"title":"prime number,prime,Primzahlen,BODY MASS INDEX","valid":true}
{"arg":"t","icon":{"path":"translate.png"},"quicklookurl":"http:\/\/youdao.com\/w\/t","subtitle":"T RK","text":{"copy":"\u571f\u8033\u5176\u8bed"},"title":"\u571f\u8033\u5176\u8bed","valid":true}
{"arg":"turb","icon":{"path":"translate.png"},"quicklookurl":"http:\/\/youdao.com\/w\/turb","subtitle":"Turb","text":{"copy":"\u6d4a\u5ea6"},"title":"\u6d4a\u5ea6","valid":true}
{"arg":"turbo","icon":{"path":"translate.png"},"quicklookurl":"http:\/\/youdao.com\/w\/turbo","subtitle":"Turbo","text":{"copy":"\u6da1\u8f6e\u589e\u538b,\u6781\u901f\u8717\u725b,\u6da1\u8f6e\u589e\u538b\u5668,\u8def\u534e"},"title":"\u6da1\u8f6e\u589e\u538b,\u6781\u901f\u8717\u725b,\u6da1\u8f6e\u589e\u538b\u5668,\u8def\u534e","valid":true}
{"arg":"d","icon":{"path":"translate.png"},"quicklookurl":"http:\/\/youdao.com\/w\/d","subtitle":"vitamin D","text":{"copy":"\u7ef4\u751f\u7d20D,\u9499\u5316\u9187,\u56fd\u9645\u5355\u4f4d"},"title":"\u7ef4\u751f\u7d20D,\u9499\u5316\u9187,\u56fd\u9645\u5355\u4f4d","valid":true}
{"arg":"t","icon":{"path":"translate.png"},"quicklookurl":"http:\/\/youdao.com\/w\/t","subtitle":"T RK","text":{"copy":"\u571f\u8033\u5176\u8bed"},"title":"\u571f\u8033\u5176\u8bed","valid":true}
{"arg":"special","icon":{"path":"translate.png"},"quicklookurl":"http:\/\/youdao.com\/w\/%E7%89%B9%E6%AE%8A","subtitle":"\u7279\u6b8a","text":{"copy":"Special,exception,specialness"},"title":"Special,exception,specialness","valid":true}
{"arg":"special","icon":{"path":"translate.png"},"quicklookurl":"http:\/\/youdao.com\/w\/%E7%89%B9%E6%AE%8A%E7%9A%84","subtitle":"\u7279\u6b8a\u7684","text":{"copy":"particular,special,exceptional,specific"},"title":"particular,special,exceptional,specific","valid":true}
{"arg":"Special equipment","icon":{"path":"translate.png"},"quicklookurl":"http:\/\/youdao.com\/w\/%E7%89%B9%E6%AE%8A%E7%9A%84%E8%AE%BE%E5%A4%87","subtitle":"\u7279\u6b8a\u7684\u4e66\u6a71\u8bbe\u5907","text":{"copy":"closet facility"},"title":"closet facility","valid":true}
{"arg":"does","icon":{"path":"translate.png"},"quicklookurl":"http:\/\/youdao.com\/w\/does","subtitle":"does","text":{"copy":"\u7528\u6765\u52a0\u5f3a\u8bed\u6c14,\u4fee\u7f57,\u5927\u6613\u89c6\u89c9,\u52a9\u52a8\u8bcd"},"title":"\u7528\u6765\u52a0\u5f3a\u8bed\u6c14,\u4fee\u7f57,\u5927\u6613\u89c6\u89c9,\u52a9\u52a8\u8bcd","valid":true}
{"arg":"does this look","icon":{"path":"translate.png"},"quicklookurl":"http:\/\/youdao.com\/w\/does+this+look","subtitle":"Does this look infected","text":{"copy":"\u8fd9\u4f1a\u611f\u67d3,\u770b\u770b\u8fd9\u4e2a\u662f\u5426\u611f\u67d3,\u8fd9\u4f3c\u611f\u67d3"},"title":"\u8fd9\u4f1a\u611f\u67d3,\u770b\u770b\u8fd9\u4e2a\u662f\u5426\u611f\u67d3,\u8fd9\u4f3c\u611f\u67d3","valid":true}
{"arg":"v","icon":{"path":"translate.png"},"quicklookurl":"http:\/\/youdao.com\/w\/v","subtitle":"Henry V","text":{"copy":"\u4ea8\u5229\u4e94\u4e16,\u6218\u795e\u4ea8\u5229\u4e94\u4e16,\u4ea8\u5229\u4e94"},"title":"\u4ea8\u5229\u4e94\u4e16,\u6218\u795e\u4ea8\u5229\u4e94\u4e16,\u4ea8\u5229\u4e94","valid":true}
{"arg":"overlap","icon":{"path":"translate.png"},"quicklookurl":"http:\/\/youdao.com\/w\/overlap","subtitle":"overlap","text":{"copy":"\u91cd\u53e0,\u642d\u63a5,\u710a\u7624,\u642d\u4f4d"},"title":"\u91cd\u53e0,\u642d\u63a5,\u710a\u7624,\u642d\u4f4d","valid":true}
{"arg":"transient","icon":{"path":"translate.png"},"quicklookurl":"http:\/\/youdao.com\/w\/transient","subtitle":"transient","text":{"copy":"\u77ed\u6682\u7684,\u77ac\u6001,\u77ac\u65f6\u7684,\u77ac\u53d8"},"title":"\u77ed\u6682\u7684,\u77ac\u6001,\u77ac\u65f6\u7684,\u77ac\u53d8","valid":true}
{"arg":"immed","icon":{"path":"translate.png"},"quicklookurl":"http:\/\/youdao.com\/w\/immed","subtitle":"immed","text":{"copy":"\u7acb\u5373"},"title":"\u7acb\u5373","valid":true}
{"arg":"malloc","icon":{"path":"translate.png"},"quicklookurl":"http:\/\/youdao.com\/w\/malloc","subtitle":"malloc","text":{"copy":"\u51fd\u6570,\u5b58\u50a8\u5668\u5206\u914d,\u5185\u5b58,\u5206\u914d"},"title":"\u51fd\u6570,\u5b58\u50a8\u5668\u5206\u914d,\u5185\u5b58,\u5206\u914d","valid":true}
{"arg":"malloc","icon":{"path":"translate.png"},"quicklookurl":"http:\/\/youdao.com\/w\/malloc","subtitle":"malloc","text":{"copy":"\u51fd\u6570,\u5b58\u50a8\u5668\u5206\u914d,\u5185\u5b58,\u5206\u914d"},"title":"\u51fd\u6570,\u5b58\u50a8\u5668\u5206\u914d,\u5185\u5b58,\u5206\u914d","valid":true}
{"arg":"m","icon":{"path":"translate.png"},"quicklookurl":"http:\/\/youdao.com\/w\/m","subtitle":"Sachiko M","text":{"copy":"\u677e\u539f\u5e78\u5b50"},"title":"\u677e\u539f\u5e78\u5b50","valid":true}
{"arg":"malloc","icon":{"path":"translate.png"},"quicklookurl":"http:\/\/youdao.com\/w\/malloc","subtitle":"malloc","text":{"copy":"\u51fd\u6570,\u5b58\u50a8\u5668\u5206\u914d,\u5185\u5b58,\u5206\u914d"},"title":"\u51fd\u6570,\u5b58\u50a8\u5668\u5206\u914d,\u5185\u5b58,\u5206\u914d","valid":true}
{"arg":"recursive","icon":{"path":"translate.png"},"quicklookurl":"http:\/\/youdao.com\/w\/%E9%80%92%E5%BD%92","subtitle":"\u9012\u5f52","text":{"copy":"Recursion,recursive,Recursion"},"title":"Recursion,recursive,Recursion","valid":true}
{"arg":"The iteration","icon":{"path":"translate.png"},"quicklookurl":"http:\/\/youdao.com\/w\/%E8%BF%AD%E4%BB%A3","subtitle":"\u8fed\u4ee3","text":{"copy":"Iteration,iterate,Iterative,iterine"},"title":"Iteration,iterate,Iterative,iterine","valid":true}
{"arg":"The iteration","icon":{"path":"translate.png"},"quicklookurl":"http:\/\/youdao.com\/w\/%E8%BF%AD%E4%BB%A3","subtitle":"\u8fed\u4ee3","text":{"copy":"Iteration,iterate,Iterative,iterine"},"title":"Iteration,iterate,Iterative,iterine","valid":true}
{"arg":"o","icon":{"path":"translate.png"},"quicklookurl":"http:\/\/youdao.com\/w\/o","subtitle":"O riginalBL","text":{"copy":"\u6b63\u672c\u63d0\u5355,\u6b63\u672c"},"title":"\u6b63\u672c\u63d0\u5355,\u6b63\u672c","valid":true}
{"arg":"iterable","icon":{"path":"translate.png"},"quicklookurl":"http:\/\/youdao.com\/w\/iterable","subtitle":"iterable","text":{"copy":"\u53ef\u8fed\u4ee3\u5bf9\u8c61,\u53ef\u8fed\u4ee3\u7684"},"title":"\u53ef\u8fed\u4ee3\u5bf9\u8c61,\u53ef\u8fed\u4ee3\u7684","valid":true}
{"arg":"iters","icon":{"path":"translate.png"},"quicklookurl":"http:\/\/youdao.com\/w\/iters","subtitle":"ITERS","text":{"copy":"\u5b66\u4e60\u73af\u5883\u8bc4\u4ef7\u91cf\u8868"},"title":"\u5b66\u4e60\u73af\u5883\u8bc4\u4ef7\u91cf\u8868","valid":true}
{"arg":"itertion","icon":{"path":"translate.png"},"quicklookurl":"http:\/\/youdao.com\/w\/itertion","subtitle":"itertion method with vrible weights","text":{"copy":"\u9009\u6743\u8fed\u4ee3\u6cd5"},"title":"\u9009\u6743\u8fed\u4ee3\u6cd5","valid":true}
{"arg":"iterable","icon":{"path":"translate.png"},"quicklookurl":"http:\/\/youdao.com\/w\/iterable","subtitle":"iterable","text":{"copy":"\u53ef\u8fed\u4ee3\u5bf9\u8c61,\u53ef\u8fed\u4ee3\u7684"},"title":"\u53ef\u8fed\u4ee3\u5bf9\u8c61,\u53ef\u8fed\u4ee3\u7684","valid":true}
{"arg":"iterable ","icon":{"path":"translate.png"},"quicklookurl":"http:\/\/youdao.com\/w\/iterable+","subtitle":"iterable","text":{"copy":"\u53ef\u8fed\u4ee3\u5bf9\u8c61,\u53ef\u8fed\u4ee3\u7684"},"title":"\u53ef\u8fed\u4ee3\u5bf9\u8c61,\u53ef\u8fed\u4ee3\u7684","valid":true}
{"arg":"t","icon":{"path":"translate.png"},"quicklookurl":"http:\/\/youdao.com\/w\/t","subtitle":"T RK","text":{"copy":"\u571f\u8033\u5176\u8bed"},"title":"\u571f\u8033\u5176\u8bed","valid":true}
{"arg":"The title","icon":{"path":"translate.png"},"quicklookurl":"http:\/\/youdao.com\/w\/%E9%A2%98%E7%9B%AE","subtitle":"\u9898\u76ee","text":{"copy":"title,subject,topic,theme"},"title":"title,subject,topic,theme","valid":true}
{"arg":"error","icon":{"path":"translate.png"},"quicklookurl":"http:\/\/youdao.com\/w\/error","subtitle":"Error","text":{"copy":"\u9519\u8bef,\u8bef\u5dee,\u5dee\u9519,\u51fa\u9519"},"title":"\u9519\u8bef,\u8bef\u5dee,\u5dee\u9519,\u51fa\u9519","valid":true}
{"arg":"error ","icon":{"path":"translate.png"},"quicklookurl":"http:\/\/youdao.com\/w\/error+","subtitle":"Error","text":{"copy":"\u9519\u8bef,\u8bef\u5dee,\u5dee\u9519,\u51fa\u9519"},"title":"\u9519\u8bef,\u8bef\u5dee,\u5dee\u9519,\u51fa\u9519","valid":true}
{"arg":"error de","icon":{"path":"translate.png"},"quicklookurl":"http:\/\/youdao.com\/w\/error+de","subtitle":"conmutaci\u00f3n por error de cliente","text":{"copy":"\u7528\u6237\u7aef\u5bb9\u9519\u79fb\u8f6c"},"title":"\u7528\u6237\u7aef\u5bb9\u9519\u79fb\u8f6c","valid":true}
{"arg":"e","icon":{"path":"translate.png"},"quicklookurl":"http:\/\/youdao.com\/w\/e","subtitle":"Vitamin E","text":{"copy":"\u7ef4\u751f\u7d20E,\u7ef4\u4ed6\u547dE,\u7ef4\u751f\u7d20,\u751f\u80b2\u915a"},"title":"\u7ef4\u751f\u7d20E,\u7ef4\u4ed6\u547dE,\u7ef4\u751f\u7d20,\u751f\u80b2\u915a","valid":true}
{"arg":"enum","icon":{"path":"translate.png"},"quicklookurl":"http:\/\/youdao.com\/w\/enum","subtitle":"Enum","text":{"copy":"\u679a\u4e3e,\u679a\u4e3e\u7c7b\u578b,\u7535\u8bdd\u53f7\u7801\u6620\u5c04,\u679a\u4e3e\u7c7b"},"title":"\u679a\u4e3e,\u679a\u4e3e\u7c7b\u578b,\u7535\u8bdd\u53f7\u7801\u6620\u5c04,\u679a\u4e3e\u7c7b","valid":true}
{"arg":"enumeration","icon":{"path":"translate.png"},"quicklookurl":"http:\/\/youdao.com\/w\/enumeration","subtitle":"enumeration","text":{"copy":"\u5217\u4e3e\u6cd5,\u679a\u4e3e,\u5217\u4e3e,\u6570\u8bf4"},"title":"\u5217\u4e3e\u6cd5,\u679a\u4e3e,\u5217\u4e3e,\u6570\u8bf4","valid":true}
{"arg":"w","icon":{"path":"translate.png"},"quicklookurl":"http:\/\/youdao.com\/w\/w","subtitle":"George W","text":{"copy":"\u5c0f\u5e03\u4ec0,\u98ce\u4e91\u4f20\u5947,\u8c6a\u65af\u7eb3,\u5730\u5740"},"title":"\u5c0f\u5e03\u4ec0,\u98ce\u4e91\u4f20\u5947,\u8c6a\u65af\u7eb3,\u5730\u5740","valid":true}
{"arg":"wed","icon":{"path":"translate.png"},"quicklookurl":"http:\/\/youdao.com\/w\/wed","subtitle":"WED","text":{"copy":"\u661f\u671f\u4e09(W E Dnesday),\u5468\u4e09,\u5f00\u822a\u65e5\u671f,\u7ed3\u5a5a"},"title":"\u661f\u671f\u4e09(W E Dnesday),\u5468\u4e09,\u5f00\u822a\u65e5\u671f,\u7ed3\u5a5a","valid":true}
{"arg":"wednesday","icon":{"path":"translate.png"},"quicklookurl":"http:\/\/youdao.com\/w\/wednesday","subtitle":"Wednesday","text":{"copy":"\u661f\u671f\u4e09,\u5468\u4e09,\u793c\u62dc\u4e09,\u4eca\u5929\u662f\u661f\u671f\u4e09"},"title":"\u661f\u671f\u4e09,\u5468\u4e09,\u793c\u62dc\u4e09,\u4eca\u5929\u662f\u661f\u671f\u4e09","valid":true}
{"arg":"enum","icon":{"path":"translate.png"},"quicklookurl":"http:\/\/youdao.com\/w\/enum","subtitle":"Enum","text":{"copy":"\u679a\u4e3e,\u679a\u4e3e\u7c7b\u578b,\u7535\u8bdd\u53f7\u7801\u6620\u5c04,\u679a\u4e3e\u7c7b"},"title":"\u679a\u4e3e,\u679a\u4e3e\u7c7b\u578b,\u7535\u8bdd\u53f7\u7801\u6620\u5c04,\u679a\u4e3e\u7c7b","valid":true}
{"arg":"d","icon":{"path":"translate.png"},"quicklookurl":"http:\/\/youdao.com\/w\/d","subtitle":"vitamin D","text":{"copy":"\u7ef4\u751f\u7d20D,\u9499\u5316\u9187,\u56fd\u9645\u5355\u4f4d"},"title":"\u7ef4\u751f\u7d20D,\u9499\u5316\u9187,\u56fd\u9645\u5355\u4f4d","valid":true}
{"arg":"dr","icon":{"path":"translate.png"},"quicklookurl":"http:\/\/youdao.com\/w\/dr","subtitle":"Dr","text":{"copy":"\u535a\u58eb(Doctor R),\u707e\u96be\u6062\u590d(Disaster Recovery),\u9ed1\u6697\u6e38\u4fa0,\u533b\u751f"},"title":"\u535a\u58eb(Doctor R),\u707e\u96be\u6062\u590d(Disaster Recovery),\u9ed1\u6697\u6e38\u4fa0,\u533b\u751f","valid":true}
{"arg":"darwin","icon":{"path":"translate.png"},"quicklookurl":"http:\/\/youdao.com\/w\/darwin","subtitle":"Darwin","text":{"copy":"\u8fbe\u5c14\u6587,\u8fbe\u5c14\u6587\u5e02,\u8fbe\u5c14\u6587\u6e2f,\u6587\u5e02"},"title":"\u8fbe\u5c14\u6587,\u8fbe\u5c14\u6587\u5e02,\u8fbe\u5c14\u6587\u6e2f,\u6587\u5e02","valid":true}
{"arg":"recursive","icon":{"path":"translate.png"},"quicklookurl":"http:\/\/youdao.com\/w\/%E9%80%92%E5%BD%92","subtitle":"\u9012\u5f52","text":{"copy":"Recursion,recursive,Recursion"},"title":"Recursion,recursive,Recursion","valid":true}
{"arg":"local","icon":{"path":"translate.png"},"quicklookurl":"http:\/\/youdao.com\/w\/local","subtitle":"local","text":{"copy":"\u5f53\u5730\u7684,\u672c\u5730\u7684,\u5730\u65b9,\u5c40\u90e8\u7684"},"title":"\u5f53\u5730\u7684,\u672c\u5730\u7684,\u5730\u65b9,\u5c40\u90e8\u7684","valid":true}
{"arg":"local variable ","icon":{"path":"translate.png"},"quicklookurl":"http:\/\/youdao.com\/w\/local+variable+","subtitle":"local variable","text":{"copy":"\u5c40\u90e8\u53d8\u91cf,\u533a\u57df\u53d8\u91cf,\u533a\u57df\u53d8\u6570,\u672c\u5730\u53d8\u91cf"},"title":"\u5c40\u90e8\u53d8\u91cf,\u533a\u57df\u53d8\u91cf,\u533a\u57df\u53d8\u6570,\u672c\u5730\u53d8\u91cf","valid":true}
{"arg":"last","icon":{"path":"translate.png"},"quicklookurl":"http:\/\/youdao.com\/w\/last","subtitle":"last","text":{"copy":"\u6700\u540e\u7684,\u978b\u6966,\u6301\u7eed,\u5386\u65f6"},"title":"\u6700\u540e\u7684,\u978b\u6966,\u6301\u7eed,\u5386\u65f6","valid":true}
{"arg":"arch","icon":{"path":"translate.png"},"quicklookurl":"http:\/\/youdao.com\/w\/arch","subtitle":"arch","text":{"copy":"\u62f1,\u62f1\u95e8,\u81ea\u56de\u5f52\u6761\u4ef6\u5f02\u65b9\u5dee,\u8db3\u5f13"},"title":"\u62f1,\u62f1\u95e8,\u81ea\u56de\u5f52\u6761\u4ef6\u5f02\u65b9\u5dee,\u8db3\u5f13","valid":true}
{"arg":"architect","icon":{"path":"translate.png"},"quicklookurl":"http:\/\/youdao.com\/w\/architect","subtitle":"Architect","text":{"copy":"\u5efa\u7b51\u5e08,\u5efa\u7b51\u5e08,\u5efa\u7b51\u5de5\u7a0b\u5e08,\u67b6\u6784\u5e08"},"title":"\u5efa\u7b51\u5e08,\u5efa\u7b51\u5e08,\u5efa\u7b51\u5de5\u7a0b\u5e08,\u67b6\u6784\u5e08","valid":true}
{"arg":"architecture","icon":{"path":"translate.png"},"quicklookurl":"http:\/\/youdao.com\/w\/architecture","subtitle":"Architecture","text":{"copy":"\u5efa\u7b51,\u67b6\u6784,\u5efa\u7b51\u5b66,\u4f53\u7cfb\u7ed3\u6784"},"title":"\u5efa\u7b51,\u67b6\u6784,\u5efa\u7b51\u5b66,\u4f53\u7cfb\u7ed3\u6784","valid":true}
{"arg":"Excluded","icon":{"path":"translate.png"},"quicklookurl":"http:\/\/youdao.com\/w\/Excluded","subtitle":"excluded","text":{"copy":"\u6392\u9664\u5728\u5916,\u6392\u9664,\u6392\u9664\u5c42,\u4e0d\u5305\u62ec\u9664\u5916\u7684"},"title":"\u6392\u9664\u5728\u5916,\u6392\u9664,\u6392\u9664\u5c42,\u4e0d\u5305\u62ec\u9664\u5916\u7684","valid":true}
{"arg":"VALID","icon":{"path":"translate.png"},"quicklookurl":"http:\/\/youdao.com\/w\/VALID","subtitle":"valid","text":{"copy":"\u6709\u6548\u7684,\u6b63\u5f53\u7684,\u4f9d\u6cd5\u6709\u6548\u7684,\u6709\u6839\u636e\u7684"},"title":"\u6709\u6548\u7684,\u6b63\u5f53\u7684,\u4f9d\u6cd5\u6709\u6548\u7684,\u6709\u6839\u636e\u7684","valid":true}
{"arg":"r","icon":{"path":"translate.png"},"quicklookurl":"http:\/\/youdao.com\/w\/r","subtitle":"Exmor R","text":{"copy":"\u5f71\u50cf\u4f20\u611f\u5668,\u80cc\u7167\u5f0f,\u80cc\u7167\u5f0f\u611f\u5149\u5143\u4ef6,\u6444\u50cf\u5934"},"title":"\u5f71\u50cf\u4f20\u611f\u5668,\u80cc\u7167\u5f0f,\u80cc\u7167\u5f0f\u611f\u5149\u5143\u4ef6,\u6444\u50cf\u5934","valid":true}
{"arg":"task","icon":{"path":"translate.png"},"quicklookurl":"http:\/\/youdao.com\/w\/%E4%BB%BB%E5%8A%A1","subtitle":"\u4efb\u52a1","text":{"copy":"Task,Mission,Quest"},"title":"Task,Mission,Quest","valid":true}
{"arg":"x","icon":{"path":"translate.png"},"quicklookurl":"http:\/\/youdao.com\/w\/x","subtitle":"Project X","text":{"copy":"X\u8ba1\u5212,\u523a\u6740\u80af\u5c3c\u8fea,X\u6253\u7b97"},"title":"X\u8ba1\u5212,\u523a\u6740\u80af\u5c3c\u8fea,X\u6253\u7b97","valid":true}
{"arg":"adjacent","icon":{"path":"translate.png"},"quicklookurl":"http:\/\/youdao.com\/w\/%E7%9B%B8%E9%82%BB","subtitle":"\u76f8\u90bb","text":{"copy":"Adjacent,Adjacency,next to,adjoin"},"title":"Adjacent,Adjacency,next to,adjoin","valid":true}
{"arg":"phase","icon":{"path":"translate.png"},"quicklookurl":"http:\/\/youdao.com\/w\/%E7%9B%B8","subtitle":"\u76f8","text":{"copy":"phase,Naoko Aizawa,adjoining room,Facies"},"title":"phase,Naoko Aizawa,adjoining room,Facies","valid":true}
{"arg":"A neighbor","icon":{"path":"translate.png"},"quicklookurl":"http:\/\/youdao.com\/w\/%E9%82%BB%E5%B1%85","subtitle":"\u90bb\u5c45","text":{"copy":"Neighbor,The burbs,The Neighbors"},"title":"Neighbor,The burbs,The Neighbors","valid":true}
{"arg":"adjacent","icon":{"path":"translate.png"},"quicklookurl":"http:\/\/youdao.com\/w\/%E9%82%BB","subtitle":"\u90bb","text":{"copy":"ortho,Covert Affairs,o-Anisidine"},"title":"ortho,Covert Affairs,o-Anisidine","valid":true}
{"arg":"dispatch","icon":{"path":"translate.png"},"quicklookurl":"http:\/\/youdao.com\/w\/dispatch","subtitle":"dispatch","text":{"copy":"\u6d3e\u9063,\u53d1\u7a3f,\u8c03\u9063"},"title":"\u6d3e\u9063,\u53d1\u7a3f,\u8c03\u9063","valid":true}
