{"arg":"clai","icon":{"path":"translate.png"},"quicklookurl":"http:\/\/youdao.com\/w\/clai","subtitle":"CLAI","text":{"copy":"\u57fa\u7763\u6559\u7684\u6cd5\u5f8b\u534f\u4f1a\u7684\u5370\u5ea6,\u4e2d\u56fd\u5bff\u9669\u5e74\u91d1\u6307\u6570(China Life Annuity Index),\u514b\u83b1\u5c14"},"title":"\u57fa\u7763\u6559\u7684\u6cd5\u5f8b\u534f\u4f1a\u7684\u5370\u5ea6,\u4e2d\u56fd\u5bff\u9669\u5e74\u91d1\u6307\u6570(China Life Annuity Index),\u514b\u83b1\u5c14","valid":true}
{"arg":"claim","icon":{"path":"translate.png"},"quicklookurl":"http:\/\/youdao.com\/w\/claim","subtitle":"claim","text":{"copy":"\u7d22\u8d54,\u58f0\u79f0,\u8981\u6c42,\u6743\u5229\u8981\u6c42"},"title":"\u7d22\u8d54,\u58f0\u79f0,\u8981\u6c42,\u6743\u5229\u8981\u6c42","valid":true}
{"arg":"c","icon":{"path":"translate.png"},"quicklookurl":"http:\/\/youdao.com\/w\/c","subtitle":"Vitamin C","text":{"copy":"\u7ef4\u751f\u7d20C,\u7ef4\u4ed6\u547dC,\u6297\u574f\u8840\u9178,\u7ef4\u751f\u7d20"},"title":"\u7ef4\u751f\u7d20C,\u7ef4\u4ed6\u547dC,\u6297\u574f\u8840\u9178,\u7ef4\u751f\u7d20","valid":true}
{"arg":"claim","icon":{"path":"translate.png"},"quicklookurl":"http:\/\/youdao.com\/w\/claim","subtitle":"claim","text":{"copy":"\u7d22\u8d54,\u58f0\u79f0,\u8981\u6c42,\u6743\u5229\u8981\u6c42"},"title":"\u7d22\u8d54,\u58f0\u79f0,\u8981\u6c42,\u6743\u5229\u8981\u6c42","valid":true}
{"arg":"invalid","icon":{"path":"translate.png"},"quicklookurl":"http:\/\/youdao.com\/w\/invalid","subtitle":"Invalid","text":{"copy":"\u65e0\u6548,\u75c5\u53f7,\u5931\u6548,\u4f5c\u5e9f"},"title":"\u65e0\u6548,\u75c5\u53f7,\u5931\u6548,\u4f5c\u5e9f","valid":true}
{"arg":"m","icon":{"path":"translate.png"},"quicklookurl":"http:\/\/youdao.com\/w\/m","subtitle":"Sachiko M","text":{"copy":"\u677e\u539f\u5e78\u5b50"},"title":"\u677e\u539f\u5e78\u5b50","valid":true}
{"arg":"A","icon":{"path":"translate.png"},"quicklookurl":"http:\/\/youdao.com\/w\/A","subtitle":"a cappella","text":{"copy":"\u65e0\u4f34\u594f\u5408\u5531,\u963f\u5361\u8d1d\u62c9,\u8d70\u5728\u5927\u8857\u7684\u5973\u5b50,\u65e0\u4f34\u594f"},"title":"\u65e0\u4f34\u594f\u5408\u5531,\u963f\u5361\u8d1d\u62c9,\u8d70\u5728\u5927\u8857\u7684\u5973\u5b50,\u65e0\u4f34\u594f","valid":true}
{"arg":"raise","icon":{"path":"translate.png"},"quicklookurl":"http:\/\/youdao.com\/w\/raise","subtitle":"Raise","text":{"copy":"\u52a0\u6ce8,\u4e3e\u8d77,\u63d0\u9ad8,\u9972\u517b"},"title":"\u52a0\u6ce8,\u4e3e\u8d77,\u63d0\u9ad8,\u9972\u517b","valid":true}
{"arg":"raies","icon":{"path":"translate.png"},"quicklookurl":"http:\/\/youdao.com\/w\/raies","subtitle":"Bandar Raies","text":{"copy":"\u5f53\u6c99\u7279\u9986\u5efa\u7b51\u7ecf\u7406\u745e\u65af"},"title":"\u5f53\u6c99\u7279\u9986\u5efa\u7b51\u7ecf\u7406\u745e\u65af","valid":true}
{"arg":"ut","icon":{"path":"translate.png"},"quicklookurl":"http:\/\/youdao.com\/w\/ut","subtitle":"UT","text":{"copy":"\u4e16\u754c\u65f6,\u8d85\u58f0\u6ce2\u68c0\u6d4b,\u8d85\u58f0\u6ce2\u63a2\u4f24"},"title":"\u4e16\u754c\u65f6,\u8d85\u58f0\u6ce2\u68c0\u6d4b,\u8d85\u58f0\u6ce2\u63a2\u4f24","valid":true}
{"arg":"Intelli","icon":{"path":"translate.png"},"quicklookurl":"http:\/\/youdao.com\/w\/Intelli","subtitle":"Intelli","text":{"copy":"\u6613\u8fbe\u5229,\u667a\u80fd\u5316,\u82f1\u6587\u5173\u952e\u8bcd,\u53ef\u6301\u7eed\u53d1\u5c55"},"title":"\u6613\u8fbe\u5229,\u667a\u80fd\u5316,\u82f1\u6587\u5173\u952e\u8bcd,\u53ef\u6301\u7eed\u53d1\u5c55","valid":true}
{"arg":"in","icon":{"path":"translate.png"},"quicklookurl":"http:\/\/youdao.com\/w\/in","subtitle":"in","text":{"copy":"\u82f1\u5bf8,\u5370\u5ea6,\u8f93\u5165,\u4eba\u53e3"},"title":"\u82f1\u5bf8,\u5370\u5ea6,\u8f93\u5165,\u4eba\u53e3","valid":true}
{"arg":"inter","icon":{"path":"translate.png"},"quicklookurl":"http:\/\/youdao.com\/w\/inter","subtitle":"Inter","text":{"copy":"\u56fd\u9645\u7c73\u5170,\u95f4"},"title":"\u56fd\u9645\u7c73\u5170,\u95f4","valid":true}
{"arg":"inter ","icon":{"path":"translate.png"},"quicklookurl":"http:\/\/youdao.com\/w\/inter+","subtitle":"Inter","text":{"copy":"\u56fd\u9645\u7c73\u5170,\u95f4"},"title":"\u56fd\u9645\u7c73\u5170,\u95f4","valid":true}
{"arg":"interpr","icon":{"path":"translate.png"},"quicklookurl":"http:\/\/youdao.com\/w\/interpr","subtitle":"Scripture interpr","text":{"copy":"\u5723\u7ecf\u89e3\u91ca\u5723\u7ecf"},"title":"\u5723\u7ecf\u89e3\u91ca\u5723\u7ecf","valid":true}
{"arg":"interpreter","icon":{"path":"translate.png"},"quicklookurl":"http:\/\/youdao.com\/w\/interpreter","subtitle":"Interpreter","text":{"copy":"\u89e3\u91ca\u5668,\u89e3\u91ca\u7a0b\u5e8f,\u53e3\u8bed\u7ffb\u8bd1,\u901a\u8bd1\u8005"},"title":"\u89e3\u91ca\u5668,\u89e3\u91ca\u7a0b\u5e8f,\u53e3\u8bed\u7ffb\u8bd1,\u901a\u8bd1\u8005","valid":true}
{"arg":"d","icon":{"path":"translate.png"},"quicklookurl":"http:\/\/youdao.com\/w\/d","subtitle":"Vitamin D","text":{"copy":"\u7ef4\u751f\u7d20D,\u7ef4\u4ed6\u547dD,\u9499\u5316\u9187,\u56fd\u9645\u5355\u4f4d"},"title":"\u7ef4\u751f\u7d20D,\u7ef4\u4ed6\u547dD,\u9499\u5316\u9187,\u56fd\u9645\u5355\u4f4d","valid":true}
{"arg":"d","icon":{"path":"translate.png"},"quicklookurl":"http:\/\/youdao.com\/w\/d","subtitle":"Vitamin D","text":{"copy":"\u7ef4\u751f\u7d20D,\u7ef4\u4ed6\u547dD,\u9499\u5316\u9187,\u56fd\u9645\u5355\u4f4d"},"title":"\u7ef4\u751f\u7d20D,\u7ef4\u4ed6\u547dD,\u9499\u5316\u9187,\u56fd\u9645\u5355\u4f4d","valid":true}
{"arg":"unique","icon":{"path":"translate.png"},"quicklookurl":"http:\/\/youdao.com\/w\/%E7%8B%AC%E7%89%B9","subtitle":"\u72ec\u7279","text":{"copy":"Unique,special,out of the ordinary,singularity"},"title":"Unique,special,out of the ordinary,singularity","valid":true}
{"arg":"alone","icon":{"path":"translate.png"},"quicklookurl":"http:\/\/youdao.com\/w\/%E7%8B%AC","subtitle":"\u72ec","text":{"copy":"Monodrama,solo,Lifa,only"},"title":"Monodrama,solo,Lifa,only","valid":true}
{"arg":"martion","icon":{"path":"translate.png"},"quicklookurl":"http:\/\/youdao.com\/w\/martion","subtitle":"Aston Martion","text":{"copy":"\u963f\u65af\u987f\u00b7\u9a6c\u4e01"},"title":"\u963f\u65af\u987f\u00b7\u9a6c\u4e01","valid":true}
{"arg":"alert","icon":{"path":"translate.png"},"quicklookurl":"http:\/\/youdao.com\/w\/alert","subtitle":"Alert","text":{"copy":"\u8b66\u60d5,\u673a\u7075\u7684,\u6d88\u606f"},"title":"\u8b66\u60d5,\u673a\u7075\u7684,\u6d88\u606f","valid":true}
