{"arg":"re","icon":{"path":"translate.png"},"quicklookurl":"http:\/\/youdao.com\/w\/re","subtitle":"RE","text":{"copy":"\u6a61\u80f6\u7c98\u5408\u5242,\u7559\u5c3c\u6c6a,\u96f7\u8bfa\u6570,\u9006\u5411\u5de5\u7a0b"},"title":"\u6a61\u80f6\u7c98\u5408\u5242,\u7559\u5c3c\u6c6a,\u96f7\u8bfa\u6570,\u9006\u5411\u5de5\u7a0b","valid":true}
{"arg":"recursive","icon":{"path":"translate.png"},"quicklookurl":"http:\/\/youdao.com\/w\/recursive","subtitle":"recursive","text":{"copy":"\u9012\u5f52,\u9012\u5f52\u67e5\u8be2,\u9012\u56de,\u56de\u5f52\u7684"},"title":"\u9012\u5f52,\u9012\u5f52\u67e5\u8be2,\u9012\u56de,\u56de\u5f52\u7684","valid":true}
{"arg":"numeric","icon":{"path":"translate.png"},"quicklookurl":"http:\/\/youdao.com\/w\/numeric","subtitle":"numeric","text":{"copy":"\u6570\u503c\u578b,\u6570\u5b57\u7684,\u6570\u503c,\u6570\u5b57"},"title":"\u6570\u503c\u578b,\u6570\u5b57\u7684,\u6570\u503c,\u6570\u5b57","valid":true}
{"arg":"buff","icon":{"path":"translate.png"},"quicklookurl":"http:\/\/youdao.com\/w\/buff","subtitle":"Buff","text":{"copy":"\u6d45\u9ec4\u8272,\u6d45\u9ec4,\u589e\u76ca\u6548\u679c,\u589e\u76ca\u72b6\u6001"},"title":"\u6d45\u9ec4\u8272,\u6d45\u9ec4,\u589e\u76ca\u6548\u679c,\u589e\u76ca\u72b6\u6001","valid":true}
{"arg":"buffer","icon":{"path":"translate.png"},"quicklookurl":"http:\/\/youdao.com\/w\/buffer","subtitle":"buffer","text":{"copy":"\u7f13\u51b2\u5668,\u7f13\u51b2\u533a,\u7f13\u51b2,\u7f13\u5b58"},"title":"\u7f13\u51b2\u5668,\u7f13\u51b2\u533a,\u7f13\u51b2,\u7f13\u5b58","valid":true}
{"arg":"splice","icon":{"path":"translate.png"},"quicklookurl":"http:\/\/youdao.com\/w\/splice","subtitle":"Splice","text":{"copy":"\u4eba\u5de5\u8fdb\u5316,\u62fc\u63a5"},"title":"\u4eba\u5de5\u8fdb\u5316,\u62fc\u63a5","valid":true}
{"arg":"lambda","icon":{"path":"translate.png"},"quicklookurl":"http:\/\/youdao.com\/w\/lambda","subtitle":"lambda","text":{"copy":"\u533f\u540d\u51fd\u6570,\u7535\u76db\u5170\u8fbe,\u4f53\u79ef,\u65e5\u672c\u7535\u76db\u5170\u8fbe"},"title":"\u533f\u540d\u51fd\u6570,\u7535\u76db\u5170\u8fbe,\u4f53\u79ef,\u65e5\u672c\u7535\u76db\u5170\u8fbe","valid":true}
{"arg":"blob","icon":{"path":"translate.png"},"quicklookurl":"http:\/\/youdao.com\/w\/blob","subtitle":"BLOB","text":{"copy":"\u4e8c\u8fdb\u5236\u5927\u5bf9\u8c61,\u4e8c\u8fdb\u5236\u5927\u578b\u5bf9\u8c61,\u5927\u5bf9\u8c61,\u4e8c\u8fdb\u5236\u5bf9\u8c61"},"title":"\u4e8c\u8fdb\u5236\u5927\u5bf9\u8c61,\u4e8c\u8fdb\u5236\u5927\u578b\u5bf9\u8c61,\u5927\u5bf9\u8c61,\u4e8c\u8fdb\u5236\u5bf9\u8c61","valid":true}
{"arg":"go","icon":{"path":"translate.png"},"quicklookurl":"http:\/\/youdao.com\/w\/go","subtitle":"Go","text":{"copy":"\u56f4\u68cb,\u53bb,\u6c27\u5316\u77f3\u58a8\u70ef(Graphene Oxide),\u8d70"},"title":"\u56f4\u68cb,\u53bb,\u6c27\u5316\u77f3\u58a8\u70ef(Graphene Oxide),\u8d70","valid":true}
{"arg":"g","icon":{"path":"translate.png"},"quicklookurl":"http:\/\/youdao.com\/w\/g","subtitle":"G-Dragon","text":{"copy":"\u6743\u5fd7\u9f99,\u961f\u957f\u6743\u5fd7\u9f99,\u5fd7\u9f99,\u672c\u540d\u6743\u5fd7\u9f99"},"title":"\u6743\u5fd7\u9f99,\u961f\u957f\u6743\u5fd7\u9f99,\u5fd7\u9f99,\u672c\u540d\u6743\u5fd7\u9f99","valid":true}
{"arg":"build","icon":{"path":"translate.png"},"quicklookurl":"http:\/\/youdao.com\/w\/%E6%9E%84%E5%BB%BA","subtitle":"\u6784\u5efa","text":{"copy":"Construction,Build,structure,Establishment"},"title":"Construction,Build,structure,Establishment","valid":true}
{"arg":"build","icon":{"path":"translate.png"},"quicklookurl":"http:\/\/youdao.com\/w\/%E6%9E%84%E5%BB%BA","subtitle":"\u6784\u5efa","text":{"copy":"Construction,Build,structure,Establishment"},"title":"Construction,Build,structure,Establishment","valid":true}
{"arg":"Love to eat,","icon":{"path":"translate.png"},"quicklookurl":"http:\/\/youdao.com\/w\/%E7%88%B1%E5%90%83%C2%B7","subtitle":"\u7231\u5403\u9b3c\u5de7\u8fbe","text":{"copy":"Chowder"},"title":"Chowder","valid":true}
{"arg":"Love to eat","icon":{"path":"translate.png"},"quicklookurl":"http:\/\/youdao.com\/w\/%E7%88%B1%E5%90%83","subtitle":"\u7231\u5403","text":{"copy":"banana,don t eat,Love to eat,Eat"},"title":"banana,don t eat,Love to eat,Eat","valid":true}
{"arg":"love","icon":{"path":"translate.png"},"quicklookurl":"http:\/\/youdao.com\/w\/%E7%88%B1","subtitle":"\u7231","text":{"copy":"love,amour,affection,Crazy"},"title":"love,amour,affection,Crazy","valid":true}
{"arg":"acq","icon":{"path":"translate.png"},"quicklookurl":"http:\/\/youdao.com\/w\/acq","subtitle":"ACQ","text":{"copy":"\u54ee\u5598\u63a7\u5236\u95ee\u5377,\u5b63\u94f5\u94dc,\u5b63\u94f5\u76d0,\u70f7\u57fa\u94dc\u94f5\u5316\u5408\u7269"},"title":"\u54ee\u5598\u63a7\u5236\u95ee\u5377,\u5b63\u94f5\u94dc,\u5b63\u94f5\u76d0,\u70f7\u57fa\u94dc\u94f5\u5316\u5408\u7269","valid":true}
{"arg":"acqu","icon":{"path":"translate.png"},"quicklookurl":"http:\/\/youdao.com\/w\/acqu","subtitle":"ACQU","text":{"copy":"\u51fa\u7248\u8005"},"title":"\u51fa\u7248\u8005","valid":true}
{"arg":"acquisition","icon":{"path":"translate.png"},"quicklookurl":"http:\/\/youdao.com\/w\/acquisition","subtitle":"acquisition","text":{"copy":"\u6536\u8d2d,\u83b7\u5f97,\u4e60\u5f97,\u8d2d\u4e70"},"title":"\u6536\u8d2d,\u83b7\u5f97,\u4e60\u5f97,\u8d2d\u4e70","valid":true}
{"arg":"acquisitio","icon":{"path":"translate.png"},"quicklookurl":"http:\/\/youdao.com\/w\/acquisitio","subtitle":"acquisitio","text":{"copy":"\u53d6\u5f97,\u6280\u672f\u83b7\u5f97"},"title":"\u53d6\u5f97,\u6280\u672f\u83b7\u5f97","valid":true}
{"arg":"R","icon":{"path":"translate.png"},"quicklookurl":"http:\/\/youdao.com\/w\/R","subtitle":"PP-R","text":{"copy":"\u805a\u4e19\u70ef,\u4e09\u578b\u805a\u4e19\u70ef,\u65e0\u89c4\u5171\u805a\u805a\u4e19\u70ef,\u4e09\u578b\u805a\u4e19\u70ef\u7ba1"},"title":"\u805a\u4e19\u70ef,\u4e09\u578b\u805a\u4e19\u70ef,\u65e0\u89c4\u5171\u805a\u805a\u4e19\u70ef,\u4e09\u578b\u805a\u4e19\u70ef\u7ba1","valid":true}
{"arg":"deprecated","icon":{"path":"translate.png"},"quicklookurl":"http:\/\/youdao.com\/w\/deprecated","subtitle":"deprecated","text":{"copy":"\u5f03\u7528,\u8d2c\u4f4e"},"title":"\u5f03\u7528,\u8d2c\u4f4e","valid":true}
{"arg":"m","icon":{"path":"translate.png"},"quicklookurl":"http:\/\/youdao.com\/w\/m","subtitle":"m-learning","text":{"copy":"\u79fb\u52a8\u5b66\u4e60,\u884c\u52a8\u5b66\u4e60,\u79fb\u52a8\u8fdb\u4fee,\u79fb\u52a8\u6559\u80b2"},"title":"\u79fb\u52a8\u5b66\u4e60,\u884c\u52a8\u5b66\u4e60,\u79fb\u52a8\u8fdb\u4fee,\u79fb\u52a8\u6559\u80b2","valid":true}
{"arg":"man","icon":{"path":"translate.png"},"quicklookurl":"http:\/\/youdao.com\/w\/man","subtitle":"MAN","text":{"copy":"\u7537\u4eba,\u4eba"},"title":"\u7537\u4eba,\u4eba","valid":true}
{"arg":"mangling","icon":{"path":"translate.png"},"quicklookurl":"http:\/\/youdao.com\/w\/mangling","subtitle":"mangling","text":{"copy":"\u8bc6\u522b\u7f16\u7801,\u77eb\u76f4,\u94a2\u677f\u77eb\u5e73,\u5706\u538b\u7eb8\u578b\u6cd5"},"title":"\u8bc6\u522b\u7f16\u7801,\u77eb\u76f4,\u94a2\u677f\u77eb\u5e73,\u5706\u538b\u7eb8\u578b\u6cd5","valid":true}
{"arg":"virtual","icon":{"path":"translate.png"},"quicklookurl":"http:\/\/youdao.com\/w\/virtual","subtitle":"Virtual","text":{"copy":"\u865a\u62df,\u865a\u62df\u73b0\u5b9e,\u865a\u7684,\u5b9e\u9645\u4e0a\u7684"},"title":"\u865a\u62df,\u865a\u62df\u73b0\u5b9e,\u865a\u7684,\u5b9e\u9645\u4e0a\u7684","valid":true}
{"arg":"multi","icon":{"path":"translate.png"},"quicklookurl":"http:\/\/youdao.com\/w\/multi","subtitle":"Multi","text":{"copy":"\u591a\u7528,\u591a,\u65e5\u672c\u4e07\u7528,\u591a\u5411"},"title":"\u591a\u7528,\u591a,\u65e5\u672c\u4e07\u7528,\u591a\u5411","valid":true}
{"arg":" m","icon":{"path":"translate.png"},"quicklookurl":"http:\/\/youdao.com\/w\/+m","subtitle":"m-learning","text":{"copy":"\u79fb\u52a8\u5b66\u4e60,\u884c\u52a8\u5b66\u4e60,\u79fb\u52a8\u8fdb\u4fee,\u79fb\u52a8\u6559\u80b2"},"title":"\u79fb\u52a8\u5b66\u4e60,\u884c\u52a8\u5b66\u4e60,\u79fb\u52a8\u8fdb\u4fee,\u79fb\u52a8\u6559\u80b2","valid":true}
{"arg":" multi","icon":{"path":"translate.png"},"quicklookurl":"http:\/\/youdao.com\/w\/+multi","subtitle":"Multi","text":{"copy":"\u591a\u7528,\u591a,\u65e5\u672c\u4e07\u7528,\u591a\u5411"},"title":"\u591a\u7528,\u591a,\u65e5\u672c\u4e07\u7528,\u591a\u5411","valid":true}
{"arg":"it","icon":{"path":"translate.png"},"quicklookurl":"http:\/\/youdao.com\/w\/it","subtitle":"IT","text":{"copy":"\u4fe1\u606f\u6280\u672f(Information Technology),\u610f\u5927\u5229,\u8ba1\u7b97\u673a,\u4fe1\u606f\u79d1\u6280"},"title":"\u4fe1\u606f\u6280\u672f(Information Technology),\u610f\u5927\u5229,\u8ba1\u7b97\u673a,\u4fe1\u606f\u79d1\u6280","valid":true}
{"arg":"iterator","icon":{"path":"translate.png"},"quicklookurl":"http:\/\/youdao.com\/w\/iterator","subtitle":"Iterator","text":{"copy":"\u8fed\u4ee3\u5668,\u8fed\u4ee3\u5668\u6a21\u5f0f,\u8fed\u4ee3\u5b50,\u8fed\u4ee3\u5b50\u6a21\u5f0f"},"title":"\u8fed\u4ee3\u5668,\u8fed\u4ee3\u5668\u6a21\u5f0f,\u8fed\u4ee3\u5b50,\u8fed\u4ee3\u5b50\u6a21\u5f0f","valid":true}
{"arg":"algori","icon":{"path":"translate.png"},"quicklookurl":"http:\/\/youdao.com\/w\/algori","subtitle":"algori","text":{"copy":"\u53cd\u5c04"},"title":"\u53cd\u5c04","valid":true}
{"arg":"algorith","icon":{"path":"translate.png"},"quicklookurl":"http:\/\/youdao.com\/w\/algorith","subtitle":"algorith","text":{"copy":"\u7b97\u6cd5"},"title":"\u7b97\u6cd5","valid":true}
{"arg":"algorithm","icon":{"path":"translate.png"},"quicklookurl":"http:\/\/youdao.com\/w\/algorithm","subtitle":"algorithm","text":{"copy":"\u7b97\u6cd5,\u6f14\u793a,\u8fd0\u7b97\u6cd5\u5219"},"title":"\u7b97\u6cd5,\u6f14\u793a,\u8fd0\u7b97\u6cd5\u5219","valid":true}
{"arg":"algorit","icon":{"path":"translate.png"},"quicklookurl":"http:\/\/youdao.com\/w\/algorit","subtitle":"algorit","text":{"copy":"\u53cd\u5411"},"title":"\u53cd\u5411","valid":true}
{"arg":"a","icon":{"path":"translate.png"},"quicklookurl":"http:\/\/youdao.com\/w\/a","subtitle":"a cappella","text":{"copy":"\u65e0\u4f34\u594f\u5408\u5531,\u963f\u5361\u8d1d\u62c9,\u8d70\u5728\u5927\u8857\u7684\u5973\u5b50,\u65e0\u4f34\u594f"},"title":"\u65e0\u4f34\u594f\u5408\u5531,\u963f\u5361\u8d1d\u62c9,\u8d70\u5728\u5927\u8857\u7684\u5973\u5b50,\u65e0\u4f34\u594f","valid":true}
{"arg":"numeric","icon":{"path":"translate.png"},"quicklookurl":"http:\/\/youdao.com\/w\/numeric","subtitle":"numeric","text":{"copy":"\u6570\u503c\u578b,\u6570\u5b57\u7684,\u6570\u503c,\u6570\u5b57"},"title":"\u6570\u503c\u578b,\u6570\u5b57\u7684,\u6570\u503c,\u6570\u5b57","valid":true}
{"arg":"n","icon":{"path":"translate.png"},"quicklookurl":"http:\/\/youdao.com\/w\/n","subtitle":"n-hexane","text":{"copy":"\u6b63\u5df1\u70f7,\u5df1\u70f7,\u6b63\u4e59\u70f7,\u5df1\u70f7\u5316\u5b66\u54c1"},"title":"\u6b63\u5df1\u70f7,\u5df1\u70f7,\u6b63\u4e59\u70f7,\u5df1\u70f7\u5316\u5b66\u54c1","valid":true}
{"arg":"fun","icon":{"path":"translate.png"},"quicklookurl":"http:\/\/youdao.com\/w\/fun","subtitle":"Fun","text":{"copy":"\u4e50\u8da3,\u6709\u8da3\u7684,\u594b\u53d1,\u5a31\u4e50"},"title":"\u4e50\u8da3,\u6709\u8da3\u7684,\u594b\u53d1,\u5a31\u4e50","valid":true}
{"arg":"func","icon":{"path":"translate.png"},"quicklookurl":"http:\/\/youdao.com\/w\/func","subtitle":"Func","text":{"copy":"\u529f\u80fd,\u529f\u80fd\u952e,\u51fd\u6570,\u51fd\u6570\u540d"},"title":"\u529f\u80fd,\u529f\u80fd\u952e,\u51fd\u6570,\u51fd\u6570\u540d","valid":true}
{"arg":"functio","icon":{"path":"translate.png"},"quicklookurl":"http:\/\/youdao.com\/w\/functio","subtitle":"Functio","text":{"copy":"\u51fd\u6570,\u529f\u80fd,\u529f\u80fd\u7684\u5f71\u54cd,\u51fd\u6570\u7684\u52a0"},"title":"\u51fd\u6570,\u529f\u80fd,\u529f\u80fd\u7684\u5f71\u54cd,\u51fd\u6570\u7684\u52a0","valid":true}
{"arg":"functional","icon":{"path":"translate.png"},"quicklookurl":"http:\/\/youdao.com\/w\/functional","subtitle":"functional","text":{"copy":"\u6cdb\u51fd,\u529f\u80fd\u8bf4\u660e,\u529f\u80fd,\u529f\u80fd\u6027"},"title":"\u6cdb\u51fd,\u529f\u80fd\u8bf4\u660e,\u529f\u80fd,\u529f\u80fd\u6027","valid":true}
{"arg":"result","icon":{"path":"translate.png"},"quicklookurl":"http:\/\/youdao.com\/w\/result","subtitle":"Result","text":{"copy":"\u7ed3\u679c,\u6bd4\u8d5b\u7ed3\u679c,\u6210\u679c,\u6210\u7ee9"},"title":"\u7ed3\u679c,\u6bd4\u8d5b\u7ed3\u679c,\u6210\u679c,\u6210\u7ee9","valid":true}
{"arg":"mov","icon":{"path":"translate.png"},"quicklookurl":"http:\/\/youdao.com\/w\/mov","subtitle":"MOV","text":{"copy":"\u538b\u654f\u7535\u963b(Metal Oxide Varistors),\u6c27\u5316\u950c\u538b\u654f\u7535\u963b,\u91d1\u5c5e\u6c27\u5316\u7269\u53d8\u963b\u5668"},"title":"\u538b\u654f\u7535\u963b(Metal Oxide Varistors),\u6c27\u5316\u950c\u538b\u654f\u7535\u963b,\u91d1\u5c5e\u6c27\u5316\u7269\u53d8\u963b\u5668","valid":true}
{"arg":"move","icon":{"path":"translate.png"},"quicklookurl":"http:\/\/youdao.com\/w\/move","subtitle":"Move","text":{"copy":"\u79fb\u52a8,\u642c\u5bb6,\u8fd0\u8f93"},"title":"\u79fb\u52a8,\u642c\u5bb6,\u8fd0\u8f93","valid":true}
{"arg":"move ","icon":{"path":"translate.png"},"quicklookurl":"http:\/\/youdao.com\/w\/move+","subtitle":"Move","text":{"copy":"\u79fb\u52a8,\u642c\u5bb6,\u8fd0\u8f93"},"title":"\u79fb\u52a8,\u642c\u5bb6,\u8fd0\u8f93","valid":true}
{"arg":"move c","icon":{"path":"translate.png"},"quicklookurl":"http:\/\/youdao.com\/w\/move+c","subtitle":"C Move Center Point","text":{"copy":"\u79fb\u52a8\u89c6\u91ce\u4f4d\u7f6e"},"title":"\u79fb\u52a8\u89c6\u91ce\u4f4d\u7f6e","valid":true}
{"arg":"z","icon":{"path":"translate.png"},"quicklookurl":"http:\/\/youdao.com\/w\/z","subtitle":"\u65e0\u53cc\u5927\u86c7Z","text":{"copy":"Musou Orochi,OROCHI,Warriors Orochi,Musou Orochello"},"title":"Musou Orochi,OROCHI,Warriors Orochi,Musou Orochello","valid":true}
{"arg":"assistant","icon":{"path":"translate.png"},"quicklookurl":"http:\/\/youdao.com\/w\/%E5%8A%A9%E6%89%8B","subtitle":"\u52a9\u624b","text":{"copy":"assistant,helper,Win,aid"},"title":"assistant,helper,Win,aid","valid":true}
{"arg":"war","icon":{"path":"translate.png"},"quicklookurl":"http:\/\/youdao.com\/w\/war","subtitle":"War","text":{"copy":"\u6218\u4e89,\u6e38\u4fa0,\u5927\u6218"},"title":"\u6218\u4e89,\u6e38\u4fa0,\u5927\u6218","valid":true}
{"arg":"warr","icon":{"path":"translate.png"},"quicklookurl":"http:\/\/youdao.com\/w\/warr","subtitle":"Warr","text":{"copy":"\u5df4\u83f2\u7279,\u5bbd\u89d2\u6cd5,\u6216\u5bbd\u89d2"},"title":"\u5df4\u83f2\u7279,\u5bbd\u89d2\u6cd5,\u6216\u5bbd\u89d2","valid":true}
{"arg":"war","icon":{"path":"translate.png"},"quicklookurl":"http:\/\/youdao.com\/w\/war","subtitle":"War","text":{"copy":"\u6218\u4e89,\u6e38\u4fa0,\u5927\u6218"},"title":"\u6218\u4e89,\u6e38\u4fa0,\u5927\u6218","valid":true}
{"arg":"w","icon":{"path":"translate.png"},"quicklookurl":"http:\/\/youdao.com\/w\/w","subtitle":"B&W","text":{"copy":"\u9ed1\u4e0e\u767d,\u5b9d\u534e,\u9ed1\u767d(Black & White)"},"title":"\u9ed1\u4e0e\u767d,\u5b9d\u534e,\u9ed1\u767d(Black & White)","valid":true}
{"arg":"wrapp","icon":{"path":"translate.png"},"quicklookurl":"http:\/\/youdao.com\/w\/wrapp","subtitle":"Mike Wrapp","text":{"copy":"\u6807\u7b7e"},"title":"\u6807\u7b7e","valid":true}
{"arg":"wrapper","icon":{"path":"translate.png"},"quicklookurl":"http:\/\/youdao.com\/w\/wrapper","subtitle":"Wrapper","text":{"copy":"\u5305\u88c5\u5668,\u5305\u88c5,\u5c01\u88c5\u5668"},"title":"\u5305\u88c5\u5668,\u5305\u88c5,\u5c01\u88c5\u5668","valid":true}
{"arg":"w","icon":{"path":"translate.png"},"quicklookurl":"http:\/\/youdao.com\/w\/w","subtitle":"B&W","text":{"copy":"\u9ed1\u4e0e\u767d,\u5b9d\u534e,\u9ed1\u767d(Black & White)"},"title":"\u9ed1\u4e0e\u767d,\u5b9d\u534e,\u9ed1\u767d(Black & White)","valid":true}
{"arg":"f","icon":{"path":"translate.png"},"quicklookurl":"http:\/\/youdao.com\/w\/f","subtitle":"F-number","text":{"copy":"\u7126\u6bd4,\u5149\u5708\u503c,\u7126\u8ddd\u6bd4\u6570"},"title":"\u7126\u6bd4,\u5149\u5708\u503c,\u7126\u8ddd\u6bd4\u6570","valid":true}
{"arg":"encapsulation","icon":{"path":"translate.png"},"quicklookurl":"http:\/\/youdao.com\/w\/%E5%B0%81%E8%A3%85","subtitle":"\u5c01\u88c5","text":{"copy":"Encapsulation,Package,Sealing,Packaging"},"title":"Encapsulation,Package,Sealing,Packaging","valid":true}
{"arg":"To deal with","icon":{"path":"translate.png"},"quicklookurl":"http:\/\/youdao.com\/w\/%E5%A4%84%E7%90%86","subtitle":"\u5904\u7406","text":{"copy":"to process,Deal with,treatment,dispose"},"title":"to process,Deal with,treatment,dispose","valid":true}
{"arg":"index","icon":{"path":"translate.png"},"quicklookurl":"http:\/\/youdao.com\/w\/index","subtitle":"Index","text":{"copy":"\u6307\u6570,\u7d22\u5f15,\u6307\u6807,\u6570\u636e\u5e93\u7d22\u5f15"},"title":"\u6307\u6570,\u7d22\u5f15,\u6307\u6807,\u6570\u636e\u5e93\u7d22\u5f15","valid":true}
{"arg":"unit","icon":{"path":"translate.png"},"quicklookurl":"http:\/\/youdao.com\/w\/unit","subtitle":"unit","text":{"copy":"\u5355\u4f4d,\u5355\u5143,\u5c24\u5229\u7279,\u5355\u4f4d\u5207\u6362"},"title":"\u5355\u4f4d,\u5355\u5143,\u5c24\u5229\u7279,\u5355\u4f4d\u5207\u6362","valid":true}
{"arg":"scratch","icon":{"path":"translate.png"},"quicklookurl":"http:\/\/youdao.com\/w\/scratch","subtitle":"scratch","text":{"copy":"\u522e\u4f24,\u5212\u4f24,\u6293,\u6293\u75d2"},"title":"\u522e\u4f24,\u5212\u4f24,\u6293,\u6293\u75d2","valid":true}
{"arg":"scratch","icon":{"path":"translate.png"},"quicklookurl":"http:\/\/youdao.com\/w\/scratch","subtitle":"scratch","text":{"copy":"\u522e\u4f24,\u5212\u4f24,\u6293,\u6293\u75d2"},"title":"\u522e\u4f24,\u5212\u4f24,\u6293,\u6293\u75d2","valid":true}
{"arg":"lame","icon":{"path":"translate.png"},"quicklookurl":"http:\/\/youdao.com\/w\/lame","subtitle":"Lame","text":{"copy":"\u8ddb\u8db3,\u62c9\u6885,\u8ddb\u7684,\u7638\u7684"},"title":"\u8ddb\u8db3,\u62c9\u6885,\u8ddb\u7684,\u7638\u7684","valid":true}
{"arg":"l","icon":{"path":"translate.png"},"quicklookurl":"http:\/\/youdao.com\/w\/l","subtitle":"The L Word","text":{"copy":"\u5973\u6b22\u5973\u7231,\u7b2c\u4e94\u5b63"},"title":"\u5973\u6b22\u5973\u7231,\u7b2c\u4e94\u5b63","valid":true}
{"arg":"you","icon":{"path":"translate.png"},"quicklookurl":"http:\/\/youdao.com\/w\/you","subtitle":"You","text":{"copy":"\u4f60,\u4f60\u4eec,\u4f60\u548c\u6211,\u7136\u800c"},"title":"\u4f60,\u4f60\u4eec,\u4f60\u548c\u6211,\u7136\u800c","valid":true}
{"arg":"you``","icon":{"path":"translate.png"},"quicklookurl":"http:\/\/youdao.com\/w\/you%60%60","subtitle":"You","text":{"copy":"\u4f60,\u4f60\u4eec,\u4f60\u548c\u6211,\u7136\u800c"},"title":"\u4f60,\u4f60\u4eec,\u4f60\u548c\u6211,\u7136\u800c","valid":true}
{"arg":"y","icon":{"path":"translate.png"},"quicklookurl":"http:\/\/youdao.com\/w\/y","subtitle":"Y-intercept","text":{"copy":"\u8f74\u622a\u8ddd,\u7ffb\u8bd1,\u7eb5\u622a\u8ddd"},"title":"\u8f74\u622a\u8ddd,\u7ffb\u8bd1,\u7eb5\u622a\u8ddd","valid":true}
{"arg":"To optimize the","icon":{"path":"translate.png"},"quicklookurl":"http:\/\/youdao.com\/w\/%E4%BC%98%E5%8C%96","subtitle":"\u4f18\u5316","text":{"copy":"optimization,optimize,SEO,Search Engine Optimization"},"title":"optimization,optimize,SEO,Search Engine Optimization","valid":true}
{"arg":"optimal","icon":{"path":"translate.png"},"quicklookurl":"http:\/\/youdao.com\/w\/%E4%BC%98","subtitle":"\u4f18","text":{"copy":"Eu,special price,optimization,Superior"},"title":"Eu,special price,optimization,Superior","valid":true}
{"arg":"brew","icon":{"path":"translate.png"},"quicklookurl":"http:\/\/youdao.com\/w\/brew","subtitle":"BREW","text":{"copy":"\u795e\u5947\u5b9d\u5178,\u65e0\u7ebf\u4e8c\u8fdb\u5236\u8fd0\u884c\u73af\u5883,\u56fe\u8c0b"},"title":"\u795e\u5947\u5b9d\u5178,\u65e0\u7ebf\u4e8c\u8fdb\u5236\u8fd0\u884c\u73af\u5883,\u56fe\u8c0b","valid":true}
{"arg":"Apply colours to a drawing","icon":{"path":"translate.png"},"quicklookurl":"http:\/\/youdao.com\/w\/%E6%B8%B2%E6%9F%93","subtitle":"\u6e32\u67d3","text":{"copy":"Rendering,bloated,Render,vray"},"title":"Rendering,bloated,Render,vray","valid":true}
{"arg":"y","icon":{"path":"translate.png"},"quicklookurl":"http:\/\/youdao.com\/w\/y","subtitle":"Y-intercept","text":{"copy":"\u8f74\u622a\u8ddd,\u7ffb\u8bd1,\u7eb5\u622a\u8ddd"},"title":"\u8f74\u622a\u8ddd,\u7ffb\u8bd1,\u7eb5\u622a\u8ddd","valid":true}
{"arg":"The speaker","icon":{"path":"translate.png"},"quicklookurl":"http:\/\/youdao.com\/w\/%E6%89%AC%E5%A3%B0%E5%99%A8","subtitle":"\u626c\u58f0\u5668","text":{"copy":"loudspeaker,Speaker,haut-parleur,SPK"},"title":"loudspeaker,Speaker,haut-parleur,SPK","valid":true}
{"arg":"m","icon":{"path":"translate.png"},"quicklookurl":"http:\/\/youdao.com\/w\/m","subtitle":"m-learning","text":{"copy":"\u79fb\u52a8\u5b66\u4e60,\u884c\u52a8\u5b66\u4e60,\u79fb\u52a8\u8fdb\u4fee,\u79fb\u52a8\u6559\u80b2"},"title":"\u79fb\u52a8\u5b66\u4e60,\u884c\u52a8\u5b66\u4e60,\u79fb\u52a8\u8fdb\u4fee,\u79fb\u52a8\u6559\u80b2","valid":true}
{"arg":"The microphone","icon":{"path":"translate.png"},"quicklookurl":"http:\/\/youdao.com\/w\/%E9%BA%A6%E5%85%8B%E9%A3%8E","subtitle":"\u9ea6\u514b\u98ce","text":{"copy":"Microphone,MIC,XMic,Micphone"},"title":"Microphone,MIC,XMic,Micphone","valid":true}
{"arg":"embedded","icon":{"path":"translate.png"},"quicklookurl":"http:\/\/youdao.com\/w\/embedded","subtitle":"Embedded","text":{"copy":"\u5d4c\u5165\u5f0f,\u5d4c\u5165,\u5d4c\u5165\u5f0f\u7cfb\u7edf,\u5185\u5d4c\u5f0f"},"title":"\u5d4c\u5165\u5f0f,\u5d4c\u5165,\u5d4c\u5165\u5f0f\u7cfb\u7edf,\u5185\u5d4c\u5f0f","valid":true}
{"arg":"f","icon":{"path":"translate.png"},"quicklookurl":"http:\/\/youdao.com\/w\/f","subtitle":"F-number","text":{"copy":"\u7126\u6bd4,\u5149\u5708\u503c,\u7126\u8ddd\u6bd4\u6570"},"title":"\u7126\u6bd4,\u5149\u5708\u503c,\u7126\u8ddd\u6bd4\u6570","valid":true}
{"arg":"f","icon":{"path":"translate.png"},"quicklookurl":"http:\/\/youdao.com\/w\/f","subtitle":"F-number","text":{"copy":"\u7126\u6bd4,\u5149\u5708\u503c,\u7126\u8ddd\u6bd4\u6570"},"title":"\u7126\u6bd4,\u5149\u5708\u503c,\u7126\u8ddd\u6bd4\u6570","valid":true}
{"arg":"auxiliary","icon":{"path":"translate.png"},"quicklookurl":"http:\/\/youdao.com\/w\/%E8%BE%85%E5%8A%A9","subtitle":"\u8f85\u52a9","text":{"copy":"assist,AUX,facilitating agencies,help"},"title":"assist,AUX,facilitating agencies,help","valid":true}
{"arg":"k","icon":{"path":"translate.png"},"quicklookurl":"http:\/\/youdao.com\/w\/k","subtitle":"K-Touch","text":{"copy":"\u5929\u8bed,\u5929\u8bed\u624b\u673a,\u624b\u673a,\u5929\u5b87\u6717\u901a"},"title":"\u5929\u8bed,\u5929\u8bed\u624b\u673a,\u624b\u673a,\u5929\u5b87\u6717\u901a","valid":true}
{"arg":"caton","icon":{"path":"translate.png"},"quicklookurl":"http:\/\/youdao.com\/w\/%E5%8D%A1%E9%A1%BF","subtitle":"\u5361\u987f","text":{"copy":"Caton,Tutankhaton,COTTON STORY,Cowton"},"title":"Caton,Tutankhaton,COTTON STORY,Cowton","valid":true}
{"arg":"card","icon":{"path":"translate.png"},"quicklookurl":"http:\/\/youdao.com\/w\/%E5%8D%A1","subtitle":"\u5361","text":{"copy":"calorie,cal,card,Carraba"},"title":"calorie,cal,card,Carraba","valid":true}
{"arg":"l","icon":{"path":"translate.png"},"quicklookurl":"http:\/\/youdao.com\/w\/l","subtitle":"The L Word","text":{"copy":"\u5973\u6b22\u5973\u7231,\u7b2c\u4e94\u5b63"},"title":"\u5973\u6b22\u5973\u7231,\u7b2c\u4e94\u5b63","valid":true}
{"arg":"combo","icon":{"path":"translate.png"},"quicklookurl":"http:\/\/youdao.com\/w\/%E8%BF%9E%E5%87%BB","subtitle":"\u8fde\u51fb","text":{"copy":"Double hit,Batter,dribble,Combo"},"title":"Double hit,Batter,dribble,Combo","valid":true}
{"arg":"b","icon":{"path":"translate.png"},"quicklookurl":"http:\/\/youdao.com\/w\/b","subtitle":"\u7ef4\u751f\u7d20B","text":{"copy":"Vitamin,VB,VitB,thiamine"},"title":"Vitamin,VB,VitB,thiamine","valid":true}
{"arg":"player","icon":{"path":"translate.png"},"quicklookurl":"http:\/\/youdao.com\/w\/%E6%92%AD%E6%94%BE%E5%99%A8","subtitle":"\u64ad\u653e\u5668","text":{"copy":"Player,Flash,AVPlayerHD,RealPlayer"},"title":"Player,Flash,AVPlayerHD,RealPlayer","valid":true}
{"arg":"Accompany","icon":{"path":"translate.png"},"quicklookurl":"http:\/\/youdao.com\/w\/Accompany","subtitle":"accompany","text":{"copy":"\u966a\u4f34,\u4f34\u968f,\u4f34\u594f"},"title":"\u966a\u4f34,\u4f34\u968f,\u4f34\u594f","valid":true}
{"arg":"wrong","icon":{"path":"translate.png"},"quicklookurl":"http:\/\/youdao.com\/w\/wrong","subtitle":"wrong","text":{"copy":"\u9519\u8bef\u7684,\u6709\u8bef,\u7406\u4e8f,\u4e0d\u5bf9"},"title":"\u9519\u8bef\u7684,\u6709\u8bef,\u7406\u4e8f,\u4e0d\u5bf9","valid":true}
{"arg":"e","icon":{"path":"translate.png"},"quicklookurl":"http:\/\/youdao.com\/w\/e","subtitle":"Wall-E","text":{"copy":"\u673a\u5668\u4eba\u74e6\u529b,\u673a\u5668\u4eba\u603b\u52a8\u5458,\u74e6\u529b,\u661f\u9645\u603b\u52a8\u5458"},"title":"\u673a\u5668\u4eba\u74e6\u529b,\u673a\u5668\u4eba\u603b\u52a8\u5458,\u74e6\u529b,\u661f\u9645\u603b\u52a8\u5458","valid":true}
{"arg":"exclude","icon":{"path":"translate.png"},"quicklookurl":"http:\/\/youdao.com\/w\/exclude","subtitle":"exclude","text":{"copy":"\u6392\u9664,\u628a,\u6392\u65a5,\u62d2\u7edd"},"title":"\u6392\u9664,\u628a,\u6392\u65a5,\u62d2\u7edd","valid":true}
{"arg":"exclude\\\\\\\\","icon":{"path":"translate.png"},"quicklookurl":"http:\/\/youdao.com\/w\/exclude%5C%5C%5C%5C","subtitle":"exclude","text":{"copy":"\u6392\u9664,\u628a,\u6392\u65a5,\u62d2\u7edd"},"title":"\u6392\u9664,\u628a,\u6392\u65a5,\u62d2\u7edd","valid":true}
{"arg":"exclude\\\\\\","icon":{"path":"translate.png"},"quicklookurl":"http:\/\/youdao.com\/w\/exclude%5C%5C%5C","subtitle":"exclude","text":{"copy":"\u6392\u9664,\u628a,\u6392\u65a5,\u62d2\u7edd"},"title":"\u6392\u9664,\u628a,\u6392\u65a5,\u62d2\u7edd","valid":true}
{"arg":"exc","icon":{"path":"translate.png"},"quicklookurl":"http:\/\/youdao.com\/w\/exc","subtitle":"EXC","text":{"copy":"\u7535\u6c60,\u5b9d\u7acb\u6765,\u5916\u90e8,\u4e73\u767d\u53cc\u8272\u5f02\u56fd\u77ed\u6bdb\u732b"},"title":"\u7535\u6c60,\u5b9d\u7acb\u6765,\u5916\u90e8,\u4e73\u767d\u53cc\u8272\u5f02\u56fd\u77ed\u6bdb\u732b","valid":true}
{"arg":"e","icon":{"path":"translate.png"},"quicklookurl":"http:\/\/youdao.com\/w\/e","subtitle":"Wall-E","text":{"copy":"\u673a\u5668\u4eba\u74e6\u529b,\u673a\u5668\u4eba\u603b\u52a8\u5458,\u74e6\u529b,\u661f\u9645\u603b\u52a8\u5458"},"title":"\u673a\u5668\u4eba\u74e6\u529b,\u673a\u5668\u4eba\u603b\u52a8\u5458,\u74e6\u529b,\u661f\u9645\u603b\u52a8\u5458","valid":true}
{"arg":"modular","icon":{"path":"translate.png"},"quicklookurl":"http:\/\/youdao.com\/w\/modular","subtitle":"Modular","text":{"copy":"\u6a21\u5757\u5316,\u7ec4\u88c5\u5f0f\u7684,\u6a21\u6570\u7684,\u6a21\u5757"},"title":"\u6a21\u5757\u5316,\u7ec4\u88c5\u5f0f\u7684,\u6a21\u6570\u7684,\u6a21\u5757","valid":true}
{"arg":"modularize","icon":{"path":"translate.png"},"quicklookurl":"http:\/\/youdao.com\/w\/modularize","subtitle":"modularize","text":{"copy":"\u6a21\u5757\u5316,\u6a21\u7ec4\u5316"},"title":"\u6a21\u5757\u5316,\u6a21\u7ec4\u5316","valid":true}
{"arg":"x","icon":{"path":"translate.png"},"quicklookurl":"http:\/\/youdao.com\/w\/x","subtitle":"X-Men","text":{"copy":"X\u6218\u8b66\u5929\u542f,\u52a8\u753b\u7248,\u53d8\u79cd\u7279\u653b"},"title":"X\u6218\u8b66\u5929\u542f,\u52a8\u753b\u7248,\u53d8\u79cd\u7279\u653b","valid":true}
{"arg":"x","icon":{"path":"translate.png"},"quicklookurl":"http:\/\/youdao.com\/w\/x","subtitle":"X-Men","text":{"copy":"X\u6218\u8b66\u5929\u542f,\u52a8\u753b\u7248,\u53d8\u79cd\u7279\u653b"},"title":"X\u6218\u8b66\u5929\u542f,\u52a8\u753b\u7248,\u53d8\u79cd\u7279\u653b","valid":true}
{"arg":"learning","icon":{"path":"translate.png"},"quicklookurl":"http:\/\/youdao.com\/w\/%E5%AD%A6%E4%B9%A0","subtitle":"\u5b66\u4e60","text":{"copy":"learning,Study,Studies,practise"},"title":"learning,Study,Studies,practise","valid":true}
