{"arg":"tap","icon":{"path":"translate.png"},"quicklookurl":"http:\/\/youdao.com\/w\/tap","subtitle":"tap","text":{"copy":"\u6c34\u9f99\u5934,\u7535\u7ebf\u642d\u63a5\u5904,\u653b\u4e1d,\u8f7b\u62cd"},"title":"\u6c34\u9f99\u5934,\u7535\u7ebf\u642d\u63a5\u5904,\u653b\u4e1d,\u8f7b\u62cd","valid":true}
{"arg":"Procedure","icon":{"path":"translate.png"},"quicklookurl":"http:\/\/youdao.com\/w\/Procedure","subtitle":"procedure","text":{"copy":"\u7a0b\u5e8f,\u624b\u7eed,\u8fc7\u7a0b,\u6b65\u9aa4"},"title":"\u7a0b\u5e8f,\u624b\u7eed,\u8fc7\u7a0b,\u6b65\u9aa4","valid":true}
{"arg":"p","icon":{"path":"translate.png"},"quicklookurl":"http:\/\/youdao.com\/w\/p","subtitle":"p diddy","text":{"copy":"\u5439\u725b\u8001\u7239,\u5439\u5618\u8001\u7239,\u5439\u6cd5\u87ba\u8001\u7239,\u5938\u53e3\u8001\u7239"},"title":"\u5439\u725b\u8001\u7239,\u5439\u5618\u8001\u7239,\u5439\u6cd5\u87ba\u8001\u7239,\u5938\u53e3\u8001\u7239","valid":true}
{"arg":"provide a ","icon":{"path":"translate.png"},"quicklookurl":"http:\/\/youdao.com\/w\/provide+a+","subtitle":"provide a","text":{"copy":"\u63d0\u4f9b\u4e86"},"title":"\u63d0\u4f9b\u4e86","valid":true}
{"arg":"sc","icon":{"path":"translate.png"},"quicklookurl":"http:\/\/youdao.com\/w\/sc","subtitle":"SC","text":{"copy":"\u5206\u6280\u672f\u59d4\u5458\u4f1a,\u661f\u9645\u4e89\u9738,\u585e\u820c\u5c14,\u6bd4\u4f8b"},"title":"\u5206\u6280\u672f\u59d4\u5458\u4f1a,\u661f\u9645\u4e89\u9738,\u585e\u820c\u5c14,\u6bd4\u4f8b","valid":true}
{"arg":"schema","icon":{"path":"translate.png"},"quicklookurl":"http:\/\/youdao.com\/w\/schema","subtitle":"Schema","text":{"copy":"\u67b6\u6784,\u6a21\u5f0f,\u7eb2\u76ee\u7ed3\u6784,\u65b9\u6848"},"title":"\u67b6\u6784,\u6a21\u5f0f,\u7eb2\u76ee\u7ed3\u6784,\u65b9\u6848","valid":true}
{"arg":"s","icon":{"path":"translate.png"},"quicklookurl":"http:\/\/youdao.com\/w\/s","subtitle":"S Doradus","text":{"copy":"\u5251\u9c7c\u5ea7S"},"title":"\u5251\u9c7c\u5ea7S","valid":true}
{"arg":"c","icon":{"path":"translate.png"},"quicklookurl":"http:\/\/youdao.com\/w\/c","subtitle":"Vitamin C","text":{"copy":"\u7ef4\u751f\u7d20C,\u7ef4\u4ed6\u547dC,\u6297\u574f\u8840\u9178,\u7ef4\u751f\u7d20"},"title":"\u7ef4\u751f\u7d20C,\u7ef4\u4ed6\u547dC,\u6297\u574f\u8840\u9178,\u7ef4\u751f\u7d20","valid":true}
{"arg":"column","icon":{"path":"translate.png"},"quicklookurl":"http:\/\/youdao.com\/w\/column","subtitle":"Column","text":{"copy":"\u4e13\u680f,\u67f1,\u680f,\u5217"},"title":"\u4e13\u680f,\u67f1,\u680f,\u5217","valid":true}
{"arg":"c","icon":{"path":"translate.png"},"quicklookurl":"http:\/\/youdao.com\/w\/c","subtitle":"Vitamin C","text":{"copy":"\u7ef4\u751f\u7d20C,\u7ef4\u4ed6\u547dC,\u6297\u574f\u8840\u9178,\u7ef4\u751f\u7d20"},"title":"\u7ef4\u751f\u7d20C,\u7ef4\u4ed6\u547dC,\u6297\u574f\u8840\u9178,\u7ef4\u751f\u7d20","valid":true}
{"arg":"row","icon":{"path":"translate.png"},"quicklookurl":"http:\/\/youdao.com\/w\/row","subtitle":"row","text":{"copy":"\u884c,\u6392,\u5212,\u884c"},"title":"\u884c,\u6392,\u5212,\u884c","valid":true}
{"arg":"r","icon":{"path":"translate.png"},"quicklookurl":"http:\/\/youdao.com\/w\/r","subtitle":"Exmor R","text":{"copy":"\u5f71\u50cf\u4f20\u611f\u5668,\u80cc\u7167\u5f0f,\u80cc\u7167\u5f0f\u611f\u5149\u5143\u4ef6,\u6444\u50cf\u5934"},"title":"\u5f71\u50cf\u4f20\u611f\u5668,\u80cc\u7167\u5f0f,\u80cc\u7167\u5f0f\u611f\u5149\u5143\u4ef6,\u6444\u50cf\u5934","valid":true}
{"arg":"s","icon":{"path":"translate.png"},"quicklookurl":"http:\/\/youdao.com\/w\/s","subtitle":"S Doradus","text":{"copy":"\u5251\u9c7c\u5ea7S"},"title":"\u5251\u9c7c\u5ea7S","valid":true}
{"arg":"sc","icon":{"path":"translate.png"},"quicklookurl":"http:\/\/youdao.com\/w\/sc","subtitle":"SC","text":{"copy":"\u5206\u6280\u672f\u59d4\u5458\u4f1a,\u661f\u9645\u4e89\u9738,\u585e\u820c\u5c14,\u6bd4\u4f8b"},"title":"\u5206\u6280\u672f\u59d4\u5458\u4f1a,\u661f\u9645\u4e89\u9738,\u585e\u820c\u5c14,\u6bd4\u4f8b","valid":true}
{"arg":"scalar","icon":{"path":"translate.png"},"quicklookurl":"http:\/\/youdao.com\/w\/scalar","subtitle":"scalar","text":{"copy":"\u6807\u91cf,\u6807\u91cf"},"title":"\u6807\u91cf,\u6807\u91cf","valid":true}
{"arg":"m","icon":{"path":"translate.png"},"quicklookurl":"http:\/\/youdao.com\/w\/m","subtitle":"Sachiko M","text":{"copy":"\u677e\u539f\u5e78\u5b50"},"title":"\u677e\u539f\u5e78\u5b50","valid":true}
{"arg":"m","icon":{"path":"translate.png"},"quicklookurl":"http:\/\/youdao.com\/w\/m","subtitle":"Sachiko M","text":{"copy":"\u677e\u539f\u5e78\u5b50"},"title":"\u677e\u539f\u5e78\u5b50","valid":true}
{"arg":"migration","icon":{"path":"translate.png"},"quicklookurl":"http:\/\/youdao.com\/w\/migration","subtitle":"migration","text":{"copy":"\u8fc1\u79fb,\u8fc1\u5f99,\u79fb\u6c11,\u79fb\u884c"},"title":"\u8fc1\u79fb,\u8fc1\u5f99,\u79fb\u6c11,\u79fb\u884c","valid":true}
{"arg":"p","icon":{"path":"translate.png"},"quicklookurl":"http:\/\/youdao.com\/w\/p","subtitle":"p diddy","text":{"copy":"\u5439\u725b\u8001\u7239,\u5439\u5618\u8001\u7239,\u5439\u6cd5\u87ba\u8001\u7239,\u5938\u53e3\u8001\u7239"},"title":"\u5439\u725b\u8001\u7239,\u5439\u5618\u8001\u7239,\u5439\u6cd5\u87ba\u8001\u7239,\u5938\u53e3\u8001\u7239","valid":true}
{"arg":"pattern","icon":{"path":"translate.png"},"quicklookurl":"http:\/\/youdao.com\/w\/pattern","subtitle":"Pattern","text":{"copy":"\u5f0f,\u6a21\u5f0f,\u56fe\u6848,\u7eb8\u6837"},"title":"\u5f0f,\u6a21\u5f0f,\u56fe\u6848,\u7eb8\u6837","valid":true}
{"arg":"principle","icon":{"path":"translate.png"},"quicklookurl":"http:\/\/youdao.com\/w\/principle","subtitle":"Principle","text":{"copy":"\u539f\u5219,\u539f\u7406,\u539f\u7406,\u6cd5\u5219"},"title":"\u539f\u5219,\u539f\u7406,\u539f\u7406,\u6cd5\u5219","valid":true}
{"arg":"fo","icon":{"path":"translate.png"},"quicklookurl":"http:\/\/youdao.com\/w\/fo","subtitle":"fo","text":{"copy":"\u6cd5\u7f57\u7fa4\u5c9b,\u521d\u59cb\u8367\u5149,\u8c10\u632f\u9891\u7387,\u963f\u7518\u6b63\u4f20"},"title":"\u6cd5\u7f57\u7fa4\u5c9b,\u521d\u59cb\u8367\u5149,\u8c10\u632f\u9891\u7387,\u963f\u7518\u6b63\u4f20","valid":true}
{"arg":"foreign","icon":{"path":"translate.png"},"quicklookurl":"http:\/\/youdao.com\/w\/foreign","subtitle":"foreign","text":{"copy":"\u5916\u56fd\u7684,\u5916\u7c4d,\u5916\u6765\u7684,\u4e2d\u5916"},"title":"\u5916\u56fd\u7684,\u5916\u7c4d,\u5916\u6765\u7684,\u4e2d\u5916","valid":true}
{"arg":"vote","icon":{"path":"translate.png"},"quicklookurl":"http:\/\/youdao.com\/w\/vote","subtitle":"Vote","text":{"copy":"\u6295\u7968,\u9009\u7968,\u8868\u51b3,\u9009\u4e3e"},"title":"\u6295\u7968,\u9009\u7968,\u8868\u51b3,\u9009\u4e3e","valid":true}
{"arg":"CASCADE","icon":{"path":"translate.png"},"quicklookurl":"http:\/\/youdao.com\/w\/CASCADE","subtitle":"cascade","text":{"copy":"\u7ea7\u8054,\u5c0f\u7011\u5e03,\u7011\u5e03,\u5c42\u53e0"},"title":"\u7ea7\u8054,\u5c0f\u7011\u5e03,\u7011\u5e03,\u5c42\u53e0","valid":true}
{"arg":"reverse","icon":{"path":"translate.png"},"quicklookurl":"http:\/\/youdao.com\/w\/reverse","subtitle":"reverse","text":{"copy":"\u76f8\u53cd\u7684,\u5012\u8f66\u6863,\u98a0\u5012\u7684,\u80cc\u9762"},"title":"\u76f8\u53cd\u7684,\u5012\u8f66\u6863,\u98a0\u5012\u7684,\u80cc\u9762","valid":true}
{"arg":"The tutorial","icon":{"path":"translate.png"},"quicklookurl":"http:\/\/youdao.com\/w\/%E6%95%99%E7%A8%8B","subtitle":"\u6559\u7a0b","text":{"copy":"Tutorial,recovery,PDG,odin"},"title":"Tutorial,recovery,PDG,odin","valid":true}
{"arg":"tutorial","icon":{"path":"translate.png"},"quicklookurl":"http:\/\/youdao.com\/w\/tutorial","subtitle":"Tutorial","text":{"copy":"\u6559\u7a0b,\u4e00\u4e2a\u5b66\u751f\u53d1\u8a00\u90a3\u79cd,\u52a9\u6559\u7684\u8f85\u5bfc,\u6307\u5357"},"title":"\u6559\u7a0b,\u4e00\u4e2a\u5b66\u751f\u53d1\u8a00\u90a3\u79cd,\u52a9\u6559\u7684\u8f85\u5bfc,\u6307\u5357","valid":true}
{"arg":"t","icon":{"path":"translate.png"},"quicklookurl":"http:\/\/youdao.com\/w\/t","subtitle":"T RK","text":{"copy":"\u571f\u8033\u5176\u8bed"},"title":"\u571f\u8033\u5176\u8bed","valid":true}
{"arg":"j","icon":{"path":"translate.png"},"quicklookurl":"http:\/\/youdao.com\/w\/j","subtitle":"Mary J","text":{"copy":"\u5e03\u83b1\u59ec,\u5e03\u91cc\u59ec,\u5e03\u91cc\u5947,\u739b\u4e3d\u00b7\u5e03\u83b1\u5947"},"title":"\u5e03\u83b1\u59ec,\u5e03\u91cc\u59ec,\u5e03\u91cc\u5947,\u739b\u4e3d\u00b7\u5e03\u83b1\u5947","valid":true}
{"arg":"The tutorial","icon":{"path":"translate.png"},"quicklookurl":"http:\/\/youdao.com\/w\/%E6%95%99%E7%A8%8B","subtitle":"\u6559\u7a0b","text":{"copy":"Tutorial,recovery,PDG,odin"},"title":"Tutorial,recovery,PDG,odin","valid":true}
{"arg":"BBS","icon":{"path":"translate.png"},"quicklookurl":"http:\/\/youdao.com\/w\/%E8%AE%BA%E5%9D%9B","subtitle":"\u8bba\u575b","text":{"copy":"Forum,bbs,xabbs"},"title":"Forum,bbs,xabbs","valid":true}
{"arg":"s","icon":{"path":"translate.png"},"quicklookurl":"http:\/\/youdao.com\/w\/s","subtitle":"S Doradus","text":{"copy":"\u5251\u9c7c\u5ea7S"},"title":"\u5251\u9c7c\u5ea7S","valid":true}
{"arg":"algorithm","icon":{"path":"translate.png"},"quicklookurl":"http:\/\/youdao.com\/w\/%E7%AE%97%E6%B3%95","subtitle":"\u7b97\u6cd5","text":{"copy":"algorithm,RSA,Arithmetic,DES"},"title":"algorithm,RSA,Arithmetic,DES","valid":true}
{"arg":"sp","icon":{"path":"translate.png"},"quicklookurl":"http:\/\/youdao.com\/w\/sp","subtitle":"SP","text":{"copy":"\u670d\u52a1\u63d0\u4f9b\u5546,\u5806\u6808\u6307\u9488,\u538b\u529b\u63a7\u5236\u5f00\u5173,\u9971\u548c\u805a\u916f"},"title":"\u670d\u52a1\u63d0\u4f9b\u5546,\u5806\u6808\u6307\u9488,\u538b\u529b\u63a7\u5236\u5f00\u5173,\u9971\u548c\u805a\u916f","valid":true}
{"arg":"spec","icon":{"path":"translate.png"},"quicklookurl":"http:\/\/youdao.com\/w\/spec","subtitle":"SPEC","text":{"copy":"\u89c4\u683c,\u6807\u51c6\u6027\u80fd\u8bc4\u4f30\u516c\u53f8(Standard Performance Evaluation Corporation),\u7279\u6b8a\u80fd\u529b,\u6807\u51c6\u6027\u80fd\u8bc4\u4f30\u673a\u6784"},"title":"\u89c4\u683c,\u6807\u51c6\u6027\u80fd\u8bc4\u4f30\u516c\u53f8(Standard Performance Evaluation Corporation),\u7279\u6b8a\u80fd\u529b,\u6807\u51c6\u6027\u80fd\u8bc4\u4f30\u673a\u6784","valid":true}
{"arg":"speci","icon":{"path":"translate.png"},"quicklookurl":"http:\/\/youdao.com\/w\/speci","subtitle":"speci","text":{"copy":"\u79cd\u7c7b"},"title":"\u79cd\u7c7b","valid":true}
{"arg":"specify","icon":{"path":"translate.png"},"quicklookurl":"http:\/\/youdao.com\/w\/specify","subtitle":"specify","text":{"copy":"\u5176\u4ed6,\u8be6\u7ec6\u8bf4\u660e"},"title":"\u5176\u4ed6,\u8be6\u7ec6\u8bf4\u660e","valid":true}
{"arg":"sp","icon":{"path":"translate.png"},"quicklookurl":"http:\/\/youdao.com\/w\/sp","subtitle":"SP","text":{"copy":"\u670d\u52a1\u63d0\u4f9b\u5546,\u5806\u6808\u6307\u9488,\u538b\u529b\u63a7\u5236\u5f00\u5173,\u9971\u548c\u805a\u916f"},"title":"\u670d\u52a1\u63d0\u4f9b\u5546,\u5806\u6808\u6307\u9488,\u538b\u529b\u63a7\u5236\u5f00\u5173,\u9971\u548c\u805a\u916f","valid":true}
{"arg":"partition","icon":{"path":"translate.png"},"quicklookurl":"http:\/\/youdao.com\/w\/partition","subtitle":"Partition","text":{"copy":"\u5206\u5272,\u5206\u88c2,\u5206\u533a,\u5206\u5272"},"title":"\u5206\u5272,\u5206\u88c2,\u5206\u533a,\u5206\u5272","valid":true}
{"arg":"partition1","icon":{"path":"translate.png"},"quicklookurl":"http:\/\/youdao.com\/w\/partition1","subtitle":"Partition1","text":{"copy":"\u5206\u533a"},"title":"\u5206\u533a","valid":true}
{"arg":"slim","icon":{"path":"translate.png"},"quicklookurl":"http:\/\/youdao.com\/w\/slim","subtitle":"slim","text":{"copy":"\u82d7\u6761\u7684,\u7ea4\u7ec6,\u5fae\u5c0f\u7684,\u7ec6\u957f\u7684"},"title":"\u82d7\u6761\u7684,\u7ea4\u7ec6,\u5fae\u5c0f\u7684,\u7ec6\u957f\u7684","valid":true}
{"arg":"resizer","icon":{"path":"translate.png"},"quicklookurl":"http:\/\/youdao.com\/w\/resizer","subtitle":"Resizer","text":{"copy":"\u7f29\u653e\u5668,\u56fe\u7247\u8c03\u6574,\u56fe\u7247\u538b\u7f29"},"title":"\u7f29\u653e\u5668,\u56fe\u7247\u8c03\u6574,\u56fe\u7247\u538b\u7f29","valid":true}
{"arg":"Dictionary","icon":{"path":"translate.png"},"quicklookurl":"http:\/\/youdao.com\/w\/Dictionary","subtitle":"dictionary","text":{"copy":"\u8bcd\u5178,\u5b57\u5178,\u5b57\u5178,\u8bcd\u5178\u6b63\u6587"},"title":"\u8bcd\u5178,\u5b57\u5178,\u5b57\u5178,\u8bcd\u5178\u6b63\u6587","valid":true}
{"arg":"p","icon":{"path":"translate.png"},"quicklookurl":"http:\/\/youdao.com\/w\/p","subtitle":"p diddy","text":{"copy":"\u5439\u725b\u8001\u7239,\u5439\u5618\u8001\u7239,\u5439\u6cd5\u87ba\u8001\u7239,\u5938\u53e3\u8001\u7239"},"title":"\u5439\u725b\u8001\u7239,\u5439\u5618\u8001\u7239,\u5439\u6cd5\u87ba\u8001\u7239,\u5938\u53e3\u8001\u7239","valid":true}
{"arg":"or","icon":{"path":"translate.png"},"quicklookurl":"http:\/\/youdao.com\/w\/or","subtitle":"Or","text":{"copy":"\u6216\u8005,\u6bd4\u503c\u6bd4(Odds Ratio),\u6216,\u6211\u7684\u5b9d\u85cf"},"title":"\u6216\u8005,\u6bd4\u503c\u6bd4(Odds Ratio),\u6216,\u6211\u7684\u5b9d\u85cf","valid":true}
{"arg":"organ","icon":{"path":"translate.png"},"quicklookurl":"http:\/\/youdao.com\/w\/organ","subtitle":"organ","text":{"copy":"\u5668\u5b98,\u98ce\u7434,\u7ba1\u98ce\u7434,\u5668\u5b98"},"title":"\u5668\u5b98,\u98ce\u7434,\u7ba1\u98ce\u7434,\u5668\u5b98","valid":true}
{"arg":"organ","icon":{"path":"translate.png"},"quicklookurl":"http:\/\/youdao.com\/w\/organ","subtitle":"organ","text":{"copy":"\u5668\u5b98,\u98ce\u7434,\u7ba1\u98ce\u7434,\u5668\u5b98"},"title":"\u5668\u5b98,\u98ce\u7434,\u7ba1\u98ce\u7434,\u5668\u5b98","valid":true}
{"arg":"organization","icon":{"path":"translate.png"},"quicklookurl":"http:\/\/youdao.com\/w\/organization","subtitle":"organization","text":{"copy":"\u7ec4\u7ec7,\u5355\u4f4d\u540d\u79f0,\u56e2\u4f53"},"title":"\u7ec4\u7ec7,\u5355\u4f4d\u540d\u79f0,\u56e2\u4f53","valid":true}
{"arg":"blank","icon":{"path":"translate.png"},"quicklookurl":"http:\/\/youdao.com\/w\/blank","subtitle":"Blank","text":{"copy":"\u7a7a\u767d,\u7a7a\u5305\u5f39,\u6bdb\u576f,\u576f\u6599"},"title":"\u7a7a\u767d,\u7a7a\u5305\u5f39,\u6bdb\u576f,\u576f\u6599","valid":true}
{"arg":"primary","icon":{"path":"translate.png"},"quicklookurl":"http:\/\/youdao.com\/w\/primary","subtitle":"Primary","text":{"copy":"\u9996\u8981,\u4e3b\u8981\u7684,\u521d\u7ea7\u7684"},"title":"\u9996\u8981,\u4e3b\u8981\u7684,\u521d\u7ea7\u7684","valid":true}
{"arg":"auth","icon":{"path":"translate.png"},"quicklookurl":"http:\/\/youdao.com\/w\/auth","subtitle":"Auth","text":{"copy":"\u8054\u76df,\u8ba4\u8bc1,\u8ba4\u8bc1\u65b9\u5f0f,\u7b80\u5355\u5bc6\u7801\u8ba4\u8bc1"},"title":"\u8054\u76df,\u8ba4\u8bc1,\u8ba4\u8bc1\u65b9\u5f0f,\u7b80\u5355\u5bc6\u7801\u8ba4\u8bc1","valid":true}
{"arg":"auth","icon":{"path":"translate.png"},"quicklookurl":"http:\/\/youdao.com\/w\/auth","subtitle":"Auth","text":{"copy":"\u8054\u76df,\u8ba4\u8bc1,\u8ba4\u8bc1\u65b9\u5f0f,\u7b80\u5355\u5bc6\u7801\u8ba4\u8bc1"},"title":"\u8054\u76df,\u8ba4\u8bc1,\u8ba4\u8bc1\u65b9\u5f0f,\u7b80\u5355\u5bc6\u7801\u8ba4\u8bc1","valid":true}
{"arg":"author","icon":{"path":"translate.png"},"quicklookurl":"http:\/\/youdao.com\/w\/author","subtitle":"author","text":{"copy":"\u4f5c\u8005,\u4f5c\u8005,\u4f5c\u5bb6"},"title":"\u4f5c\u8005,\u4f5c\u8005,\u4f5c\u5bb6","valid":true}
{"arg":"auth","icon":{"path":"translate.png"},"quicklookurl":"http:\/\/youdao.com\/w\/auth","subtitle":"Auth","text":{"copy":"\u8054\u76df,\u8ba4\u8bc1,\u8ba4\u8bc1\u65b9\u5f0f,\u7b80\u5355\u5bc6\u7801\u8ba4\u8bc1"},"title":"\u8054\u76df,\u8ba4\u8bc1,\u8ba4\u8bc1\u65b9\u5f0f,\u7b80\u5355\u5bc6\u7801\u8ba4\u8bc1","valid":true}
{"arg":"href","icon":{"path":"translate.png"},"quicklookurl":"http:\/\/youdao.com\/w\/href","subtitle":"HREF","text":{"copy":"\u8d85\u94fe\u63a5,\u94fe\u63a5,\u8d85\u94fe\u63a5\u5730\u5740\u6307\u5411,\u6307\u5b9a\u8def\u5f84\u5c5e\u6027"},"title":"\u8d85\u94fe\u63a5,\u94fe\u63a5,\u8d85\u94fe\u63a5\u5730\u5740\u6307\u5411,\u6307\u5b9a\u8def\u5f84\u5c5e\u6027","valid":true}
{"arg":"f","icon":{"path":"translate.png"},"quicklookurl":"http:\/\/youdao.com\/w\/f","subtitle":"Axel F","text":{"copy":"\u6293\u72c2\u53ee\u549a,\u6293\u72c2\u53ee\u53ee,\u6c42\u91c7\u7eb3,\u75af\u72c2\u9752\u86d9"},"title":"\u6293\u72c2\u53ee\u549a,\u6293\u72c2\u53ee\u53ee,\u6c42\u91c7\u7eb3,\u75af\u72c2\u9752\u86d9","valid":true}
{"arg":"in","icon":{"path":"translate.png"},"quicklookurl":"http:\/\/youdao.com\/w\/in","subtitle":"in","text":{"copy":"\u82f1\u5bf8,\u5370\u5ea6,\u8f93\u5165,\u4eba\u53e3"},"title":"\u82f1\u5bf8,\u5370\u5ea6,\u8f93\u5165,\u4eba\u53e3","valid":true}
{"arg":"in ","icon":{"path":"translate.png"},"quicklookurl":"http:\/\/youdao.com\/w\/in+","subtitle":"in","text":{"copy":"\u82f1\u5bf8,\u5370\u5ea6,\u8f93\u5165,\u4eba\u53e3"},"title":"\u82f1\u5bf8,\u5370\u5ea6,\u8f93\u5165,\u4eba\u53e3","valid":true}
{"arg":"in favor of","icon":{"path":"translate.png"},"quicklookurl":"http:\/\/youdao.com\/w\/in+favor+of","subtitle":"in favor of","text":{"copy":"\u652f\u6301"},"title":"\u652f\u6301","valid":true}
{"arg":"i","icon":{"path":"translate.png"},"quicklookurl":"http:\/\/youdao.com\/w\/i","subtitle":"I SWEAR","text":{"copy":"\u6211\u5ba3\u8a93,\u6211\u53d1\u8a93,\u8a93\u8a00,\u6797\u5fc6\u83b2"},"title":"\u6211\u5ba3\u8a93,\u6211\u53d1\u8a93,\u8a93\u8a00,\u6797\u5fc6\u83b2","valid":true}
