{"arg":"data","icon":{"path":"translate.png"},"quicklookurl":"http:\/\/youdao.com\/w\/%E6%95%B0%E6%8D%AE","subtitle":"\u6570\u636e","text":{"copy":"data,datum,wd,quantitative data"},"title":"data,datum,wd,quantitative data","valid":true}
{"arg":"The data structure","icon":{"path":"translate.png"},"quicklookurl":"http:\/\/youdao.com\/w\/%E6%95%B0%E6%8D%AE%E7%BB%93%E6%9E%84","subtitle":"\u6570\u636e\u7ed3\u6784","text":{"copy":"Data Structure,data structure,data organization,Database Structure"},"title":"Data Structure,data structure,data organization,Database Structure","valid":true}
{"arg":"in","icon":{"path":"translate.png"},"quicklookurl":"http:\/\/youdao.com\/w\/in","subtitle":"in","text":{"copy":"\u82f1\u5bf8,\u5370\u5ea6,\u8f93\u5165,\u4eba\u53e3"},"title":"\u82f1\u5bf8,\u5370\u5ea6,\u8f93\u5165,\u4eba\u53e3","valid":true}
{"arg":"infeasible","icon":{"path":"translate.png"},"quicklookurl":"http:\/\/youdao.com\/w\/infeasible","subtitle":"infeasible","text":{"copy":"\u4e0d\u53ef\u884c\u7684,\u4e0d\u53ef\u5b9e\u884c\u7684,\u4e0d\u53ef\u884c,\u65e0\u53ef\u884c\u89e3"},"title":"\u4e0d\u53ef\u884c\u7684,\u4e0d\u53ef\u5b9e\u884c\u7684,\u4e0d\u53ef\u884c,\u65e0\u53ef\u884c\u89e3","valid":true}
{"arg":"combustion","icon":{"path":"translate.png"},"quicklookurl":"http:\/\/youdao.com\/w\/combustion","subtitle":"combustion","text":{"copy":"\u71c3\u70e7,\u71c3\u70e7\u5b66,\u71c3\u70e7,\u6c27\u5316"},"title":"\u71c3\u70e7,\u71c3\u70e7\u5b66,\u71c3\u70e7,\u6c27\u5316","valid":true}
{"arg":"practice","icon":{"path":"translate.png"},"quicklookurl":"http:\/\/youdao.com\/w\/practice","subtitle":"Practice","text":{"copy":"\u7ec3\u4e60,\u5b9e\u8df5,\u8da3\u5473\u64cd\u7ec3,\u505a\u6cd5"},"title":"\u7ec3\u4e60,\u5b9e\u8df5,\u8da3\u5473\u64cd\u7ec3,\u505a\u6cd5","valid":true}
{"arg":"interval","icon":{"path":"translate.png"},"quicklookurl":"http:\/\/youdao.com\/w\/%E5%8C%BA%E9%97%B4","subtitle":"\u533a\u95f4","text":{"copy":"interval,interval,Extent,district"},"title":"interval,interval,Extent,district","valid":true}
{"arg":"figure","icon":{"path":"translate.png"},"quicklookurl":"http:\/\/youdao.com\/w\/%E5%9B%BE","subtitle":"\u56fe","text":{"copy":"graph,map,chart,Diagram"},"title":"graph,map,chart,Diagram","valid":true}
{"arg":"Graph model","icon":{"path":"translate.png"},"quicklookurl":"http:\/\/youdao.com\/w\/%E5%9B%BE%E6%A8%A1%E5%9E%8B","subtitle":"\u56fe\u6a21\u578b","text":{"copy":"graphical model,Graph Model,Graphical Models,map model"},"title":"graphical model,Graph Model,Graphical Models,map model","valid":true}
{"arg":"retrieved","icon":{"path":"translate.png"},"quicklookurl":"http:\/\/youdao.com\/w\/retrieved","subtitle":"Retrieved","text":{"copy":"\u91cd\u65b0\u53d6\u56de,\u627e\u56de\u4e86,\u53d6\u56de,\u8ffd\u56de"},"title":"\u91cd\u65b0\u53d6\u56de,\u627e\u56de\u4e86,\u53d6\u56de,\u8ffd\u56de","valid":true}
{"arg":"units_sold","icon":{"path":"translate.png"},"quicklookurl":"http:\/\/youdao.com\/w\/units_sold","subtitle":"Units Sold","text":{"copy":"\u9500\u552e\u91cf,\u7f34"},"title":"\u9500\u552e\u91cf,\u7f34","valid":true}
{"arg":"units sold","icon":{"path":"translate.png"},"quicklookurl":"http:\/\/youdao.com\/w\/units+sold","subtitle":"Units Sold","text":{"copy":"\u9500\u552e\u91cf,\u7f34"},"title":"\u9500\u552e\u91cf,\u7f34","valid":true}
{"arg":"husband","icon":{"path":"translate.png"},"quicklookurl":"http:\/\/youdao.com\/w\/husband","subtitle":"husband","text":{"copy":"\u4e08\u592b,\u8001\u516c,\u597d\u4e08\u592b,\u53e4\u4ee3\u59bb\u5b50\u5bf9\u4e08\u592b\u7684\u79f0\u547c"},"title":"\u4e08\u592b,\u8001\u516c,\u597d\u4e08\u592b,\u53e4\u4ee3\u59bb\u5b50\u5bf9\u4e08\u592b\u7684\u79f0\u547c","valid":true}
{"arg":"replacement","icon":{"path":"translate.png"},"quicklookurl":"http:\/\/youdao.com\/w\/replacement","subtitle":"replacement","text":{"copy":"\u66ff\u6362,\u7f6e\u6362,\u66ff\u4ee3,\u66ff\u4ee3\u8005"},"title":"\u66ff\u6362,\u7f6e\u6362,\u66ff\u4ee3,\u66ff\u4ee3\u8005","valid":true}
{"arg":"replaced","icon":{"path":"translate.png"},"quicklookurl":"http:\/\/youdao.com\/w\/replaced","subtitle":"Replaced","text":{"copy":"\u6362\u6210,\u6362\u4e0a,\u6362\u4e0b,\u88ab\u66ff\u6362\u7684"},"title":"\u6362\u6210,\u6362\u4e0a,\u6362\u4e0b,\u88ab\u66ff\u6362\u7684","valid":true}
{"arg":"admin","icon":{"path":"translate.png"},"quicklookurl":"http:\/\/youdao.com\/w\/admin","subtitle":"Admin","text":{"copy":"\u7ba1\u7406\u5458,\u4f5c\u8005,\u6d4f\u89c8,\u7cfb\u7edf\u7ba1\u7406\u5458"},"title":"\u7ba1\u7406\u5458,\u4f5c\u8005,\u6d4f\u89c8,\u7cfb\u7edf\u7ba1\u7406\u5458","valid":true}
{"arg":"y","icon":{"path":"translate.png"},"quicklookurl":"http:\/\/youdao.com\/w\/y","subtitle":"Y chromosome","text":{"copy":"Y\u67d3\u8272\u4f53"},"title":"Y\u67d3\u8272\u4f53","valid":true}
{"arg":"using","icon":{"path":"translate.png"},"quicklookurl":"http:\/\/youdao.com\/w\/%E8%BF%90%E7%94%A8","subtitle":"\u8fd0\u7528","text":{"copy":"exert,use,application"},"title":"exert,use,application","valid":true}
{"arg":"shipment","icon":{"path":"translate.png"},"quicklookurl":"http:\/\/youdao.com\/w\/%E8%BF%90","subtitle":"\u8fd0","text":{"copy":"port,carry,ferry,dribble"},"title":"port,carry,ferry,dribble","valid":true}
{"arg":"application","icon":{"path":"translate.png"},"quicklookurl":"http:\/\/youdao.com\/w\/%E5%BA%94%E7%94%A8","subtitle":"\u5e94\u7528","text":{"copy":"application,apply,Apps,App"},"title":"application,apply,Apps,App","valid":true}
{"arg":"dr","icon":{"path":"translate.png"},"quicklookurl":"http:\/\/youdao.com\/w\/dr","subtitle":"Dr","text":{"copy":"\u535a\u58eb(Doctor R),\u707e\u96be\u6062\u590d(Disaster Recovery),\u9ed1\u6697\u6e38\u4fa0,\u533b\u751f"},"title":"\u535a\u58eb(Doctor R),\u707e\u96be\u6062\u590d(Disaster Recovery),\u9ed1\u6697\u6e38\u4fa0,\u533b\u751f","valid":true}
{"arg":"draft","icon":{"path":"translate.png"},"quicklookurl":"http:\/\/youdao.com\/w\/draft","subtitle":"Draft","text":{"copy":"\u6c47\u7968,\u9009\u79c0,\u5403\u6c34,\u8349\u7a3f"},"title":"\u6c47\u7968,\u9009\u79c0,\u5403\u6c34,\u8349\u7a3f","valid":true}
{"arg":"drafts","icon":{"path":"translate.png"},"quicklookurl":"http:\/\/youdao.com\/w\/drafts","subtitle":"Drafts","text":{"copy":"\u6c47\u7968,\u8349\u7a3f\u7bb1,\u62d4\u6a21,\u8349\u7a3f"},"title":"\u6c47\u7968,\u8349\u7a3f\u7bb1,\u62d4\u6a21,\u8349\u7a3f","valid":true}
{"arg":"jenkins","icon":{"path":"translate.png"},"quicklookurl":"http:\/\/youdao.com\/w\/jenkins","subtitle":"Jenkins","text":{"copy":"\u8a79\u91d1\u65af,\u5de5\u5177,\u91d1\u65af,\u6301\u7eed\u96c6\u6210"},"title":"\u8a79\u91d1\u65af,\u5de5\u5177,\u91d1\u65af,\u6301\u7eed\u96c6\u6210","valid":true}
{"arg":"j","icon":{"path":"translate.png"},"quicklookurl":"http:\/\/youdao.com\/w\/j","subtitle":"Mary J","text":{"copy":"\u5e03\u83b1\u59ec,\u5e03\u91cc\u59ec,\u5e03\u91cc\u5947,\u739b\u4e3d\u00b7\u5e03\u83b1\u5947"},"title":"\u5e03\u83b1\u59ec,\u5e03\u91cc\u59ec,\u5e03\u91cc\u5947,\u739b\u4e3d\u00b7\u5e03\u83b1\u5947","valid":true}
{"arg":"decl","icon":{"path":"translate.png"},"quicklookurl":"http:\/\/youdao.com\/w\/decl","subtitle":"decl","text":{"copy":"\u9648\u62a5,\u7533\u62a5"},"title":"\u9648\u62a5,\u7533\u62a5","valid":true}
{"arg":"decltype","icon":{"path":"translate.png"},"quicklookurl":"http:\/\/youdao.com\/w\/decltype","subtitle":"Decltype","text":{"copy":"\u7c7b\u578b\u83b7\u53d6,\u8868\u8fbe\u5f0f"},"title":"\u7c7b\u578b\u83b7\u53d6,\u8868\u8fbe\u5f0f","valid":true}
{"arg":"decl","icon":{"path":"translate.png"},"quicklookurl":"http:\/\/youdao.com\/w\/decl","subtitle":"decl","text":{"copy":"\u9648\u62a5,\u7533\u62a5"},"title":"\u9648\u62a5,\u7533\u62a5","valid":true}
{"arg":"b","icon":{"path":"translate.png"},"quicklookurl":"http:\/\/youdao.com\/w\/b","subtitle":"serie b","text":{"copy":"\u610f\u5927\u5229\u8db3\u7403\u4e59\u7ea7\u8054\u8d5b,\u4e59\u7ea7\u8054\u8d5b,\u610f\u4e59\u8054\u8d5b,\u610f\u5927\u5229\u4e59\u7ec4\u8db3\u7403\u8054\u8d5b"},"title":"\u610f\u5927\u5229\u8db3\u7403\u4e59\u7ea7\u8054\u8d5b,\u4e59\u7ea7\u8054\u8d5b,\u610f\u4e59\u8054\u8d5b,\u610f\u5927\u5229\u4e59\u7ec4\u8db3\u7403\u8054\u8d5b","valid":true}
{"arg":"b","icon":{"path":"translate.png"},"quicklookurl":"http:\/\/youdao.com\/w\/b","subtitle":"serie b","text":{"copy":"\u610f\u5927\u5229\u8db3\u7403\u4e59\u7ea7\u8054\u8d5b,\u4e59\u7ea7\u8054\u8d5b,\u610f\u4e59\u8054\u8d5b,\u610f\u5927\u5229\u4e59\u7ec4\u8db3\u7403\u8054\u8d5b"},"title":"\u610f\u5927\u5229\u8db3\u7403\u4e59\u7ea7\u8054\u8d5b,\u4e59\u7ea7\u8054\u8d5b,\u610f\u4e59\u8054\u8d5b,\u610f\u5927\u5229\u4e59\u7ec4\u8db3\u7403\u8054\u8d5b","valid":true}
{"arg":"programming","icon":{"path":"translate.png"},"quicklookurl":"http:\/\/youdao.com\/w\/%E7%BC%96%E7%A8%8B","subtitle":"\u7f16\u7a0b","text":{"copy":"programming,Program,MasterCam,OOP"},"title":"programming,Program,MasterCam,OOP","valid":true}
{"arg":"Ed","icon":{"path":"translate.png"},"quicklookurl":"http:\/\/youdao.com\/w\/%E7%BC%96","subtitle":"\u7f16","text":{"copy":"George Lucas,Go Eun-nim,Sandy Siu,Philip Cheng"},"title":"George Lucas,Go Eun-nim,Sandy Siu,Philip Cheng","valid":true}
{"arg":"ribbon","icon":{"path":"translate.png"},"quicklookurl":"http:\/\/youdao.com\/w\/ribbon","subtitle":"Ribbon","text":{"copy":"\u4e1d\u5e26,\u7f0e\u5e26,\u529f\u80fd\u533a,\u5e26"},"title":"\u4e1d\u5e26,\u7f0e\u5e26,\u529f\u80fd\u533a,\u5e26","valid":true}
{"arg":"cap","icon":{"path":"translate.png"},"quicklookurl":"http:\/\/youdao.com\/w\/cap","subtitle":"Cap","text":{"copy":"\u5e3d\u5b50,\u793e\u533a\u83b7\u5f97\u6027\u80ba\u708e(Community Acquired Pneumonia),\u918b\u9178,\u5171\u540c\u519c\u4e1a\u653f\u7b56"},"title":"\u5e3d\u5b50,\u793e\u533a\u83b7\u5f97\u6027\u80ba\u708e(Community Acquired Pneumonia),\u918b\u9178,\u5171\u540c\u519c\u4e1a\u653f\u7b56","valid":true}
{"arg":"capitalize","icon":{"path":"translate.png"},"quicklookurl":"http:\/\/youdao.com\/w\/capitalize","subtitle":"capitalize","text":{"copy":"\u8d44\u672c\u5316,\u9996\u5b57\u6bcd\u5927\u5199,\u9996\u5b57\u7b26\u5927\u5199,\u5143\u7d20\u4e2d\u6bce\u4e2a\u5355\u8bcd\u7684\u7b2c\u4e00\u4e2a\u5b57\u6bcd\u7528\u5927\u5199"},"title":"\u8d44\u672c\u5316,\u9996\u5b57\u6bcd\u5927\u5199,\u9996\u5b57\u7b26\u5927\u5199,\u5143\u7d20\u4e2d\u6bce\u4e2a\u5355\u8bcd\u7684\u7b2c\u4e00\u4e2a\u5b57\u6bcd\u7528\u5927\u5199","valid":true}
{"arg":"capitalize ","icon":{"path":"translate.png"},"quicklookurl":"http:\/\/youdao.com\/w\/capitalize+","subtitle":"capitalize","text":{"copy":"\u8d44\u672c\u5316,\u9996\u5b57\u6bcd\u5927\u5199,\u9996\u5b57\u7b26\u5927\u5199,\u5143\u7d20\u4e2d\u6bce\u4e2a\u5355\u8bcd\u7684\u7b2c\u4e00\u4e2a\u5b57\u6bcd\u7528\u5927\u5199"},"title":"\u8d44\u672c\u5316,\u9996\u5b57\u6bcd\u5927\u5199,\u9996\u5b57\u7b26\u5927\u5199,\u5143\u7d20\u4e2d\u6bce\u4e2a\u5355\u8bcd\u7684\u7b2c\u4e00\u4e2a\u5b57\u6bcd\u7528\u5927\u5199","valid":true}
{"arg":"capitalize the ","icon":{"path":"translate.png"},"quicklookurl":"http:\/\/youdao.com\/w\/capitalize+the+","subtitle":"Capitalize on the trend","text":{"copy":"\u56e0\u52bf\u5229\u5bfc"},"title":"\u56e0\u52bf\u5229\u5bfc","valid":true}
{"arg":"virtual","icon":{"path":"translate.png"},"quicklookurl":"http:\/\/youdao.com\/w\/virtual","subtitle":"Virtual","text":{"copy":"\u865a\u62df,\u865a\u62df\u73b0\u5b9e,\u865a\u7684,\u5b9e\u9645\u4e0a\u7684"},"title":"\u865a\u62df,\u865a\u62df\u73b0\u5b9e,\u865a\u7684,\u5b9e\u9645\u4e0a\u7684","valid":true}
{"arg":"j","icon":{"path":"translate.png"},"quicklookurl":"http:\/\/youdao.com\/w\/j","subtitle":"Mary J","text":{"copy":"\u5e03\u83b1\u59ec,\u5e03\u91cc\u59ec,\u5e03\u91cc\u5947,\u739b\u4e3d\u00b7\u5e03\u83b1\u5947"},"title":"\u5e03\u83b1\u59ec,\u5e03\u91cc\u59ec,\u5e03\u91cc\u5947,\u739b\u4e3d\u00b7\u5e03\u83b1\u5947","valid":true}
{"arg":"An odd number","icon":{"path":"translate.png"},"quicklookurl":"http:\/\/youdao.com\/w\/%E5%A5%87%E6%95%B0","subtitle":"\u5947\u6570","text":{"copy":"Odd number,odd,odd number,odd integer"},"title":"Odd number,odd,odd number,odd integer","valid":true}
{"arg":"An even number","icon":{"path":"translate.png"},"quicklookurl":"http:\/\/youdao.com\/w\/%E5%81%B6%E6%95%B0","subtitle":"\u5076\u6570","text":{"copy":"even number,Even,even number,even integer"},"title":"even number,Even,even number,even integer","valid":true}
{"arg":"vector","icon":{"path":"translate.png"},"quicklookurl":"http:\/\/youdao.com\/w\/vector","subtitle":"vector","text":{"copy":"\u8f7d\u4f53,\u77e2\u91cf,\u5411\u91cf,\u77e2\u91cf\u56fe"},"title":"\u8f7d\u4f53,\u77e2\u91cf,\u5411\u91cf,\u77e2\u91cf\u56fe","valid":true}
{"arg":"s","icon":{"path":"translate.png"},"quicklookurl":"http:\/\/youdao.com\/w\/s","subtitle":"S Doradus","text":{"copy":"\u5251\u9c7c\u5ea7S"},"title":"\u5251\u9c7c\u5ea7S","valid":true}
{"arg":"big","icon":{"path":"translate.png"},"quicklookurl":"http:\/\/youdao.com\/w\/big","subtitle":"big","text":{"copy":"\u5927\u7684,\u98de\u8fdb\u672a\u6765,\u5927\u5b57\u4f53,\u5927\u6570\u636e"},"title":"\u5927\u7684,\u98de\u8fdb\u672a\u6765,\u5927\u5b57\u4f53,\u5927\u6570\u636e","valid":true}
{"arg":"j","icon":{"path":"translate.png"},"quicklookurl":"http:\/\/youdao.com\/w\/j","subtitle":"Mary J","text":{"copy":"\u5e03\u83b1\u59ec,\u5e03\u91cc\u59ec,\u5e03\u91cc\u5947,\u739b\u4e3d\u00b7\u5e03\u83b1\u5947"},"title":"\u5e03\u83b1\u59ec,\u5e03\u91cc\u59ec,\u5e03\u91cc\u5947,\u739b\u4e3d\u00b7\u5e03\u83b1\u5947","valid":true}
{"arg":"basis","icon":{"path":"translate.png"},"quicklookurl":"http:\/\/youdao.com\/w\/%E5%9F%BA%E7%A1%80","subtitle":"\u57fa\u7840","text":{"copy":"Foundation,Basis,base,foundation"},"title":"Foundation,Basis,base,foundation","valid":true}
{"arg":"Basic package","icon":{"path":"translate.png"},"quicklookurl":"http:\/\/youdao.com\/w\/%E5%9F%BA%E7%A1%80%E5%A5%97%E9%A4%90","subtitle":"\u57fa\u7840\u5957\u9910","text":{"copy":"Basic"},"title":"Basic","valid":true}
{"arg":"The base","icon":{"path":"translate.png"},"quicklookurl":"http:\/\/youdao.com\/w\/%E5%9F%BA","subtitle":"\u57fa","text":{"copy":"basis,Base,Radical,Radix"},"title":"basis,Base,Radical,Radix","valid":true}
{"arg":"shu","icon":{"path":"translate.png"},"quicklookurl":"http:\/\/youdao.com\/w\/shu","subtitle":"SHU","text":{"copy":"\u978b\u5b50\u4e13\u5356\u5e97,\u4e0a\u6d77\u548c\u7766\u5bb6\u533b\u9662,\u8700\u56fd,\u6c60\u7530\u79c0\u4e00"},"title":"\u978b\u5b50\u4e13\u5356\u5e97,\u4e0a\u6d77\u548c\u7766\u5bb6\u533b\u9662,\u8700\u56fd,\u6c60\u7530\u79c0\u4e00","valid":true}
{"arg":"s","icon":{"path":"translate.png"},"quicklookurl":"http:\/\/youdao.com\/w\/s","subtitle":"S Doradus","text":{"copy":"\u5251\u9c7c\u5ea7S"},"title":"\u5251\u9c7c\u5ea7S","valid":true}
{"arg":"The order","icon":{"path":"translate.png"},"quicklookurl":"http:\/\/youdao.com\/w\/%E9%A1%BA%E5%BA%8F","subtitle":"\u987a\u5e8f","text":{"copy":"sequence,order,sort order,rank"},"title":"sequence,order,sort order,rank","valid":true}
{"arg":"function","icon":{"path":"translate.png"},"quicklookurl":"http:\/\/youdao.com\/w\/%E5%87%BD%E6%95%B0","subtitle":"\u51fd\u6570","text":{"copy":"Functions,main,gamma,gamma function"},"title":"Functions,main,gamma,gamma function","valid":true}
{"arg":"firm","icon":{"path":"translate.png"},"quicklookurl":"http:\/\/youdao.com\/w\/firm","subtitle":"Firm","text":{"copy":"\u7d27\u80a4,\u575a\u5b9a,\u5546\u884c,\u516c\u53f8"},"title":"\u7d27\u80a4,\u575a\u5b9a,\u5546\u884c,\u516c\u53f8","valid":true}
{"arg":"firmware","icon":{"path":"translate.png"},"quicklookurl":"http:\/\/youdao.com\/w\/firmware","subtitle":"Firmware","text":{"copy":"\u56fa\u4ef6,\u97e7\u4f53,\u56fa\u4ef6,\u8f6f\u4ef6"},"title":"\u56fa\u4ef6,\u97e7\u4f53,\u56fa\u4ef6,\u8f6f\u4ef6","valid":true}
{"arg":"x","icon":{"path":"translate.png"},"quicklookurl":"http:\/\/youdao.com\/w\/x","subtitle":"Project X","text":{"copy":"X\u8ba1\u5212,\u523a\u6740\u80af\u5c3c\u8fea,X\u6253\u7b97"},"title":"X\u8ba1\u5212,\u523a\u6740\u80af\u5c3c\u8fea,X\u6253\u7b97","valid":true}
{"arg":"The virtual machine","icon":{"path":"translate.png"},"quicklookurl":"http:\/\/youdao.com\/w\/%E8%99%9A%E6%8B%9F%E6%9C%BA","subtitle":"\u865a\u62df\u673a","text":{"copy":"virtual machine,VM,Vmware,VMware Workstation"},"title":"virtual machine,VM,Vmware,VMware Workstation","valid":true}
{"arg":"geode","icon":{"path":"translate.png"},"quicklookurl":"http:\/\/youdao.com\/w\/geode","subtitle":"GEODE","text":{"copy":"\u6676\u6d1e,\u6dcb\u5df4\u8154,\u5f02\u8d28\u6676\u65cb,\u7d2b\u6676\u6d1e"},"title":"\u6676\u6d1e,\u6dcb\u5df4\u8154,\u5f02\u8d28\u6676\u65cb,\u7d2b\u6676\u6d1e","valid":true}
{"arg":"g","icon":{"path":"translate.png"},"quicklookurl":"http:\/\/youdao.com\/w\/g","subtitle":"Orange G","text":{"copy":"\u6a59\u9ec4G\u94a0,\u6a58\u9ec4G,\u6a58\u7ea2G"},"title":"\u6a59\u9ec4G\u94a0,\u6a58\u9ec4G,\u6a58\u7ea2G","valid":true}
{"arg":"gn","icon":{"path":"translate.png"},"quicklookurl":"http:\/\/youdao.com\/w\/gn","subtitle":"Gn","text":{"copy":"\u95ea\u5149\u6307\u6570,\u51e0\u5185\u4e9a,\u5927\u5317\u6b27"},"title":"\u95ea\u5149\u6307\u6570,\u51e0\u5185\u4e9a,\u5927\u5317\u6b27","valid":true}
{"arg":"gene","icon":{"path":"translate.png"},"quicklookurl":"http:\/\/youdao.com\/w\/gene","subtitle":"gene","text":{"copy":"\u57fa\u56e0,\u5409\u6069,\u57fa\u56e0,\u65af\u7279"},"title":"\u57fa\u56e0,\u5409\u6069,\u57fa\u56e0,\u65af\u7279","valid":true}
{"arg":"generic","icon":{"path":"translate.png"},"quicklookurl":"http:\/\/youdao.com\/w\/generic","subtitle":"Generic","text":{"copy":"\u901a\u7528\u7c7b,\u7c7b\u5c5e,\u901a\u7528,\u6cdb\u578b"},"title":"\u901a\u7528\u7c7b,\u7c7b\u5c5e,\u901a\u7528,\u6cdb\u578b","valid":true}
{"arg":"must ","icon":{"path":"translate.png"},"quicklookurl":"http:\/\/youdao.com\/w\/must+","subtitle":"Must","text":{"copy":"\u5fc5\u987b,\u52a1\u5fc5,\u5728\u53e3\u8bed\u4e2d\u8868\u731c\u6d4b,\u987b\u8981"},"title":"\u5fc5\u987b,\u52a1\u5fc5,\u5728\u53e3\u8bed\u4e2d\u8868\u731c\u6d4b,\u987b\u8981","valid":true}
{"arg":"must special","icon":{"path":"translate.png"},"quicklookurl":"http:\/\/youdao.com\/w\/must+special","subtitle":"Must Contain Special characters","text":{"copy":"\u5fc5\u987b\u5305\u542b\u7279\u6b8a\u5b57\u7b26"},"title":"\u5fc5\u987b\u5305\u542b\u7279\u6b8a\u5b57\u7b26","valid":true}
{"arg":"Passthrough","icon":{"path":"translate.png"},"quicklookurl":"http:\/\/youdao.com\/w\/Passthrough","subtitle":"passthrough","text":{"copy":"\u7a7f\u8fc7,\u7ecf\u8fc7,\u8d2f\u901a,\u7ecf"},"title":"\u7a7f\u8fc7,\u7ecf\u8fc7,\u8d2f\u901a,\u7ecf","valid":true}
{"arg":"rhs","icon":{"path":"translate.png"},"quicklookurl":"http:\/\/youdao.com\/w\/rhs","subtitle":"RHS","text":{"copy":"\u7687\u5bb6\u56ed\u827a\u5b66\u4f1a,\u7687\u5bb6\u56ed\u827a\u534f\u4f1a,\u52a0\u6e29\u5f0f\u540e\u5ea7\u6905,\u82f1\u56fd\u7687\u5bb6\u56ed\u827a\u534f\u4f1a(Royal Horticultural Society)"},"title":"\u7687\u5bb6\u56ed\u827a\u5b66\u4f1a,\u7687\u5bb6\u56ed\u827a\u534f\u4f1a,\u52a0\u6e29\u5f0f\u540e\u5ea7\u6905,\u82f1\u56fd\u7687\u5bb6\u56ed\u827a\u534f\u4f1a(Royal Horticultural Society)","valid":true}
{"arg":"r","icon":{"path":"translate.png"},"quicklookurl":"http:\/\/youdao.com\/w\/r","subtitle":"Exmor R","text":{"copy":"\u5f71\u50cf\u4f20\u611f\u5668,\u80cc\u7167\u5f0f,\u80cc\u7167\u5f0f\u611f\u5149\u5143\u4ef6,\u6444\u50cf\u5934"},"title":"\u5f71\u50cf\u4f20\u611f\u5668,\u80cc\u7167\u5f0f,\u80cc\u7167\u5f0f\u611f\u5149\u5143\u4ef6,\u6444\u50cf\u5934","valid":true}
{"arg":"ambiguous","icon":{"path":"translate.png"},"quicklookurl":"http:\/\/youdao.com\/w\/ambiguous","subtitle":"ambiguous","text":{"copy":"\u6a21\u68f1\u4e24\u53ef\u7684,\u6a21\u7cca\u7684,\u66a7\u6627,\u4e0d\u660e\u786e\u7684"},"title":"\u6a21\u68f1\u4e24\u53ef\u7684,\u6a21\u7cca\u7684,\u66a7\u6627,\u4e0d\u660e\u786e\u7684","valid":true}
{"arg":"clash","icon":{"path":"translate.png"},"quicklookurl":"http:\/\/youdao.com\/w\/clash","subtitle":"clash","text":{"copy":"\u51b2\u7a81,\u649e\u51fb,\u51b2\u649e,\u78b0\u649e\u58f0"},"title":"\u51b2\u7a81,\u649e\u51fb,\u51b2\u649e,\u78b0\u649e\u58f0","valid":true}
{"arg":"enabled","icon":{"path":"translate.png"},"quicklookurl":"http:\/\/youdao.com\/w\/enabled","subtitle":"Enabled","text":{"copy":"\u542f\u7528,\u5141\u8bb8,\u5f00\u542f,\u6709\u6548"},"title":"\u542f\u7528,\u5141\u8bb8,\u5f00\u542f,\u6709\u6548","valid":true}
{"arg":"wire","icon":{"path":"translate.png"},"quicklookurl":"http:\/\/youdao.com\/w\/wire","subtitle":"Wire","text":{"copy":"\u7ebf,\u7ebf\u6750,\u7535\u7ebf,\u5bfc\u7ebf"},"title":"\u7ebf,\u7ebf\u6750,\u7535\u7ebf,\u5bfc\u7ebf","valid":true}
{"arg":"wireguard","icon":{"path":"translate.png"},"quicklookurl":"http:\/\/youdao.com\/w\/wireguard","subtitle":"wireguard","text":{"copy":"\u94a2\u4e1d\u62a4\u7f51"},"title":"\u94a2\u4e1d\u62a4\u7f51","valid":true}
{"arg":"wire","icon":{"path":"translate.png"},"quicklookurl":"http:\/\/youdao.com\/w\/wire","subtitle":"Wire","text":{"copy":"\u7ebf,\u7ebf\u6750,\u7535\u7ebf,\u5bfc\u7ebf"},"title":"\u7ebf,\u7ebf\u6750,\u7535\u7ebf,\u5bfc\u7ebf","valid":true}
{"arg":"cursor","icon":{"path":"translate.png"},"quicklookurl":"http:\/\/youdao.com\/w\/cursor","subtitle":"Cursor","text":{"copy":"\u6e38\u6807,\u6307\u9488,\u5149\u6807,\u6e38\u6807"},"title":"\u6e38\u6807,\u6307\u9488,\u5149\u6807,\u6e38\u6807","valid":true}
{"arg":"Engineering","icon":{"path":"translate.png"},"quicklookurl":"http:\/\/youdao.com\/w\/Engineering","subtitle":"Engineering","text":{"copy":"\u5de5\u7a0b,\u5de5\u7a0b\u5b66,\u673a\u68b0\u5de5\u7a0b,\u5de5\u5b66"},"title":"\u5de5\u7a0b,\u5de5\u7a0b\u5b66,\u673a\u68b0\u5de5\u7a0b,\u5de5\u5b66","valid":true}
{"arg":"undeclared","icon":{"path":"translate.png"},"quicklookurl":"http:\/\/youdao.com\/w\/undeclared","subtitle":"Undeclared","text":{"copy":"\u53db\u9006\u6821\u56ed,\u672a\u7ecf\u5ba3\u5e03\u7684,\u8270\u96be\u7684\u6289\u62e9,\u672a\u7533\u62a5\u7684"},"title":"\u53db\u9006\u6821\u56ed,\u672a\u7ecf\u5ba3\u5e03\u7684,\u8270\u96be\u7684\u6289\u62e9,\u672a\u7533\u62a5\u7684","valid":true}
{"arg":"MASQUERADE","icon":{"path":"translate.png"},"quicklookurl":"http:\/\/youdao.com\/w\/MASQUERADE","subtitle":"masquerade","text":{"copy":"\u5316\u5986\u821e\u4f1a,\u5316\u88c5\u821e\u4f1a,\u6df1\u5165\u864e\u7a74"},"title":"\u5316\u5986\u821e\u4f1a,\u5316\u88c5\u821e\u4f1a,\u6df1\u5165\u864e\u7a74","valid":true}
{"arg":"recursive","icon":{"path":"translate.png"},"quicklookurl":"http:\/\/youdao.com\/w\/%E9%80%92%E5%BD%92","subtitle":"\u9012\u5f52","text":{"copy":"Recursion,recursive,Recursion"},"title":"Recursion,recursive,Recursion","valid":true}
{"arg":"recursive","icon":{"path":"translate.png"},"quicklookurl":"http:\/\/youdao.com\/w\/%E9%80%92","subtitle":"\u9012","text":{"copy":"deliver,pass,hand"},"title":"deliver,pass,hand","valid":true}
{"arg":"rec","icon":{"path":"translate.png"},"quicklookurl":"http:\/\/youdao.com\/w\/rec","subtitle":"REC","text":{"copy":"\u5206\u949f\u6b7b\u4ea1\u76f4\u64ad,\u77e9\u5f62,\u751c\u871c\u58f0\u4f18,\u6b7b\u4ea1\u5f55\u50cf"},"title":"\u5206\u949f\u6b7b\u4ea1\u76f4\u64ad,\u77e9\u5f62,\u751c\u871c\u58f0\u4f18,\u6b7b\u4ea1\u5f55\u50cf","valid":true}
{"arg":"recur","icon":{"path":"translate.png"},"quicklookurl":"http:\/\/youdao.com\/w\/recur","subtitle":"recur","text":{"copy":"\u518d\u53d1\u751f,\u590d\u53d1,\u91cd\u73b0,\u518d\u6765"},"title":"\u518d\u53d1\u751f,\u590d\u53d1,\u91cd\u73b0,\u518d\u6765","valid":true}
{"arg":"recursive","icon":{"path":"translate.png"},"quicklookurl":"http:\/\/youdao.com\/w\/recursive","subtitle":"recursive","text":{"copy":"\u9012\u5f52,\u9012\u5f52\u67e5\u8be2,\u9012\u56de,\u56de\u5f52\u7684"},"title":"\u9012\u5f52,\u9012\u5f52\u67e5\u8be2,\u9012\u56de,\u56de\u5f52\u7684","valid":true}
{"arg":"context","icon":{"path":"translate.png"},"quicklookurl":"http:\/\/youdao.com\/w\/context","subtitle":"context","text":{"copy":"\u4e0a\u4e0b\u6587,\u8bed\u5883,\u73af\u5883,\u4e0a\u4e0b\u6587"},"title":"\u4e0a\u4e0b\u6587,\u8bed\u5883,\u73af\u5883,\u4e0a\u4e0b\u6587","valid":true}
{"arg":"buck","icon":{"path":"translate.png"},"quicklookurl":"http:\/\/youdao.com\/w\/buck","subtitle":"BUCK","text":{"copy":"\u5df4\u514b,\u516c\u5154,\u964d\u538b,\u82f1\u56fd"},"title":"\u5df4\u514b,\u516c\u5154,\u964d\u538b,\u82f1\u56fd","valid":true}
{"arg":"bucke","icon":{"path":"translate.png"},"quicklookurl":"http:\/\/youdao.com\/w\/bucke","subtitle":"chip bucke","text":{"copy":"\u85af\u6761\u76d2\u4ea7\u54c1"},"title":"\u85af\u6761\u76d2\u4ea7\u54c1","valid":true}
{"arg":"bucket","icon":{"path":"translate.png"},"quicklookurl":"http:\/\/youdao.com\/w\/bucket","subtitle":"bucket","text":{"copy":"\u6c34\u6876,\u94f2\u6597,\u6876,\u540a\u6876"},"title":"\u6c34\u6876,\u94f2\u6597,\u6876,\u540a\u6876","valid":true}
{"arg":"sh","icon":{"path":"translate.png"},"quicklookurl":"http:\/\/youdao.com\/w\/sh","subtitle":"SH","text":{"copy":"\u624b\u52a8\u63a7\u5236\u5f00\u5173,\u80a1\u4efd\u6709\u9650\u516c\u53f8,\u80a1\u4efd,\u6697\u5f71\u730e\u624b"},"title":"\u624b\u52a8\u63a7\u5236\u5f00\u5173,\u80a1\u4efd\u6709\u9650\u516c\u53f8,\u80a1\u4efd,\u6697\u5f71\u730e\u624b","valid":true}
{"arg":"s","icon":{"path":"translate.png"},"quicklookurl":"http:\/\/youdao.com\/w\/s","subtitle":"S Doradus","text":{"copy":"\u5251\u9c7c\u5ea7S"},"title":"\u5251\u9c7c\u5ea7S","valid":true}
{"arg":"ascending","icon":{"path":"translate.png"},"quicklookurl":"http:\/\/youdao.com\/w\/%E5%8D%87%E5%BA%8F","subtitle":"\u5347\u5e8f","text":{"copy":"ascending order,sort ascending,climaol,climmsn"},"title":"ascending order,sort ascending,climaol,climmsn","valid":true}
{"arg":"daily","icon":{"path":"translate.png"},"quicklookurl":"http:\/\/youdao.com\/w\/daily","subtitle":"Daily","text":{"copy":"\u6bcf\u65e5,\u65e5\u62a5,\u65e5\u5e38,\u6bcf\u5929\u7684"},"title":"\u6bcf\u65e5,\u65e5\u62a5,\u65e5\u5e38,\u6bcf\u5929\u7684","valid":true}
{"arg":"assembly","icon":{"path":"translate.png"},"quicklookurl":"http:\/\/youdao.com\/w\/%E6%B1%87%E7%BC%96","subtitle":"\u6c47\u7f16","text":{"copy":"assembly,Assembling,compile,Compilation"},"title":"assembly,Assembling,compile,Compilation","valid":true}
{"arg":"patterns","icon":{"path":"translate.png"},"quicklookurl":"http:\/\/youdao.com\/w\/patterns","subtitle":"patterns","text":{"copy":"\u82b1\u6837,\u6a21\u578b,\u6728\u6a21,\u5f62\u6001"},"title":"\u82b1\u6837,\u6a21\u578b,\u6728\u6a21,\u5f62\u6001","valid":true}
{"arg":"quiz","icon":{"path":"translate.png"},"quicklookurl":"http:\/\/youdao.com\/w\/quiz","subtitle":"Quiz","text":{"copy":"\u5c0f\u6d4b\u9a8c,\u6d4b\u9a8c,\u968f\u5802\u6d4b\u9a8c,\u8bfe\u5802\u4e0a\u7684\u5c0f\u8003"},"title":"\u5c0f\u6d4b\u9a8c,\u6d4b\u9a8c,\u968f\u5802\u6d4b\u9a8c,\u8bfe\u5802\u4e0a\u7684\u5c0f\u8003","valid":true}
{"arg":"netherland","icon":{"path":"translate.png"},"quicklookurl":"http:\/\/youdao.com\/w\/netherland","subtitle":"Netherland","text":{"copy":"\u5c3c\u5fb7\u5170,\u8377\u5170,\u5730\u4e4b\u56fd,\u54b8\u9c7c"},"title":"\u5c3c\u5fb7\u5170,\u8377\u5170,\u5730\u4e4b\u56fd,\u54b8\u9c7c","valid":true}
{"arg":"netherlands","icon":{"path":"translate.png"},"quicklookurl":"http:\/\/youdao.com\/w\/netherlands","subtitle":"Netherlands","text":{"copy":"\u8377\u5170,\u5c3c\u5fb7\u5170,\u8377\u5170\u738b\u56fd,\u963f\u59c6\u65af\u7279\u4e39"},"title":"\u8377\u5170,\u5c3c\u5fb7\u5170,\u8377\u5170\u738b\u56fd,\u963f\u59c6\u65af\u7279\u4e39","valid":true}
{"arg":"entertainment","icon":{"path":"translate.png"},"quicklookurl":"http:\/\/youdao.com\/w\/%E5%A8%B1%E4%B9%90","subtitle":"\u5a31\u4e50","text":{"copy":"amusement,pastime,divertissement"},"title":"amusement,pastime,divertissement","valid":true}
